2009-10-29 13:56:38,781 [main] INFO  ME2 - me2.server.login.db.DBConnectionPool complete init.
2009-10-29 13:56:40,109 [main] INFO  ME2 - 昵称过滤列表加载完毕
2009-10-29 16:35:43,515 [main] INFO  ME2 - me2.server.login.db.DBConnectionPool complete init.
2009-10-29 16:35:45,046 [main] INFO  ME2 - 昵称过滤列表加载完毕
2009-10-30 09:20:28,918 [main] INFO  ME2 - me2.server.login.db.DBConnectionPool complete init.
2009-10-30 09:20:30,449 [main] INFO  ME2 - 昵称过滤列表加载完毕
2009-10-30 10:09:34,636 [main] INFO  ME2 - me2.server.login.db.DBConnectionPool complete init.
2009-10-30 10:09:41,277 [main] INFO  ME2 - me2.server.login.db.DBConnectionPool complete init.
2009-10-30 10:09:42,777 [main] INFO  ME2 - 昵称过滤列表加载完毕
2009-10-30 10:41:33,121 [main] INFO  ME2 - me2.server.login.db.DBConnectionPool complete init.
2009-10-30 10:41:34,668 [main] INFO  ME2 - 昵称过滤列表加载完毕
2009-10-30 10:50:06,652 [main] INFO  ME2 - me2.server.login.db.DBConnectionPool complete init.
2009-10-30 10:50:08,074 [main] INFO  ME2 - 昵称过滤列表加载完毕
2009-10-30 10:52:59,839 [main] INFO  ME2 - me2.server.login.db.DBConnectionPool complete init.
2009-10-30 10:53:01,324 [main] INFO  ME2 - 昵称过滤列表加载完毕
2009-10-30 11:07:22,308 [main] INFO  ME2 - me2.server.login.db.DBConnectionPool complete init.
2009-10-30 11:07:23,730 [main] INFO  ME2 - 昵称过滤列表加载完毕
2009-10-30 11:07:29,089 [main] INFO  ME2 - me2.server.login.db.DBConnectionPool complete init.
2009-10-30 11:07:30,511 [main] INFO  ME2 - 昵称过滤列表加载完毕
2009-10-30 11:17:53,855 [main] INFO  ME2 - me2.server.login.db.DBConnectionPool complete init.
2009-10-30 11:17:55,261 [main] INFO  ME2 - 昵称过滤列表加载完毕
2009-10-30 11:17:56,730 [main] INFO  ME2 - me2.server.login.db.DBConnectionPool complete init.
2009-10-30 11:17:58,214 [main] INFO  ME2 - 昵称过滤列表加载完毕
2009-10-30 11:22:43,433 [main] INFO  ME2 - me2.server.login.db.DBConnectionPool complete init.
2009-10-30 11:22:45,011 [main] INFO  ME2 - 昵称过滤列表加载完毕
2009-10-30 11:24:01,574 [main] INFO  ME2 - me2.server.login.db.DBConnectionPool complete init.
2009-10-30 11:24:03,043 [main] INFO  ME2 - 昵称过滤列表加载完毕
2009-10-30 17:59:12,621 [main] INFO  ME2 - me2.server.login.db.DBConnectionPool complete init.
2009-10-30 17:59:14,027 [main] INFO  ME2 - 昵称过滤列表加载完毕
2009-11-03 09:24:05,734 [main] INFO  ME2 - me2.server.login.db.DBConnectionPool complete init.
2009-11-03 09:24:07,328 [main] INFO  ME2 - 昵称过滤列表加载完毕
2009-11-03 13:37:35,250 [main] INFO  ME2 - me2.server.login.db.DBConnectionPool complete init.
2009-11-03 13:37:36,703 [main] INFO  ME2 - 昵称过滤列表加载完毕
2009-11-03 16:02:53,734 [main] INFO  ME2 - me2.server.login.db.DBConnectionPool complete init.
2009-11-03 16:02:55,203 [main] INFO  ME2 - 昵称过滤列表加载完毕
2009-11-03 16:08:21,546 [main] INFO  ME2 - me2.server.login.db.DBConnectionPool complete init.
2009-11-03 16:08:23,109 [main] INFO  ME2 - 昵称过滤列表加载完毕
2009-11-03 16:43:33,531 [main] INFO  ME2 - me2.server.login.db.DBConnectionPool complete init.
2009-11-03 16:43:35,015 [main] INFO  ME2 - 昵称过滤列表加载完毕
2009-11-03 17:17:25,843 [main] INFO  ME2 - me2.server.login.db.DBConnectionPool complete init.
2009-11-03 17:17:27,250 [main] INFO  ME2 - 昵称过滤列表加载完毕
2009-11-03 17:21:21,312 [http-3333-Processor25] ERROR ME2 - 
me2.server.login.GameServerDownException: 服务器已关闭
	at me2.server.login.GameService.getRoleList(GameService.java:144)
	at me2.server.login.LoginService.getRoleList(LoginService.java:972)
	at me2.server.login.LoginService.selectServer(LoginService.java:786)
	at me2.server.login.LoginService.process(LoginService.java:200)
	at loginserver.LoginServlet.doGet(LoginServlet.java:29)
	at javax.servlet.http.HttpServlet.service(HttpServlet.java:689)
	at javax.servlet.http.HttpServlet.service(HttpServlet.java:802)
	at org.apache.catalina.core.ApplicationFilterChain.internalDoFilter(ApplicationFilterChain.java:252)
	at org.apache.catalina.core.ApplicationFilterChain.doFilter(ApplicationFilterChain.java:173)
	at org.apache.catalina.core.StandardWrapperValve.invoke(StandardWrapperValve.java:213)
	at org.apache.catalina.core.StandardContextValve.invoke(StandardContextValve.java:178)
	at org.apache.catalina.core.StandardHostValve.invoke(StandardHostValve.java:126)
	at org.apache.catalina.valves.ErrorReportValve.invoke(ErrorReportValve.java:105)
	at org.apache.catalina.core.StandardEngineValve.invoke(StandardEngineValve.java:107)
	at org.apache.catalina.connector.CoyoteAdapter.service(CoyoteAdapter.java:148)
	at org.apache.coyote.http11.Http11Processor.process(Http11Processor.java:869)
	at org.apache.coyote.http11.Http11BaseProtocol$Http11ConnectionHandler.processConnection(Http11BaseProtocol.java:664)
	at org.apache.tomcat.util.net.PoolTcpEndpoint.processSocket(PoolTcpEndpoint.java:527)
	at org.apache.tomcat.util.net.LeaderFollowerWorkerThread.runIt(LeaderFollowerWorkerThread.java:80)
	at org.apache.tomcat.util.threads.ThreadPool$ControlRunnable.run(ThreadPool.java:684)
	at java.lang.Thread.run(Thread.java:619)
2009-11-03 17:21:21,312 [http-3333-Processor25] INFO  ME2 - response is null
2009-11-03 17:21:31,375 [main] INFO  ME2 - me2.server.login.db.DBConnectionPool complete init.
2009-11-03 17:21:32,875 [main] INFO  ME2 - 昵称过滤列表加载完毕
2009-11-03 17:23:57,781 [main] INFO  ME2 - me2.server.login.db.DBConnectionPool complete init.
2009-11-03 17:23:59,437 [main] INFO  ME2 - 昵称过滤列表加载完毕
2009-11-03 17:39:27,046 [main] INFO  ME2 - me2.server.login.db.DBConnectionPool complete init.
2009-11-03 17:39:28,437 [main] INFO  ME2 - 昵称过滤列表加载完毕
2009-11-03 17:51:13,328 [main] INFO  ME2 - me2.server.login.db.DBConnectionPool complete init.
2009-11-03 17:51:14,765 [main] INFO  ME2 - 昵称过滤列表加载完毕
2009-11-04 09:36:08,781 [main] INFO  ME2 - me2.server.login.db.DBConnectionPool complete init.
2009-11-04 09:36:10,468 [main] INFO  ME2 - 昵称过滤列表加载完毕
2009-11-04 10:40:47,843 [main] INFO  ME2 - me2.server.login.db.DBConnectionPool complete init.
2009-11-04 10:40:49,218 [main] INFO  ME2 - 昵称过滤列表加载完毕
2009-11-04 10:49:33,406 [main] INFO  ME2 - me2.server.login.db.DBConnectionPool complete init.
2009-11-04 10:49:35,000 [main] INFO  ME2 - 昵称过滤列表加载完毕
2009-11-04 10:51:04,953 [main] INFO  ME2 - me2.server.login.db.DBConnectionPool complete init.
2009-11-04 10:51:06,656 [main] INFO  ME2 - 昵称过滤列表加载完毕
2009-11-04 10:59:00,328 [main] INFO  ME2 - me2.server.login.db.DBConnectionPool complete init.
2009-11-04 10:59:01,781 [main] INFO  ME2 - 昵称过滤列表加载完毕
2009-11-04 10:59:41,765 [main] INFO  ME2 - me2.server.login.db.DBConnectionPool complete init.
2009-11-04 10:59:43,250 [main] INFO  ME2 - 昵称过滤列表加载完毕
2009-11-04 11:07:03,796 [main] INFO  ME2 - me2.server.login.db.DBConnectionPool complete init.
2009-11-04 11:07:05,343 [main] INFO  ME2 - 昵称过滤列表加载完毕
2009-11-04 11:15:03,125 [main] INFO  ME2 - me2.server.login.db.DBConnectionPool complete init.
2009-11-04 11:15:04,515 [main] INFO  ME2 - 昵称过滤列表加载完毕
2009-11-04 14:15:39,500 [main] INFO  ME2 - me2.server.login.db.DBConnectionPool complete init.
2009-11-04 14:15:41,078 [main] INFO  ME2 - 昵称过滤列表加载完毕
2009-11-04 14:26:22,625 [main] INFO  ME2 - me2.server.login.db.DBConnectionPool complete init.
2009-11-04 14:26:24,015 [main] INFO  ME2 - 昵称过滤列表加载完毕
2009-11-04 15:42:05,187 [main] INFO  ME2 - me2.server.login.db.DBConnectionPool complete init.
2009-11-04 15:42:06,593 [main] INFO  ME2 - 昵称过滤列表加载完毕
2009-11-05 09:18:13,828 [main] INFO  ME2 - me2.server.login.db.DBConnectionPool complete init.
2009-11-05 09:18:15,437 [main] INFO  ME2 - 昵称过滤列表加载完毕
2009-11-05 14:08:08,500 [main] INFO  ME2 - me2.server.login.db.DBConnectionPool complete init.
2009-11-05 14:08:09,953 [main] INFO  ME2 - 昵称过滤列表加载完毕
2009-11-06 09:48:09,311 [main] INFO  ME2 - me2.server.login.db.DBConnectionPool complete init.
2009-11-06 09:48:10,967 [main] INFO  ME2 - 昵称过滤列表加载完毕
2009-11-06 12:39:42,812 [main] INFO  ME2 - me2.server.login.db.DBConnectionPool complete init.
2009-11-06 12:39:44,343 [main] INFO  ME2 - 昵称过滤列表加载完毕
2009-11-06 14:47:58,140 [main] INFO  ME2 - me2.server.login.db.DBConnectionPool complete init.
2009-11-06 14:49:03,187 [main] INFO  ME2 - me2.server.login.db.DBConnectionPool complete init.
2009-11-06 14:49:04,718 [main] INFO  ME2 - 昵称过滤列表加载完毕
2009-11-06 15:49:26,031 [http-3333-Processor25] ERROR ME2 - 
me2.server.login.GameServerDownException: 服务器已关闭
	at me2.server.login.GameService.getRoleList(GameService.java:144)
	at me2.server.login.LoginService.getRoleList(LoginService.java:972)
	at me2.server.login.LoginService.selectServer(LoginService.java:786)
	at me2.server.login.LoginService.process(LoginService.java:200)
	at loginserver.LoginServlet.doGet(LoginServlet.java:29)
	at javax.servlet.http.HttpServlet.service(HttpServlet.java:689)
	at javax.servlet.http.HttpServlet.service(HttpServlet.java:802)
	at org.apache.catalina.core.ApplicationFilterChain.internalDoFilter(ApplicationFilterChain.java:252)
	at org.apache.catalina.core.ApplicationFilterChain.doFilter(ApplicationFilterChain.java:173)
	at org.apache.catalina.core.StandardWrapperValve.invoke(StandardWrapperValve.java:213)
	at org.apache.catalina.core.StandardContextValve.invoke(StandardContextValve.java:178)
	at org.apache.catalina.core.StandardHostValve.invoke(StandardHostValve.java:126)
	at org.apache.catalina.valves.ErrorReportValve.invoke(ErrorReportValve.java:105)
	at org.apache.catalina.core.StandardEngineValve.invoke(StandardEngineValve.java:107)
	at org.apache.catalina.connector.CoyoteAdapter.service(CoyoteAdapter.java:148)
	at org.apache.coyote.http11.Http11Processor.process(Http11Processor.java:869)
	at org.apache.coyote.http11.Http11BaseProtocol$Http11ConnectionHandler.processConnection(Http11BaseProtocol.java:664)
	at org.apache.tomcat.util.net.PoolTcpEndpoint.processSocket(PoolTcpEndpoint.java:527)
	at org.apache.tomcat.util.net.LeaderFollowerWorkerThread.runIt(LeaderFollowerWorkerThread.java:80)
	at org.apache.tomcat.util.threads.ThreadPool$ControlRunnable.run(ThreadPool.java:684)
	at java.lang.Thread.run(Thread.java:619)
2009-11-06 15:49:26,031 [http-3333-Processor25] INFO  ME2 - response is null
2009-11-06 15:49:31,718 [main] INFO  ME2 - me2.server.login.db.DBConnectionPool complete init.
2009-11-06 15:49:33,359 [main] INFO  ME2 - 昵称过滤列表加载完毕
2009-11-06 16:38:39,593 [main] INFO  ME2 - me2.server.login.db.DBConnectionPool complete init.
2009-11-06 16:38:41,125 [main] INFO  ME2 - 昵称过滤列表加载完毕
2009-11-06 16:55:51,531 [main] INFO  ME2 - me2.server.login.db.DBConnectionPool complete init.
2009-11-06 16:55:52,984 [main] INFO  ME2 - 昵称过滤列表加载完毕
2009-11-06 17:08:14,812 [main] INFO  ME2 - me2.server.login.db.DBConnectionPool complete init.
2009-11-06 17:08:16,406 [main] INFO  ME2 - 昵称过滤列表加载完毕
2009-11-06 17:10:36,046 [main] INFO  ME2 - me2.server.login.db.DBConnectionPool complete init.
2009-11-06 17:10:37,609 [main] INFO  ME2 - 昵称过滤列表加载完毕
2009-11-06 17:11:57,343 [main] INFO  ME2 - me2.server.login.db.DBConnectionPool complete init.
2009-11-06 17:11:58,890 [main] INFO  ME2 - 昵称过滤列表加载完毕
2009-11-06 17:24:51,750 [main] INFO  ME2 - me2.server.login.db.DBConnectionPool complete init.
2009-11-06 17:25:21,609 [main] INFO  ME2 - me2.server.login.db.DBConnectionPool complete init.
2009-11-06 17:25:23,140 [main] INFO  ME2 - 昵称过滤列表加载完毕
2009-11-06 17:52:03,328 [main] INFO  ME2 - me2.server.login.db.DBConnectionPool complete init.
2009-11-06 17:52:04,687 [main] INFO  ME2 - 昵称过滤列表加载完毕
2009-11-09 13:53:36,125 [main] INFO  ME2 - me2.server.login.db.DBConnectionPool complete init.
2009-11-09 13:53:37,906 [main] INFO  ME2 - 昵称过滤列表加载完毕
2009-11-09 16:44:38,406 [main] INFO  ME2 - me2.server.login.db.DBConnectionPool complete init.
2009-11-09 16:44:39,890 [main] INFO  ME2 - 昵称过滤列表加载完毕
2009-11-09 16:47:42,953 [main] INFO  ME2 - me2.server.login.db.DBConnectionPool complete init.
2009-11-09 16:47:44,421 [main] INFO  ME2 - 昵称过滤列表加载完毕
2009-11-09 16:49:45,484 [main] INFO  ME2 - me2.server.login.db.DBConnectionPool complete init.
2009-11-09 16:49:46,921 [main] INFO  ME2 - 昵称过滤列表加载完毕
2009-11-09 17:31:08,656 [main] INFO  ME2 - me2.server.login.db.DBConnectionPool complete init.
2009-11-09 17:31:10,250 [main] INFO  ME2 - 昵称过滤列表加载完毕
2009-11-09 17:39:41,812 [http-3333-Processor24] ERROR ME2 - 
me2.server.login.GameServerDownException: 服务器已关闭
	at me2.server.login.GameService.getRoleList(GameService.java:144)
	at me2.server.login.LoginService.getRoleList(LoginService.java:972)
	at me2.server.login.LoginService.selectServer(LoginService.java:786)
	at me2.server.login.LoginService.process(LoginService.java:200)
	at loginserver.LoginServlet.doGet(LoginServlet.java:29)
	at javax.servlet.http.HttpServlet.service(HttpServlet.java:689)
	at javax.servlet.http.HttpServlet.service(HttpServlet.java:802)
	at org.apache.catalina.core.ApplicationFilterChain.internalDoFilter(ApplicationFilterChain.java:252)
	at org.apache.catalina.core.ApplicationFilterChain.doFilter(ApplicationFilterChain.java:173)
	at org.apache.catalina.core.StandardWrapperValve.invoke(StandardWrapperValve.java:213)
	at org.apache.catalina.core.StandardContextValve.invoke(StandardContextValve.java:178)
	at org.apache.catalina.core.StandardHostValve.invoke(StandardHostValve.java:126)
	at org.apache.catalina.valves.ErrorReportValve.invoke(ErrorReportValve.java:105)
	at org.apache.catalina.core.StandardEngineValve.invoke(StandardEngineValve.java:107)
	at org.apache.catalina.connector.CoyoteAdapter.service(CoyoteAdapter.java:148)
	at org.apache.coyote.http11.Http11Processor.process(Http11Processor.java:869)
	at org.apache.coyote.http11.Http11BaseProtocol$Http11ConnectionHandler.processConnection(Http11BaseProtocol.java:664)
	at org.apache.tomcat.util.net.PoolTcpEndpoint.processSocket(PoolTcpEndpoint.java:527)
	at org.apache.tomcat.util.net.LeaderFollowerWorkerThread.runIt(LeaderFollowerWorkerThread.java:80)
	at org.apache.tomcat.util.threads.ThreadPool$ControlRunnable.run(ThreadPool.java:684)
	at java.lang.Thread.run(Thread.java:619)
2009-11-09 17:39:41,812 [http-3333-Processor24] INFO  ME2 - response is null
2009-11-09 17:39:51,437 [http-3333-Processor24] ERROR ME2 - 
me2.server.login.GameServerDownException: 服务器已关闭
	at me2.server.login.GameService.getRoleList(GameService.java:144)
	at me2.server.login.LoginService.getRoleList(LoginService.java:972)
	at me2.server.login.LoginService.selectServer(LoginService.java:786)
	at me2.server.login.LoginService.process(LoginService.java:200)
	at loginserver.LoginServlet.doGet(LoginServlet.java:29)
	at javax.servlet.http.HttpServlet.service(HttpServlet.java:689)
	at javax.servlet.http.HttpServlet.service(HttpServlet.java:802)
	at org.apache.catalina.core.ApplicationFilterChain.internalDoFilter(ApplicationFilterChain.java:252)
	at org.apache.catalina.core.ApplicationFilterChain.doFilter(ApplicationFilterChain.java:173)
	at org.apache.catalina.core.StandardWrapperValve.invoke(StandardWrapperValve.java:213)
	at org.apache.catalina.core.StandardContextValve.invoke(StandardContextValve.java:178)
	at org.apache.catalina.core.StandardHostValve.invoke(StandardHostValve.java:126)
	at org.apache.catalina.valves.ErrorReportValve.invoke(ErrorReportValve.java:105)
	at org.apache.catalina.core.StandardEngineValve.invoke(StandardEngineValve.java:107)
	at org.apache.catalina.connector.CoyoteAdapter.service(CoyoteAdapter.java:148)
	at org.apache.coyote.http11.Http11Processor.process(Http11Processor.java:869)
	at org.apache.coyote.http11.Http11BaseProtocol$Http11ConnectionHandler.processConnection(Http11BaseProtocol.java:664)
	at org.apache.tomcat.util.net.PoolTcpEndpoint.processSocket(PoolTcpEndpoint.java:527)
	at org.apache.tomcat.util.net.LeaderFollowerWorkerThread.runIt(LeaderFollowerWorkerThread.java:80)
	at org.apache.tomcat.util.threads.ThreadPool$ControlRunnable.run(ThreadPool.java:684)
	at java.lang.Thread.run(Thread.java:619)
2009-11-09 17:39:51,437 [http-3333-Processor24] INFO  ME2 - response is null
2009-11-09 17:40:00,843 [http-3333-Processor24] ERROR ME2 - 
me2.server.login.GameServerDownException: 服务器已关闭
	at me2.server.login.GameService.getRoleList(GameService.java:144)
	at me2.server.login.LoginService.getRoleList(LoginService.java:972)
	at me2.server.login.LoginService.selectServer(LoginService.java:786)
	at me2.server.login.LoginService.process(LoginService.java:200)
	at loginserver.LoginServlet.doGet(LoginServlet.java:29)
	at javax.servlet.http.HttpServlet.service(HttpServlet.java:689)
	at javax.servlet.http.HttpServlet.service(HttpServlet.java:802)
	at org.apache.catalina.core.ApplicationFilterChain.internalDoFilter(ApplicationFilterChain.java:252)
	at org.apache.catalina.core.ApplicationFilterChain.doFilter(ApplicationFilterChain.java:173)
	at org.apache.catalina.core.StandardWrapperValve.invoke(StandardWrapperValve.java:213)
	at org.apache.catalina.core.StandardContextValve.invoke(StandardContextValve.java:178)
	at org.apache.catalina.core.StandardHostValve.invoke(StandardHostValve.java:126)
	at org.apache.catalina.valves.ErrorReportValve.invoke(ErrorReportValve.java:105)
	at org.apache.catalina.core.StandardEngineValve.invoke(StandardEngineValve.java:107)
	at org.apache.catalina.connector.CoyoteAdapter.service(CoyoteAdapter.java:148)
	at org.apache.coyote.http11.Http11Processor.process(Http11Processor.java:869)
	at org.apache.coyote.http11.Http11BaseProtocol$Http11ConnectionHandler.processConnection(Http11BaseProtocol.java:664)
	at org.apache.tomcat.util.net.PoolTcpEndpoint.processSocket(PoolTcpEndpoint.java:527)
	at org.apache.tomcat.util.net.LeaderFollowerWorkerThread.runIt(LeaderFollowerWorkerThread.java:80)
	at org.apache.tomcat.util.threads.ThreadPool$ControlRunnable.run(ThreadPool.java:684)
	at java.lang.Thread.run(Thread.java:619)
2009-11-09 17:40:00,843 [http-3333-Processor24] INFO  ME2 - response is null
2009-11-09 17:40:06,203 [main] INFO  ME2 - me2.server.login.db.DBConnectionPool complete init.
2009-11-09 17:40:07,734 [main] INFO  ME2 - 昵称过滤列表加载完毕
2009-11-09 17:41:13,281 [main] INFO  ME2 - me2.server.login.db.DBConnectionPool complete init.
2009-11-09 17:41:14,781 [main] INFO  ME2 - 昵称过滤列表加载完毕
2009-11-09 17:42:28,171 [http-3333-Processor25] ERROR ME2 - 
me2.server.login.GameServerDownException: 服务器已关闭
	at me2.server.login.GameService.createSession(GameService.java:236)
	at me2.server.login.LoginService.enterGame(LoginService.java:1123)
	at me2.server.login.LoginService.process(LoginService.java:238)
	at loginserver.LoginServlet.doGet(LoginServlet.java:29)
	at javax.servlet.http.HttpServlet.service(HttpServlet.java:689)
	at javax.servlet.http.HttpServlet.service(HttpServlet.java:802)
	at org.apache.catalina.core.ApplicationFilterChain.internalDoFilter(ApplicationFilterChain.java:252)
	at org.apache.catalina.core.ApplicationFilterChain.doFilter(ApplicationFilterChain.java:173)
	at org.apache.catalina.core.StandardWrapperValve.invoke(StandardWrapperValve.java:213)
	at org.apache.catalina.core.StandardContextValve.invoke(StandardContextValve.java:178)
	at org.apache.catalina.core.StandardHostValve.invoke(StandardHostValve.java:126)
	at org.apache.catalina.valves.ErrorReportValve.invoke(ErrorReportValve.java:105)
	at org.apache.catalina.core.StandardEngineValve.invoke(StandardEngineValve.java:107)
	at org.apache.catalina.connector.CoyoteAdapter.service(CoyoteAdapter.java:148)
	at org.apache.coyote.http11.Http11Processor.process(Http11Processor.java:869)
	at org.apache.coyote.http11.Http11BaseProtocol$Http11ConnectionHandler.processConnection(Http11BaseProtocol.java:664)
	at org.apache.tomcat.util.net.PoolTcpEndpoint.processSocket(PoolTcpEndpoint.java:527)
	at org.apache.tomcat.util.net.LeaderFollowerWorkerThread.runIt(LeaderFollowerWorkerThread.java:80)
	at org.apache.tomcat.util.threads.ThreadPool$ControlRunnable.run(ThreadPool.java:684)
	at java.lang.Thread.run(Thread.java:619)
2009-11-09 17:42:28,171 [http-3333-Processor25] INFO  ME2 - response is null
2009-11-09 17:47:16,875 [main] INFO  ME2 - me2.server.login.db.DBConnectionPool complete init.
2009-11-09 17:47:18,234 [main] INFO  ME2 - 昵称过滤列表加载完毕
2009-11-09 17:55:13,296 [main] INFO  ME2 - me2.server.login.db.DBConnectionPool complete init.
2009-11-09 17:55:14,796 [main] INFO  ME2 - 昵称过滤列表加载完毕
2009-11-09 17:59:54,250 [main] INFO  ME2 - me2.server.login.db.DBConnectionPool complete init.
2009-11-09 17:59:55,781 [main] INFO  ME2 - 昵称过滤列表加载完毕
2009-11-09 18:01:43,546 [main] INFO  ME2 - me2.server.login.db.DBConnectionPool complete init.
2009-11-09 18:01:45,156 [main] INFO  ME2 - 昵称过滤列表加载完毕
2009-11-09 18:03:09,125 [main] INFO  ME2 - me2.server.login.db.DBConnectionPool complete init.
2009-11-09 18:03:10,703 [main] INFO  ME2 - 昵称过滤列表加载完毕
2009-11-09 18:07:17,156 [main] INFO  ME2 - me2.server.login.db.DBConnectionPool complete init.
2009-11-09 18:07:18,656 [main] INFO  ME2 - 昵称过滤列表加载完毕
2009-11-09 18:10:05,015 [main] INFO  ME2 - me2.server.login.db.DBConnectionPool complete init.
2009-11-09 18:10:06,562 [main] INFO  ME2 - 昵称过滤列表加载完毕
2009-11-09 18:12:37,765 [main] INFO  ME2 - me2.server.login.db.DBConnectionPool complete init.
2009-11-09 18:12:39,140 [main] INFO  ME2 - 昵称过滤列表加载完毕
2009-11-09 18:13:04,687 [main] INFO  ME2 - me2.server.login.db.DBConnectionPool complete init.
2009-11-09 18:13:06,265 [main] INFO  ME2 - 昵称过滤列表加载完毕
2009-11-09 18:14:37,265 [main] INFO  ME2 - me2.server.login.db.DBConnectionPool complete init.
2009-11-09 18:14:38,812 [main] INFO  ME2 - 昵称过滤列表加载完毕
2009-11-09 18:21:40,203 [main] INFO  ME2 - me2.server.login.db.DBConnectionPool complete init.
2009-11-09 18:21:41,671 [main] INFO  ME2 - 昵称过滤列表加载完毕
2009-11-10 09:30:23,328 [main] INFO  ME2 - me2.server.login.db.DBConnectionPool complete init.
2009-11-10 09:30:24,968 [main] INFO  ME2 - 昵称过滤列表加载完毕
2009-11-10 10:13:42,703 [main] INFO  ME2 - me2.server.login.db.DBConnectionPool complete init.
2009-11-10 10:13:44,296 [main] INFO  ME2 - 昵称过滤列表加载完毕
2009-11-10 10:35:08,968 [main] INFO  ME2 - me2.server.login.db.DBConnectionPool complete init.
2009-11-10 10:35:10,453 [main] INFO  ME2 - 昵称过滤列表加载完毕
2009-11-10 10:41:31,687 [main] INFO  ME2 - me2.server.login.db.DBConnectionPool complete init.
2009-11-10 10:41:33,046 [main] INFO  ME2 - 昵称过滤列表加载完毕
2009-11-10 10:45:38,093 [main] INFO  ME2 - me2.server.login.db.DBConnectionPool complete init.
2009-11-10 10:45:39,578 [main] INFO  ME2 - 昵称过滤列表加载完毕
2009-11-10 13:45:49,171 [main] INFO  ME2 - me2.server.login.db.DBConnectionPool complete init.
2009-11-10 13:45:50,640 [main] INFO  ME2 - 昵称过滤列表加载完毕
2009-11-10 13:45:53,796 [main] INFO  ME2 - me2.server.login.db.DBConnectionPool complete init.
2009-11-10 13:45:59,046 [main] INFO  ME2 - me2.server.login.db.DBConnectionPool complete init.
2009-11-10 13:46:00,703 [main] INFO  ME2 - 昵称过滤列表加载完毕
2009-11-10 15:43:32,812 [main] INFO  ME2 - me2.server.login.db.DBConnectionPool complete init.
2009-11-10 15:43:34,406 [main] INFO  ME2 - 昵称过滤列表加载完毕
2009-11-10 15:47:59,312 [main] INFO  ME2 - me2.server.login.db.DBConnectionPool complete init.
2009-11-10 15:48:00,953 [main] INFO  ME2 - 昵称过滤列表加载完毕
2009-11-10 17:06:54,875 [main] INFO  ME2 - me2.server.login.db.DBConnectionPool complete init.
2009-11-10 17:06:56,250 [main] INFO  ME2 - 昵称过滤列表加载完毕
2009-11-10 17:09:12,281 [main] INFO  ME2 - me2.server.login.db.DBConnectionPool complete init.
2009-11-10 17:09:13,625 [main] INFO  ME2 - 昵称过滤列表加载完毕
2009-11-10 17:12:14,312 [main] INFO  ME2 - me2.server.login.db.DBConnectionPool complete init.
2009-11-10 17:12:15,734 [main] INFO  ME2 - 昵称过滤列表加载完毕
2009-11-11 09:19:19,875 [main] INFO  ME2 - me2.server.login.db.DBConnectionPool complete init.
2009-11-11 09:19:21,515 [main] INFO  ME2 - 昵称过滤列表加载完毕
2009-11-11 11:09:00,281 [main] INFO  ME2 - me2.server.login.db.DBConnectionPool complete init.
2009-11-11 11:09:01,765 [main] INFO  ME2 - 昵称过滤列表加载完毕
2009-11-11 11:17:45,484 [main] INFO  ME2 - me2.server.login.db.DBConnectionPool complete init.
2009-11-11 11:17:47,093 [main] INFO  ME2 - 昵称过滤列表加载完毕
2009-11-11 11:21:59,562 [main] INFO  ME2 - me2.server.login.db.DBConnectionPool complete init.
2009-11-11 11:22:01,078 [main] INFO  ME2 - 昵称过滤列表加载完毕
2009-11-11 11:44:02,812 [main] INFO  ME2 - me2.server.login.db.DBConnectionPool complete init.
2009-11-11 11:44:04,296 [main] INFO  ME2 - 昵称过滤列表加载完毕
2009-11-11 12:23:06,984 [main] INFO  ME2 - me2.server.login.db.DBConnectionPool complete init.
2009-11-11 12:23:08,531 [main] INFO  ME2 - 昵称过滤列表加载完毕
2009-11-11 12:25:39,609 [main] INFO  ME2 - me2.server.login.db.DBConnectionPool complete init.
2009-11-11 12:25:40,984 [main] INFO  ME2 - 昵称过滤列表加载完毕
2009-11-11 13:54:13,703 [main] INFO  ME2 - me2.server.login.db.DBConnectionPool complete init.
2009-11-11 13:54:15,093 [main] INFO  ME2 - 昵称过滤列表加载完毕
2009-11-11 14:26:42,609 [main] INFO  ME2 - me2.server.login.db.DBConnectionPool complete init.
2009-11-11 14:26:44,046 [main] INFO  ME2 - 昵称过滤列表加载完毕
2009-11-11 14:34:19,281 [main] INFO  ME2 - me2.server.login.db.DBConnectionPool complete init.
2009-11-11 14:34:20,812 [main] INFO  ME2 - 昵称过滤列表加载完毕
2009-11-11 14:43:10,296 [main] INFO  ME2 - me2.server.login.db.DBConnectionPool complete init.
2009-11-11 14:43:11,703 [main] INFO  ME2 - 昵称过滤列表加载完毕
2009-11-11 15:23:15,890 [main] INFO  ME2 - me2.server.login.db.DBConnectionPool complete init.
2009-11-11 15:23:17,406 [main] INFO  ME2 - 昵称过滤列表加载完毕
2009-11-11 15:24:43,921 [main] INFO  ME2 - me2.server.login.db.DBConnectionPool complete init.
2009-11-11 15:24:45,328 [main] INFO  ME2 - 昵称过滤列表加载完毕
2009-11-11 15:27:07,796 [main] INFO  ME2 - me2.server.login.db.DBConnectionPool complete init.
2009-11-11 15:27:09,265 [main] INFO  ME2 - 昵称过滤列表加载完毕
2009-11-11 15:29:20,703 [main] INFO  ME2 - me2.server.login.db.DBConnectionPool complete init.
2009-11-11 15:29:22,140 [main] INFO  ME2 - 昵称过滤列表加载完毕
2009-11-11 15:31:11,250 [main] INFO  ME2 - me2.server.login.db.DBConnectionPool complete init.
2009-11-11 15:31:12,687 [main] INFO  ME2 - 昵称过滤列表加载完毕
2009-11-11 17:17:46,671 [main] INFO  ME2 - me2.server.login.db.DBConnectionPool complete init.
2009-11-11 17:17:48,234 [main] INFO  ME2 - 昵称过滤列表加载完毕
2009-11-11 17:21:36,031 [main] INFO  ME2 - me2.server.login.db.DBConnectionPool complete init.
2009-11-11 17:21:37,468 [main] INFO  ME2 - 昵称过滤列表加载完毕
2009-11-11 17:26:27,484 [main] INFO  ME2 - me2.server.login.db.DBConnectionPool complete init.
2009-11-11 17:26:28,937 [main] INFO  ME2 - 昵称过滤列表加载完毕
2009-11-11 17:30:56,187 [main] INFO  ME2 - me2.server.login.db.DBConnectionPool complete init.
2009-11-11 17:30:57,671 [main] INFO  ME2 - 昵称过滤列表加载完毕
2009-11-11 18:03:08,109 [main] INFO  ME2 - me2.server.login.db.DBConnectionPool complete init.
2009-11-11 18:03:09,468 [main] INFO  ME2 - 昵称过滤列表加载完毕
2009-11-11 18:07:55,968 [main] INFO  ME2 - me2.server.login.db.DBConnectionPool complete init.
2009-11-11 18:07:57,687 [main] INFO  ME2 - 昵称过滤列表加载完毕
2009-11-12 09:20:58,562 [main] INFO  ME2 - me2.server.login.db.DBConnectionPool complete init.
2009-11-12 09:21:00,265 [main] INFO  ME2 - 昵称过滤列表加载完毕
2009-11-12 11:01:43,109 [main] INFO  ME2 - me2.server.login.db.DBConnectionPool complete init.
2009-11-12 11:01:44,718 [main] INFO  ME2 - 昵称过滤列表加载完毕
2009-11-12 11:48:35,609 [main] INFO  ME2 - me2.server.login.db.DBConnectionPool complete init.
2009-11-12 11:48:37,187 [main] INFO  ME2 - 昵称过滤列表加载完毕
2009-11-12 14:04:33,359 [main] INFO  ME2 - me2.server.login.db.DBConnectionPool complete init.
2009-11-12 14:04:35,000 [main] INFO  ME2 - 昵称过滤列表加载完毕
2009-11-12 14:29:00,250 [main] INFO  ME2 - me2.server.login.db.DBConnectionPool complete init.
2009-11-12 14:29:01,718 [main] INFO  ME2 - 昵称过滤列表加载完毕
2009-11-12 14:29:57,031 [main] INFO  ME2 - me2.server.login.db.DBConnectionPool complete init.
2009-11-12 14:29:58,609 [main] INFO  ME2 - 昵称过滤列表加载完毕
2009-11-12 15:52:34,531 [main] INFO  ME2 - me2.server.login.db.DBConnectionPool complete init.
2009-11-12 15:52:36,140 [main] INFO  ME2 - 昵称过滤列表加载完毕
2009-11-12 15:54:28,812 [main] INFO  ME2 - me2.server.login.db.DBConnectionPool complete init.
2009-11-12 15:54:30,328 [main] INFO  ME2 - 昵称过滤列表加载完毕
2009-11-12 16:18:05,078 [main] INFO  ME2 - me2.server.login.db.DBConnectionPool complete init.
2009-11-12 16:18:06,546 [main] INFO  ME2 - 昵称过滤列表加载完毕
2009-11-12 16:56:16,640 [main] INFO  ME2 - me2.server.login.db.DBConnectionPool complete init.
2009-11-12 16:56:18,062 [main] INFO  ME2 - 昵称过滤列表加载完毕
2009-11-12 17:06:44,953 [main] INFO  ME2 - me2.server.login.db.DBConnectionPool complete init.
2009-11-12 17:06:46,437 [main] INFO  ME2 - 昵称过滤列表加载完毕
2009-11-12 17:48:05,500 [main] INFO  ME2 - me2.server.login.db.DBConnectionPool complete init.
2009-11-12 17:48:07,062 [main] INFO  ME2 - 昵称过滤列表加载完毕
2009-11-12 18:06:27,859 [main] INFO  ME2 - me2.server.login.db.DBConnectionPool complete init.
2009-11-12 18:06:29,359 [main] INFO  ME2 - 昵称过滤列表加载完毕
2009-11-13 09:17:15,078 [main] INFO  ME2 - me2.server.login.db.DBConnectionPool complete init.
2009-11-13 09:17:16,671 [main] INFO  ME2 - 昵称过滤列表加载完毕
2009-11-13 09:39:39,905 [main] INFO  ME2 - me2.server.login.db.DBConnectionPool complete init.
2009-11-13 09:39:41,561 [main] INFO  ME2 - 昵称过滤列表加载完毕
2009-11-13 11:01:18,764 [http-3333-Processor24] ERROR ME2 - me2.server.login.LoginService@12c4c57
java.io.EOFException
	at java.io.DataInputStream.readFully(DataInputStream.java:180)
	at java.io.DataInputStream.readUTF(DataInputStream.java:592)
	at java.io.DataInputStream.readUTF(DataInputStream.java:547)
	at me2.server.login.util.ME2InputStream.readUTF(ME2InputStream.java:78)
	at me2.server.login.LoginService.process(LoginService.java:159)
	at loginserver.LoginServlet.doGet(LoginServlet.java:29)
	at javax.servlet.http.HttpServlet.service(HttpServlet.java:689)
	at javax.servlet.http.HttpServlet.service(HttpServlet.java:802)
	at org.apache.catalina.core.ApplicationFilterChain.internalDoFilter(ApplicationFilterChain.java:252)
	at org.apache.catalina.core.ApplicationFilterChain.doFilter(ApplicationFilterChain.java:173)
	at org.apache.catalina.core.StandardWrapperValve.invoke(StandardWrapperValve.java:213)
	at org.apache.catalina.core.StandardContextValve.invoke(StandardContextValve.java:178)
	at org.apache.catalina.core.StandardHostValve.invoke(StandardHostValve.java:126)
	at org.apache.catalina.valves.ErrorReportValve.invoke(ErrorReportValve.java:105)
	at org.apache.catalina.core.StandardEngineValve.invoke(StandardEngineValve.java:107)
	at org.apache.catalina.connector.CoyoteAdapter.service(CoyoteAdapter.java:148)
	at org.apache.coyote.http11.Http11Processor.process(Http11Processor.java:869)
	at org.apache.coyote.http11.Http11BaseProtocol$Http11ConnectionHandler.processConnection(Http11BaseProtocol.java:664)
	at org.apache.tomcat.util.net.PoolTcpEndpoint.processSocket(PoolTcpEndpoint.java:527)
	at org.apache.tomcat.util.net.LeaderFollowerWorkerThread.runIt(LeaderFollowerWorkerThread.java:80)
	at org.apache.tomcat.util.threads.ThreadPool$ControlRunnable.run(ThreadPool.java:684)
	at java.lang.Thread.run(Thread.java:619)
2009-11-13 11:01:18,764 [http-3333-Processor24] INFO  ME2 - response is null
2009-11-13 11:37:07,326 [main] INFO  ME2 - me2.server.login.db.DBConnectionPool complete init.
2009-11-13 11:37:08,967 [main] INFO  ME2 - 昵称过滤列表加载完毕
2009-11-13 11:38:51,873 [main] INFO  ME2 - me2.server.login.db.DBConnectionPool complete init.
2009-11-13 11:38:53,311 [main] INFO  ME2 - 昵称过滤列表加载完毕
2009-11-13 11:52:26,076 [main] INFO  ME2 - me2.server.login.db.DBConnectionPool complete init.
2009-11-13 11:52:27,623 [main] INFO  ME2 - 昵称过滤列表加载完毕
2009-11-13 13:42:28,326 [main] INFO  ME2 - me2.server.login.db.DBConnectionPool complete init.
2009-11-13 13:42:29,936 [main] INFO  ME2 - 昵称过滤列表加载完毕
2009-11-13 13:45:31,983 [main] INFO  ME2 - me2.server.login.db.DBConnectionPool complete init.
2009-11-13 13:45:33,483 [main] INFO  ME2 - 昵称过滤列表加载完毕
2009-11-13 13:47:06,108 [main] INFO  ME2 - me2.server.login.db.DBConnectionPool complete init.
2009-11-13 13:47:07,545 [main] INFO  ME2 - 昵称过滤列表加载完毕
2009-11-13 13:48:47,858 [main] INFO  ME2 - me2.server.login.db.DBConnectionPool complete init.
2009-11-13 13:48:49,280 [main] INFO  ME2 - 昵称过滤列表加载完毕
2009-11-13 13:51:11,530 [main] INFO  ME2 - me2.server.login.db.DBConnectionPool complete init.
2009-11-13 13:51:12,998 [main] INFO  ME2 - 昵称过滤列表加载完毕
2009-11-13 13:54:30,764 [main] INFO  ME2 - me2.server.login.db.DBConnectionPool complete init.
2009-11-13 13:54:32,170 [main] INFO  ME2 - 昵称过滤列表加载完毕
2009-11-13 13:58:40,139 [main] INFO  ME2 - me2.server.login.db.DBConnectionPool complete init.
2009-11-13 13:58:41,780 [main] INFO  ME2 - 昵称过滤列表加载完毕
2009-11-13 14:07:31,701 [main] INFO  ME2 - me2.server.login.db.DBConnectionPool complete init.
2009-11-13 14:07:33,123 [main] INFO  ME2 - 昵称过滤列表加载完毕
2009-11-13 14:12:11,326 [main] INFO  ME2 - me2.server.login.db.DBConnectionPool complete init.
2009-11-13 14:12:12,811 [main] INFO  ME2 - 昵称过滤列表加载完毕
2009-11-13 15:19:57,061 [main] INFO  ME2 - me2.server.login.db.DBConnectionPool complete init.
2009-11-13 15:19:58,608 [main] INFO  ME2 - 昵称过滤列表加载完毕
2009-11-13 15:59:54,186 [main] INFO  ME2 - me2.server.login.db.DBConnectionPool complete init.
2009-11-13 15:59:55,670 [main] INFO  ME2 - 昵称过滤列表加载完毕
2009-11-16 09:26:47,531 [main] INFO  ME2 - me2.server.login.db.DBConnectionPool complete init.
2009-11-16 09:26:49,187 [main] INFO  ME2 - 昵称过滤列表加载完毕
2009-11-16 14:35:57,734 [main] INFO  ME2 - me2.server.login.db.DBConnectionPool complete init.
2009-11-16 14:35:59,171 [main] INFO  ME2 - 昵称过滤列表加载完毕
2009-11-18 15:20:02,125 [main] INFO  ME2 - me2.server.login.db.DBConnectionPool complete init.
2009-11-18 15:20:03,562 [main] INFO  ME2 - 昵称过滤列表加载完毕
2009-11-18 16:13:12,093 [main] INFO  ME2 - me2.server.login.db.DBConnectionPool complete init.
2009-11-18 16:13:13,531 [main] INFO  ME2 - 昵称过滤列表加载完毕
2009-11-18 16:28:55,609 [main] INFO  ME2 - me2.server.login.db.DBConnectionPool complete init.
2009-11-18 16:28:57,031 [main] INFO  ME2 - 昵称过滤列表加载完毕
2009-11-18 16:30:21,812 [main] INFO  ME2 - me2.server.login.db.DBConnectionPool complete init.
2009-11-18 16:30:23,234 [main] INFO  ME2 - 昵称过滤列表加载完毕
2009-11-18 17:09:36,734 [main] INFO  ME2 - me2.server.login.db.DBConnectionPool complete init.
2009-11-18 17:09:38,250 [main] INFO  ME2 - 昵称过滤列表加载完毕
2009-11-18 17:14:44,437 [main] INFO  ME2 - me2.server.login.db.DBConnectionPool complete init.
2009-11-18 17:14:45,937 [main] INFO  ME2 - 昵称过滤列表加载完毕
2009-11-18 17:26:31,359 [main] INFO  ME2 - me2.server.login.db.DBConnectionPool complete init.
2009-11-18 17:26:32,953 [main] INFO  ME2 - 昵称过滤列表加载完毕
2009-11-19 09:14:59,031 [main] INFO  ME2 - me2.server.login.db.DBConnectionPool complete init.
2009-11-19 09:15:00,468 [main] INFO  ME2 - 昵称过滤列表加载完毕
2009-11-19 09:46:37,687 [main] INFO  ME2 - me2.server.login.db.DBConnectionPool complete init.
2009-11-19 09:46:39,203 [main] INFO  ME2 - 昵称过滤列表加载完毕
2009-11-19 17:34:58,750 [main] INFO  ME2 - me2.server.login.db.DBConnectionPool complete init.
2009-11-19 17:35:00,312 [main] INFO  ME2 - 昵称过滤列表加载完毕
2009-11-19 17:38:48,875 [main] INFO  ME2 - me2.server.login.db.DBConnectionPool complete init.
2009-11-19 17:38:50,453 [main] INFO  ME2 - 昵称过滤列表加载完毕
2009-11-20 09:40:54,621 [main] INFO  ME2 - me2.server.login.db.DBConnectionPool complete init.
2009-11-20 09:40:56,278 [main] INFO  ME2 - 昵称过滤列表加载完毕
2009-11-20 13:52:52,949 [main] INFO  ME2 - me2.server.login.db.DBConnectionPool complete init.
2009-11-20 13:52:54,434 [main] INFO  ME2 - 昵称过滤列表加载完毕
2009-11-20 16:05:54,231 [main] INFO  ME2 - me2.server.login.db.DBConnectionPool complete init.
2009-11-20 16:05:55,590 [main] INFO  ME2 - 昵称过滤列表加载完毕
2009-11-20 17:16:17,653 [main] INFO  ME2 - me2.server.login.db.DBConnectionPool complete init.
2009-11-20 17:16:19,324 [main] INFO  ME2 - 昵称过滤列表加载完毕
2009-11-23 11:14:27,636 [main] INFO  ME2 - me2.server.login.db.DBConnectionPool complete init.
2009-11-23 11:14:29,652 [main] INFO  ME2 - 昵称过滤列表加载完毕
2009-11-23 15:25:51,995 [main] INFO  ME2 - me2.server.login.db.DBConnectionPool complete init.
2009-11-23 15:25:53,355 [main] INFO  ME2 - 昵称过滤列表加载完毕
2009-11-23 17:04:31,574 [main] INFO  ME2 - me2.server.login.db.DBConnectionPool complete init.
2009-11-23 17:04:33,183 [main] INFO  ME2 - 昵称过滤列表加载完毕
2009-11-23 17:33:36,214 [main] INFO  ME2 - me2.server.login.db.DBConnectionPool complete init.
2009-11-23 17:33:37,933 [main] INFO  ME2 - 昵称过滤列表加载完毕
2009-11-23 17:37:21,449 [main] INFO  ME2 - me2.server.login.db.DBConnectionPool complete init.
2009-11-23 17:37:22,933 [main] INFO  ME2 - 昵称过滤列表加载完毕
2009-11-23 17:40:51,292 [main] INFO  ME2 - me2.server.login.db.DBConnectionPool complete init.
2009-11-23 17:40:52,824 [main] INFO  ME2 - 昵称过滤列表加载完毕
2009-11-23 17:42:05,292 [main] INFO  ME2 - me2.server.login.db.DBConnectionPool complete init.
2009-11-23 17:42:06,777 [main] INFO  ME2 - 昵称过滤列表加载完毕
2009-11-23 17:59:24,449 [main] INFO  ME2 - me2.server.login.db.DBConnectionPool complete init.
2009-11-23 17:59:25,949 [main] INFO  ME2 - 昵称过滤列表加载完毕
2009-11-23 18:05:02,699 [main] INFO  ME2 - me2.server.login.db.DBConnectionPool complete init.
2009-11-23 18:05:04,152 [main] INFO  ME2 - 昵称过滤列表加载完毕
2009-11-24 09:10:49,546 [main] INFO  ME2 - me2.server.login.db.DBConnectionPool complete init.
2009-11-24 09:10:51,109 [main] INFO  ME2 - 昵称过滤列表加载完毕
2009-11-24 11:08:45,500 [main] INFO  ME2 - me2.server.login.db.DBConnectionPool complete init.
2009-11-24 11:08:46,859 [main] INFO  ME2 - 昵称过滤列表加载完毕
2009-11-24 11:18:46,765 [main] INFO  ME2 - me2.server.login.db.DBConnectionPool complete init.
2009-11-24 11:18:48,109 [main] INFO  ME2 - 昵称过滤列表加载完毕
2009-11-24 11:25:46,000 [main] INFO  ME2 - me2.server.login.db.DBConnectionPool complete init.
2009-11-24 11:25:47,562 [main] INFO  ME2 - 昵称过滤列表加载完毕
2009-11-24 11:38:33,015 [main] INFO  ME2 - me2.server.login.db.DBConnectionPool complete init.
2009-11-24 11:38:34,390 [main] INFO  ME2 - 昵称过滤列表加载完毕
2009-11-24 11:39:29,734 [main] INFO  ME2 - me2.server.login.db.DBConnectionPool complete init.
2009-11-24 11:39:31,062 [main] INFO  ME2 - 昵称过滤列表加载完毕
2009-11-24 16:58:44,921 [main] INFO  ME2 - me2.server.login.db.DBConnectionPool complete init.
2009-11-24 16:58:46,421 [main] INFO  ME2 - 昵称过滤列表加载完毕
2009-11-24 17:08:23,968 [main] INFO  ME2 - me2.server.login.db.DBConnectionPool complete init.
2009-11-24 17:08:25,453 [main] INFO  ME2 - 昵称过滤列表加载完毕
2009-11-24 17:10:33,750 [main] INFO  ME2 - me2.server.login.db.DBConnectionPool complete init.
2009-11-24 17:10:35,078 [main] INFO  ME2 - 昵称过滤列表加载完毕
2009-11-25 09:17:26,093 [main] INFO  ME2 - me2.server.login.db.DBConnectionPool complete init.
2009-11-25 09:17:27,859 [main] INFO  ME2 - 昵称过滤列表加载完毕
2009-11-25 10:43:48,218 [main] INFO  ME2 - me2.server.login.db.DBConnectionPool complete init.
2009-11-25 10:43:49,828 [main] INFO  ME2 - 昵称过滤列表加载完毕
2009-11-25 10:45:13,546 [main] INFO  ME2 - me2.server.login.db.DBConnectionPool complete init.
2009-11-25 10:45:15,031 [main] INFO  ME2 - 昵称过滤列表加载完毕
2009-11-25 10:53:13,937 [main] INFO  ME2 - me2.server.login.db.DBConnectionPool complete init.
2009-11-25 10:53:15,406 [main] INFO  ME2 - 昵称过滤列表加载完毕
2009-11-25 10:55:09,625 [main] INFO  ME2 - me2.server.login.db.DBConnectionPool complete init.
2009-11-25 10:55:11,031 [main] INFO  ME2 - 昵称过滤列表加载完毕
2009-11-25 10:59:48,921 [main] INFO  ME2 - me2.server.login.db.DBConnectionPool complete init.
2009-11-25 10:59:50,375 [main] INFO  ME2 - 昵称过滤列表加载完毕
2009-11-25 11:31:17,125 [main] INFO  ME2 - me2.server.login.db.DBConnectionPool complete init.
2009-11-25 11:31:18,515 [main] INFO  ME2 - 昵称过滤列表加载完毕
2009-11-25 11:32:49,078 [main] INFO  ME2 - me2.server.login.db.DBConnectionPool complete init.
2009-11-25 11:32:50,515 [main] INFO  ME2 - 昵称过滤列表加载完毕
2009-11-25 11:36:42,031 [main] INFO  ME2 - me2.server.login.db.DBConnectionPool complete init.
2009-11-25 11:36:43,593 [main] INFO  ME2 - 昵称过滤列表加载完毕
2009-11-25 11:39:04,312 [main] INFO  ME2 - me2.server.login.db.DBConnectionPool complete init.
2009-11-25 11:39:05,906 [main] INFO  ME2 - 昵称过滤列表加载完毕
2009-11-25 14:45:47,406 [main] INFO  ME2 - me2.server.login.db.DBConnectionPool complete init.
2009-11-25 14:45:48,859 [main] INFO  ME2 - 昵称过滤列表加载完毕
2009-11-25 14:56:21,703 [main] INFO  ME2 - me2.server.login.db.DBConnectionPool complete init.
2009-11-25 14:56:23,125 [main] INFO  ME2 - 昵称过滤列表加载完毕
2009-11-25 15:01:35,718 [http-3333-Processor24] ERROR ME2 - 
me2.server.login.GameServerDownException: 服务器已关闭
	at me2.server.login.GameService.getRoleList(GameService.java:144)
	at me2.server.login.LoginService.getRoleList(LoginService.java:972)
	at me2.server.login.LoginService.selectServer(LoginService.java:786)
	at me2.server.login.LoginService.process(LoginService.java:200)
	at loginserver.LoginServlet.doGet(LoginServlet.java:29)
	at javax.servlet.http.HttpServlet.service(HttpServlet.java:689)
	at javax.servlet.http.HttpServlet.service(HttpServlet.java:802)
	at org.apache.catalina.core.ApplicationFilterChain.internalDoFilter(ApplicationFilterChain.java:252)
	at org.apache.catalina.core.ApplicationFilterChain.doFilter(ApplicationFilterChain.java:173)
	at org.apache.catalina.core.StandardWrapperValve.invoke(StandardWrapperValve.java:213)
	at org.apache.catalina.core.StandardContextValve.invoke(StandardContextValve.java:178)
	at org.apache.catalina.core.StandardHostValve.invoke(StandardHostValve.java:126)
	at org.apache.catalina.valves.ErrorReportValve.invoke(ErrorReportValve.java:105)
	at org.apache.catalina.core.StandardEngineValve.invoke(StandardEngineValve.java:107)
	at org.apache.catalina.connector.CoyoteAdapter.service(CoyoteAdapter.java:148)
	at org.apache.coyote.http11.Http11Processor.process(Http11Processor.java:869)
	at org.apache.coyote.http11.Http11BaseProtocol$Http11ConnectionHandler.processConnection(Http11BaseProtocol.java:664)
	at org.apache.tomcat.util.net.PoolTcpEndpoint.processSocket(PoolTcpEndpoint.java:527)
	at org.apache.tomcat.util.net.LeaderFollowerWorkerThread.runIt(LeaderFollowerWorkerThread.java:80)
	at org.apache.tomcat.util.threads.ThreadPool$ControlRunnable.run(ThreadPool.java:684)
	at java.lang.Thread.run(Thread.java:619)
2009-11-25 15:01:35,718 [http-3333-Processor24] INFO  ME2 - response is null
2009-11-25 15:01:42,375 [main] INFO  ME2 - me2.server.login.db.DBConnectionPool complete init.
2009-11-25 15:01:43,718 [main] INFO  ME2 - 昵称过滤列表加载完毕
2009-11-25 15:07:24,234 [main] INFO  ME2 - me2.server.login.db.DBConnectionPool complete init.
2009-11-25 15:07:25,593 [main] INFO  ME2 - 昵称过滤列表加载完毕
2009-11-25 15:25:40,828 [main] INFO  ME2 - me2.server.login.db.DBConnectionPool complete init.
2009-11-25 15:25:42,312 [main] INFO  ME2 - 昵称过滤列表加载完毕
2009-11-25 15:27:06,953 [main] INFO  ME2 - me2.server.login.db.DBConnectionPool complete init.
2009-11-25 15:27:08,718 [main] INFO  ME2 - 昵称过滤列表加载完毕
2009-11-25 15:38:08,546 [main] INFO  ME2 - me2.server.login.db.DBConnectionPool complete init.
2009-11-25 15:38:10,125 [main] INFO  ME2 - 昵称过滤列表加载完毕
2009-11-26 09:44:15,328 [main] INFO  ME2 - me2.server.login.db.DBConnectionPool complete init.
2009-11-26 09:44:16,796 [main] INFO  ME2 - 昵称过滤列表加载完毕
2009-11-26 16:59:00,609 [main] INFO  ME2 - me2.server.login.db.DBConnectionPool complete init.
2009-11-26 16:59:02,031 [main] INFO  ME2 - 昵称过滤列表加载完毕
2009-11-26 17:07:22,031 [main] INFO  ME2 - me2.server.login.db.DBConnectionPool complete init.
2009-11-26 17:07:23,406 [main] INFO  ME2 - 昵称过滤列表加载完毕
2009-11-26 17:12:05,578 [main] INFO  ME2 - me2.server.login.db.DBConnectionPool complete init.
2009-11-26 17:12:07,015 [main] INFO  ME2 - 昵称过滤列表加载完毕
2009-11-26 17:27:08,656 [main] INFO  ME2 - me2.server.login.db.DBConnectionPool complete init.
2009-11-26 17:27:10,031 [main] INFO  ME2 - 昵称过滤列表加载完毕
2009-11-26 17:28:14,531 [main] INFO  ME2 - me2.server.login.db.DBConnectionPool complete init.
2009-11-26 17:28:15,875 [main] INFO  ME2 - 昵称过滤列表加载完毕
2009-11-26 17:57:53,218 [main] INFO  ME2 - me2.server.login.db.DBConnectionPool complete init.
2009-11-26 17:57:54,765 [main] INFO  ME2 - 昵称过滤列表加载完毕
2009-11-26 18:00:26,359 [http-3333-Processor25] ERROR ME2 - 
me2.server.login.GameServerDownException: 服务器已关闭
	at me2.server.login.GameService.getRoleList(GameService.java:144)
	at me2.server.login.LoginService.getRoleList(LoginService.java:972)
	at me2.server.login.LoginService.selectServer(LoginService.java:786)
	at me2.server.login.LoginService.process(LoginService.java:200)
	at loginserver.LoginServlet.doGet(LoginServlet.java:29)
	at javax.servlet.http.HttpServlet.service(HttpServlet.java:689)
	at javax.servlet.http.HttpServlet.service(HttpServlet.java:802)
	at org.apache.catalina.core.ApplicationFilterChain.internalDoFilter(ApplicationFilterChain.java:252)
	at org.apache.catalina.core.ApplicationFilterChain.doFilter(ApplicationFilterChain.java:173)
	at org.apache.catalina.core.StandardWrapperValve.invoke(StandardWrapperValve.java:213)
	at org.apache.catalina.core.StandardContextValve.invoke(StandardContextValve.java:178)
	at org.apache.catalina.core.StandardHostValve.invoke(StandardHostValve.java:126)
	at org.apache.catalina.valves.ErrorReportValve.invoke(ErrorReportValve.java:105)
	at org.apache.catalina.core.StandardEngineValve.invoke(StandardEngineValve.java:107)
	at org.apache.catalina.connector.CoyoteAdapter.service(CoyoteAdapter.java:148)
	at org.apache.coyote.http11.Http11Processor.process(Http11Processor.java:869)
	at org.apache.coyote.http11.Http11BaseProtocol$Http11ConnectionHandler.processConnection(Http11BaseProtocol.java:664)
	at org.apache.tomcat.util.net.PoolTcpEndpoint.processSocket(PoolTcpEndpoint.java:527)
	at org.apache.tomcat.util.net.LeaderFollowerWorkerThread.runIt(LeaderFollowerWorkerThread.java:80)
	at org.apache.tomcat.util.threads.ThreadPool$ControlRunnable.run(ThreadPool.java:684)
	at java.lang.Thread.run(Thread.java:619)
2009-11-26 18:00:26,359 [http-3333-Processor25] INFO  ME2 - response is null
2009-11-26 18:00:36,968 [main] INFO  ME2 - me2.server.login.db.DBConnectionPool complete init.
2009-11-26 18:00:38,500 [main] INFO  ME2 - 昵称过滤列表加载完毕
2009-11-26 18:05:31,328 [main] INFO  ME2 - me2.server.login.db.DBConnectionPool complete init.
2009-11-26 18:05:32,734 [main] INFO  ME2 - 昵称过滤列表加载完毕
2009-11-27 09:36:23,875 [main] INFO  ME2 - me2.server.login.db.DBConnectionPool complete init.
2009-11-27 09:36:25,421 [main] INFO  ME2 - 昵称过滤列表加载完毕
2009-11-27 10:00:03,640 [main] INFO  ME2 - me2.server.login.db.DBConnectionPool complete init.
2009-11-27 10:00:04,984 [main] INFO  ME2 - 昵称过滤列表加载完毕
2009-11-27 10:05:57,609 [main] INFO  ME2 - me2.server.login.db.DBConnectionPool complete init.
2009-11-27 10:05:59,359 [main] INFO  ME2 - 昵称过滤列表加载完毕
2009-11-27 10:16:26,171 [main] INFO  ME2 - me2.server.login.db.DBConnectionPool complete init.
2009-11-27 10:16:27,718 [main] INFO  ME2 - 昵称过滤列表加载完毕
2009-11-27 10:31:27,296 [main] INFO  ME2 - me2.server.login.db.DBConnectionPool complete init.
2009-11-27 10:31:28,656 [main] INFO  ME2 - 昵称过滤列表加载完毕
2009-11-27 10:45:39,218 [main] INFO  ME2 - me2.server.login.db.DBConnectionPool complete init.
2009-11-27 10:45:40,812 [main] INFO  ME2 - 昵称过滤列表加载完毕
2009-11-27 10:49:55,093 [main] INFO  ME2 - me2.server.login.db.DBConnectionPool complete init.
2009-11-27 10:49:56,859 [main] INFO  ME2 - 昵称过滤列表加载完毕
2009-11-27 10:51:23,984 [main] INFO  ME2 - me2.server.login.db.DBConnectionPool complete init.
2009-11-27 10:51:25,578 [main] INFO  ME2 - 昵称过滤列表加载完毕
2009-11-27 11:00:05,906 [main] INFO  ME2 - me2.server.login.db.DBConnectionPool complete init.
2009-11-27 11:00:07,515 [main] INFO  ME2 - 昵称过滤列表加载完毕
2009-11-27 13:17:07,093 [main] INFO  ME2 - me2.server.login.db.DBConnectionPool complete init.
2009-11-27 13:17:08,906 [main] INFO  ME2 - 昵称过滤列表加载完毕
2009-11-27 13:19:56,593 [main] INFO  ME2 - me2.server.login.db.DBConnectionPool complete init.
2009-11-27 13:19:58,125 [main] INFO  ME2 - 昵称过滤列表加载完毕
2009-11-27 14:26:35,703 [main] INFO  ME2 - me2.server.login.db.DBConnectionPool complete init.
2009-11-27 14:26:37,250 [main] INFO  ME2 - 昵称过滤列表加载完毕
2009-11-27 14:32:03,984 [main] INFO  ME2 - me2.server.login.db.DBConnectionPool complete init.
2009-11-27 14:32:05,500 [main] INFO  ME2 - 昵称过滤列表加载完毕
2009-11-27 14:38:46,375 [main] INFO  ME2 - me2.server.login.db.DBConnectionPool complete init.
2009-11-27 14:38:47,890 [main] INFO  ME2 - 昵称过滤列表加载完毕
2009-11-27 14:43:31,109 [main] INFO  ME2 - me2.server.login.db.DBConnectionPool complete init.
2009-11-27 14:43:32,718 [main] INFO  ME2 - 昵称过滤列表加载完毕
2009-11-27 14:50:31,796 [main] INFO  ME2 - me2.server.login.db.DBConnectionPool complete init.
2009-11-27 14:50:33,375 [main] INFO  ME2 - 昵称过滤列表加载完毕
2009-11-30 13:00:50,984 [main] INFO  ME2 - me2.server.login.db.DBConnectionPool complete init.
2009-11-30 13:00:52,562 [main] INFO  ME2 - 昵称过滤列表加载完毕
2009-11-30 17:19:19,031 [main] INFO  ME2 - me2.server.login.db.DBConnectionPool complete init.
2009-11-30 17:19:20,953 [main] INFO  ME2 - 昵称过滤列表加载完毕
2009-11-30 17:20:48,578 [main] INFO  ME2 - me2.server.login.db.DBConnectionPool complete init.
2009-11-30 17:20:49,984 [main] INFO  ME2 - 昵称过滤列表加载完毕
2009-12-01 09:11:29,921 [main] INFO  ME2 - me2.server.login.db.DBConnectionPool complete init.
2009-12-01 09:11:31,515 [main] INFO  ME2 - 昵称过滤列表加载完毕
2009-12-01 10:11:22,312 [main] INFO  ME2 - me2.server.login.db.DBConnectionPool complete init.
2009-12-01 10:11:23,828 [main] INFO  ME2 - 昵称过滤列表加载完毕
2009-12-01 10:31:59,781 [main] INFO  ME2 - me2.server.login.db.DBConnectionPool complete init.
2009-12-01 10:32:01,296 [main] INFO  ME2 - 昵称过滤列表加载完毕
2009-12-01 10:32:54,453 [main] INFO  ME2 - me2.server.login.db.DBConnectionPool complete init.
2009-12-01 10:32:55,890 [main] INFO  ME2 - 昵称过滤列表加载完毕
2009-12-01 10:33:03,828 [main] INFO  ME2 - me2.server.login.db.DBConnectionPool complete init.
2009-12-01 10:33:05,296 [main] INFO  ME2 - 昵称过滤列表加载完毕
2009-12-01 10:35:33,953 [main] INFO  ME2 - me2.server.login.db.DBConnectionPool complete init.
2009-12-01 10:35:35,359 [main] INFO  ME2 - 昵称过滤列表加载完毕
2009-12-01 10:45:37,187 [main] INFO  ME2 - me2.server.login.db.DBConnectionPool complete init.
2009-12-01 10:45:38,906 [main] INFO  ME2 - 昵称过滤列表加载完毕
2009-12-01 10:46:57,640 [main] INFO  ME2 - me2.server.login.db.DBConnectionPool complete init.
2009-12-01 10:46:59,312 [main] INFO  ME2 - 昵称过滤列表加载完毕
2009-12-01 10:49:19,984 [main] INFO  ME2 - me2.server.login.db.DBConnectionPool complete init.
2009-12-01 10:49:21,609 [main] INFO  ME2 - 昵称过滤列表加载完毕
2009-12-01 11:24:43,671 [main] INFO  ME2 - me2.server.login.db.DBConnectionPool complete init.
2009-12-01 11:24:45,031 [main] INFO  ME2 - 昵称过滤列表加载完毕
2009-12-01 11:26:26,859 [http-3333-Processor25] INFO  ME2 - response is null
2009-12-01 11:29:38,546 [main] INFO  ME2 - me2.server.login.db.DBConnectionPool complete init.
2009-12-01 11:29:40,015 [main] INFO  ME2 - 昵称过滤列表加载完毕
2009-12-01 11:30:01,343 [http-3333-Processor25] INFO  ME2 - response is null
2009-12-01 11:30:58,734 [http-3333-Processor25] INFO  ME2 - response is null
2009-12-01 11:32:48,843 [http-3333-Processor25] INFO  ME2 - response is null
2009-12-01 11:34:48,031 [http-3333-Processor24] INFO  ME2 - response is null
2009-12-01 11:36:09,875 [main] INFO  ME2 - me2.server.login.db.DBConnectionPool complete init.
2009-12-01 11:36:11,359 [main] INFO  ME2 - 昵称过滤列表加载完毕
2009-12-01 11:36:32,125 [http-3333-Processor24] INFO  ME2 - response is null
2009-12-01 11:37:41,906 [http-3333-Processor24] ERROR ME2 - me2.server.login.LoginService@1202d69
java.io.EOFException
	at java.io.DataInputStream.readFully(DataInputStream.java:180)
	at java.io.DataInputStream.readUTF(DataInputStream.java:592)
	at java.io.DataInputStream.readUTF(DataInputStream.java:547)
	at me2.server.login.util.ME2InputStream.readUTF(ME2InputStream.java:78)
	at me2.server.login.LoginService.process(LoginService.java:267)
	at loginserver.LoginServlet.doGet(LoginServlet.java:29)
	at javax.servlet.http.HttpServlet.service(HttpServlet.java:689)
	at javax.servlet.http.HttpServlet.service(HttpServlet.java:802)
	at org.apache.catalina.core.ApplicationFilterChain.internalDoFilter(ApplicationFilterChain.java:252)
	at org.apache.catalina.core.ApplicationFilterChain.doFilter(ApplicationFilterChain.java:173)
	at org.apache.catalina.core.StandardWrapperValve.invoke(StandardWrapperValve.java:213)
	at org.apache.catalina.core.StandardContextValve.invoke(StandardContextValve.java:178)
	at org.apache.catalina.core.StandardHostValve.invoke(StandardHostValve.java:126)
	at org.apache.catalina.valves.ErrorReportValve.invoke(ErrorReportValve.java:105)
	at org.apache.catalina.core.StandardEngineValve.invoke(StandardEngineValve.java:107)
	at org.apache.catalina.connector.CoyoteAdapter.service(CoyoteAdapter.java:148)
	at org.apache.coyote.http11.Http11Processor.process(Http11Processor.java:869)
	at org.apache.coyote.http11.Http11BaseProtocol$Http11ConnectionHandler.processConnection(Http11BaseProtocol.java:664)
	at org.apache.tomcat.util.net.PoolTcpEndpoint.processSocket(PoolTcpEndpoint.java:527)
	at org.apache.tomcat.util.net.LeaderFollowerWorkerThread.runIt(LeaderFollowerWorkerThread.java:80)
	at org.apache.tomcat.util.threads.ThreadPool$ControlRunnable.run(ThreadPool.java:684)
	at java.lang.Thread.run(Thread.java:619)
2009-12-01 11:37:41,906 [http-3333-Processor24] INFO  ME2 - response is null
2009-12-01 16:29:28,281 [main] INFO  ME2 - me2.server.login.db.DBConnectionPool complete init.
2009-12-01 16:29:29,687 [main] INFO  ME2 - 昵称过滤列表加载完毕
2009-12-01 16:43:04,312 [main] INFO  ME2 - me2.server.login.db.DBConnectionPool complete init.
2009-12-01 16:43:05,734 [main] INFO  ME2 - 昵称过滤列表加载完毕
2009-12-01 16:52:50,468 [main] INFO  ME2 - me2.server.login.db.DBConnectionPool complete init.
2009-12-01 16:52:51,859 [main] INFO  ME2 - 昵称过滤列表加载完毕
2009-12-01 17:20:46,812 [main] INFO  ME2 - me2.server.login.db.DBConnectionPool complete init.
2009-12-01 17:20:48,218 [main] INFO  ME2 - 昵称过滤列表加载完毕
2009-12-01 17:51:52,640 [main] INFO  ME2 - me2.server.login.db.DBConnectionPool complete init.
2009-12-01 17:51:54,171 [main] INFO  ME2 - 昵称过滤列表加载完毕
2009-12-01 17:55:00,140 [main] INFO  ME2 - me2.server.login.db.DBConnectionPool complete init.
2009-12-01 17:55:01,859 [main] INFO  ME2 - 昵称过滤列表加载完毕
2009-12-02 09:18:16,750 [main] INFO  ME2 - me2.server.login.db.DBConnectionPool complete init.
2009-12-02 09:18:18,171 [main] INFO  ME2 - 昵称过滤列表加载完毕
2009-12-02 09:59:52,468 [main] INFO  ME2 - me2.server.login.db.DBConnectionPool complete init.
2009-12-02 09:59:54,000 [main] INFO  ME2 - 昵称过滤列表加载完毕
2009-12-02 11:10:24,468 [main] INFO  ME2 - me2.server.login.db.DBConnectionPool complete init.
2009-12-02 11:10:26,046 [main] INFO  ME2 - 昵称过滤列表加载完毕
2009-12-02 11:10:58,109 [http-3333-Processor24] ERROR ME2 - 
java.lang.NullPointerException
	at hero.guild.service.GuildServiceImpl.removeFromLogin(GuildServiceImpl.java:361)
	at hero.player.service.PlayerServiceImpl.deleteRole(PlayerServiceImpl.java:602)
	at hero.login.LoginServiceImpl.deleteRole(LoginServiceImpl.java:102)
	at hero.login.rmi.ME2LoginRMIImpl.deleteRole(ME2LoginRMIImpl.java:72)
	at sun.reflect.NativeMethodAccessorImpl.invoke0(Native Method)
	at sun.reflect.NativeMethodAccessorImpl.invoke(NativeMethodAccessorImpl.java:39)
	at sun.reflect.DelegatingMethodAccessorImpl.invoke(DelegatingMethodAccessorImpl.java:25)
	at java.lang.reflect.Method.invoke(Method.java:597)
	at sun.rmi.server.UnicastServerRef.dispatch(UnicastServerRef.java:305)
	at sun.rmi.transport.Transport$1.run(Transport.java:159)
	at java.security.AccessController.doPrivileged(Native Method)
	at sun.rmi.transport.Transport.serviceCall(Transport.java:155)
	at sun.rmi.transport.tcp.TCPTransport.handleMessages(TCPTransport.java:535)
	at sun.rmi.transport.tcp.TCPTransport$ConnectionHandler.run0(TCPTransport.java:790)
	at sun.rmi.transport.tcp.TCPTransport$ConnectionHandler.run(TCPTransport.java:649)
	at java.util.concurrent.ThreadPoolExecutor$Worker.runTask(ThreadPoolExecutor.java:885)
	at java.util.concurrent.ThreadPoolExecutor$Worker.run(ThreadPoolExecutor.java:907)
	at java.lang.Thread.run(Thread.java:619)
	at sun.rmi.transport.StreamRemoteCall.exceptionReceivedFromServer(StreamRemoteCall.java:255)
	at sun.rmi.transport.StreamRemoteCall.executeCall(StreamRemoteCall.java:233)
	at sun.rmi.server.UnicastRef.invoke(UnicastRef.java:142)
	at hero.login.rmi.ME2LoginRMIImpl_Stub.deleteRole(ME2LoginRMIImpl_Stub.java:95)
	at me2.server.login.GameService.deleteRole(GameService.java:161)
	at me2.server.login.LoginService.deleteRole(LoginService.java:1054)
	at me2.server.login.LoginService.process(LoginService.java:230)
	at loginserver.LoginServlet.doGet(LoginServlet.java:29)
	at javax.servlet.http.HttpServlet.service(HttpServlet.java:689)
	at javax.servlet.http.HttpServlet.service(HttpServlet.java:802)
	at org.apache.catalina.core.ApplicationFilterChain.internalDoFilter(ApplicationFilterChain.java:252)
	at org.apache.catalina.core.ApplicationFilterChain.doFilter(ApplicationFilterChain.java:173)
	at org.apache.catalina.core.StandardWrapperValve.invoke(StandardWrapperValve.java:213)
	at org.apache.catalina.core.StandardContextValve.invoke(StandardContextValve.java:178)
	at org.apache.catalina.core.StandardHostValve.invoke(StandardHostValve.java:126)
	at org.apache.catalina.valves.ErrorReportValve.invoke(ErrorReportValve.java:105)
	at org.apache.catalina.core.StandardEngineValve.invoke(StandardEngineValve.java:107)
	at org.apache.catalina.connector.CoyoteAdapter.service(CoyoteAdapter.java:148)
	at org.apache.coyote.http11.Http11Processor.process(Http11Processor.java:869)
	at org.apache.coyote.http11.Http11BaseProtocol$Http11ConnectionHandler.processConnection(Http11BaseProtocol.java:664)
	at org.apache.tomcat.util.net.PoolTcpEndpoint.processSocket(PoolTcpEndpoint.java:527)
	at org.apache.tomcat.util.net.LeaderFollowerWorkerThread.runIt(LeaderFollowerWorkerThread.java:80)
	at org.apache.tomcat.util.threads.ThreadPool$ControlRunnable.run(ThreadPool.java:684)
	at java.lang.Thread.run(Thread.java:619)
2009-12-02 11:10:58,125 [http-3333-Processor24] INFO  ME2 - response is null
2009-12-02 12:10:08,031 [main] INFO  ME2 - me2.server.login.db.DBConnectionPool complete init.
2009-12-02 12:10:09,390 [main] INFO  ME2 - 昵称过滤列表加载完毕
2009-12-02 12:55:25,640 [main] INFO  ME2 - me2.server.login.db.DBConnectionPool complete init.
2009-12-02 12:55:27,031 [main] INFO  ME2 - 昵称过滤列表加载完毕
2009-12-02 16:22:59,921 [main] INFO  ME2 - me2.server.login.db.DBConnectionPool complete init.
2009-12-02 16:23:01,343 [main] INFO  ME2 - 昵称过滤列表加载完毕
2009-12-02 17:57:07,796 [main] INFO  ME2 - me2.server.login.db.DBConnectionPool complete init.
2009-12-02 17:57:09,250 [main] INFO  ME2 - 昵称过滤列表加载完毕
2009-12-03 09:17:13,344 [main] INFO  ME2 - me2.server.login.db.DBConnectionPool complete init.
2009-12-03 09:17:14,860 [main] INFO  ME2 - 昵称过滤列表加载完毕
2009-12-03 10:23:28,922 [main] INFO  ME2 - me2.server.login.db.DBConnectionPool complete init.
2009-12-03 10:23:30,391 [main] INFO  ME2 - 昵称过滤列表加载完毕
2009-12-03 11:13:30,157 [main] INFO  ME2 - me2.server.login.db.DBConnectionPool complete init.
2009-12-03 11:13:31,532 [main] INFO  ME2 - 昵称过滤列表加载完毕
2009-12-03 11:24:30,500 [main] INFO  ME2 - me2.server.login.db.DBConnectionPool complete init.
2009-12-03 11:24:31,844 [main] INFO  ME2 - 昵称过滤列表加载完毕
2009-12-03 11:39:16,000 [main] INFO  ME2 - me2.server.login.db.DBConnectionPool complete init.
2009-12-03 11:39:17,453 [main] INFO  ME2 - 昵称过滤列表加载完毕
2009-12-03 16:07:05,500 [main] INFO  ME2 - me2.server.login.db.DBConnectionPool complete init.
2009-12-03 16:07:07,250 [main] INFO  ME2 - 昵称过滤列表加载完毕
2009-12-03 16:38:59,313 [main] INFO  ME2 - me2.server.login.db.DBConnectionPool complete init.
2009-12-03 16:39:09,032 [main] INFO  ME2 - me2.server.login.db.DBConnectionPool complete init.
2009-12-03 16:39:10,438 [main] INFO  ME2 - 昵称过滤列表加载完毕
2009-12-03 17:32:50,360 [main] INFO  ME2 - me2.server.login.db.DBConnectionPool complete init.
2009-12-03 17:32:51,860 [main] INFO  ME2 - 昵称过滤列表加载完毕
2009-12-03 17:40:56,735 [main] INFO  ME2 - me2.server.login.db.DBConnectionPool complete init.
2009-12-03 17:40:58,157 [main] INFO  ME2 - 昵称过滤列表加载完毕
2009-12-03 17:50:49,500 [main] INFO  ME2 - me2.server.login.db.DBConnectionPool complete init.
2009-12-03 17:50:51,078 [main] INFO  ME2 - 昵称过滤列表加载完毕
2009-12-04 09:18:35,896 [main] INFO  ME2 - me2.server.login.db.DBConnectionPool complete init.
2009-12-04 09:18:37,396 [main] INFO  ME2 - 昵称过滤列表加载完毕
2009-12-04 09:31:45,521 [main] INFO  ME2 - me2.server.login.db.DBConnectionPool complete init.
2009-12-04 09:31:46,974 [main] INFO  ME2 - 昵称过滤列表加载完毕
2009-12-04 09:49:49,630 [main] INFO  ME2 - me2.server.login.db.DBConnectionPool complete init.
2009-12-04 09:49:50,989 [main] INFO  ME2 - 昵称过滤列表加载完毕
2009-12-04 09:58:45,005 [main] INFO  ME2 - me2.server.login.db.DBConnectionPool complete init.
2009-12-04 09:58:46,396 [main] INFO  ME2 - 昵称过滤列表加载完毕
2009-12-04 10:04:09,458 [main] INFO  ME2 - me2.server.login.db.DBConnectionPool complete init.
2009-12-04 10:04:10,911 [main] INFO  ME2 - 昵称过滤列表加载完毕
2009-12-04 10:15:53,130 [main] INFO  ME2 - me2.server.login.db.DBConnectionPool complete init.
2009-12-04 10:15:54,646 [main] INFO  ME2 - 昵称过滤列表加载完毕
2009-12-04 10:17:12,958 [main] INFO  ME2 - me2.server.login.db.DBConnectionPool complete init.
2009-12-04 10:17:14,599 [main] INFO  ME2 - 昵称过滤列表加载完毕
2009-12-04 10:24:43,380 [main] INFO  ME2 - me2.server.login.db.DBConnectionPool complete init.
2009-12-04 10:24:44,896 [main] INFO  ME2 - 昵称过滤列表加载完毕
2009-12-04 11:54:05,224 [main] INFO  ME2 - me2.server.login.db.DBConnectionPool complete init.
2009-12-04 11:54:06,630 [main] INFO  ME2 - 昵称过滤列表加载完毕
2009-12-04 14:23:54,396 [main] INFO  ME2 - me2.server.login.db.DBConnectionPool complete init.
2009-12-04 14:24:00,349 [main] INFO  ME2 - me2.server.login.db.DBConnectionPool complete init.
2009-12-04 14:24:01,974 [main] INFO  ME2 - 昵称过滤列表加载完毕
2009-12-04 15:32:59,177 [main] INFO  ME2 - me2.server.login.db.DBConnectionPool complete init.
2009-12-04 15:33:00,630 [main] INFO  ME2 - 昵称过滤列表加载完毕
2009-12-04 17:16:47,755 [main] INFO  ME2 - me2.server.login.db.DBConnectionPool complete init.
2009-12-04 17:16:49,161 [main] INFO  ME2 - 昵称过滤列表加载完毕
2009-12-04 17:34:40,427 [main] INFO  ME2 - me2.server.login.db.DBConnectionPool complete init.
2009-12-04 17:34:41,958 [main] INFO  ME2 - 昵称过滤列表加载完毕
2009-12-04 17:41:20,146 [main] INFO  ME2 - me2.server.login.db.DBConnectionPool complete init.
2009-12-04 17:41:21,739 [main] INFO  ME2 - 昵称过滤列表加载完毕
2009-12-07 09:09:48,734 [main] INFO  ME2 - me2.server.login.db.DBConnectionPool complete init.
2009-12-07 09:09:50,140 [main] INFO  ME2 - 昵称过滤列表加载完毕
2009-12-07 14:29:37,906 [main] INFO  ME2 - me2.server.login.db.DBConnectionPool complete init.
2009-12-07 14:29:39,359 [main] INFO  ME2 - 昵称过滤列表加载完毕
2009-12-07 14:35:10,875 [main] INFO  ME2 - me2.server.login.db.DBConnectionPool complete init.
2009-12-07 14:35:12,406 [main] INFO  ME2 - 昵称过滤列表加载完毕
2009-12-07 14:58:41,343 [main] INFO  ME2 - me2.server.login.db.DBConnectionPool complete init.
2009-12-07 14:58:42,718 [main] INFO  ME2 - 昵称过滤列表加载完毕
2009-12-07 15:03:04,296 [main] INFO  ME2 - me2.server.login.db.DBConnectionPool complete init.
2009-12-07 15:03:05,750 [main] INFO  ME2 - 昵称过滤列表加载完毕
2009-12-07 17:35:17,875 [main] INFO  ME2 - me2.server.login.db.DBConnectionPool complete init.
2009-12-07 17:35:19,562 [main] INFO  ME2 - 昵称过滤列表加载完毕
2009-12-08 09:17:11,296 [main] INFO  ME2 - me2.server.login.db.DBConnectionPool complete init.
2009-12-08 09:17:13,062 [main] INFO  ME2 - 昵称过滤列表加载完毕
2009-12-08 15:32:43,078 [main] INFO  ME2 - me2.server.login.db.DBConnectionPool complete init.
2009-12-08 15:32:44,531 [main] INFO  ME2 - 昵称过滤列表加载完毕
2009-12-08 17:14:19,328 [main] INFO  ME2 - me2.server.login.db.DBConnectionPool complete init.
2009-12-08 17:14:20,781 [main] INFO  ME2 - 昵称过滤列表加载完毕
2009-12-08 18:10:25,109 [main] INFO  ME2 - me2.server.login.db.DBConnectionPool complete init.
2009-12-08 18:10:26,453 [main] INFO  ME2 - 昵称过滤列表加载完毕
2009-12-08 18:15:43,187 [main] INFO  ME2 - me2.server.login.db.DBConnectionPool complete init.
2009-12-08 18:15:44,531 [main] INFO  ME2 - 昵称过滤列表加载完毕
2009-12-08 18:34:16,140 [main] INFO  ME2 - me2.server.login.db.DBConnectionPool complete init.
2009-12-08 18:34:17,718 [main] INFO  ME2 - 昵称过滤列表加载完毕
2009-12-09 09:05:07,046 [main] INFO  ME2 - me2.server.login.db.DBConnectionPool complete init.
2009-12-09 09:05:08,906 [main] INFO  ME2 - 昵称过滤列表加载完毕
2009-12-10 09:16:41,468 [main] INFO  ME2 - me2.server.login.db.DBConnectionPool complete init.
2009-12-10 09:16:43,234 [main] INFO  ME2 - 昵称过滤列表加载完毕
2009-12-10 10:52:33,937 [main] INFO  ME2 - me2.server.login.db.DBConnectionPool complete init.
2009-12-10 10:52:35,375 [main] INFO  ME2 - 昵称过滤列表加载完毕
2009-12-10 10:55:55,437 [main] INFO  ME2 - me2.server.login.db.DBConnectionPool complete init.
2009-12-10 10:55:56,843 [main] INFO  ME2 - 昵称过滤列表加载完毕
2009-12-10 11:24:52,921 [main] INFO  ME2 - me2.server.login.db.DBConnectionPool complete init.
2009-12-10 11:24:54,375 [main] INFO  ME2 - 昵称过滤列表加载完毕
2009-12-11 12:54:22,727 [main] INFO  ME2 - me2.server.login.db.DBConnectionPool complete init.
2009-12-11 12:54:24,492 [main] INFO  ME2 - 昵称过滤列表加载完毕
2009-12-11 14:03:08,320 [main] INFO  ME2 - me2.server.login.db.DBConnectionPool complete init.
2009-12-11 14:03:09,852 [main] INFO  ME2 - 昵称过滤列表加载完毕
2009-12-11 14:42:52,149 [main] INFO  ME2 - me2.server.login.db.DBConnectionPool complete init.
2009-12-11 14:42:53,539 [main] INFO  ME2 - 昵称过滤列表加载完毕
2009-12-11 15:06:08,445 [main] INFO  ME2 - me2.server.login.db.DBConnectionPool complete init.
2009-12-11 15:06:09,867 [main] INFO  ME2 - 昵称过滤列表加载完毕
2009-12-11 15:08:00,617 [main] INFO  ME2 - me2.server.login.db.DBConnectionPool complete init.
2009-12-11 15:08:02,024 [main] INFO  ME2 - 昵称过滤列表加载完毕
2009-12-14 09:27:55,953 [main] INFO  ME2 - me2.server.login.db.DBConnectionPool complete init.
2009-12-14 09:27:57,562 [main] INFO  ME2 - 昵称过滤列表加载完毕
2009-12-14 10:10:42,546 [main] INFO  ME2 - me2.server.login.db.DBConnectionPool complete init.
2009-12-14 10:10:44,125 [main] INFO  ME2 - 昵称过滤列表加载完毕
2009-12-14 11:21:54,859 [main] INFO  ME2 - me2.server.login.db.DBConnectionPool complete init.
2009-12-14 11:21:56,265 [main] INFO  ME2 - 昵称过滤列表加载完毕
2009-12-14 11:30:09,125 [main] INFO  ME2 - me2.server.login.db.DBConnectionPool complete init.
2009-12-14 11:30:10,546 [main] INFO  ME2 - 昵称过滤列表加载完毕
2009-12-14 11:36:03,625 [main] INFO  ME2 - me2.server.login.db.DBConnectionPool complete init.
2009-12-14 11:36:05,015 [main] INFO  ME2 - 昵称过滤列表加载完毕
2009-12-14 11:38:28,609 [main] INFO  ME2 - me2.server.login.db.DBConnectionPool complete init.
2009-12-14 11:38:30,250 [main] INFO  ME2 - 昵称过滤列表加载完毕
2009-12-14 13:37:43,953 [main] INFO  ME2 - me2.server.login.db.DBConnectionPool complete init.
2009-12-14 13:37:45,328 [main] INFO  ME2 - 昵称过滤列表加载完毕
2009-12-14 13:42:21,296 [main] INFO  ME2 - me2.server.login.db.DBConnectionPool complete init.
2009-12-14 13:42:22,750 [main] INFO  ME2 - 昵称过滤列表加载完毕
2009-12-14 13:48:04,687 [main] INFO  ME2 - me2.server.login.db.DBConnectionPool complete init.
2009-12-14 13:48:06,156 [main] INFO  ME2 - 昵称过滤列表加载完毕
2009-12-14 14:36:35,406 [main] INFO  ME2 - me2.server.login.db.DBConnectionPool complete init.
2009-12-14 14:36:36,812 [main] INFO  ME2 - 昵称过滤列表加载完毕
2009-12-14 14:39:48,578 [main] INFO  ME2 - me2.server.login.db.DBConnectionPool complete init.
2009-12-14 14:39:50,125 [main] INFO  ME2 - 昵称过滤列表加载完毕
2009-12-14 14:59:17,890 [main] INFO  ME2 - me2.server.login.db.DBConnectionPool complete init.
2009-12-14 14:59:19,343 [main] INFO  ME2 - 昵称过滤列表加载完毕
2009-12-14 15:05:35,593 [main] INFO  ME2 - me2.server.login.db.DBConnectionPool complete init.
2009-12-14 15:05:37,046 [main] INFO  ME2 - 昵称过滤列表加载完毕
2009-12-14 16:37:20,000 [main] INFO  ME2 - me2.server.login.db.DBConnectionPool complete init.
2009-12-14 16:37:21,406 [main] INFO  ME2 - 昵称过滤列表加载完毕
2009-12-14 16:39:53,375 [main] INFO  ME2 - me2.server.login.db.DBConnectionPool complete init.
2009-12-14 16:39:54,906 [main] INFO  ME2 - 昵称过滤列表加载完毕
2009-12-14 16:46:15,171 [main] INFO  ME2 - me2.server.login.db.DBConnectionPool complete init.
2009-12-14 16:46:16,625 [main] INFO  ME2 - 昵称过滤列表加载完毕
2009-12-14 16:47:37,765 [main] INFO  ME2 - me2.server.login.db.DBConnectionPool complete init.
2009-12-14 16:47:39,312 [main] INFO  ME2 - 昵称过滤列表加载完毕
2009-12-14 16:50:30,046 [main] INFO  ME2 - me2.server.login.db.DBConnectionPool complete init.
2009-12-14 16:50:31,406 [main] INFO  ME2 - 昵称过滤列表加载完毕
2009-12-14 16:51:45,078 [main] INFO  ME2 - me2.server.login.db.DBConnectionPool complete init.
2009-12-14 16:51:46,656 [main] INFO  ME2 - 昵称过滤列表加载完毕
2009-12-14 16:53:19,390 [main] INFO  ME2 - me2.server.login.db.DBConnectionPool complete init.
2009-12-14 16:53:20,796 [main] INFO  ME2 - 昵称过滤列表加载完毕
2009-12-14 16:55:37,031 [main] INFO  ME2 - me2.server.login.db.DBConnectionPool complete init.
2009-12-14 16:55:38,500 [main] INFO  ME2 - 昵称过滤列表加载完毕
2009-12-14 16:57:18,296 [main] INFO  ME2 - me2.server.login.db.DBConnectionPool complete init.
2009-12-14 16:57:19,687 [main] INFO  ME2 - 昵称过滤列表加载完毕
2009-12-14 17:03:31,656 [main] INFO  ME2 - me2.server.login.db.DBConnectionPool complete init.
2009-12-14 17:03:38,500 [main] INFO  ME2 - me2.server.login.db.DBConnectionPool complete init.
2009-12-14 17:03:39,906 [main] INFO  ME2 - 昵称过滤列表加载完毕
2009-12-14 17:10:01,625 [main] INFO  ME2 - me2.server.login.db.DBConnectionPool complete init.
2009-12-14 17:10:03,031 [main] INFO  ME2 - 昵称过滤列表加载完毕
2009-12-14 17:10:49,828 [main] INFO  ME2 - me2.server.login.db.DBConnectionPool complete init.
2009-12-14 17:10:51,218 [main] INFO  ME2 - 昵称过滤列表加载完毕
2009-12-14 17:11:22,609 [main] INFO  ME2 - me2.server.login.db.DBConnectionPool complete init.
2009-12-14 17:11:24,000 [main] INFO  ME2 - 昵称过滤列表加载完毕
2009-12-14 17:22:24,078 [main] INFO  ME2 - me2.server.login.db.DBConnectionPool complete init.
2009-12-14 17:22:25,453 [main] INFO  ME2 - 昵称过滤列表加载完毕
2009-12-14 17:49:57,218 [main] INFO  ME2 - me2.server.login.db.DBConnectionPool complete init.
2009-12-14 17:49:58,593 [main] INFO  ME2 - 昵称过滤列表加载完毕
2009-12-14 17:59:14,765 [main] INFO  ME2 - me2.server.login.db.DBConnectionPool complete init.
2009-12-14 17:59:16,140 [main] INFO  ME2 - 昵称过滤列表加载完毕
2009-12-15 09:31:54,718 [main] INFO  ME2 - me2.server.login.db.DBConnectionPool complete init.
2009-12-15 09:31:56,156 [main] INFO  ME2 - 昵称过滤列表加载完毕
2009-12-15 11:28:58,109 [http-3333-Processor25] ERROR ME2 - 
java.lang.NullPointerException
	at hero.guild.service.GuildServiceImpl.removeFromLogin(GuildServiceImpl.java:363)
	at hero.player.service.PlayerServiceImpl.deleteRole(PlayerServiceImpl.java:662)
	at hero.login.LoginServiceImpl.deleteRole(LoginServiceImpl.java:102)
	at hero.login.rmi.ME2LoginRMIImpl.deleteRole(ME2LoginRMIImpl.java:72)
	at sun.reflect.NativeMethodAccessorImpl.invoke0(Native Method)
	at sun.reflect.NativeMethodAccessorImpl.invoke(NativeMethodAccessorImpl.java:39)
	at sun.reflect.DelegatingMethodAccessorImpl.invoke(DelegatingMethodAccessorImpl.java:25)
	at java.lang.reflect.Method.invoke(Method.java:597)
	at sun.rmi.server.UnicastServerRef.dispatch(UnicastServerRef.java:305)
	at sun.rmi.transport.Transport$1.run(Transport.java:159)
	at java.security.AccessController.doPrivileged(Native Method)
	at sun.rmi.transport.Transport.serviceCall(Transport.java:155)
	at sun.rmi.transport.tcp.TCPTransport.handleMessages(TCPTransport.java:535)
	at sun.rmi.transport.tcp.TCPTransport$ConnectionHandler.run0(TCPTransport.java:790)
	at sun.rmi.transport.tcp.TCPTransport$ConnectionHandler.run(TCPTransport.java:649)
	at java.util.concurrent.ThreadPoolExecutor$Worker.runTask(ThreadPoolExecutor.java:885)
	at java.util.concurrent.ThreadPoolExecutor$Worker.run(ThreadPoolExecutor.java:907)
	at java.lang.Thread.run(Thread.java:619)
	at sun.rmi.transport.StreamRemoteCall.exceptionReceivedFromServer(StreamRemoteCall.java:255)
	at sun.rmi.transport.StreamRemoteCall.executeCall(StreamRemoteCall.java:233)
	at sun.rmi.server.UnicastRef.invoke(UnicastRef.java:142)
	at hero.login.rmi.ME2LoginRMIImpl_Stub.deleteRole(ME2LoginRMIImpl_Stub.java:95)
	at me2.server.login.GameService.deleteRole(GameService.java:161)
	at me2.server.login.LoginService.deleteRole(LoginService.java:1054)
	at me2.server.login.LoginService.process(LoginService.java:230)
	at loginserver.LoginServlet.doGet(LoginServlet.java:29)
	at javax.servlet.http.HttpServlet.service(HttpServlet.java:689)
	at javax.servlet.http.HttpServlet.service(HttpServlet.java:802)
	at org.apache.catalina.core.ApplicationFilterChain.internalDoFilter(ApplicationFilterChain.java:252)
	at org.apache.catalina.core.ApplicationFilterChain.doFilter(ApplicationFilterChain.java:173)
	at org.apache.catalina.core.StandardWrapperValve.invoke(StandardWrapperValve.java:213)
	at org.apache.catalina.core.StandardContextValve.invoke(StandardContextValve.java:178)
	at org.apache.catalina.core.StandardHostValve.invoke(StandardHostValve.java:126)
	at org.apache.catalina.valves.ErrorReportValve.invoke(ErrorReportValve.java:105)
	at org.apache.catalina.core.StandardEngineValve.invoke(StandardEngineValve.java:107)
	at org.apache.catalina.connector.CoyoteAdapter.service(CoyoteAdapter.java:148)
	at org.apache.coyote.http11.Http11Processor.process(Http11Processor.java:869)
	at org.apache.coyote.http11.Http11BaseProtocol$Http11ConnectionHandler.processConnection(Http11BaseProtocol.java:664)
	at org.apache.tomcat.util.net.PoolTcpEndpoint.processSocket(PoolTcpEndpoint.java:527)
	at org.apache.tomcat.util.net.LeaderFollowerWorkerThread.runIt(LeaderFollowerWorkerThread.java:80)
	at org.apache.tomcat.util.threads.ThreadPool$ControlRunnable.run(ThreadPool.java:684)
	at java.lang.Thread.run(Thread.java:619)
2009-12-15 11:28:58,109 [http-3333-Processor25] INFO  ME2 - response is null
2009-12-15 17:44:48,500 [main] INFO  ME2 - me2.server.login.db.DBConnectionPool complete init.
2009-12-15 17:44:50,062 [main] INFO  ME2 - 昵称过滤列表加载完毕
2009-12-15 18:06:02,218 [main] INFO  ME2 - me2.server.login.db.DBConnectionPool complete init.
2009-12-15 18:06:03,625 [main] INFO  ME2 - 昵称过滤列表加载完毕
2009-12-15 18:10:38,078 [main] INFO  ME2 - me2.server.login.db.DBConnectionPool complete init.
2009-12-15 18:10:39,593 [main] INFO  ME2 - 昵称过滤列表加载完毕
2009-12-16 09:30:08,750 [main] INFO  ME2 - me2.server.login.db.DBConnectionPool complete init.
2009-12-16 09:30:10,390 [main] INFO  ME2 - 昵称过滤列表加载完毕
2009-12-16 16:03:10,312 [main] INFO  ME2 - me2.server.login.db.DBConnectionPool complete init.
2009-12-16 16:03:11,859 [main] INFO  ME2 - 昵称过滤列表加载完毕
2009-12-16 16:32:17,687 [main] INFO  ME2 - me2.server.login.db.DBConnectionPool complete init.
2009-12-16 16:32:19,125 [main] INFO  ME2 - 昵称过滤列表加载完毕
2009-12-16 17:47:02,890 [main] INFO  ME2 - me2.server.login.db.DBConnectionPool complete init.
2009-12-16 17:47:04,359 [main] INFO  ME2 - 昵称过滤列表加载完毕
2009-12-16 17:47:13,796 [main] INFO  ME2 - me2.server.login.db.DBConnectionPool complete init.
2009-12-16 17:47:15,218 [main] INFO  ME2 - 昵称过滤列表加载完毕
2009-12-16 18:02:18,656 [main] INFO  ME2 - me2.server.login.db.DBConnectionPool complete init.
2009-12-16 18:12:25,906 [main] INFO  ME2 - me2.server.login.db.DBConnectionPool complete init.
2009-12-16 18:12:27,328 [main] INFO  ME2 - 昵称过滤列表加载完毕
2009-12-16 18:20:07,031 [main] INFO  ME2 - me2.server.login.db.DBConnectionPool complete init.
2009-12-16 18:20:08,421 [main] INFO  ME2 - 昵称过滤列表加载完毕
2009-12-17 09:18:38,234 [main] INFO  ME2 - me2.server.login.db.DBConnectionPool complete init.
2009-12-17 09:18:39,906 [main] INFO  ME2 - 昵称过滤列表加载完毕
2009-12-17 09:53:40,718 [main] INFO  ME2 - me2.server.login.db.DBConnectionPool complete init.
2009-12-17 09:53:42,093 [main] INFO  ME2 - 昵称过滤列表加载完毕
2009-12-17 11:18:36,453 [main] INFO  ME2 - me2.server.login.db.DBConnectionPool complete init.
2009-12-17 11:18:37,843 [main] INFO  ME2 - 昵称过滤列表加载完毕
2009-12-17 11:42:28,437 [main] INFO  ME2 - me2.server.login.db.DBConnectionPool complete init.
2009-12-17 11:42:29,875 [main] INFO  ME2 - 昵称过滤列表加载完毕
2009-12-17 14:23:45,718 [main] INFO  ME2 - me2.server.login.db.DBConnectionPool complete init.
2009-12-17 14:23:47,156 [main] INFO  ME2 - 昵称过滤列表加载完毕
2009-12-17 14:49:36,468 [main] INFO  ME2 - me2.server.login.db.DBConnectionPool complete init.
2009-12-17 14:49:37,890 [main] INFO  ME2 - 昵称过滤列表加载完毕
2009-12-17 15:11:26,296 [main] INFO  ME2 - me2.server.login.db.DBConnectionPool complete init.
2009-12-17 15:11:27,718 [main] INFO  ME2 - 昵称过滤列表加载完毕
2009-12-18 09:27:02,437 [main] INFO  ME2 - me2.server.login.db.DBConnectionPool complete init.
2009-12-18 09:27:04,031 [main] INFO  ME2 - 昵称过滤列表加载完毕
2009-12-18 10:20:51,078 [main] INFO  ME2 - me2.server.login.db.DBConnectionPool complete init.
2009-12-18 10:20:52,406 [main] INFO  ME2 - 昵称过滤列表加载完毕
2009-12-18 11:18:57,796 [main] INFO  ME2 - me2.server.login.db.DBConnectionPool complete init.
2009-12-18 11:18:59,171 [main] INFO  ME2 - 昵称过滤列表加载完毕
2009-12-18 11:23:06,421 [main] INFO  ME2 - me2.server.login.db.DBConnectionPool complete init.
2009-12-18 11:23:07,890 [main] INFO  ME2 - 昵称过滤列表加载完毕
2009-12-18 11:26:12,500 [main] INFO  ME2 - me2.server.login.db.DBConnectionPool complete init.
2009-12-18 11:26:13,890 [main] INFO  ME2 - 昵称过滤列表加载完毕
2009-12-18 12:31:31,890 [main] INFO  ME2 - me2.server.login.db.DBConnectionPool complete init.
2009-12-18 12:31:33,578 [main] INFO  ME2 - 昵称过滤列表加载完毕
2009-12-21 11:03:24,234 [main] INFO  ME2 - me2.server.login.db.DBConnectionPool complete init.
2009-12-21 11:03:25,781 [main] INFO  ME2 - 昵称过滤列表加载完毕
2009-12-21 11:42:57,453 [main] INFO  ME2 - me2.server.login.db.DBConnectionPool complete init.
2009-12-21 11:42:59,000 [main] INFO  ME2 - 昵称过滤列表加载完毕
2009-12-21 13:51:59,265 [main] INFO  ME2 - me2.server.login.db.DBConnectionPool complete init.
2009-12-21 13:52:00,781 [main] INFO  ME2 - 昵称过滤列表加载完毕
2009-12-21 14:00:03,296 [main] INFO  ME2 - me2.server.login.db.DBConnectionPool complete init.
2009-12-21 14:00:04,890 [main] INFO  ME2 - 昵称过滤列表加载完毕
2009-12-21 14:40:28,203 [main] INFO  ME2 - me2.server.login.db.DBConnectionPool complete init.
2009-12-21 14:40:29,593 [main] INFO  ME2 - 昵称过滤列表加载完毕
2009-12-21 14:48:03,218 [main] INFO  ME2 - me2.server.login.db.DBConnectionPool complete init.
2009-12-21 14:48:04,750 [main] INFO  ME2 - 昵称过滤列表加载完毕
2009-12-21 17:21:38,296 [main] INFO  ME2 - me2.server.login.db.DBConnectionPool complete init.
2009-12-21 17:21:39,687 [main] INFO  ME2 - 昵称过滤列表加载完毕
2009-12-22 09:20:12,265 [main] INFO  ME2 - me2.server.login.db.DBConnectionPool complete init.
2009-12-22 09:20:14,031 [main] INFO  ME2 - 昵称过滤列表加载完毕
2009-12-22 09:56:25,171 [main] INFO  ME2 - me2.server.login.db.DBConnectionPool complete init.
2009-12-22 09:56:26,609 [main] INFO  ME2 - 昵称过滤列表加载完毕
2009-12-22 10:06:51,531 [main] INFO  ME2 - me2.server.login.db.DBConnectionPool complete init.
2009-12-22 10:06:52,953 [main] INFO  ME2 - 昵称过滤列表加载完毕
2009-12-22 17:51:06,203 [main] INFO  ME2 - me2.server.login.db.DBConnectionPool complete init.
2009-12-22 17:51:07,703 [main] INFO  ME2 - 昵称过滤列表加载完毕
2009-12-22 18:02:39,890 [main] INFO  ME2 - me2.server.login.db.DBConnectionPool complete init.
2009-12-22 18:02:41,265 [main] INFO  ME2 - 昵称过滤列表加载完毕
2009-12-23 10:41:13,937 [main] INFO  ME2 - me2.server.login.db.DBConnectionPool complete init.
2009-12-23 10:41:15,625 [main] INFO  ME2 - 昵称过滤列表加载完毕
2009-12-23 14:12:13,812 [main] INFO  ME2 - me2.server.login.db.DBConnectionPool complete init.
2009-12-23 14:12:15,312 [main] INFO  ME2 - 昵称过滤列表加载完毕
2009-12-23 15:08:36,078 [main] INFO  ME2 - me2.server.login.db.DBConnectionPool complete init.
2009-12-23 15:08:37,625 [main] INFO  ME2 - 昵称过滤列表加载完毕
