2009-10-13 14:36:00,953 [main] INFO  ME2 - me2.server.login.db.DBConnectionPool complete init.
2009-10-13 14:36:02,375 [main] INFO  ME2 - 昵称过滤列表加载完毕
2009-10-13 14:45:31,750 [main] INFO  ME2 - me2.server.login.db.DBConnectionPool complete init.
2009-10-13 14:45:33,312 [main] INFO  ME2 - 昵称过滤列表加载完毕
2009-10-13 16:46:05,390 [main] INFO  ME2 - me2.server.login.db.DBConnectionPool complete init.
2009-10-13 16:46:13,281 [main] INFO  ME2 - me2.server.login.db.DBConnectionPool complete init.
2009-10-13 16:46:14,703 [main] INFO  ME2 - 昵称过滤列表加载完毕
2009-10-13 17:41:31,328 [main] INFO  ME2 - me2.server.login.db.DBConnectionPool complete init.
2009-10-13 17:41:32,703 [main] INFO  ME2 - 昵称过滤列表加载完毕
2009-10-13 18:01:29,500 [main] INFO  ME2 - me2.server.login.db.DBConnectionPool complete init.
2009-10-13 18:01:31,359 [main] INFO  ME2 - 昵称过滤列表加载完毕
2009-10-13 18:04:29,921 [main] INFO  ME2 - me2.server.login.db.DBConnectionPool complete init.
2009-10-13 18:04:31,390 [main] INFO  ME2 - 昵称过滤列表加载完毕
2009-10-14 09:12:12,328 [main] INFO  ME2 - me2.server.login.db.DBConnectionPool complete init.
2009-10-14 09:12:14,015 [main] INFO  ME2 - 昵称过滤列表加载完毕
2009-10-14 09:25:42,828 [main] INFO  ME2 - me2.server.login.db.DBConnectionPool complete init.
2009-10-14 09:25:44,375 [main] INFO  ME2 - 昵称过滤列表加载完毕
2009-10-14 09:25:52,281 [main] INFO  ME2 - me2.server.login.db.DBConnectionPool complete init.
2009-10-14 09:25:54,000 [main] INFO  ME2 - 昵称过滤列表加载完毕
2009-10-14 10:19:21,125 [main] INFO  ME2 - me2.server.login.db.DBConnectionPool complete init.
2009-10-14 10:19:22,656 [main] INFO  ME2 - 昵称过滤列表加载完毕
2009-10-14 14:43:26,015 [main] INFO  ME2 - me2.server.login.db.DBConnectionPool complete init.
2009-10-14 14:43:27,484 [main] INFO  ME2 - 昵称过滤列表加载完毕
2009-10-14 14:53:05,140 [main] INFO  ME2 - me2.server.login.db.DBConnectionPool complete init.
2009-10-14 14:53:07,734 [main] INFO  ME2 - 昵称过滤列表加载完毕
2009-10-14 14:53:20,140 [main] INFO  ME2 - me2.server.login.db.DBConnectionPool complete init.
2009-10-14 14:53:21,734 [main] INFO  ME2 - 昵称过滤列表加载完毕
2009-10-14 15:12:57,015 [main] INFO  ME2 - me2.server.login.db.DBConnectionPool complete init.
2009-10-14 15:12:58,515 [main] INFO  ME2 - 昵称过滤列表加载完毕
2009-10-14 15:17:40,046 [http-3333-Processor25] ERROR ME2 - 
me2.server.login.GameServerDownException: 服务器已关闭
	at me2.server.login.GameService.createSession(GameService.java:236)
	at me2.server.login.LoginService.enterGame(LoginService.java:1123)
	at me2.server.login.LoginService.process(LoginService.java:238)
	at loginserver.LoginServlet.doGet(LoginServlet.java:29)
	at javax.servlet.http.HttpServlet.service(HttpServlet.java:689)
	at javax.servlet.http.HttpServlet.service(HttpServlet.java:802)
	at org.apache.catalina.core.ApplicationFilterChain.internalDoFilter(ApplicationFilterChain.java:252)
	at org.apache.catalina.core.ApplicationFilterChain.doFilter(ApplicationFilterChain.java:173)
	at org.apache.catalina.core.StandardWrapperValve.invoke(StandardWrapperValve.java:213)
	at org.apache.catalina.core.StandardContextValve.invoke(StandardContextValve.java:178)
	at org.apache.catalina.core.StandardHostValve.invoke(StandardHostValve.java:126)
	at org.apache.catalina.valves.ErrorReportValve.invoke(ErrorReportValve.java:105)
	at org.apache.catalina.core.StandardEngineValve.invoke(StandardEngineValve.java:107)
	at org.apache.catalina.connector.CoyoteAdapter.service(CoyoteAdapter.java:148)
	at org.apache.coyote.http11.Http11Processor.process(Http11Processor.java:869)
	at org.apache.coyote.http11.Http11BaseProtocol$Http11ConnectionHandler.processConnection(Http11BaseProtocol.java:664)
	at org.apache.tomcat.util.net.PoolTcpEndpoint.processSocket(PoolTcpEndpoint.java:527)
	at org.apache.tomcat.util.net.LeaderFollowerWorkerThread.runIt(LeaderFollowerWorkerThread.java:80)
	at org.apache.tomcat.util.threads.ThreadPool$ControlRunnable.run(ThreadPool.java:684)
	at java.lang.Thread.run(Thread.java:619)
2009-10-14 15:17:40,046 [http-3333-Processor25] INFO  ME2 - response is null
2009-10-14 15:21:51,187 [main] INFO  ME2 - me2.server.login.db.DBConnectionPool complete init.
2009-10-14 15:21:52,703 [main] INFO  ME2 - 昵称过滤列表加载完毕
2009-10-14 15:42:00,625 [main] INFO  ME2 - me2.server.login.db.DBConnectionPool complete init.
2009-10-14 15:42:02,281 [main] INFO  ME2 - 昵称过滤列表加载完毕
2009-10-14 16:08:08,125 [main] INFO  ME2 - me2.server.login.db.DBConnectionPool complete init.
2009-10-14 16:08:09,640 [main] INFO  ME2 - 昵称过滤列表加载完毕
2009-10-14 16:12:58,078 [main] INFO  ME2 - me2.server.login.db.DBConnectionPool complete init.
2009-10-14 16:12:59,593 [main] INFO  ME2 - 昵称过滤列表加载完毕
2009-10-15 09:33:20,890 [main] INFO  ME2 - me2.server.login.db.DBConnectionPool complete init.
2009-10-15 09:33:22,500 [main] INFO  ME2 - 昵称过滤列表加载完毕
2009-10-15 11:48:59,796 [main] INFO  ME2 - me2.server.login.db.DBConnectionPool complete init.
2009-10-15 11:49:01,171 [main] INFO  ME2 - 昵称过滤列表加载完毕
2009-10-15 15:41:19,546 [main] INFO  ME2 - me2.server.login.db.DBConnectionPool complete init.
2009-10-15 15:41:20,968 [main] INFO  ME2 - 昵称过滤列表加载完毕
2009-10-15 15:54:48,265 [main] INFO  ME2 - me2.server.login.db.DBConnectionPool complete init.
2009-10-15 15:54:49,906 [main] INFO  ME2 - 昵称过滤列表加载完毕
2009-10-16 09:13:31,688 [main] INFO  ME2 - me2.server.login.db.DBConnectionPool complete init.
2009-10-16 09:13:33,235 [main] INFO  ME2 - 昵称过滤列表加载完毕
2009-10-21 16:31:07,156 [main] INFO  ME2 - me2.server.login.db.DBConnectionPool complete init.
2009-10-21 16:31:08,937 [main] INFO  ME2 - 昵称过滤列表加载完毕
2009-10-21 17:58:41,171 [main] INFO  ME2 - me2.server.login.db.DBConnectionPool complete init.
2009-10-21 17:58:42,953 [main] INFO  ME2 - 昵称过滤列表加载完毕
2009-10-21 18:03:34,468 [main] INFO  ME2 - me2.server.login.db.DBConnectionPool complete init.
2009-10-21 18:03:36,078 [main] INFO  ME2 - 昵称过滤列表加载完毕
2009-10-21 18:04:36,109 [main] INFO  ME2 - me2.server.login.db.DBConnectionPool complete init.
2009-10-21 18:04:37,453 [main] INFO  ME2 - 昵称过滤列表加载完毕
2009-10-22 09:19:04,750 [main] INFO  ME2 - me2.server.login.db.DBConnectionPool complete init.
2009-10-22 09:19:06,296 [main] INFO  ME2 - 昵称过滤列表加载完毕
2009-10-22 09:31:49,140 [main] INFO  ME2 - me2.server.login.db.DBConnectionPool complete init.
2009-10-22 09:31:50,609 [main] INFO  ME2 - 昵称过滤列表加载完毕
2009-10-22 09:33:46,593 [main] INFO  ME2 - me2.server.login.db.DBConnectionPool complete init.
2009-10-22 09:33:48,296 [main] INFO  ME2 - 昵称过滤列表加载完毕
2009-10-22 09:39:27,875 [main] INFO  ME2 - me2.server.login.db.DBConnectionPool complete init.
2009-10-22 09:39:29,343 [main] INFO  ME2 - 昵称过滤列表加载完毕
2009-10-22 09:41:25,437 [main] INFO  ME2 - me2.server.login.db.DBConnectionPool complete init.
2009-10-22 09:41:26,812 [main] INFO  ME2 - 昵称过滤列表加载完毕
2009-10-22 09:47:42,656 [main] INFO  ME2 - me2.server.login.db.DBConnectionPool complete init.
2009-10-22 09:47:44,265 [main] INFO  ME2 - 昵称过滤列表加载完毕
2009-10-22 11:00:59,218 [main] INFO  ME2 - me2.server.login.db.DBConnectionPool complete init.
2009-10-22 11:01:00,687 [main] INFO  ME2 - 昵称过滤列表加载完毕
2009-10-22 11:37:35,171 [main] INFO  ME2 - me2.server.login.db.DBConnectionPool complete init.
2009-10-22 11:37:36,593 [main] INFO  ME2 - 昵称过滤列表加载完毕
2009-10-22 11:40:16,625 [main] INFO  ME2 - me2.server.login.db.DBConnectionPool complete init.
2009-10-22 11:40:18,140 [main] INFO  ME2 - 昵称过滤列表加载完毕
2009-10-22 11:59:45,453 [main] INFO  ME2 - me2.server.login.db.DBConnectionPool complete init.
2009-10-22 11:59:46,921 [main] INFO  ME2 - 昵称过滤列表加载完毕
2009-10-22 13:43:47,828 [main] INFO  ME2 - me2.server.login.db.DBConnectionPool complete init.
2009-10-22 13:43:49,343 [main] INFO  ME2 - 昵称过滤列表加载完毕
2009-10-22 13:49:18,765 [main] INFO  ME2 - me2.server.login.db.DBConnectionPool complete init.
2009-10-22 13:49:20,312 [main] INFO  ME2 - 昵称过滤列表加载完毕
2009-10-22 14:07:32,500 [main] INFO  ME2 - me2.server.login.db.DBConnectionPool complete init.
2009-10-22 14:07:34,062 [main] INFO  ME2 - 昵称过滤列表加载完毕
2009-10-22 14:12:18,968 [main] INFO  ME2 - me2.server.login.db.DBConnectionPool complete init.
2009-10-22 14:12:20,421 [main] INFO  ME2 - 昵称过滤列表加载完毕
2009-10-22 14:16:32,671 [main] INFO  ME2 - me2.server.login.db.DBConnectionPool complete init.
2009-10-22 14:16:34,203 [main] INFO  ME2 - 昵称过滤列表加载完毕
2009-10-22 14:22:34,921 [main] INFO  ME2 - me2.server.login.db.DBConnectionPool complete init.
2009-10-22 14:22:36,312 [main] INFO  ME2 - 昵称过滤列表加载完毕
2009-10-22 14:24:02,484 [main] INFO  ME2 - me2.server.login.db.DBConnectionPool complete init.
2009-10-22 14:24:04,046 [main] INFO  ME2 - 昵称过滤列表加载完毕
2009-10-22 14:26:54,812 [main] INFO  ME2 - me2.server.login.db.DBConnectionPool complete init.
2009-10-22 14:26:56,421 [main] INFO  ME2 - 昵称过滤列表加载完毕
2009-10-22 14:29:34,531 [main] INFO  ME2 - me2.server.login.db.DBConnectionPool complete init.
2009-10-22 14:29:36,109 [main] INFO  ME2 - 昵称过滤列表加载完毕
2009-10-22 14:32:24,156 [main] INFO  ME2 - me2.server.login.db.DBConnectionPool complete init.
2009-10-22 14:32:25,765 [main] INFO  ME2 - 昵称过滤列表加载完毕
2009-10-22 14:48:00,953 [main] INFO  ME2 - me2.server.login.db.DBConnectionPool complete init.
2009-10-22 14:48:02,562 [main] INFO  ME2 - 昵称过滤列表加载完毕
2009-10-22 14:52:00,031 [main] INFO  ME2 - me2.server.login.db.DBConnectionPool complete init.
2009-10-22 14:52:01,546 [main] INFO  ME2 - 昵称过滤列表加载完毕
2009-10-22 14:57:41,750 [main] INFO  ME2 - me2.server.login.db.DBConnectionPool complete init.
2009-10-22 14:57:43,234 [main] INFO  ME2 - 昵称过滤列表加载完毕
2009-10-22 16:30:50,078 [main] INFO  ME2 - me2.server.login.db.DBConnectionPool complete init.
2009-10-22 16:30:51,546 [main] INFO  ME2 - 昵称过滤列表加载完毕
2009-10-23 09:27:50,402 [main] INFO  ME2 - me2.server.login.db.DBConnectionPool complete init.
2009-10-23 09:27:52,480 [main] INFO  ME2 - 昵称过滤列表加载完毕
2009-10-27 12:17:36,531 [main] INFO  ME2 - me2.server.login.db.DBConnectionPool complete init.
2009-10-27 12:17:38,140 [main] INFO  ME2 - 昵称过滤列表加载完毕
2009-10-27 12:17:56,375 [main] INFO  ME2 - me2.server.login.db.DBConnectionPool complete init.
2009-10-27 12:17:57,828 [main] INFO  ME2 - 昵称过滤列表加载完毕
2009-10-27 13:52:46,312 [main] INFO  ME2 - me2.server.login.db.DBConnectionPool complete init.
2009-10-27 13:52:47,953 [main] INFO  ME2 - 昵称过滤列表加载完毕
2009-10-27 14:54:20,968 [main] INFO  ME2 - me2.server.login.db.DBConnectionPool complete init.
2009-10-27 14:54:22,531 [main] INFO  ME2 - 昵称过滤列表加载完毕
2009-10-27 15:02:01,203 [main] INFO  ME2 - me2.server.login.db.DBConnectionPool complete init.
2009-10-27 15:02:02,578 [main] INFO  ME2 - 昵称过滤列表加载完毕
2009-10-27 15:04:25,437 [main] INFO  ME2 - me2.server.login.db.DBConnectionPool complete init.
2009-10-27 15:04:26,953 [main] INFO  ME2 - 昵称过滤列表加载完毕
2009-10-27 15:07:02,187 [main] INFO  ME2 - me2.server.login.db.DBConnectionPool complete init.
2009-10-27 15:07:03,578 [main] INFO  ME2 - 昵称过滤列表加载完毕
2009-10-27 16:20:23,765 [http-3333-Processor25] ERROR ME2 - me2.server.login.LoginService@8a52b6
java.io.EOFException
	at java.io.DataInputStream.readFully(DataInputStream.java:180)
	at java.io.DataInputStream.readUTF(DataInputStream.java:592)
	at java.io.DataInputStream.readUTF(DataInputStream.java:547)
	at me2.server.login.util.ME2InputStream.readUTF(ME2InputStream.java:78)
	at me2.server.login.LoginService.process(LoginService.java:159)
	at loginserver.LoginServlet.doGet(LoginServlet.java:29)
	at javax.servlet.http.HttpServlet.service(HttpServlet.java:689)
	at javax.servlet.http.HttpServlet.service(HttpServlet.java:802)
	at org.apache.catalina.core.ApplicationFilterChain.internalDoFilter(ApplicationFilterChain.java:252)
	at org.apache.catalina.core.ApplicationFilterChain.doFilter(ApplicationFilterChain.java:173)
	at org.apache.catalina.core.StandardWrapperValve.invoke(StandardWrapperValve.java:213)
	at org.apache.catalina.core.StandardContextValve.invoke(StandardContextValve.java:178)
	at org.apache.catalina.core.StandardHostValve.invoke(StandardHostValve.java:126)
	at org.apache.catalina.valves.ErrorReportValve.invoke(ErrorReportValve.java:105)
	at org.apache.catalina.core.StandardEngineValve.invoke(StandardEngineValve.java:107)
	at org.apache.catalina.connector.CoyoteAdapter.service(CoyoteAdapter.java:148)
	at org.apache.coyote.http11.Http11Processor.process(Http11Processor.java:869)
	at org.apache.coyote.http11.Http11BaseProtocol$Http11ConnectionHandler.processConnection(Http11BaseProtocol.java:664)
	at org.apache.tomcat.util.net.PoolTcpEndpoint.processSocket(PoolTcpEndpoint.java:527)
	at org.apache.tomcat.util.net.LeaderFollowerWorkerThread.runIt(LeaderFollowerWorkerThread.java:80)
	at org.apache.tomcat.util.threads.ThreadPool$ControlRunnable.run(ThreadPool.java:684)
	at java.lang.Thread.run(Thread.java:619)
2009-10-27 16:20:23,765 [http-3333-Processor25] INFO  ME2 - response is null
2009-10-27 18:10:47,625 [main] INFO  ME2 - me2.server.login.db.DBConnectionPool complete init.
2009-10-27 18:10:49,031 [main] INFO  ME2 - 昵称过滤列表加载完毕
2009-10-28 09:06:05,734 [main] INFO  ME2 - me2.server.login.db.DBConnectionPool complete init.
2009-10-28 09:06:07,203 [main] INFO  ME2 - 昵称过滤列表加载完毕
2009-10-28 09:39:55,687 [main] INFO  ME2 - me2.server.login.db.DBConnectionPool complete init.
2009-10-28 09:39:57,296 [main] INFO  ME2 - 昵称过滤列表加载完毕
2009-10-28 09:43:02,234 [main] INFO  ME2 - me2.server.login.db.DBConnectionPool complete init.
2009-10-28 09:43:03,781 [main] INFO  ME2 - 昵称过滤列表加载完毕
2009-10-28 09:52:03,656 [main] INFO  ME2 - me2.server.login.db.DBConnectionPool complete init.
2009-10-28 09:52:05,296 [main] INFO  ME2 - 昵称过滤列表加载完毕
2009-10-28 09:53:37,718 [main] INFO  ME2 - me2.server.login.db.DBConnectionPool complete init.
2009-10-28 09:53:39,156 [main] INFO  ME2 - 昵称过滤列表加载完毕
