2010-05-17 13:26:44,578 [main] INFO  ME2 - me2.server.login.db.DBConnectionPool complete init.
2010-05-17 13:26:57,843 [main] INFO  ME2 - me2.server.login.db.DBConnectionPool complete init.
2010-05-17 13:27:18,171 [main] INFO  ME2 - me2.server.login.db.DBConnectionPool complete init.
2010-05-17 13:32:23,921 [main] INFO  ME2 - me2.server.login.db.DBConnectionPool complete init.
2010-05-17 13:32:45,671 [main] INFO  ME2 - 昵称过滤列表加载完毕
2010-05-17 13:40:21,500 [main] INFO  ME2 - me2.server.login.db.DBConnectionPool complete init.
2010-05-17 13:40:43,546 [main] INFO  ME2 - 昵称过滤列表加载完毕
2010-05-17 13:41:26,968 [main] INFO  ME2 - me2.server.login.db.DBConnectionPool complete init.
2010-05-17 13:41:48,734 [main] INFO  ME2 - 昵称过滤列表加载完毕
2010-05-17 13:45:26,953 [http-7000-Processor23] ERROR ME2 - 
me2.server.login.GameServerDownException: 服务器已关闭
	at me2.server.login.GameService.getRoleList(GameService.java:144)
	at me2.server.login.LoginService.getRoleList(LoginService.java:1049)
	at me2.server.login.LoginService.selectServer(LoginService.java:853)
	at me2.server.login.LoginService.process(LoginService.java:214)
	at loginserver.LoginServlet.doGet(LoginServlet.java:29)
	at javax.servlet.http.HttpServlet.service(HttpServlet.java:689)
	at javax.servlet.http.HttpServlet.service(HttpServlet.java:802)
	at org.apache.catalina.core.ApplicationFilterChain.internalDoFilter(ApplicationFilterChain.java:252)
	at org.apache.catalina.core.ApplicationFilterChain.doFilter(ApplicationFilterChain.java:173)
	at org.apache.catalina.core.StandardWrapperValve.invoke(StandardWrapperValve.java:213)
	at org.apache.catalina.core.StandardContextValve.invoke(StandardContextValve.java:178)
	at org.apache.catalina.core.StandardHostValve.invoke(StandardHostValve.java:126)
	at org.apache.catalina.valves.ErrorReportValve.invoke(ErrorReportValve.java:105)
	at org.apache.catalina.core.StandardEngineValve.invoke(StandardEngineValve.java:107)
	at org.apache.catalina.connector.CoyoteAdapter.service(CoyoteAdapter.java:148)
	at org.apache.coyote.http11.Http11Processor.process(Http11Processor.java:869)
	at org.apache.coyote.http11.Http11BaseProtocol$Http11ConnectionHandler.processConnection(Http11BaseProtocol.java:664)
	at org.apache.tomcat.util.net.PoolTcpEndpoint.processSocket(PoolTcpEndpoint.java:527)
	at org.apache.tomcat.util.net.LeaderFollowerWorkerThread.runIt(LeaderFollowerWorkerThread.java:80)
	at org.apache.tomcat.util.threads.ThreadPool$ControlRunnable.run(ThreadPool.java:684)
	at java.lang.Thread.run(Thread.java:619)
2010-05-17 13:45:26,953 [http-7000-Processor23] INFO  ME2 - response is null
2010-05-17 13:45:36,796 [http-7000-Processor24] ERROR ME2 - 
me2.server.login.GameServerDownException: 服务器已关闭
	at me2.server.login.GameService.getRoleList(GameService.java:144)
	at me2.server.login.LoginService.getRoleList(LoginService.java:1049)
	at me2.server.login.LoginService.selectServer(LoginService.java:853)
	at me2.server.login.LoginService.process(LoginService.java:214)
	at loginserver.LoginServlet.doGet(LoginServlet.java:29)
	at javax.servlet.http.HttpServlet.service(HttpServlet.java:689)
	at javax.servlet.http.HttpServlet.service(HttpServlet.java:802)
	at org.apache.catalina.core.ApplicationFilterChain.internalDoFilter(ApplicationFilterChain.java:252)
	at org.apache.catalina.core.ApplicationFilterChain.doFilter(ApplicationFilterChain.java:173)
	at org.apache.catalina.core.StandardWrapperValve.invoke(StandardWrapperValve.java:213)
	at org.apache.catalina.core.StandardContextValve.invoke(StandardContextValve.java:178)
	at org.apache.catalina.core.StandardHostValve.invoke(StandardHostValve.java:126)
	at org.apache.catalina.valves.ErrorReportValve.invoke(ErrorReportValve.java:105)
	at org.apache.catalina.core.StandardEngineValve.invoke(StandardEngineValve.java:107)
	at org.apache.catalina.connector.CoyoteAdapter.service(CoyoteAdapter.java:148)
	at org.apache.coyote.http11.Http11Processor.process(Http11Processor.java:869)
	at org.apache.coyote.http11.Http11BaseProtocol$Http11ConnectionHandler.processConnection(Http11BaseProtocol.java:664)
	at org.apache.tomcat.util.net.PoolTcpEndpoint.processSocket(PoolTcpEndpoint.java:527)
	at org.apache.tomcat.util.net.LeaderFollowerWorkerThread.runIt(LeaderFollowerWorkerThread.java:80)
	at org.apache.tomcat.util.threads.ThreadPool$ControlRunnable.run(ThreadPool.java:684)
	at java.lang.Thread.run(Thread.java:619)
2010-05-17 13:45:36,796 [http-7000-Processor24] INFO  ME2 - response is null
2010-05-17 13:45:40,406 [http-7000-Processor23] ERROR ME2 - 
me2.server.login.GameServerDownException: 服务器已关闭
	at me2.server.login.GameService.getRoleList(GameService.java:144)
	at me2.server.login.LoginService.getRoleList(LoginService.java:1049)
	at me2.server.login.LoginService.selectServer(LoginService.java:853)
	at me2.server.login.LoginService.process(LoginService.java:214)
	at loginserver.LoginServlet.doGet(LoginServlet.java:29)
	at javax.servlet.http.HttpServlet.service(HttpServlet.java:689)
	at javax.servlet.http.HttpServlet.service(HttpServlet.java:802)
	at org.apache.catalina.core.ApplicationFilterChain.internalDoFilter(ApplicationFilterChain.java:252)
	at org.apache.catalina.core.ApplicationFilterChain.doFilter(ApplicationFilterChain.java:173)
	at org.apache.catalina.core.StandardWrapperValve.invoke(StandardWrapperValve.java:213)
	at org.apache.catalina.core.StandardContextValve.invoke(StandardContextValve.java:178)
	at org.apache.catalina.core.StandardHostValve.invoke(StandardHostValve.java:126)
	at org.apache.catalina.valves.ErrorReportValve.invoke(ErrorReportValve.java:105)
	at org.apache.catalina.core.StandardEngineValve.invoke(StandardEngineValve.java:107)
	at org.apache.catalina.connector.CoyoteAdapter.service(CoyoteAdapter.java:148)
	at org.apache.coyote.http11.Http11Processor.process(Http11Processor.java:869)
	at org.apache.coyote.http11.Http11BaseProtocol$Http11ConnectionHandler.processConnection(Http11BaseProtocol.java:664)
	at org.apache.tomcat.util.net.PoolTcpEndpoint.processSocket(PoolTcpEndpoint.java:527)
	at org.apache.tomcat.util.net.LeaderFollowerWorkerThread.runIt(LeaderFollowerWorkerThread.java:80)
	at org.apache.tomcat.util.threads.ThreadPool$ControlRunnable.run(ThreadPool.java:684)
	at java.lang.Thread.run(Thread.java:619)
2010-05-17 13:45:40,406 [http-7000-Processor23] INFO  ME2 - response is null
2010-05-17 13:45:48,937 [main] INFO  ME2 - me2.server.login.db.DBConnectionPool complete init.
2010-05-17 13:46:05,781 [main] INFO  ME2 - me2.server.login.db.DBConnectionPool complete init.
2010-05-17 13:46:40,671 [main] INFO  ME2 - me2.server.login.db.DBConnectionPool complete init.
2010-05-17 13:47:03,750 [main] INFO  ME2 - me2.server.login.db.DBConnectionPool complete init.
2010-05-17 13:47:30,390 [main] INFO  ME2 - 昵称过滤列表加载完毕
2010-05-17 13:47:36,750 [main] INFO  ME2 - me2.server.login.db.DBConnectionPool complete init.
2010-05-17 13:47:58,671 [main] INFO  ME2 - 昵称过滤列表加载完毕
2010-05-17 14:03:42,609 [main] INFO  ME2 - me2.server.login.db.DBConnectionPool complete init.
2010-05-17 14:04:04,546 [main] INFO  ME2 - 昵称过滤列表加载完毕
2010-05-17 15:12:26,375 [main] INFO  ME2 - me2.server.login.db.DBConnectionPool complete init.
2010-05-17 15:12:48,343 [main] INFO  ME2 - 昵称过滤列表加载完毕
2010-05-17 16:55:39,625 [main] INFO  ME2 - me2.server.login.db.DBConnectionPool complete init.
2010-05-17 16:56:01,296 [main] INFO  ME2 - 昵称过滤列表加载完毕
2010-05-18 12:54:58,281 [main] INFO  ME2 - me2.server.login.db.DBConnectionPool complete init.
2010-05-18 12:55:20,156 [main] INFO  ME2 - 昵称过滤列表加载完毕
2010-05-18 13:47:26,609 [main] INFO  ME2 - me2.server.login.db.DBConnectionPool complete init.
2010-05-18 13:47:50,906 [main] INFO  ME2 - 昵称过滤列表加载完毕
2010-05-18 13:53:20,343 [main] INFO  ME2 - me2.server.login.db.DBConnectionPool complete init.
2010-05-18 13:53:42,140 [main] INFO  ME2 - 昵称过滤列表加载完毕
2010-05-18 15:19:57,703 [main] INFO  ME2 - me2.server.login.db.DBConnectionPool complete init.
2010-05-18 15:20:28,796 [main] INFO  ME2 - me2.server.login.db.DBConnectionPool complete init.
2010-05-18 15:21:46,937 [main] INFO  ME2 - me2.server.login.db.DBConnectionPool complete init.
2010-05-18 15:23:09,078 [main] INFO  ME2 - me2.server.login.db.DBConnectionPool complete init.
2010-05-18 15:23:30,640 [main] INFO  ME2 - 昵称过滤列表加载完毕
2010-05-18 16:05:53,250 [http-7000-Processor24] ERROR ME2 - 
me2.server.login.GameServerDownException: 服务器已关闭
	at me2.server.login.GameService.getRoleList(GameService.java:144)
	at me2.server.login.LoginService.getRoleList(LoginService.java:1049)
	at me2.server.login.LoginService.selectServer(LoginService.java:853)
	at me2.server.login.LoginService.process(LoginService.java:214)
	at loginserver.LoginServlet.doGet(LoginServlet.java:29)
	at javax.servlet.http.HttpServlet.service(HttpServlet.java:689)
	at javax.servlet.http.HttpServlet.service(HttpServlet.java:802)
	at org.apache.catalina.core.ApplicationFilterChain.internalDoFilter(ApplicationFilterChain.java:252)
	at org.apache.catalina.core.ApplicationFilterChain.doFilter(ApplicationFilterChain.java:173)
	at org.apache.catalina.core.StandardWrapperValve.invoke(StandardWrapperValve.java:213)
	at org.apache.catalina.core.StandardContextValve.invoke(StandardContextValve.java:178)
	at org.apache.catalina.core.StandardHostValve.invoke(StandardHostValve.java:126)
	at org.apache.catalina.valves.ErrorReportValve.invoke(ErrorReportValve.java:105)
	at org.apache.catalina.core.StandardEngineValve.invoke(StandardEngineValve.java:107)
	at org.apache.catalina.connector.CoyoteAdapter.service(CoyoteAdapter.java:148)
	at org.apache.coyote.http11.Http11Processor.process(Http11Processor.java:869)
	at org.apache.coyote.http11.Http11BaseProtocol$Http11ConnectionHandler.processConnection(Http11BaseProtocol.java:664)
	at org.apache.tomcat.util.net.PoolTcpEndpoint.processSocket(PoolTcpEndpoint.java:527)
	at org.apache.tomcat.util.net.LeaderFollowerWorkerThread.runIt(LeaderFollowerWorkerThread.java:80)
	at org.apache.tomcat.util.threads.ThreadPool$ControlRunnable.run(ThreadPool.java:684)
	at java.lang.Thread.run(Thread.java:619)
2010-05-18 16:05:53,250 [http-7000-Processor24] INFO  ME2 - response is null
2010-05-18 16:06:45,703 [main] INFO  ME2 - me2.server.login.db.DBConnectionPool complete init.
2010-05-18 16:06:53,218 [main] INFO  ME2 - me2.server.login.db.DBConnectionPool complete init.
2010-05-18 16:07:15,015 [main] INFO  ME2 - 昵称过滤列表加载完毕
2010-05-18 16:26:09,937 [http-7000-Processor25] ERROR ME2 - 
me2.server.login.GameServerDownException: 服务器已关闭
	at me2.server.login.GameService.getRoleList(GameService.java:144)
	at me2.server.login.LoginService.getRoleList(LoginService.java:1049)
	at me2.server.login.LoginService.selectServer(LoginService.java:853)
	at me2.server.login.LoginService.process(LoginService.java:214)
	at loginserver.LoginServlet.doGet(LoginServlet.java:29)
	at javax.servlet.http.HttpServlet.service(HttpServlet.java:689)
	at javax.servlet.http.HttpServlet.service(HttpServlet.java:802)
	at org.apache.catalina.core.ApplicationFilterChain.internalDoFilter(ApplicationFilterChain.java:252)
	at org.apache.catalina.core.ApplicationFilterChain.doFilter(ApplicationFilterChain.java:173)
	at org.apache.catalina.core.StandardWrapperValve.invoke(StandardWrapperValve.java:213)
	at org.apache.catalina.core.StandardContextValve.invoke(StandardContextValve.java:178)
	at org.apache.catalina.core.StandardHostValve.invoke(StandardHostValve.java:126)
	at org.apache.catalina.valves.ErrorReportValve.invoke(ErrorReportValve.java:105)
	at org.apache.catalina.core.StandardEngineValve.invoke(StandardEngineValve.java:107)
	at org.apache.catalina.connector.CoyoteAdapter.service(CoyoteAdapter.java:148)
	at org.apache.coyote.http11.Http11Processor.process(Http11Processor.java:869)
	at org.apache.coyote.http11.Http11BaseProtocol$Http11ConnectionHandler.processConnection(Http11BaseProtocol.java:664)
	at org.apache.tomcat.util.net.PoolTcpEndpoint.processSocket(PoolTcpEndpoint.java:527)
	at org.apache.tomcat.util.net.LeaderFollowerWorkerThread.runIt(LeaderFollowerWorkerThread.java:80)
	at org.apache.tomcat.util.threads.ThreadPool$ControlRunnable.run(ThreadPool.java:684)
	at java.lang.Thread.run(Thread.java:619)
2010-05-18 16:26:09,937 [http-7000-Processor25] INFO  ME2 - response is null
2010-05-18 16:27:39,171 [main] INFO  ME2 - me2.server.login.db.DBConnectionPool complete init.
2010-05-18 16:28:00,984 [main] INFO  ME2 - 昵称过滤列表加载完毕
2010-05-18 16:32:38,984 [main] INFO  ME2 - me2.server.login.db.DBConnectionPool complete init.
2010-05-18 16:32:39,453 [main] INFO  ME2 - Error in me2.server.login.db.LoginDAO::init()
java.sql.SQLException: Couldn't perform the operation prepareStatement: You can't perform any operations on this connection. It has been automatically closed by Proxool for some reason (see logs).
2010-05-18 16:32:39,609 [http-7000-Processor23] ERROR ME2 - 
me2.server.login.GameServerDownException: 服务器已关闭
	at me2.server.login.GameService.getRoleList(GameService.java:144)
	at me2.server.login.LoginService.getRoleList(LoginService.java:1049)
	at me2.server.login.LoginService.selectServer(LoginService.java:853)
	at me2.server.login.LoginService.process(LoginService.java:214)
	at loginserver.LoginServlet.doGet(LoginServlet.java:29)
	at javax.servlet.http.HttpServlet.service(HttpServlet.java:689)
	at javax.servlet.http.HttpServlet.service(HttpServlet.java:802)
	at org.apache.catalina.core.ApplicationFilterChain.internalDoFilter(ApplicationFilterChain.java:252)
	at org.apache.catalina.core.ApplicationFilterChain.doFilter(ApplicationFilterChain.java:173)
	at org.apache.catalina.core.StandardWrapperValve.invoke(StandardWrapperValve.java:213)
	at org.apache.catalina.core.StandardContextValve.invoke(StandardContextValve.java:178)
	at org.apache.catalina.core.StandardHostValve.invoke(StandardHostValve.java:126)
	at org.apache.catalina.valves.ErrorReportValve.invoke(ErrorReportValve.java:105)
	at org.apache.catalina.core.StandardEngineValve.invoke(StandardEngineValve.java:107)
	at org.apache.catalina.connector.CoyoteAdapter.service(CoyoteAdapter.java:148)
	at org.apache.coyote.http11.Http11Processor.process(Http11Processor.java:869)
	at org.apache.coyote.http11.Http11BaseProtocol$Http11ConnectionHandler.processConnection(Http11BaseProtocol.java:664)
	at org.apache.tomcat.util.net.PoolTcpEndpoint.processSocket(PoolTcpEndpoint.java:527)
	at org.apache.tomcat.util.net.LeaderFollowerWorkerThread.runIt(LeaderFollowerWorkerThread.java:80)
	at org.apache.tomcat.util.threads.ThreadPool$ControlRunnable.run(ThreadPool.java:684)
	at java.lang.Thread.run(Thread.java:619)
2010-05-18 16:32:39,609 [http-7000-Processor23] INFO  ME2 - response is null
2010-05-18 16:32:52,781 [http-7000-Processor24] ERROR ME2 - 
me2.server.login.GameServerDownException: 服务器已关闭
	at me2.server.login.GameService.getRoleList(GameService.java:144)
	at me2.server.login.LoginService.getRoleList(LoginService.java:1049)
	at me2.server.login.LoginService.selectServer(LoginService.java:853)
	at me2.server.login.LoginService.process(LoginService.java:214)
	at loginserver.LoginServlet.doGet(LoginServlet.java:29)
	at javax.servlet.http.HttpServlet.service(HttpServlet.java:689)
	at javax.servlet.http.HttpServlet.service(HttpServlet.java:802)
	at org.apache.catalina.core.ApplicationFilterChain.internalDoFilter(ApplicationFilterChain.java:252)
	at org.apache.catalina.core.ApplicationFilterChain.doFilter(ApplicationFilterChain.java:173)
	at org.apache.catalina.core.StandardWrapperValve.invoke(StandardWrapperValve.java:213)
	at org.apache.catalina.core.StandardContextValve.invoke(StandardContextValve.java:178)
	at org.apache.catalina.core.StandardHostValve.invoke(StandardHostValve.java:126)
	at org.apache.catalina.valves.ErrorReportValve.invoke(ErrorReportValve.java:105)
	at org.apache.catalina.core.StandardEngineValve.invoke(StandardEngineValve.java:107)
	at org.apache.catalina.connector.CoyoteAdapter.service(CoyoteAdapter.java:148)
	at org.apache.coyote.http11.Http11Processor.process(Http11Processor.java:869)
	at org.apache.coyote.http11.Http11BaseProtocol$Http11ConnectionHandler.processConnection(Http11BaseProtocol.java:664)
	at org.apache.tomcat.util.net.PoolTcpEndpoint.processSocket(PoolTcpEndpoint.java:527)
	at org.apache.tomcat.util.net.LeaderFollowerWorkerThread.runIt(LeaderFollowerWorkerThread.java:80)
	at org.apache.tomcat.util.threads.ThreadPool$ControlRunnable.run(ThreadPool.java:684)
	at java.lang.Thread.run(Thread.java:619)
2010-05-18 16:32:52,781 [http-7000-Processor24] INFO  ME2 - response is null
2010-05-18 16:33:04,281 [main] INFO  ME2 - me2.server.login.db.DBConnectionPool complete init.
2010-05-18 16:33:25,968 [main] INFO  ME2 - 昵称过滤列表加载完毕
2010-05-18 17:44:43,953 [main] INFO  ME2 - me2.server.login.db.DBConnectionPool complete init.
2010-05-18 17:45:05,718 [main] INFO  ME2 - 昵称过滤列表加载完毕
2010-05-18 17:54:47,718 [http-7000-Processor25] ERROR ME2 - 
me2.server.login.GameServerDownException: 服务器已关闭
	at me2.server.login.GameService.getRoleList(GameService.java:144)
	at me2.server.login.LoginService.getRoleList(LoginService.java:1049)
	at me2.server.login.LoginService.selectServer(LoginService.java:853)
	at me2.server.login.LoginService.process(LoginService.java:214)
	at loginserver.LoginServlet.doGet(LoginServlet.java:29)
	at javax.servlet.http.HttpServlet.service(HttpServlet.java:689)
	at javax.servlet.http.HttpServlet.service(HttpServlet.java:802)
	at org.apache.catalina.core.ApplicationFilterChain.internalDoFilter(ApplicationFilterChain.java:252)
	at org.apache.catalina.core.ApplicationFilterChain.doFilter(ApplicationFilterChain.java:173)
	at org.apache.catalina.core.StandardWrapperValve.invoke(StandardWrapperValve.java:213)
	at org.apache.catalina.core.StandardContextValve.invoke(StandardContextValve.java:178)
	at org.apache.catalina.core.StandardHostValve.invoke(StandardHostValve.java:126)
	at org.apache.catalina.valves.ErrorReportValve.invoke(ErrorReportValve.java:105)
	at org.apache.catalina.core.StandardEngineValve.invoke(StandardEngineValve.java:107)
	at org.apache.catalina.connector.CoyoteAdapter.service(CoyoteAdapter.java:148)
	at org.apache.coyote.http11.Http11Processor.process(Http11Processor.java:869)
	at org.apache.coyote.http11.Http11BaseProtocol$Http11ConnectionHandler.processConnection(Http11BaseProtocol.java:664)
	at org.apache.tomcat.util.net.PoolTcpEndpoint.processSocket(PoolTcpEndpoint.java:527)
	at org.apache.tomcat.util.net.LeaderFollowerWorkerThread.runIt(LeaderFollowerWorkerThread.java:80)
	at org.apache.tomcat.util.threads.ThreadPool$ControlRunnable.run(ThreadPool.java:684)
	at java.lang.Thread.run(Thread.java:619)
2010-05-18 17:54:47,718 [http-7000-Processor25] INFO  ME2 - response is null
2010-05-18 17:54:54,562 [main] INFO  ME2 - me2.server.login.db.DBConnectionPool complete init.
2010-05-18 17:55:16,281 [main] INFO  ME2 - 昵称过滤列表加载完毕
2010-05-18 17:55:38,515 [http-7000-Processor23] ERROR ME2 - 
me2.server.login.GameServerDownException: 服务器已关闭
	at me2.server.login.GameService.getRoleList(GameService.java:144)
	at me2.server.login.LoginService.getRoleList(LoginService.java:1049)
	at me2.server.login.LoginService.selectServer(LoginService.java:853)
	at me2.server.login.LoginService.process(LoginService.java:214)
	at loginserver.LoginServlet.doGet(LoginServlet.java:29)
	at javax.servlet.http.HttpServlet.service(HttpServlet.java:689)
	at javax.servlet.http.HttpServlet.service(HttpServlet.java:802)
	at org.apache.catalina.core.ApplicationFilterChain.internalDoFilter(ApplicationFilterChain.java:252)
	at org.apache.catalina.core.ApplicationFilterChain.doFilter(ApplicationFilterChain.java:173)
	at org.apache.catalina.core.StandardWrapperValve.invoke(StandardWrapperValve.java:213)
	at org.apache.catalina.core.StandardContextValve.invoke(StandardContextValve.java:178)
	at org.apache.catalina.core.StandardHostValve.invoke(StandardHostValve.java:126)
	at org.apache.catalina.valves.ErrorReportValve.invoke(ErrorReportValve.java:105)
	at org.apache.catalina.core.StandardEngineValve.invoke(StandardEngineValve.java:107)
	at org.apache.catalina.connector.CoyoteAdapter.service(CoyoteAdapter.java:148)
	at org.apache.coyote.http11.Http11Processor.process(Http11Processor.java:869)
	at org.apache.coyote.http11.Http11BaseProtocol$Http11ConnectionHandler.processConnection(Http11BaseProtocol.java:664)
	at org.apache.tomcat.util.net.PoolTcpEndpoint.processSocket(PoolTcpEndpoint.java:527)
	at org.apache.tomcat.util.net.LeaderFollowerWorkerThread.runIt(LeaderFollowerWorkerThread.java:80)
	at org.apache.tomcat.util.threads.ThreadPool$ControlRunnable.run(ThreadPool.java:684)
	at java.lang.Thread.run(Thread.java:619)
2010-05-18 17:55:38,515 [http-7000-Processor23] INFO  ME2 - response is null
2010-05-18 17:55:53,187 [http-7000-Processor24] ERROR ME2 - 
me2.server.login.GameServerDownException: 服务器已关闭
	at me2.server.login.GameService.getRoleList(GameService.java:144)
	at me2.server.login.LoginService.getRoleList(LoginService.java:1049)
	at me2.server.login.LoginService.selectServer(LoginService.java:853)
	at me2.server.login.LoginService.process(LoginService.java:214)
	at loginserver.LoginServlet.doGet(LoginServlet.java:29)
	at javax.servlet.http.HttpServlet.service(HttpServlet.java:689)
	at javax.servlet.http.HttpServlet.service(HttpServlet.java:802)
	at org.apache.catalina.core.ApplicationFilterChain.internalDoFilter(ApplicationFilterChain.java:252)
	at org.apache.catalina.core.ApplicationFilterChain.doFilter(ApplicationFilterChain.java:173)
	at org.apache.catalina.core.StandardWrapperValve.invoke(StandardWrapperValve.java:213)
	at org.apache.catalina.core.StandardContextValve.invoke(StandardContextValve.java:178)
	at org.apache.catalina.core.StandardHostValve.invoke(StandardHostValve.java:126)
	at org.apache.catalina.valves.ErrorReportValve.invoke(ErrorReportValve.java:105)
	at org.apache.catalina.core.StandardEngineValve.invoke(StandardEngineValve.java:107)
	at org.apache.catalina.connector.CoyoteAdapter.service(CoyoteAdapter.java:148)
	at org.apache.coyote.http11.Http11Processor.process(Http11Processor.java:869)
	at org.apache.coyote.http11.Http11BaseProtocol$Http11ConnectionHandler.processConnection(Http11BaseProtocol.java:664)
	at org.apache.tomcat.util.net.PoolTcpEndpoint.processSocket(PoolTcpEndpoint.java:527)
	at org.apache.tomcat.util.net.LeaderFollowerWorkerThread.runIt(LeaderFollowerWorkerThread.java:80)
	at org.apache.tomcat.util.threads.ThreadPool$ControlRunnable.run(ThreadPool.java:684)
	at java.lang.Thread.run(Thread.java:619)
2010-05-18 17:55:53,203 [http-7000-Processor24] INFO  ME2 - response is null
2010-05-18 17:58:03,062 [main] INFO  ME2 - me2.server.login.db.DBConnectionPool complete init.
2010-05-18 17:58:24,781 [main] INFO  ME2 - 昵称过滤列表加载完毕
2010-05-18 17:59:03,250 [main] INFO  ME2 - me2.server.login.db.DBConnectionPool complete init.
2010-05-18 17:59:24,921 [main] INFO  ME2 - 昵称过滤列表加载完毕
2010-05-19 09:22:56,875 [main] INFO  ME2 - me2.server.login.db.DBConnectionPool complete init.
2010-05-19 09:23:22,031 [main] INFO  ME2 - 昵称过滤列表加载完毕
2010-05-19 10:22:46,625 [main] INFO  ME2 - me2.server.login.db.DBConnectionPool complete init.
2010-05-19 10:23:02,437 [main] INFO  ME2 - me2.server.login.db.DBConnectionPool complete init.
2010-05-19 10:23:55,343 [main] INFO  ME2 - me2.server.login.db.DBConnectionPool complete init.
2010-05-19 10:24:17,078 [main] INFO  ME2 - 昵称过滤列表加载完毕
2010-05-19 11:18:18,046 [main] INFO  ME2 - me2.server.login.db.DBConnectionPool complete init.
2010-05-19 11:18:46,546 [main] INFO  ME2 - me2.server.login.db.DBConnectionPool complete init.
2010-05-19 11:19:29,375 [main] INFO  ME2 - 昵称过滤列表加载完毕
2010-05-19 11:20:06,281 [main] INFO  ME2 - me2.server.login.db.DBConnectionPool complete init.
2010-05-19 11:22:26,687 [main] INFO  ME2 - me2.server.login.db.DBConnectionPool complete init.
2010-05-19 11:22:48,093 [main] INFO  ME2 - me2.server.login.db.DBConnectionPool complete init.
2010-05-19 11:24:36,359 [main] INFO  ME2 - me2.server.login.db.DBConnectionPool complete init.
2010-05-19 11:25:31,593 [main] INFO  ME2 - me2.server.login.db.DBConnectionPool complete init.
2010-05-19 11:25:54,812 [main] INFO  ME2 - 昵称过滤列表加载完毕
2010-05-19 11:26:10,640 [main] INFO  ME2 - me2.server.login.db.DBConnectionPool complete init.
2010-05-19 11:27:16,703 [main] INFO  ME2 - me2.server.login.db.DBConnectionPool complete init.
2010-05-19 11:27:18,593 [main] INFO  ME2 - 昵称过滤列表加载完毕
2010-05-19 12:03:40,437 [main] INFO  ME2 - me2.server.login.db.DBConnectionPool complete init.
2010-05-19 12:03:41,171 [main] INFO  ME2 - 昵称过滤列表加载完毕
2010-05-19 13:04:28,781 [main] INFO  ME2 - me2.server.login.db.DBConnectionPool complete init.
2010-05-19 13:04:29,515 [main] INFO  ME2 - 昵称过滤列表加载完毕
2010-05-19 14:22:00,765 [http-7000-Processor24] ERROR ME2 - 
ClientAbortException:  java.net.SocketException: Connection reset by peer: socket write error
	at org.apache.catalina.connector.OutputBuffer.doFlush(OutputBuffer.java:327)
	at org.apache.catalina.connector.OutputBuffer.flush(OutputBuffer.java:293)
	at org.apache.catalina.connector.CoyoteOutputStream.flush(CoyoteOutputStream.java:97)
	at loginserver.LoginServlet.doGet(LoginServlet.java:33)
	at javax.servlet.http.HttpServlet.service(HttpServlet.java:689)
	at javax.servlet.http.HttpServlet.service(HttpServlet.java:802)
	at org.apache.catalina.core.ApplicationFilterChain.internalDoFilter(ApplicationFilterChain.java:252)
	at org.apache.catalina.core.ApplicationFilterChain.doFilter(ApplicationFilterChain.java:173)
	at org.apache.catalina.core.StandardWrapperValve.invoke(StandardWrapperValve.java:213)
	at org.apache.catalina.core.StandardContextValve.invoke(StandardContextValve.java:178)
	at org.apache.catalina.core.StandardHostValve.invoke(StandardHostValve.java:126)
	at org.apache.catalina.valves.ErrorReportValve.invoke(ErrorReportValve.java:105)
	at org.apache.catalina.core.StandardEngineValve.invoke(StandardEngineValve.java:107)
	at org.apache.catalina.connector.CoyoteAdapter.service(CoyoteAdapter.java:148)
	at org.apache.coyote.http11.Http11Processor.process(Http11Processor.java:869)
	at org.apache.coyote.http11.Http11BaseProtocol$Http11ConnectionHandler.processConnection(Http11BaseProtocol.java:664)
	at org.apache.tomcat.util.net.PoolTcpEndpoint.processSocket(PoolTcpEndpoint.java:527)
	at org.apache.tomcat.util.net.LeaderFollowerWorkerThread.runIt(LeaderFollowerWorkerThread.java:80)
	at org.apache.tomcat.util.threads.ThreadPool$ControlRunnable.run(ThreadPool.java:684)
	at java.lang.Thread.run(Thread.java:619)
Caused by: java.net.SocketException: Connection reset by peer: socket write error
	at java.net.SocketOutputStream.socketWrite0(Native Method)
	at java.net.SocketOutputStream.socketWrite(SocketOutputStream.java:92)
	at java.net.SocketOutputStream.write(SocketOutputStream.java:136)
	at org.apache.coyote.http11.InternalOutputBuffer.realWriteBytes(InternalOutputBuffer.java:746)
	at org.apache.tomcat.util.buf.ByteChunk.flushBuffer(ByteChunk.java:433)
	at org.apache.coyote.http11.InternalOutputBuffer.flush(InternalOutputBuffer.java:304)
	at org.apache.coyote.http11.Http11Processor.action(Http11Processor.java:991)
	at org.apache.coyote.Response.action(Response.java:182)
	at org.apache.catalina.connector.OutputBuffer.doFlush(OutputBuffer.java:322)
	... 19 more
2010-05-19 14:22:24,828 [main] INFO  ME2 - me2.server.login.db.DBConnectionPool complete init.
2010-05-19 14:22:25,593 [main] INFO  ME2 - 昵称过滤列表加载完毕
2010-05-19 14:53:00,218 [main] INFO  ME2 - me2.server.login.db.DBConnectionPool complete init.
2010-05-19 14:53:00,953 [main] INFO  ME2 - 昵称过滤列表加载完毕
2010-05-19 15:40:51,250 [main] INFO  ME2 - me2.server.login.db.DBConnectionPool complete init.
2010-05-19 15:40:51,984 [main] INFO  ME2 - 昵称过滤列表加载完毕
2010-05-19 16:49:31,312 [http-7000-Processor23] INFO  ME2 - response is null
