2010-05-07 09:09:21,359 [main] INFO  ME2 - me2.server.login.db.DBConnectionPool complete init.
2010-05-07 09:09:37,593 [main] INFO  ME2 - me2.server.login.db.DBConnectionPool complete init.
2010-05-07 09:09:59,031 [main] INFO  ME2 - 昵称过滤列表加载完毕
2010-05-07 10:13:23,390 [main] INFO  ME2 - me2.server.login.db.DBConnectionPool complete init.
2010-05-07 10:13:45,031 [main] INFO  ME2 - 昵称过滤列表加载完毕
2010-05-07 10:20:41,046 [main] INFO  ME2 - me2.server.login.db.DBConnectionPool complete init.
2010-05-07 10:21:34,156 [main] INFO  ME2 - me2.server.login.db.DBConnectionPool complete init.
2010-05-07 10:21:55,484 [main] INFO  ME2 - 昵称过滤列表加载完毕
2010-05-07 10:30:32,343 [main] INFO  ME2 - me2.server.login.db.DBConnectionPool complete init.
2010-05-07 10:30:53,953 [main] INFO  ME2 - 昵称过滤列表加载完毕
2010-05-07 10:32:11,437 [main] INFO  ME2 - me2.server.login.db.DBConnectionPool complete init.
2010-05-07 10:32:32,953 [main] INFO  ME2 - 昵称过滤列表加载完毕
2010-05-07 10:35:53,437 [main] INFO  ME2 - me2.server.login.db.DBConnectionPool complete init.
2010-05-07 10:36:15,093 [main] INFO  ME2 - 昵称过滤列表加载完毕
2010-05-07 10:39:29,453 [main] INFO  ME2 - me2.server.login.db.DBConnectionPool complete init.
2010-05-07 10:39:51,109 [main] INFO  ME2 - 昵称过滤列表加载完毕
2010-05-07 10:44:21,625 [main] INFO  ME2 - me2.server.login.db.DBConnectionPool complete init.
2010-05-07 10:44:43,359 [main] INFO  ME2 - 昵称过滤列表加载完毕
2010-05-07 10:58:05,562 [main] INFO  ME2 - me2.server.login.db.DBConnectionPool complete init.
2010-05-07 10:58:27,078 [main] INFO  ME2 - 昵称过滤列表加载完毕
2010-05-07 13:09:10,703 [main] INFO  ME2 - me2.server.login.db.DBConnectionPool complete init.
2010-05-07 13:09:32,093 [main] INFO  ME2 - 昵称过滤列表加载完毕
2010-05-07 16:17:04,203 [main] INFO  ME2 - me2.server.login.db.DBConnectionPool complete init.
2010-05-07 16:17:25,562 [main] INFO  ME2 - 昵称过滤列表加载完毕
2010-05-07 17:38:32,718 [main] INFO  ME2 - me2.server.login.db.DBConnectionPool complete init.
2010-05-07 17:38:54,046 [main] INFO  ME2 - 昵称过滤列表加载完毕
2010-05-10 09:59:42,234 [main] INFO  ME2 - me2.server.login.db.DBConnectionPool complete init.
2010-05-10 10:00:49,453 [main] ERROR ME2 - 
com.mysql.jdbc.exceptions.MySQLNonTransientConnectionException: Server connection failure during transaction. Due to underlying exception: 'java.net.SocketException: java.net.ConnectException: Connection timed out: connect'.

** BEGIN NESTED EXCEPTION ** 

java.net.SocketException
MESSAGE: java.net.ConnectException: Connection timed out: connect

STACKTRACE:

java.net.SocketException: java.net.ConnectException: Connection timed out: connect
	at com.mysql.jdbc.StandardSocketFactory.connect(StandardSocketFactory.java:156)
	at com.mysql.jdbc.MysqlIO.<init>(MysqlIO.java:276)
	at com.mysql.jdbc.Connection.createNewIO(Connection.java:2769)
	at com.mysql.jdbc.Connection.<init>(Connection.java:1531)
	at com.mysql.jdbc.NonRegisteringDriver.connect(NonRegisteringDriver.java:266)
	at java.sql.DriverManager.getConnection(DriverManager.java:582)
	at java.sql.DriverManager.getConnection(DriverManager.java:154)
	at org.logicalcobwebs.proxool.DefaultConnectionBuilder.buildConnection(DefaultConnectionBuilder.java:39)
	at org.logicalcobwebs.proxool.Prototyper.buildConnection(Prototyper.java:159)
	at org.logicalcobwebs.proxool.ConnectionPool.getConnection(ConnectionPool.java:217)
	at org.logicalcobwebs.proxool.ProxoolDriver.connect(ProxoolDriver.java:89)
	at java.sql.DriverManager.getConnection(DriverManager.java:582)
	at java.sql.DriverManager.getConnection(DriverManager.java:207)
	at me2.server.login.db.DBConnectionPool.getConnection(DBConnectionPool.java:116)
	at me2.server.login.db.LoginDAO.init(LoginDAO.java:46)
	at me2.server.login.LoginService.init(LoginService.java:80)
	at loginserver.LoginServlet.init(LoginServlet.java:48)
	at javax.servlet.GenericServlet.init(GenericServlet.java:211)
	at org.apache.catalina.core.StandardWrapper.loadServlet(StandardWrapper.java:1105)
	at org.apache.catalina.core.StandardWrapper.load(StandardWrapper.java:932)
	at org.apache.catalina.core.StandardContext.loadOnStartup(StandardContext.java:3917)
	at org.apache.catalina.core.StandardContext.start(StandardContext.java:4201)
	at org.apache.catalina.core.ContainerBase.addChildInternal(ContainerBase.java:759)
	at org.apache.catalina.core.ContainerBase.addChild(ContainerBase.java:739)
	at org.apache.catalina.core.StandardHost.addChild(StandardHost.java:524)
	at org.apache.catalina.startup.HostConfig.deployDirectory(HostConfig.java:904)
	at org.apache.catalina.startup.HostConfig.deployDirectories(HostConfig.java:867)
	at org.apache.catalina.startup.HostConfig.deployApps(HostConfig.java:474)
	at org.apache.catalina.startup.HostConfig.start(HostConfig.java:1122)
	at org.apache.catalina.startup.HostConfig.lifecycleEvent(HostConfig.java:310)
	at org.apache.catalina.util.LifecycleSupport.fireLifecycleEvent(LifecycleSupport.java:119)
	at org.apache.catalina.core.ContainerBase.start(ContainerBase.java:1021)
	at org.apache.catalina.core.StandardHost.start(StandardHost.java:718)
	at org.apache.catalina.core.ContainerBase.start(ContainerBase.java:1013)
	at org.apache.catalina.core.StandardEngine.start(StandardEngine.java:442)
	at org.apache.catalina.core.StandardService.start(StandardService.java:450)
	at org.apache.catalina.core.StandardServer.start(StandardServer.java:709)
	at org.apache.catalina.startup.Catalina.start(Catalina.java:551)
	at sun.reflect.NativeMethodAccessorImpl.invoke0(Native Method)
	at sun.reflect.NativeMethodAccessorImpl.invoke(NativeMethodAccessorImpl.java:39)
	at sun.reflect.DelegatingMethodAccessorImpl.invoke(DelegatingMethodAccessorImpl.java:25)
	at java.lang.reflect.Method.invoke(Method.java:597)
	at org.apache.catalina.startup.Bootstrap.start(Bootstrap.java:294)
	at org.apache.catalina.startup.Bootstrap.main(Bootstrap.java:432)


** END NESTED EXCEPTION **


Attempted reconnect 3 times. Giving up.
	at com.mysql.jdbc.SQLError.createSQLException(SQLError.java:888)
	at com.mysql.jdbc.Connection.createNewIO(Connection.java:2838)
	at com.mysql.jdbc.Connection.<init>(Connection.java:1531)
	at com.mysql.jdbc.NonRegisteringDriver.connect(NonRegisteringDriver.java:266)
	at java.sql.DriverManager.getConnection(DriverManager.java:582)
	at java.sql.DriverManager.getConnection(DriverManager.java:154)
	at org.logicalcobwebs.proxool.DefaultConnectionBuilder.buildConnection(DefaultConnectionBuilder.java:39)
	at org.logicalcobwebs.proxool.Prototyper.buildConnection(Prototyper.java:159)
	at org.logicalcobwebs.proxool.ConnectionPool.getConnection(ConnectionPool.java:217)
	at org.logicalcobwebs.proxool.ProxoolDriver.connect(ProxoolDriver.java:89)
	at java.sql.DriverManager.getConnection(DriverManager.java:582)
	at java.sql.DriverManager.getConnection(DriverManager.java:207)
	at me2.server.login.db.DBConnectionPool.getConnection(DBConnectionPool.java:116)
	at me2.server.login.db.LoginDAO.init(LoginDAO.java:46)
	at me2.server.login.LoginService.init(LoginService.java:80)
	at loginserver.LoginServlet.init(LoginServlet.java:48)
	at javax.servlet.GenericServlet.init(GenericServlet.java:211)
	at org.apache.catalina.core.StandardWrapper.loadServlet(StandardWrapper.java:1105)
	at org.apache.catalina.core.StandardWrapper.load(StandardWrapper.java:932)
	at org.apache.catalina.core.StandardContext.loadOnStartup(StandardContext.java:3917)
	at org.apache.catalina.core.StandardContext.start(StandardContext.java:4201)
	at org.apache.catalina.core.ContainerBase.addChildInternal(ContainerBase.java:759)
	at org.apache.catalina.core.ContainerBase.addChild(ContainerBase.java:739)
	at org.apache.catalina.core.StandardHost.addChild(StandardHost.java:524)
	at org.apache.catalina.startup.HostConfig.deployDirectory(HostConfig.java:904)
	at org.apache.catalina.startup.HostConfig.deployDirectories(HostConfig.java:867)
	at org.apache.catalina.startup.HostConfig.deployApps(HostConfig.java:474)
	at org.apache.catalina.startup.HostConfig.start(HostConfig.java:1122)
	at org.apache.catalina.startup.HostConfig.lifecycleEvent(HostConfig.java:310)
	at org.apache.catalina.util.LifecycleSupport.fireLifecycleEvent(LifecycleSupport.java:119)
	at org.apache.catalina.core.ContainerBase.start(ContainerBase.java:1021)
	at org.apache.catalina.core.StandardHost.start(StandardHost.java:718)
	at org.apache.catalina.core.ContainerBase.start(ContainerBase.java:1013)
	at org.apache.catalina.core.StandardEngine.start(StandardEngine.java:442)
	at org.apache.catalina.core.StandardService.start(StandardService.java:450)
	at org.apache.catalina.core.StandardServer.start(StandardServer.java:709)
	at org.apache.catalina.startup.Catalina.start(Catalina.java:551)
	at sun.reflect.NativeMethodAccessorImpl.invoke0(Native Method)
	at sun.reflect.NativeMethodAccessorImpl.invoke(NativeMethodAccessorImpl.java:39)
	at sun.reflect.DelegatingMethodAccessorImpl.invoke(DelegatingMethodAccessorImpl.java:25)
	at java.lang.reflect.Method.invoke(Method.java:597)
	at org.apache.catalina.startup.Bootstrap.start(Bootstrap.java:294)
	at org.apache.catalina.startup.Bootstrap.main(Bootstrap.java:432)
2010-05-10 10:00:49,453 [main] INFO  ME2 - Error in me2.server.login.db.LoginDAO::init()
java.lang.NullPointerException
2010-05-10 10:01:31,609 [main] INFO  ME2 - 昵称过滤列表加载完毕
2010-05-10 10:03:35,187 [main] INFO  ME2 - me2.server.login.db.DBConnectionPool complete init.
2010-05-10 11:05:42,703 [main] INFO  ME2 - me2.server.login.db.DBConnectionPool complete init.
2010-05-10 11:10:45,031 [main] INFO  ME2 - me2.server.login.db.DBConnectionPool complete init.
2010-05-10 11:11:16,484 [main] INFO  ME2 - me2.server.login.db.DBConnectionPool complete init.
2010-05-10 11:12:56,937 [main] INFO  ME2 - me2.server.login.db.DBConnectionPool complete init.
2010-05-10 11:14:33,125 [main] INFO  ME2 - me2.server.login.db.DBConnectionPool complete init.
2010-05-10 11:14:54,906 [main] INFO  ME2 - 昵称过滤列表加载完毕
