2010-10-29 14:40:45,687 [http-7000-Processor23] ERROR ME2 - 
me2.server.login.GameServerDownException: 服务器已关闭
	at me2.server.login.GameService.getRoleList(GameService.java:150)
	at me2.server.login.LoginService.getRoleList(LoginService.java:1361)
	at me2.server.login.LoginService.selectServer(LoginService.java:1173)
	at me2.server.login.LoginService.process(LoginService.java:264)
	at loginserver.LoginServlet.doGet(LoginServlet.java:29)
	at javax.servlet.http.HttpServlet.service(HttpServlet.java:689)
	at javax.servlet.http.HttpServlet.service(HttpServlet.java:802)
	at org.apache.catalina.core.ApplicationFilterChain.internalDoFilter(ApplicationFilterChain.java:252)
	at org.apache.catalina.core.ApplicationFilterChain.doFilter(ApplicationFilterChain.java:173)
	at org.apache.catalina.core.StandardWrapperValve.invoke(StandardWrapperValve.java:213)
	at org.apache.catalina.core.StandardContextValve.invoke(StandardContextValve.java:178)
	at org.apache.catalina.core.StandardHostValve.invoke(StandardHostValve.java:126)
	at org.apache.catalina.valves.ErrorReportValve.invoke(ErrorReportValve.java:105)
	at org.apache.catalina.core.StandardEngineValve.invoke(StandardEngineValve.java:107)
	at org.apache.catalina.connector.CoyoteAdapter.service(CoyoteAdapter.java:148)
	at org.apache.coyote.http11.Http11Processor.process(Http11Processor.java:869)
	at org.apache.coyote.http11.Http11BaseProtocol$Http11ConnectionHandler.processConnection(Http11BaseProtocol.java:664)
	at org.apache.tomcat.util.net.PoolTcpEndpoint.processSocket(PoolTcpEndpoint.java:527)
	at org.apache.tomcat.util.net.LeaderFollowerWorkerThread.runIt(LeaderFollowerWorkerThread.java:80)
	at org.apache.tomcat.util.threads.ThreadPool$ControlRunnable.run(ThreadPool.java:684)
	at java.lang.Thread.run(Thread.java:619)
2010-10-29 14:40:45,687 [http-7000-Processor23] INFO  ME2 - response is null
2010-10-29 18:19:08,484 [http-7000-Processor25] ERROR ME2 - 
me2.server.login.GameServerDownException: 服务器已关闭
	at me2.server.login.GameService.getRoleList(GameService.java:150)
	at me2.server.login.LoginService.getRoleList(LoginService.java:1361)
	at me2.server.login.LoginService.selectServer(LoginService.java:1173)
	at me2.server.login.LoginService.process(LoginService.java:264)
	at loginserver.LoginServlet.doGet(LoginServlet.java:29)
	at javax.servlet.http.HttpServlet.service(HttpServlet.java:689)
	at javax.servlet.http.HttpServlet.service(HttpServlet.java:802)
	at org.apache.catalina.core.ApplicationFilterChain.internalDoFilter(ApplicationFilterChain.java:252)
	at org.apache.catalina.core.ApplicationFilterChain.doFilter(ApplicationFilterChain.java:173)
	at org.apache.catalina.core.StandardWrapperValve.invoke(StandardWrapperValve.java:213)
	at org.apache.catalina.core.StandardContextValve.invoke(StandardContextValve.java:178)
	at org.apache.catalina.core.StandardHostValve.invoke(StandardHostValve.java:126)
	at org.apache.catalina.valves.ErrorReportValve.invoke(ErrorReportValve.java:105)
	at org.apache.catalina.core.StandardEngineValve.invoke(StandardEngineValve.java:107)
	at org.apache.catalina.connector.CoyoteAdapter.service(CoyoteAdapter.java:148)
	at org.apache.coyote.http11.Http11Processor.process(Http11Processor.java:869)
	at org.apache.coyote.http11.Http11BaseProtocol$Http11ConnectionHandler.processConnection(Http11BaseProtocol.java:664)
	at org.apache.tomcat.util.net.PoolTcpEndpoint.processSocket(PoolTcpEndpoint.java:527)
	at org.apache.tomcat.util.net.LeaderFollowerWorkerThread.runIt(LeaderFollowerWorkerThread.java:80)
	at org.apache.tomcat.util.threads.ThreadPool$ControlRunnable.run(ThreadPool.java:684)
	at java.lang.Thread.run(Thread.java:619)
2010-10-29 18:19:08,484 [http-7000-Processor25] INFO  ME2 - response is null
2010-10-29 18:19:13,734 [http-7000-Processor24] ERROR ME2 - 
me2.server.login.GameServerDownException: 服务器已关闭
	at me2.server.login.GameService.getRoleList(GameService.java:150)
	at me2.server.login.LoginService.getRoleList(LoginService.java:1361)
	at me2.server.login.LoginService.selectServer(LoginService.java:1173)
	at me2.server.login.LoginService.process(LoginService.java:264)
	at loginserver.LoginServlet.doGet(LoginServlet.java:29)
	at javax.servlet.http.HttpServlet.service(HttpServlet.java:689)
	at javax.servlet.http.HttpServlet.service(HttpServlet.java:802)
	at org.apache.catalina.core.ApplicationFilterChain.internalDoFilter(ApplicationFilterChain.java:252)
	at org.apache.catalina.core.ApplicationFilterChain.doFilter(ApplicationFilterChain.java:173)
	at org.apache.catalina.core.StandardWrapperValve.invoke(StandardWrapperValve.java:213)
	at org.apache.catalina.core.StandardContextValve.invoke(StandardContextValve.java:178)
	at org.apache.catalina.core.StandardHostValve.invoke(StandardHostValve.java:126)
	at org.apache.catalina.valves.ErrorReportValve.invoke(ErrorReportValve.java:105)
	at org.apache.catalina.core.StandardEngineValve.invoke(StandardEngineValve.java:107)
	at org.apache.catalina.connector.CoyoteAdapter.service(CoyoteAdapter.java:148)
	at org.apache.coyote.http11.Http11Processor.process(Http11Processor.java:869)
	at org.apache.coyote.http11.Http11BaseProtocol$Http11ConnectionHandler.processConnection(Http11BaseProtocol.java:664)
	at org.apache.tomcat.util.net.PoolTcpEndpoint.processSocket(PoolTcpEndpoint.java:527)
	at org.apache.tomcat.util.net.LeaderFollowerWorkerThread.runIt(LeaderFollowerWorkerThread.java:80)
	at org.apache.tomcat.util.threads.ThreadPool$ControlRunnable.run(ThreadPool.java:684)
	at java.lang.Thread.run(Thread.java:619)
2010-10-29 18:19:13,734 [http-7000-Processor24] INFO  ME2 - response is null
2010-10-29 20:44:14,843 [http-7000-Processor23] ERROR ME2 - 
me2.server.login.GameServerDownException: 服务器已关闭
	at me2.server.login.GameService.getRoleList(GameService.java:150)
	at me2.server.login.LoginService.getRoleList(LoginService.java:1361)
	at me2.server.login.LoginService.selectServer(LoginService.java:1173)
	at me2.server.login.LoginService.process(LoginService.java:264)
	at loginserver.LoginServlet.doGet(LoginServlet.java:29)
	at javax.servlet.http.HttpServlet.service(HttpServlet.java:689)
	at javax.servlet.http.HttpServlet.service(HttpServlet.java:802)
	at org.apache.catalina.core.ApplicationFilterChain.internalDoFilter(ApplicationFilterChain.java:252)
	at org.apache.catalina.core.ApplicationFilterChain.doFilter(ApplicationFilterChain.java:173)
	at org.apache.catalina.core.StandardWrapperValve.invoke(StandardWrapperValve.java:213)
	at org.apache.catalina.core.StandardContextValve.invoke(StandardContextValve.java:178)
	at org.apache.catalina.core.StandardHostValve.invoke(StandardHostValve.java:126)
	at org.apache.catalina.valves.ErrorReportValve.invoke(ErrorReportValve.java:105)
	at org.apache.catalina.core.StandardEngineValve.invoke(StandardEngineValve.java:107)
	at org.apache.catalina.connector.CoyoteAdapter.service(CoyoteAdapter.java:148)
	at org.apache.coyote.http11.Http11Processor.process(Http11Processor.java:869)
	at org.apache.coyote.http11.Http11BaseProtocol$Http11ConnectionHandler.processConnection(Http11BaseProtocol.java:664)
	at org.apache.tomcat.util.net.PoolTcpEndpoint.processSocket(PoolTcpEndpoint.java:527)
	at org.apache.tomcat.util.net.LeaderFollowerWorkerThread.runIt(LeaderFollowerWorkerThread.java:80)
	at org.apache.tomcat.util.threads.ThreadPool$ControlRunnable.run(ThreadPool.java:684)
	at java.lang.Thread.run(Thread.java:619)
2010-10-29 20:44:14,843 [http-7000-Processor23] INFO  ME2 - response is null
2010-10-29 21:38:10,593 [http-7000-Processor23] ERROR ME2 - 
me2.server.login.GameServerDownException: 服务器已关闭
	at me2.server.login.GameService.getRoleList(GameService.java:150)
	at me2.server.login.LoginService.getRoleList(LoginService.java:1361)
	at me2.server.login.LoginService.selectServer(LoginService.java:1173)
	at me2.server.login.LoginService.process(LoginService.java:264)
	at loginserver.LoginServlet.doGet(LoginServlet.java:29)
	at javax.servlet.http.HttpServlet.service(HttpServlet.java:689)
	at javax.servlet.http.HttpServlet.service(HttpServlet.java:802)
	at org.apache.catalina.core.ApplicationFilterChain.internalDoFilter(ApplicationFilterChain.java:252)
	at org.apache.catalina.core.ApplicationFilterChain.doFilter(ApplicationFilterChain.java:173)
	at org.apache.catalina.core.StandardWrapperValve.invoke(StandardWrapperValve.java:213)
	at org.apache.catalina.core.StandardContextValve.invoke(StandardContextValve.java:178)
	at org.apache.catalina.core.StandardHostValve.invoke(StandardHostValve.java:126)
	at org.apache.catalina.valves.ErrorReportValve.invoke(ErrorReportValve.java:105)
	at org.apache.catalina.core.StandardEngineValve.invoke(StandardEngineValve.java:107)
	at org.apache.catalina.connector.CoyoteAdapter.service(CoyoteAdapter.java:148)
	at org.apache.coyote.http11.Http11Processor.process(Http11Processor.java:869)
	at org.apache.coyote.http11.Http11BaseProtocol$Http11ConnectionHandler.processConnection(Http11BaseProtocol.java:664)
	at org.apache.tomcat.util.net.PoolTcpEndpoint.processSocket(PoolTcpEndpoint.java:527)
	at org.apache.tomcat.util.net.LeaderFollowerWorkerThread.runIt(LeaderFollowerWorkerThread.java:80)
	at org.apache.tomcat.util.threads.ThreadPool$ControlRunnable.run(ThreadPool.java:684)
	at java.lang.Thread.run(Thread.java:619)
2010-10-29 21:38:10,593 [http-7000-Processor23] INFO  ME2 - response is null
2010-10-29 21:51:44,125 [http-7000-Processor24] ERROR ME2 - 
me2.server.login.GameServerDownException: 服务器已关闭
	at me2.server.login.GameService.getRoleList(GameService.java:150)
	at me2.server.login.LoginService.getRoleList(LoginService.java:1361)
	at me2.server.login.LoginService.selectServer(LoginService.java:1173)
	at me2.server.login.LoginService.process(LoginService.java:264)
	at loginserver.LoginServlet.doGet(LoginServlet.java:29)
	at javax.servlet.http.HttpServlet.service(HttpServlet.java:689)
	at javax.servlet.http.HttpServlet.service(HttpServlet.java:802)
	at org.apache.catalina.core.ApplicationFilterChain.internalDoFilter(ApplicationFilterChain.java:252)
	at org.apache.catalina.core.ApplicationFilterChain.doFilter(ApplicationFilterChain.java:173)
	at org.apache.catalina.core.StandardWrapperValve.invoke(StandardWrapperValve.java:213)
	at org.apache.catalina.core.StandardContextValve.invoke(StandardContextValve.java:178)
	at org.apache.catalina.core.StandardHostValve.invoke(StandardHostValve.java:126)
	at org.apache.catalina.valves.ErrorReportValve.invoke(ErrorReportValve.java:105)
	at org.apache.catalina.core.StandardEngineValve.invoke(StandardEngineValve.java:107)
	at org.apache.catalina.connector.CoyoteAdapter.service(CoyoteAdapter.java:148)
	at org.apache.coyote.http11.Http11Processor.process(Http11Processor.java:869)
	at org.apache.coyote.http11.Http11BaseProtocol$Http11ConnectionHandler.processConnection(Http11BaseProtocol.java:664)
	at org.apache.tomcat.util.net.PoolTcpEndpoint.processSocket(PoolTcpEndpoint.java:527)
	at org.apache.tomcat.util.net.LeaderFollowerWorkerThread.runIt(LeaderFollowerWorkerThread.java:80)
	at org.apache.tomcat.util.threads.ThreadPool$ControlRunnable.run(ThreadPool.java:684)
	at java.lang.Thread.run(Thread.java:619)
2010-10-29 21:51:44,125 [http-7000-Processor24] INFO  ME2 - response is null
2010-10-29 21:56:40,093 [http-7000-Processor24] ERROR ME2 - 
me2.server.login.GameServerDownException: 服务器已关闭
	at me2.server.login.GameService.getRoleList(GameService.java:150)
	at me2.server.login.LoginService.getRoleList(LoginService.java:1361)
	at me2.server.login.LoginService.selectServer(LoginService.java:1173)
	at me2.server.login.LoginService.process(LoginService.java:264)
	at loginserver.LoginServlet.doGet(LoginServlet.java:29)
	at javax.servlet.http.HttpServlet.service(HttpServlet.java:689)
	at javax.servlet.http.HttpServlet.service(HttpServlet.java:802)
	at org.apache.catalina.core.ApplicationFilterChain.internalDoFilter(ApplicationFilterChain.java:252)
	at org.apache.catalina.core.ApplicationFilterChain.doFilter(ApplicationFilterChain.java:173)
	at org.apache.catalina.core.StandardWrapperValve.invoke(StandardWrapperValve.java:213)
	at org.apache.catalina.core.StandardContextValve.invoke(StandardContextValve.java:178)
	at org.apache.catalina.core.StandardHostValve.invoke(StandardHostValve.java:126)
	at org.apache.catalina.valves.ErrorReportValve.invoke(ErrorReportValve.java:105)
	at org.apache.catalina.core.StandardEngineValve.invoke(StandardEngineValve.java:107)
	at org.apache.catalina.connector.CoyoteAdapter.service(CoyoteAdapter.java:148)
	at org.apache.coyote.http11.Http11Processor.process(Http11Processor.java:869)
	at org.apache.coyote.http11.Http11BaseProtocol$Http11ConnectionHandler.processConnection(Http11BaseProtocol.java:664)
	at org.apache.tomcat.util.net.PoolTcpEndpoint.processSocket(PoolTcpEndpoint.java:527)
	at org.apache.tomcat.util.net.LeaderFollowerWorkerThread.runIt(LeaderFollowerWorkerThread.java:80)
	at org.apache.tomcat.util.threads.ThreadPool$ControlRunnable.run(ThreadPool.java:684)
	at java.lang.Thread.run(Thread.java:619)
2010-10-29 21:56:40,093 [http-7000-Processor24] INFO  ME2 - response is null
2010-10-29 23:03:20,484 [http-7000-Processor23] ERROR ME2 - 
me2.server.login.GameServerDownException: 服务器已关闭
	at me2.server.login.GameService.getRoleList(GameService.java:150)
	at me2.server.login.LoginService.getRoleList(LoginService.java:1361)
	at me2.server.login.LoginService.selectServer(LoginService.java:1173)
	at me2.server.login.LoginService.process(LoginService.java:264)
	at loginserver.LoginServlet.doGet(LoginServlet.java:29)
	at javax.servlet.http.HttpServlet.service(HttpServlet.java:689)
	at javax.servlet.http.HttpServlet.service(HttpServlet.java:802)
	at org.apache.catalina.core.ApplicationFilterChain.internalDoFilter(ApplicationFilterChain.java:252)
	at org.apache.catalina.core.ApplicationFilterChain.doFilter(ApplicationFilterChain.java:173)
	at org.apache.catalina.core.StandardWrapperValve.invoke(StandardWrapperValve.java:213)
	at org.apache.catalina.core.StandardContextValve.invoke(StandardContextValve.java:178)
	at org.apache.catalina.core.StandardHostValve.invoke(StandardHostValve.java:126)
	at org.apache.catalina.valves.ErrorReportValve.invoke(ErrorReportValve.java:105)
	at org.apache.catalina.core.StandardEngineValve.invoke(StandardEngineValve.java:107)
	at org.apache.catalina.connector.CoyoteAdapter.service(CoyoteAdapter.java:148)
	at org.apache.coyote.http11.Http11Processor.process(Http11Processor.java:869)
	at org.apache.coyote.http11.Http11BaseProtocol$Http11ConnectionHandler.processConnection(Http11BaseProtocol.java:664)
	at org.apache.tomcat.util.net.PoolTcpEndpoint.processSocket(PoolTcpEndpoint.java:527)
	at org.apache.tomcat.util.net.LeaderFollowerWorkerThread.runIt(LeaderFollowerWorkerThread.java:80)
	at org.apache.tomcat.util.threads.ThreadPool$ControlRunnable.run(ThreadPool.java:684)
	at java.lang.Thread.run(Thread.java:619)
2010-10-29 23:03:20,484 [http-7000-Processor23] INFO  ME2 - response is null
2010-10-29 23:04:45,031 [http-7000-Processor25] ERROR ME2 - 
me2.server.login.GameServerDownException: 服务器已关闭
	at me2.server.login.GameService.getRoleList(GameService.java:150)
	at me2.server.login.LoginService.getRoleList(LoginService.java:1361)
	at me2.server.login.LoginService.selectServer(LoginService.java:1173)
	at me2.server.login.LoginService.process(LoginService.java:264)
	at loginserver.LoginServlet.doGet(LoginServlet.java:29)
	at javax.servlet.http.HttpServlet.service(HttpServlet.java:689)
	at javax.servlet.http.HttpServlet.service(HttpServlet.java:802)
	at org.apache.catalina.core.ApplicationFilterChain.internalDoFilter(ApplicationFilterChain.java:252)
	at org.apache.catalina.core.ApplicationFilterChain.doFilter(ApplicationFilterChain.java:173)
	at org.apache.catalina.core.StandardWrapperValve.invoke(StandardWrapperValve.java:213)
	at org.apache.catalina.core.StandardContextValve.invoke(StandardContextValve.java:178)
	at org.apache.catalina.core.StandardHostValve.invoke(StandardHostValve.java:126)
	at org.apache.catalina.valves.ErrorReportValve.invoke(ErrorReportValve.java:105)
	at org.apache.catalina.core.StandardEngineValve.invoke(StandardEngineValve.java:107)
	at org.apache.catalina.connector.CoyoteAdapter.service(CoyoteAdapter.java:148)
	at org.apache.coyote.http11.Http11Processor.process(Http11Processor.java:869)
	at org.apache.coyote.http11.Http11BaseProtocol$Http11ConnectionHandler.processConnection(Http11BaseProtocol.java:664)
	at org.apache.tomcat.util.net.PoolTcpEndpoint.processSocket(PoolTcpEndpoint.java:527)
	at org.apache.tomcat.util.net.LeaderFollowerWorkerThread.runIt(LeaderFollowerWorkerThread.java:80)
	at org.apache.tomcat.util.threads.ThreadPool$ControlRunnable.run(ThreadPool.java:684)
	at java.lang.Thread.run(Thread.java:619)
2010-10-29 23:04:45,031 [http-7000-Processor25] INFO  ME2 - response is null
