2010-06-11 10:41:12,531 [http-7000-Processor23] ERROR ME2 - 
com.mysql.jdbc.exceptions.MySQLIntegrityConstraintViolationException: Duplicate entry '21048-2' for key 1
	at com.mysql.jdbc.SQLError.createSQLException(SQLError.java:931)
	at com.mysql.jdbc.MysqlIO.checkErrorPacket(MysqlIO.java:2870)
	at com.mysql.jdbc.MysqlIO.sendCommand(MysqlIO.java:1573)
	at com.mysql.jdbc.ServerPreparedStatement.serverExecute(ServerPreparedStatement.java:1160)
	at com.mysql.jdbc.ServerPreparedStatement.executeInternal(ServerPreparedStatement.java:685)
	at com.mysql.jdbc.PreparedStatement.execute(PreparedStatement.java:790)
	at sun.reflect.NativeMethodAccessorImpl.invoke0(Native Method)
	at sun.reflect.NativeMethodAccessorImpl.invoke(NativeMethodAccessorImpl.java:39)
	at sun.reflect.DelegatingMethodAccessorImpl.invoke(DelegatingMethodAccessorImpl.java:25)
	at java.lang.reflect.Method.invoke(Method.java:597)
	at org.logicalcobwebs.proxool.ProxyStatement.invoke(ProxyStatement.java:100)
	at org.logicalcobwebs.proxool.ProxyStatement.intercept(ProxyStatement.java:57)
	at $java.sql.Wrapper$$EnhancerByProxool$$3c4e0fbc.execute(<generated>)
	at me2.server.login.db.LoginDAO.createRole(LoginDAO.java:674)
	at me2.server.login.LoginService.createRole(LoginService.java:954)
	at me2.server.login.LoginService.process(LoginService.java:234)
	at loginserver.LoginServlet.doGet(LoginServlet.java:29)
	at javax.servlet.http.HttpServlet.service(HttpServlet.java:689)
	at javax.servlet.http.HttpServlet.service(HttpServlet.java:802)
	at org.apache.catalina.core.ApplicationFilterChain.internalDoFilter(ApplicationFilterChain.java:252)
	at org.apache.catalina.core.ApplicationFilterChain.doFilter(ApplicationFilterChain.java:173)
	at org.apache.catalina.core.StandardWrapperValve.invoke(StandardWrapperValve.java:213)
	at org.apache.catalina.core.StandardContextValve.invoke(StandardContextValve.java:178)
	at org.apache.catalina.core.StandardHostValve.invoke(StandardHostValve.java:126)
	at org.apache.catalina.valves.ErrorReportValve.invoke(ErrorReportValve.java:105)
	at org.apache.catalina.core.StandardEngineValve.invoke(StandardEngineValve.java:107)
	at org.apache.catalina.connector.CoyoteAdapter.service(CoyoteAdapter.java:148)
	at org.apache.coyote.http11.Http11Processor.process(Http11Processor.java:869)
	at org.apache.coyote.http11.Http11BaseProtocol$Http11ConnectionHandler.processConnection(Http11BaseProtocol.java:664)
	at org.apache.tomcat.util.net.PoolTcpEndpoint.processSocket(PoolTcpEndpoint.java:527)
	at org.apache.tomcat.util.net.LeaderFollowerWorkerThread.runIt(LeaderFollowerWorkerThread.java:80)
	at org.apache.tomcat.util.threads.ThreadPool$ControlRunnable.run(ThreadPool.java:684)
	at java.lang.Thread.run(Thread.java:619)
2010-06-11 13:04:22,000 [http-7000-Processor24] ERROR ME2 - 
me2.server.login.GameServerDownException: 服务器已关闭
	at me2.server.login.GameService.getRoleList(GameService.java:144)
	at me2.server.login.LoginService.getRoleList(LoginService.java:1049)
	at me2.server.login.LoginService.selectServer(LoginService.java:853)
	at me2.server.login.LoginService.process(LoginService.java:214)
	at loginserver.LoginServlet.doGet(LoginServlet.java:29)
	at javax.servlet.http.HttpServlet.service(HttpServlet.java:689)
	at javax.servlet.http.HttpServlet.service(HttpServlet.java:802)
	at org.apache.catalina.core.ApplicationFilterChain.internalDoFilter(ApplicationFilterChain.java:252)
	at org.apache.catalina.core.ApplicationFilterChain.doFilter(ApplicationFilterChain.java:173)
	at org.apache.catalina.core.StandardWrapperValve.invoke(StandardWrapperValve.java:213)
	at org.apache.catalina.core.StandardContextValve.invoke(StandardContextValve.java:178)
	at org.apache.catalina.core.StandardHostValve.invoke(StandardHostValve.java:126)
	at org.apache.catalina.valves.ErrorReportValve.invoke(ErrorReportValve.java:105)
	at org.apache.catalina.core.StandardEngineValve.invoke(StandardEngineValve.java:107)
	at org.apache.catalina.connector.CoyoteAdapter.service(CoyoteAdapter.java:148)
	at org.apache.coyote.http11.Http11Processor.process(Http11Processor.java:869)
	at org.apache.coyote.http11.Http11BaseProtocol$Http11ConnectionHandler.processConnection(Http11BaseProtocol.java:664)
	at org.apache.tomcat.util.net.PoolTcpEndpoint.processSocket(PoolTcpEndpoint.java:527)
	at org.apache.tomcat.util.net.LeaderFollowerWorkerThread.runIt(LeaderFollowerWorkerThread.java:80)
	at org.apache.tomcat.util.threads.ThreadPool$ControlRunnable.run(ThreadPool.java:684)
	at java.lang.Thread.run(Thread.java:619)
2010-06-11 13:04:22,000 [http-7000-Processor24] INFO  ME2 - response is null
2010-06-11 15:00:16,765 [main] INFO  ME2 - me2.server.login.db.DBConnectionPool complete init.
2010-06-11 15:00:38,281 [main] INFO  ME2 - 昵称过滤列表加载完毕
