2010-05-20 09:14:06,828 [main] INFO  ME2 - me2.server.login.db.DBConnectionPool complete init.
2010-05-20 09:14:28,578 [main] INFO  ME2 - 昵称过滤列表加载完毕
2010-05-20 09:36:06,031 [http-7000-Processor23] INFO  ME2 - response is null
2010-05-20 09:36:19,906 [http-7000-Processor25] INFO  ME2 - response is null
2010-05-20 10:39:13,031 [main] INFO  ME2 - me2.server.login.db.DBConnectionPool complete init.
2010-05-20 10:39:13,640 [main] ERROR ME2 - 
java.lang.NullPointerException
	at me2.server.login.GameServiceListManager.loadGameServiceList(GameServiceListManager.java:140)
	at me2.server.login.GameServiceListManager.init(GameServiceListManager.java:102)
	at me2.server.login.LoginService.init(LoginService.java:81)
	at loginserver.LoginServlet.init(LoginServlet.java:48)
	at javax.servlet.GenericServlet.init(GenericServlet.java:211)
	at org.apache.catalina.core.StandardWrapper.loadServlet(StandardWrapper.java:1105)
	at org.apache.catalina.core.StandardWrapper.load(StandardWrapper.java:932)
	at org.apache.catalina.core.StandardContext.loadOnStartup(StandardContext.java:3917)
	at org.apache.catalina.core.StandardContext.start(StandardContext.java:4201)
	at org.apache.catalina.core.ContainerBase.addChildInternal(ContainerBase.java:759)
	at org.apache.catalina.core.ContainerBase.addChild(ContainerBase.java:739)
	at org.apache.catalina.core.StandardHost.addChild(StandardHost.java:524)
	at org.apache.catalina.startup.HostConfig.deployDirectory(HostConfig.java:904)
	at org.apache.catalina.startup.HostConfig.deployDirectories(HostConfig.java:867)
	at org.apache.catalina.startup.HostConfig.deployApps(HostConfig.java:474)
	at org.apache.catalina.startup.HostConfig.start(HostConfig.java:1122)
	at org.apache.catalina.startup.HostConfig.lifecycleEvent(HostConfig.java:310)
	at org.apache.catalina.util.LifecycleSupport.fireLifecycleEvent(LifecycleSupport.java:119)
	at org.apache.catalina.core.ContainerBase.start(ContainerBase.java:1021)
	at org.apache.catalina.core.StandardHost.start(StandardHost.java:718)
	at org.apache.catalina.core.ContainerBase.start(ContainerBase.java:1013)
	at org.apache.catalina.core.StandardEngine.start(StandardEngine.java:442)
	at org.apache.catalina.core.StandardService.start(StandardService.java:450)
	at org.apache.catalina.core.StandardServer.start(StandardServer.java:709)
	at org.apache.catalina.startup.Catalina.start(Catalina.java:551)
	at sun.reflect.NativeMethodAccessorImpl.invoke0(Native Method)
	at sun.reflect.NativeMethodAccessorImpl.invoke(NativeMethodAccessorImpl.java:39)
	at sun.reflect.DelegatingMethodAccessorImpl.invoke(DelegatingMethodAccessorImpl.java:25)
	at java.lang.reflect.Method.invoke(Method.java:597)
	at org.apache.catalina.startup.Bootstrap.start(Bootstrap.java:294)
	at org.apache.catalina.startup.Bootstrap.main(Bootstrap.java:432)
2010-05-20 10:39:13,640 [main] INFO  ME2 - 昵称过滤列表加载完毕
2010-05-20 10:39:28,421 [main] INFO  ME2 - me2.server.login.db.DBConnectionPool complete init.
2010-05-20 10:39:29,015 [main] ERROR ME2 - 
java.lang.NullPointerException
	at me2.server.login.GameServiceListManager.loadGameServiceList(GameServiceListManager.java:140)
	at me2.server.login.GameServiceListManager.init(GameServiceListManager.java:102)
	at me2.server.login.LoginService.init(LoginService.java:81)
	at loginserver.LoginServlet.init(LoginServlet.java:48)
	at javax.servlet.GenericServlet.init(GenericServlet.java:211)
	at org.apache.catalina.core.StandardWrapper.loadServlet(StandardWrapper.java:1105)
	at org.apache.catalina.core.StandardWrapper.load(StandardWrapper.java:932)
	at org.apache.catalina.core.StandardContext.loadOnStartup(StandardContext.java:3917)
	at org.apache.catalina.core.StandardContext.start(StandardContext.java:4201)
	at org.apache.catalina.core.ContainerBase.addChildInternal(ContainerBase.java:759)
	at org.apache.catalina.core.ContainerBase.addChild(ContainerBase.java:739)
	at org.apache.catalina.core.StandardHost.addChild(StandardHost.java:524)
	at org.apache.catalina.startup.HostConfig.deployDirectory(HostConfig.java:904)
	at org.apache.catalina.startup.HostConfig.deployDirectories(HostConfig.java:867)
	at org.apache.catalina.startup.HostConfig.deployApps(HostConfig.java:474)
	at org.apache.catalina.startup.HostConfig.start(HostConfig.java:1122)
	at org.apache.catalina.startup.HostConfig.lifecycleEvent(HostConfig.java:310)
	at org.apache.catalina.util.LifecycleSupport.fireLifecycleEvent(LifecycleSupport.java:119)
	at org.apache.catalina.core.ContainerBase.start(ContainerBase.java:1021)
	at org.apache.catalina.core.StandardHost.start(StandardHost.java:718)
	at org.apache.catalina.core.ContainerBase.start(ContainerBase.java:1013)
	at org.apache.catalina.core.StandardEngine.start(StandardEngine.java:442)
	at org.apache.catalina.core.StandardService.start(StandardService.java:450)
	at org.apache.catalina.core.StandardServer.start(StandardServer.java:709)
	at org.apache.catalina.startup.Catalina.start(Catalina.java:551)
	at sun.reflect.NativeMethodAccessorImpl.invoke0(Native Method)
	at sun.reflect.NativeMethodAccessorImpl.invoke(NativeMethodAccessorImpl.java:39)
	at sun.reflect.DelegatingMethodAccessorImpl.invoke(DelegatingMethodAccessorImpl.java:25)
	at java.lang.reflect.Method.invoke(Method.java:597)
	at org.apache.catalina.startup.Bootstrap.start(Bootstrap.java:294)
	at org.apache.catalina.startup.Bootstrap.main(Bootstrap.java:432)
2010-05-20 10:39:29,015 [main] INFO  ME2 - 昵称过滤列表加载完毕
2010-05-20 10:41:01,875 [main] INFO  ME2 - me2.server.login.db.DBConnectionPool complete init.
2010-05-20 10:41:02,468 [main] ERROR ME2 - 
java.lang.NullPointerException
	at me2.server.login.GameServiceListManager.loadGameServiceList(GameServiceListManager.java:140)
	at me2.server.login.GameServiceListManager.init(GameServiceListManager.java:102)
	at me2.server.login.LoginService.init(LoginService.java:81)
	at loginserver.LoginServlet.init(LoginServlet.java:48)
	at javax.servlet.GenericServlet.init(GenericServlet.java:211)
	at org.apache.catalina.core.StandardWrapper.loadServlet(StandardWrapper.java:1105)
	at org.apache.catalina.core.StandardWrapper.load(StandardWrapper.java:932)
	at org.apache.catalina.core.StandardContext.loadOnStartup(StandardContext.java:3917)
	at org.apache.catalina.core.StandardContext.start(StandardContext.java:4201)
	at org.apache.catalina.core.ContainerBase.addChildInternal(ContainerBase.java:759)
	at org.apache.catalina.core.ContainerBase.addChild(ContainerBase.java:739)
	at org.apache.catalina.core.StandardHost.addChild(StandardHost.java:524)
	at org.apache.catalina.startup.HostConfig.deployDirectory(HostConfig.java:904)
	at org.apache.catalina.startup.HostConfig.deployDirectories(HostConfig.java:867)
	at org.apache.catalina.startup.HostConfig.deployApps(HostConfig.java:474)
	at org.apache.catalina.startup.HostConfig.start(HostConfig.java:1122)
	at org.apache.catalina.startup.HostConfig.lifecycleEvent(HostConfig.java:310)
	at org.apache.catalina.util.LifecycleSupport.fireLifecycleEvent(LifecycleSupport.java:119)
	at org.apache.catalina.core.ContainerBase.start(ContainerBase.java:1021)
	at org.apache.catalina.core.StandardHost.start(StandardHost.java:718)
	at org.apache.catalina.core.ContainerBase.start(ContainerBase.java:1013)
	at org.apache.catalina.core.StandardEngine.start(StandardEngine.java:442)
	at org.apache.catalina.core.StandardService.start(StandardService.java:450)
	at org.apache.catalina.core.StandardServer.start(StandardServer.java:709)
	at org.apache.catalina.startup.Catalina.start(Catalina.java:551)
	at sun.reflect.NativeMethodAccessorImpl.invoke0(Native Method)
	at sun.reflect.NativeMethodAccessorImpl.invoke(NativeMethodAccessorImpl.java:39)
	at sun.reflect.DelegatingMethodAccessorImpl.invoke(DelegatingMethodAccessorImpl.java:25)
	at java.lang.reflect.Method.invoke(Method.java:597)
	at org.apache.catalina.startup.Bootstrap.start(Bootstrap.java:294)
	at org.apache.catalina.startup.Bootstrap.main(Bootstrap.java:432)
2010-05-20 10:41:02,484 [main] INFO  ME2 - 昵称过滤列表加载完毕
2010-05-20 10:41:40,203 [main] INFO  ME2 - me2.server.login.db.DBConnectionPool complete init.
2010-05-20 10:41:40,968 [main] INFO  ME2 - 昵称过滤列表加载完毕
2010-05-20 12:17:53,625 [main] INFO  ME2 - me2.server.login.db.DBConnectionPool complete init.
2010-05-20 12:18:36,437 [main] INFO  ME2 - 昵称过滤列表加载完毕
2010-05-20 12:32:17,750 [main] INFO  ME2 - me2.server.login.db.DBConnectionPool complete init.
2010-05-20 12:32:39,437 [main] INFO  ME2 - 昵称过滤列表加载完毕
2010-05-20 12:32:55,437 [main] INFO  ME2 - me2.server.login.db.DBConnectionPool complete init.
2010-05-20 12:33:17,265 [main] INFO  ME2 - 昵称过滤列表加载完毕
2010-05-20 12:51:10,015 [main] INFO  ME2 - me2.server.login.db.DBConnectionPool complete init.
2010-05-20 12:51:10,750 [main] ERROR ME2 - 
java.lang.NumberFormatException: null
	at java.lang.Integer.parseInt(Integer.java:417)
	at java.lang.Short.parseShort(Short.java:120)
	at java.lang.Short.parseShort(Short.java:78)
	at me2.server.login.GameServiceListManager.loadGameServiceList(GameServiceListManager.java:135)
	at me2.server.login.GameServiceListManager.init(GameServiceListManager.java:102)
	at me2.server.login.LoginService.init(LoginService.java:81)
	at loginserver.LoginServlet.init(LoginServlet.java:48)
	at javax.servlet.GenericServlet.init(GenericServlet.java:211)
	at org.apache.catalina.core.StandardWrapper.loadServlet(StandardWrapper.java:1105)
	at org.apache.catalina.core.StandardWrapper.load(StandardWrapper.java:932)
	at org.apache.catalina.core.StandardContext.loadOnStartup(StandardContext.java:3917)
	at org.apache.catalina.core.StandardContext.start(StandardContext.java:4201)
	at org.apache.catalina.core.ContainerBase.addChildInternal(ContainerBase.java:759)
	at org.apache.catalina.core.ContainerBase.addChild(ContainerBase.java:739)
	at org.apache.catalina.core.StandardHost.addChild(StandardHost.java:524)
	at org.apache.catalina.startup.HostConfig.deployDirectory(HostConfig.java:904)
	at org.apache.catalina.startup.HostConfig.deployDirectories(HostConfig.java:867)
	at org.apache.catalina.startup.HostConfig.deployApps(HostConfig.java:474)
	at org.apache.catalina.startup.HostConfig.start(HostConfig.java:1122)
	at org.apache.catalina.startup.HostConfig.lifecycleEvent(HostConfig.java:310)
	at org.apache.catalina.util.LifecycleSupport.fireLifecycleEvent(LifecycleSupport.java:119)
	at org.apache.catalina.core.ContainerBase.start(ContainerBase.java:1021)
	at org.apache.catalina.core.StandardHost.start(StandardHost.java:718)
	at org.apache.catalina.core.ContainerBase.start(ContainerBase.java:1013)
	at org.apache.catalina.core.StandardEngine.start(StandardEngine.java:442)
	at org.apache.catalina.core.StandardService.start(StandardService.java:450)
	at org.apache.catalina.core.StandardServer.start(StandardServer.java:709)
	at org.apache.catalina.startup.Catalina.start(Catalina.java:551)
	at sun.reflect.NativeMethodAccessorImpl.invoke0(Native Method)
	at sun.reflect.NativeMethodAccessorImpl.invoke(NativeMethodAccessorImpl.java:39)
	at sun.reflect.DelegatingMethodAccessorImpl.invoke(DelegatingMethodAccessorImpl.java:25)
	at java.lang.reflect.Method.invoke(Method.java:597)
	at org.apache.catalina.startup.Bootstrap.start(Bootstrap.java:294)
	at org.apache.catalina.startup.Bootstrap.main(Bootstrap.java:432)
2010-05-20 12:51:10,750 [main] INFO  ME2 - 昵称过滤列表加载完毕
2010-05-20 13:02:28,312 [main] INFO  ME2 - me2.server.login.db.DBConnectionPool complete init.
2010-05-20 13:02:29,062 [main] ERROR ME2 - 
java.lang.NumberFormatException: null
	at java.lang.Integer.parseInt(Integer.java:417)
	at java.lang.Short.parseShort(Short.java:120)
	at java.lang.Short.parseShort(Short.java:78)
	at me2.server.login.GameServiceListManager.loadGameServiceList(GameServiceListManager.java:135)
	at me2.server.login.GameServiceListManager.init(GameServiceListManager.java:102)
	at me2.server.login.LoginService.init(LoginService.java:81)
	at loginserver.LoginServlet.init(LoginServlet.java:48)
	at javax.servlet.GenericServlet.init(GenericServlet.java:211)
	at org.apache.catalina.core.StandardWrapper.loadServlet(StandardWrapper.java:1105)
	at org.apache.catalina.core.StandardWrapper.load(StandardWrapper.java:932)
	at org.apache.catalina.core.StandardContext.loadOnStartup(StandardContext.java:3917)
	at org.apache.catalina.core.StandardContext.start(StandardContext.java:4201)
	at org.apache.catalina.core.ContainerBase.addChildInternal(ContainerBase.java:759)
	at org.apache.catalina.core.ContainerBase.addChild(ContainerBase.java:739)
	at org.apache.catalina.core.StandardHost.addChild(StandardHost.java:524)
	at org.apache.catalina.startup.HostConfig.deployDirectory(HostConfig.java:904)
	at org.apache.catalina.startup.HostConfig.deployDirectories(HostConfig.java:867)
	at org.apache.catalina.startup.HostConfig.deployApps(HostConfig.java:474)
	at org.apache.catalina.startup.HostConfig.start(HostConfig.java:1122)
	at org.apache.catalina.startup.HostConfig.lifecycleEvent(HostConfig.java:310)
	at org.apache.catalina.util.LifecycleSupport.fireLifecycleEvent(LifecycleSupport.java:119)
	at org.apache.catalina.core.ContainerBase.start(ContainerBase.java:1021)
	at org.apache.catalina.core.StandardHost.start(StandardHost.java:718)
	at org.apache.catalina.core.ContainerBase.start(ContainerBase.java:1013)
	at org.apache.catalina.core.StandardEngine.start(StandardEngine.java:442)
	at org.apache.catalina.core.StandardService.start(StandardService.java:450)
	at org.apache.catalina.core.StandardServer.start(StandardServer.java:709)
	at org.apache.catalina.startup.Catalina.start(Catalina.java:551)
	at sun.reflect.NativeMethodAccessorImpl.invoke0(Native Method)
	at sun.reflect.NativeMethodAccessorImpl.invoke(NativeMethodAccessorImpl.java:39)
	at sun.reflect.DelegatingMethodAccessorImpl.invoke(DelegatingMethodAccessorImpl.java:25)
	at java.lang.reflect.Method.invoke(Method.java:597)
	at org.apache.catalina.startup.Bootstrap.start(Bootstrap.java:294)
	at org.apache.catalina.startup.Bootstrap.main(Bootstrap.java:432)
2010-05-20 13:02:29,062 [main] INFO  ME2 - 昵称过滤列表加载完毕
2010-05-20 13:02:59,328 [main] INFO  ME2 - me2.server.login.db.DBConnectionPool complete init.
2010-05-20 13:03:00,062 [main] INFO  ME2 - 昵称过滤列表加载完毕
2010-05-20 13:47:43,375 [main] INFO  ME2 - me2.server.login.db.DBConnectionPool complete init.
2010-05-20 13:47:44,187 [main] INFO  ME2 - 昵称过滤列表加载完毕
2010-05-20 15:28:12,906 [main] INFO  ME2 - me2.server.login.db.DBConnectionPool complete init.
2010-05-20 15:28:31,593 [main] INFO  ME2 - me2.server.login.db.DBConnectionPool complete init.
2010-05-20 15:28:36,343 [main] INFO  ME2 - 昵称过滤列表加载完毕
2010-05-20 15:45:56,093 [main] INFO  ME2 - me2.server.login.db.DBConnectionPool complete init.
2010-05-20 15:45:56,843 [main] INFO  ME2 - 昵称过滤列表加载完毕
2010-05-20 16:23:07,968 [main] INFO  ME2 - me2.server.login.db.DBConnectionPool complete init.
2010-05-20 16:23:08,765 [main] INFO  ME2 - 昵称过滤列表加载完毕
2010-05-20 16:34:39,734 [http-7000-Processor24] ERROR ME2 - 
ClientAbortException:  java.net.SocketException: Connection reset by peer: socket write error
	at org.apache.catalina.connector.OutputBuffer.doFlush(OutputBuffer.java:327)
	at org.apache.catalina.connector.OutputBuffer.flush(OutputBuffer.java:293)
	at org.apache.catalina.connector.CoyoteOutputStream.flush(CoyoteOutputStream.java:97)
	at loginserver.LoginServlet.doGet(LoginServlet.java:33)
	at javax.servlet.http.HttpServlet.service(HttpServlet.java:689)
	at javax.servlet.http.HttpServlet.service(HttpServlet.java:802)
	at org.apache.catalina.core.ApplicationFilterChain.internalDoFilter(ApplicationFilterChain.java:252)
	at org.apache.catalina.core.ApplicationFilterChain.doFilter(ApplicationFilterChain.java:173)
	at org.apache.catalina.core.StandardWrapperValve.invoke(StandardWrapperValve.java:213)
	at org.apache.catalina.core.StandardContextValve.invoke(StandardContextValve.java:178)
	at org.apache.catalina.core.StandardHostValve.invoke(StandardHostValve.java:126)
	at org.apache.catalina.valves.ErrorReportValve.invoke(ErrorReportValve.java:105)
	at org.apache.catalina.core.StandardEngineValve.invoke(StandardEngineValve.java:107)
	at org.apache.catalina.connector.CoyoteAdapter.service(CoyoteAdapter.java:148)
	at org.apache.coyote.http11.Http11Processor.process(Http11Processor.java:869)
	at org.apache.coyote.http11.Http11BaseProtocol$Http11ConnectionHandler.processConnection(Http11BaseProtocol.java:664)
	at org.apache.tomcat.util.net.PoolTcpEndpoint.processSocket(PoolTcpEndpoint.java:527)
	at org.apache.tomcat.util.net.LeaderFollowerWorkerThread.runIt(LeaderFollowerWorkerThread.java:80)
	at org.apache.tomcat.util.threads.ThreadPool$ControlRunnable.run(ThreadPool.java:684)
	at java.lang.Thread.run(Thread.java:619)
Caused by: java.net.SocketException: Connection reset by peer: socket write error
	at java.net.SocketOutputStream.socketWrite0(Native Method)
	at java.net.SocketOutputStream.socketWrite(SocketOutputStream.java:92)
	at java.net.SocketOutputStream.write(SocketOutputStream.java:136)
	at org.apache.coyote.http11.InternalOutputBuffer.realWriteBytes(InternalOutputBuffer.java:746)
	at org.apache.tomcat.util.buf.ByteChunk.flushBuffer(ByteChunk.java:433)
	at org.apache.coyote.http11.InternalOutputBuffer.flush(InternalOutputBuffer.java:304)
	at org.apache.coyote.http11.Http11Processor.action(Http11Processor.java:991)
	at org.apache.coyote.Response.action(Response.java:182)
	at org.apache.catalina.connector.OutputBuffer.doFlush(OutputBuffer.java:322)
	... 19 more
2010-05-20 16:35:16,468 [main] INFO  ME2 - me2.server.login.db.DBConnectionPool complete init.
2010-05-20 16:35:17,281 [main] INFO  ME2 - 昵称过滤列表加载完毕
2010-05-20 16:44:37,625 [main] INFO  ME2 - me2.server.login.db.DBConnectionPool complete init.
2010-05-20 16:45:00,296 [main] INFO  ME2 - 昵称过滤列表加载完毕
2010-05-20 16:59:50,968 [main] INFO  ME2 - me2.server.login.db.DBConnectionPool complete init.
2010-05-20 16:59:51,765 [main] INFO  ME2 - 昵称过滤列表加载完毕
2010-05-20 17:46:32,593 [main] INFO  ME2 - me2.server.login.db.DBConnectionPool complete init.
2010-05-20 17:46:54,312 [main] INFO  ME2 - 昵称过滤列表加载完毕
2010-05-20 17:58:08,734 [main] INFO  ME2 - me2.server.login.db.DBConnectionPool complete init.
2010-05-20 17:58:30,640 [main] INFO  ME2 - 昵称过滤列表加载完毕
2010-05-21 09:14:04,031 [main] INFO  ME2 - me2.server.login.db.DBConnectionPool complete init.
2010-05-21 09:14:26,812 [main] INFO  ME2 - 昵称过滤列表加载完毕
2010-05-21 09:54:51,156 [main] INFO  ME2 - me2.server.login.db.DBConnectionPool complete init.
2010-05-21 09:55:34,109 [main] INFO  ME2 - 昵称过滤列表加载完毕
2010-05-21 10:32:32,828 [main] INFO  ME2 - me2.server.login.db.DBConnectionPool complete init.
2010-05-21 10:34:29,156 [main] INFO  ME2 - me2.server.login.db.DBConnectionPool complete init.
2010-05-21 10:34:50,921 [main] INFO  ME2 - 昵称过滤列表加载完毕
2010-05-21 12:48:56,765 [main] INFO  ME2 - me2.server.login.db.DBConnectionPool complete init.
2010-05-21 12:49:39,484 [main] INFO  ME2 - 昵称过滤列表加载完毕
2010-05-21 13:51:33,359 [main] INFO  ME2 - me2.server.login.db.DBConnectionPool complete init.
2010-05-21 13:51:34,109 [main] INFO  ME2 - 昵称过滤列表加载完毕
2010-05-21 16:04:21,421 [main] INFO  ME2 - me2.server.login.db.DBConnectionPool complete init.
2010-05-21 16:04:22,234 [main] INFO  ME2 - 昵称过滤列表加载完毕
2010-05-21 16:10:22,234 [main] INFO  ME2 - me2.server.login.db.DBConnectionPool complete init.
2010-05-21 16:10:22,937 [main] INFO  ME2 - 昵称过滤列表加载完毕
2010-05-21 16:35:35,343 [main] INFO  ME2 - me2.server.login.db.DBConnectionPool complete init.
2010-05-21 16:35:36,046 [main] INFO  ME2 - 昵称过滤列表加载完毕
2010-05-21 16:49:54,421 [main] INFO  ME2 - me2.server.login.db.DBConnectionPool complete init.
2010-05-21 16:49:55,156 [main] INFO  ME2 - 昵称过滤列表加载完毕
2010-05-21 16:52:46,953 [main] INFO  ME2 - me2.server.login.db.DBConnectionPool complete init.
2010-05-21 16:52:47,656 [main] INFO  ME2 - 昵称过滤列表加载完毕
2010-05-21 16:53:50,937 [main] INFO  ME2 - me2.server.login.db.DBConnectionPool complete init.
2010-05-21 16:53:51,656 [main] INFO  ME2 - 昵称过滤列表加载完毕
2010-05-21 17:33:41,562 [http-7000-Processor25] ERROR ME2 - 
me2.server.login.GameServerDownException: 服务器已关闭
	at me2.server.login.GameService.getRoleList(GameService.java:144)
	at me2.server.login.LoginService.getRoleList(LoginService.java:1049)
	at me2.server.login.LoginService.selectServer(LoginService.java:853)
	at me2.server.login.LoginService.process(LoginService.java:214)
	at loginserver.LoginServlet.doGet(LoginServlet.java:29)
	at javax.servlet.http.HttpServlet.service(HttpServlet.java:689)
	at javax.servlet.http.HttpServlet.service(HttpServlet.java:802)
	at org.apache.catalina.core.ApplicationFilterChain.internalDoFilter(ApplicationFilterChain.java:252)
	at org.apache.catalina.core.ApplicationFilterChain.doFilter(ApplicationFilterChain.java:173)
	at org.apache.catalina.core.StandardWrapperValve.invoke(StandardWrapperValve.java:213)
	at org.apache.catalina.core.StandardContextValve.invoke(StandardContextValve.java:178)
	at org.apache.catalina.core.StandardHostValve.invoke(StandardHostValve.java:126)
	at org.apache.catalina.valves.ErrorReportValve.invoke(ErrorReportValve.java:105)
	at org.apache.catalina.core.StandardEngineValve.invoke(StandardEngineValve.java:107)
	at org.apache.catalina.connector.CoyoteAdapter.service(CoyoteAdapter.java:148)
	at org.apache.coyote.http11.Http11Processor.process(Http11Processor.java:869)
	at org.apache.coyote.http11.Http11BaseProtocol$Http11ConnectionHandler.processConnection(Http11BaseProtocol.java:664)
	at org.apache.tomcat.util.net.PoolTcpEndpoint.processSocket(PoolTcpEndpoint.java:527)
	at org.apache.tomcat.util.net.LeaderFollowerWorkerThread.runIt(LeaderFollowerWorkerThread.java:80)
	at org.apache.tomcat.util.threads.ThreadPool$ControlRunnable.run(ThreadPool.java:684)
	at java.lang.Thread.run(Thread.java:619)
2010-05-21 17:33:41,562 [http-7000-Processor25] INFO  ME2 - response is null
2010-05-21 17:34:54,718 [main] INFO  ME2 - me2.server.login.db.DBConnectionPool complete init.
2010-05-21 17:34:55,421 [main] INFO  ME2 - 昵称过滤列表加载完毕
2010-05-21 17:35:37,515 [http-7000-Processor24] ERROR ME2 - 
me2.server.login.GameServerDownException: 服务器已关闭
	at me2.server.login.GameService.getRoleList(GameService.java:144)
	at me2.server.login.LoginService.getRoleList(LoginService.java:1049)
	at me2.server.login.LoginService.selectServer(LoginService.java:853)
	at me2.server.login.LoginService.process(LoginService.java:214)
	at loginserver.LoginServlet.doGet(LoginServlet.java:29)
	at javax.servlet.http.HttpServlet.service(HttpServlet.java:689)
	at javax.servlet.http.HttpServlet.service(HttpServlet.java:802)
	at org.apache.catalina.core.ApplicationFilterChain.internalDoFilter(ApplicationFilterChain.java:252)
	at org.apache.catalina.core.ApplicationFilterChain.doFilter(ApplicationFilterChain.java:173)
	at org.apache.catalina.core.StandardWrapperValve.invoke(StandardWrapperValve.java:213)
	at org.apache.catalina.core.StandardContextValve.invoke(StandardContextValve.java:178)
	at org.apache.catalina.core.StandardHostValve.invoke(StandardHostValve.java:126)
	at org.apache.catalina.valves.ErrorReportValve.invoke(ErrorReportValve.java:105)
	at org.apache.catalina.core.StandardEngineValve.invoke(StandardEngineValve.java:107)
	at org.apache.catalina.connector.CoyoteAdapter.service(CoyoteAdapter.java:148)
	at org.apache.coyote.http11.Http11Processor.process(Http11Processor.java:869)
	at org.apache.coyote.http11.Http11BaseProtocol$Http11ConnectionHandler.processConnection(Http11BaseProtocol.java:664)
	at org.apache.tomcat.util.net.PoolTcpEndpoint.processSocket(PoolTcpEndpoint.java:527)
	at org.apache.tomcat.util.net.LeaderFollowerWorkerThread.runIt(LeaderFollowerWorkerThread.java:80)
	at org.apache.tomcat.util.threads.ThreadPool$ControlRunnable.run(ThreadPool.java:684)
	at java.lang.Thread.run(Thread.java:619)
2010-05-21 17:35:37,515 [http-7000-Processor24] INFO  ME2 - response is null
2010-05-21 17:49:49,734 [main] INFO  ME2 - me2.server.login.db.DBConnectionPool complete init.
2010-05-21 17:49:50,500 [main] INFO  ME2 - 昵称过滤列表加载完毕
