2010-05-14 10:06:54,765 [http-7000-Processor22] INFO  ME2 - response is null
2010-05-14 10:06:55,281 [http-7000-Processor25] INFO  ME2 - response is null
2010-05-14 13:38:42,250 [main] INFO  ME2 - me2.server.login.db.DBConnectionPool complete init.
2010-05-14 13:39:03,984 [main] INFO  ME2 - 昵称过滤列表加载完毕
2010-05-14 13:54:43,640 [main] INFO  ME2 - me2.server.login.db.DBConnectionPool complete init.
2010-05-14 13:55:05,281 [main] INFO  ME2 - 昵称过滤列表加载完毕
2010-05-14 13:59:01,968 [main] INFO  ME2 - me2.server.login.db.DBConnectionPool complete init.
2010-05-14 13:59:26,703 [main] INFO  ME2 - 昵称过滤列表加载完毕
2010-05-14 14:54:31,562 [main] INFO  ME2 - me2.server.login.db.DBConnectionPool complete init.
2010-05-14 14:54:36,593 [main] INFO  ME2 - 昵称过滤列表加载完毕
2010-05-14 15:11:46,406 [main] INFO  ME2 - me2.server.login.db.DBConnectionPool complete init.
2010-05-14 15:11:49,125 [main] INFO  ME2 - 昵称过滤列表加载完毕
2010-05-14 15:13:18,718 [main] INFO  ME2 - me2.server.login.db.DBConnectionPool complete init.
2010-05-14 15:13:20,437 [main] INFO  ME2 - 昵称过滤列表加载完毕
2010-05-14 15:17:23,265 [main] INFO  ME2 - me2.server.login.db.DBConnectionPool complete init.
2010-05-14 15:17:25,093 [main] INFO  ME2 - 昵称过滤列表加载完毕
2010-05-14 15:52:36,593 [main] INFO  ME2 - me2.server.login.db.DBConnectionPool complete init.
2010-05-14 15:52:38,328 [main] INFO  ME2 - 昵称过滤列表加载完毕
2010-05-14 15:57:45,515 [main] INFO  ME2 - me2.server.login.db.DBConnectionPool complete init.
2010-05-14 15:57:47,234 [main] INFO  ME2 - 昵称过滤列表加载完毕
2010-05-14 15:59:33,406 [main] INFO  ME2 - me2.server.login.db.DBConnectionPool complete init.
2010-05-14 15:59:35,062 [main] INFO  ME2 - 昵称过滤列表加载完毕
2010-05-14 16:06:53,171 [main] INFO  ME2 - me2.server.login.db.DBConnectionPool complete init.
2010-05-14 16:06:54,812 [main] INFO  ME2 - 昵称过滤列表加载完毕
2010-05-14 16:07:15,140 [http-7000-Processor25] ERROR ME2 - 
me2.server.login.GameServerDownException: 服务器已关闭
	at me2.server.login.GameService.getRoleList(GameService.java:144)
	at me2.server.login.LoginService.getRoleList(LoginService.java:1049)
	at me2.server.login.LoginService.selectServer(LoginService.java:853)
	at me2.server.login.LoginService.process(LoginService.java:214)
	at loginserver.LoginServlet.doGet(LoginServlet.java:29)
	at javax.servlet.http.HttpServlet.service(HttpServlet.java:689)
	at javax.servlet.http.HttpServlet.service(HttpServlet.java:802)
	at org.apache.catalina.core.ApplicationFilterChain.internalDoFilter(ApplicationFilterChain.java:252)
	at org.apache.catalina.core.ApplicationFilterChain.doFilter(ApplicationFilterChain.java:173)
	at org.apache.catalina.core.StandardWrapperValve.invoke(StandardWrapperValve.java:213)
	at org.apache.catalina.core.StandardContextValve.invoke(StandardContextValve.java:178)
	at org.apache.catalina.core.StandardHostValve.invoke(StandardHostValve.java:126)
	at org.apache.catalina.valves.ErrorReportValve.invoke(ErrorReportValve.java:105)
	at org.apache.catalina.core.StandardEngineValve.invoke(StandardEngineValve.java:107)
	at org.apache.catalina.connector.CoyoteAdapter.service(CoyoteAdapter.java:148)
	at org.apache.coyote.http11.Http11Processor.process(Http11Processor.java:869)
	at org.apache.coyote.http11.Http11BaseProtocol$Http11ConnectionHandler.processConnection(Http11BaseProtocol.java:664)
	at org.apache.tomcat.util.net.PoolTcpEndpoint.processSocket(PoolTcpEndpoint.java:527)
	at org.apache.tomcat.util.net.LeaderFollowerWorkerThread.runIt(LeaderFollowerWorkerThread.java:80)
	at org.apache.tomcat.util.threads.ThreadPool$ControlRunnable.run(ThreadPool.java:684)
	at java.lang.Thread.run(Thread.java:619)
2010-05-14 16:07:15,140 [http-7000-Processor25] INFO  ME2 - response is null
2010-05-14 16:07:19,046 [http-7000-Processor23] ERROR ME2 - 
me2.server.login.GameServerDownException: 服务器已关闭
	at me2.server.login.GameService.getRoleList(GameService.java:144)
	at me2.server.login.LoginService.getRoleList(LoginService.java:1049)
	at me2.server.login.LoginService.selectServer(LoginService.java:853)
	at me2.server.login.LoginService.process(LoginService.java:214)
	at loginserver.LoginServlet.doGet(LoginServlet.java:29)
	at javax.servlet.http.HttpServlet.service(HttpServlet.java:689)
	at javax.servlet.http.HttpServlet.service(HttpServlet.java:802)
	at org.apache.catalina.core.ApplicationFilterChain.internalDoFilter(ApplicationFilterChain.java:252)
	at org.apache.catalina.core.ApplicationFilterChain.doFilter(ApplicationFilterChain.java:173)
	at org.apache.catalina.core.StandardWrapperValve.invoke(StandardWrapperValve.java:213)
	at org.apache.catalina.core.StandardContextValve.invoke(StandardContextValve.java:178)
	at org.apache.catalina.core.StandardHostValve.invoke(StandardHostValve.java:126)
	at org.apache.catalina.valves.ErrorReportValve.invoke(ErrorReportValve.java:105)
	at org.apache.catalina.core.StandardEngineValve.invoke(StandardEngineValve.java:107)
	at org.apache.catalina.connector.CoyoteAdapter.service(CoyoteAdapter.java:148)
	at org.apache.coyote.http11.Http11Processor.process(Http11Processor.java:869)
	at org.apache.coyote.http11.Http11BaseProtocol$Http11ConnectionHandler.processConnection(Http11BaseProtocol.java:664)
	at org.apache.tomcat.util.net.PoolTcpEndpoint.processSocket(PoolTcpEndpoint.java:527)
	at org.apache.tomcat.util.net.LeaderFollowerWorkerThread.runIt(LeaderFollowerWorkerThread.java:80)
	at org.apache.tomcat.util.threads.ThreadPool$ControlRunnable.run(ThreadPool.java:684)
	at java.lang.Thread.run(Thread.java:619)
2010-05-14 16:07:19,046 [http-7000-Processor23] INFO  ME2 - response is null
2010-05-14 16:07:28,812 [http-7000-Processor24] ERROR ME2 - 
me2.server.login.GameServerDownException: 服务器已关闭
	at me2.server.login.GameService.getRoleList(GameService.java:144)
	at me2.server.login.LoginService.getRoleList(LoginService.java:1049)
	at me2.server.login.LoginService.selectServer(LoginService.java:853)
	at me2.server.login.LoginService.process(LoginService.java:214)
	at loginserver.LoginServlet.doGet(LoginServlet.java:29)
	at javax.servlet.http.HttpServlet.service(HttpServlet.java:689)
	at javax.servlet.http.HttpServlet.service(HttpServlet.java:802)
	at org.apache.catalina.core.ApplicationFilterChain.internalDoFilter(ApplicationFilterChain.java:252)
	at org.apache.catalina.core.ApplicationFilterChain.doFilter(ApplicationFilterChain.java:173)
	at org.apache.catalina.core.StandardWrapperValve.invoke(StandardWrapperValve.java:213)
	at org.apache.catalina.core.StandardContextValve.invoke(StandardContextValve.java:178)
	at org.apache.catalina.core.StandardHostValve.invoke(StandardHostValve.java:126)
	at org.apache.catalina.valves.ErrorReportValve.invoke(ErrorReportValve.java:105)
	at org.apache.catalina.core.StandardEngineValve.invoke(StandardEngineValve.java:107)
	at org.apache.catalina.connector.CoyoteAdapter.service(CoyoteAdapter.java:148)
	at org.apache.coyote.http11.Http11Processor.process(Http11Processor.java:869)
	at org.apache.coyote.http11.Http11BaseProtocol$Http11ConnectionHandler.processConnection(Http11BaseProtocol.java:664)
	at org.apache.tomcat.util.net.PoolTcpEndpoint.processSocket(PoolTcpEndpoint.java:527)
	at org.apache.tomcat.util.net.LeaderFollowerWorkerThread.runIt(LeaderFollowerWorkerThread.java:80)
	at org.apache.tomcat.util.threads.ThreadPool$ControlRunnable.run(ThreadPool.java:684)
	at java.lang.Thread.run(Thread.java:619)
2010-05-14 16:07:28,812 [http-7000-Processor24] INFO  ME2 - response is null
2010-05-14 16:08:42,359 [main] INFO  ME2 - me2.server.login.db.DBConnectionPool complete init.
2010-05-14 16:08:44,156 [main] INFO  ME2 - 昵称过滤列表加载完毕
2010-05-14 16:54:20,234 [main] INFO  ME2 - me2.server.login.db.DBConnectionPool complete init.
2010-05-14 16:54:22,000 [main] INFO  ME2 - 昵称过滤列表加载完毕
2010-05-14 17:02:12,453 [main] INFO  ME2 - me2.server.login.db.DBConnectionPool complete init.
2010-05-14 17:02:14,156 [main] INFO  ME2 - 昵称过滤列表加载完毕
2010-05-14 17:08:41,796 [main] INFO  ME2 - me2.server.login.db.DBConnectionPool complete init.
2010-05-14 17:08:43,531 [main] INFO  ME2 - 昵称过滤列表加载完毕
2010-05-14 17:13:16,296 [main] INFO  ME2 - me2.server.login.db.DBConnectionPool complete init.
2010-05-14 17:13:18,015 [main] INFO  ME2 - 昵称过滤列表加载完毕
2010-05-14 17:17:45,203 [main] INFO  ME2 - me2.server.login.db.DBConnectionPool complete init.
2010-05-14 17:17:46,890 [main] INFO  ME2 - 昵称过滤列表加载完毕
