2010-11-05 19:40:18,328 [main] INFO  ME2 - me2.server.login.db.DBConnectionPool complete init.
2010-11-05 19:40:19,750 [main] INFO  ME2 - 昵称过滤列表加载完毕
2010-11-05 19:40:19,781 [main] ERROR ME2 - 
java.lang.NullPointerException
	at me2.server.login.util.FixedAccountManager.loadOriginalAccount(FixedAccountManager.java:120)
	at me2.server.login.util.FixedAccountManager.init(FixedAccountManager.java:49)
	at me2.server.login.LoginService.init(LoginService.java:93)
	at loginserver.LoginServlet.init(LoginServlet.java:48)
	at javax.servlet.GenericServlet.init(GenericServlet.java:211)
	at org.apache.catalina.core.StandardWrapper.loadServlet(StandardWrapper.java:1105)
	at org.apache.catalina.core.StandardWrapper.load(StandardWrapper.java:932)
	at org.apache.catalina.core.StandardContext.loadOnStartup(StandardContext.java:3917)
	at org.apache.catalina.core.StandardContext.start(StandardContext.java:4201)
	at org.apache.catalina.core.ContainerBase.addChildInternal(ContainerBase.java:759)
	at org.apache.catalina.core.ContainerBase.addChild(ContainerBase.java:739)
	at org.apache.catalina.core.StandardHost.addChild(StandardHost.java:524)
	at org.apache.catalina.startup.HostConfig.deployDirectory(HostConfig.java:904)
	at org.apache.catalina.startup.HostConfig.deployDirectories(HostConfig.java:867)
	at org.apache.catalina.startup.HostConfig.deployApps(HostConfig.java:474)
	at org.apache.catalina.startup.HostConfig.start(HostConfig.java:1122)
	at org.apache.catalina.startup.HostConfig.lifecycleEvent(HostConfig.java:310)
	at org.apache.catalina.util.LifecycleSupport.fireLifecycleEvent(LifecycleSupport.java:119)
	at org.apache.catalina.core.ContainerBase.start(ContainerBase.java:1021)
	at org.apache.catalina.core.StandardHost.start(StandardHost.java:718)
	at org.apache.catalina.core.ContainerBase.start(ContainerBase.java:1013)
	at org.apache.catalina.core.StandardEngine.start(StandardEngine.java:442)
	at org.apache.catalina.core.StandardService.start(StandardService.java:450)
	at org.apache.catalina.core.StandardServer.start(StandardServer.java:709)
	at org.apache.catalina.startup.Catalina.start(Catalina.java:551)
	at sun.reflect.NativeMethodAccessorImpl.invoke0(Native Method)
	at sun.reflect.NativeMethodAccessorImpl.invoke(NativeMethodAccessorImpl.java:39)
	at sun.reflect.DelegatingMethodAccessorImpl.invoke(DelegatingMethodAccessorImpl.java:25)
	at java.lang.reflect.Method.invoke(Method.java:597)
	at org.apache.catalina.startup.Bootstrap.start(Bootstrap.java:294)
	at org.apache.catalina.startup.Bootstrap.main(Bootstrap.java:432)
2010-11-05 19:40:19,781 [main] ERROR ME2 - 
java.io.IOException: 系统找不到指定的路径。
	at java.io.WinNTFileSystem.createFileExclusively(Native Method)
	at java.io.File.createNewFile(File.java:883)
	at me2.server.login.util.FixedAccountManager.loadInvalidateAccount(FixedAccountManager.java:201)
	at me2.server.login.util.FixedAccountManager.init(FixedAccountManager.java:50)
	at me2.server.login.LoginService.init(LoginService.java:93)
	at loginserver.LoginServlet.init(LoginServlet.java:48)
	at javax.servlet.GenericServlet.init(GenericServlet.java:211)
	at org.apache.catalina.core.StandardWrapper.loadServlet(StandardWrapper.java:1105)
	at org.apache.catalina.core.StandardWrapper.load(StandardWrapper.java:932)
	at org.apache.catalina.core.StandardContext.loadOnStartup(StandardContext.java:3917)
	at org.apache.catalina.core.StandardContext.start(StandardContext.java:4201)
	at org.apache.catalina.core.ContainerBase.addChildInternal(ContainerBase.java:759)
	at org.apache.catalina.core.ContainerBase.addChild(ContainerBase.java:739)
	at org.apache.catalina.core.StandardHost.addChild(StandardHost.java:524)
	at org.apache.catalina.startup.HostConfig.deployDirectory(HostConfig.java:904)
	at org.apache.catalina.startup.HostConfig.deployDirectories(HostConfig.java:867)
	at org.apache.catalina.startup.HostConfig.deployApps(HostConfig.java:474)
	at org.apache.catalina.startup.HostConfig.start(HostConfig.java:1122)
	at org.apache.catalina.startup.HostConfig.lifecycleEvent(HostConfig.java:310)
	at org.apache.catalina.util.LifecycleSupport.fireLifecycleEvent(LifecycleSupport.java:119)
	at org.apache.catalina.core.ContainerBase.start(ContainerBase.java:1021)
	at org.apache.catalina.core.StandardHost.start(StandardHost.java:718)
	at org.apache.catalina.core.ContainerBase.start(ContainerBase.java:1013)
	at org.apache.catalina.core.StandardEngine.start(StandardEngine.java:442)
	at org.apache.catalina.core.StandardService.start(StandardService.java:450)
	at org.apache.catalina.core.StandardServer.start(StandardServer.java:709)
	at org.apache.catalina.startup.Catalina.start(Catalina.java:551)
	at sun.reflect.NativeMethodAccessorImpl.invoke0(Native Method)
	at sun.reflect.NativeMethodAccessorImpl.invoke(NativeMethodAccessorImpl.java:39)
	at sun.reflect.DelegatingMethodAccessorImpl.invoke(DelegatingMethodAccessorImpl.java:25)
	at java.lang.reflect.Method.invoke(Method.java:597)
	at org.apache.catalina.startup.Bootstrap.start(Bootstrap.java:294)
	at org.apache.catalina.startup.Bootstrap.main(Bootstrap.java:432)
2010-11-05 19:40:19,781 [main] INFO  ME2 - 账号统计已启动
2010-11-05 19:53:03,093 [main] INFO  ME2 - me2.server.login.db.DBConnectionPool complete init.
2010-11-05 19:53:04,718 [main] INFO  ME2 - 昵称过滤列表加载完毕
2010-11-05 19:53:04,734 [main] ERROR ME2 - 
java.lang.NullPointerException
	at me2.server.login.util.FixedAccountManager.loadOriginalAccount(FixedAccountManager.java:120)
	at me2.server.login.util.FixedAccountManager.init(FixedAccountManager.java:49)
	at me2.server.login.LoginService.init(LoginService.java:93)
	at loginserver.LoginServlet.init(LoginServlet.java:48)
	at javax.servlet.GenericServlet.init(GenericServlet.java:211)
	at org.apache.catalina.core.StandardWrapper.loadServlet(StandardWrapper.java:1105)
	at org.apache.catalina.core.StandardWrapper.load(StandardWrapper.java:932)
	at org.apache.catalina.core.StandardContext.loadOnStartup(StandardContext.java:3917)
	at org.apache.catalina.core.StandardContext.start(StandardContext.java:4201)
	at org.apache.catalina.core.ContainerBase.addChildInternal(ContainerBase.java:759)
	at org.apache.catalina.core.ContainerBase.addChild(ContainerBase.java:739)
	at org.apache.catalina.core.StandardHost.addChild(StandardHost.java:524)
	at org.apache.catalina.startup.HostConfig.deployDirectory(HostConfig.java:904)
	at org.apache.catalina.startup.HostConfig.deployDirectories(HostConfig.java:867)
	at org.apache.catalina.startup.HostConfig.deployApps(HostConfig.java:474)
	at org.apache.catalina.startup.HostConfig.start(HostConfig.java:1122)
	at org.apache.catalina.startup.HostConfig.lifecycleEvent(HostConfig.java:310)
	at org.apache.catalina.util.LifecycleSupport.fireLifecycleEvent(LifecycleSupport.java:119)
	at org.apache.catalina.core.ContainerBase.start(ContainerBase.java:1021)
	at org.apache.catalina.core.StandardHost.start(StandardHost.java:718)
	at org.apache.catalina.core.ContainerBase.start(ContainerBase.java:1013)
	at org.apache.catalina.core.StandardEngine.start(StandardEngine.java:442)
	at org.apache.catalina.core.StandardService.start(StandardService.java:450)
	at org.apache.catalina.core.StandardServer.start(StandardServer.java:709)
	at org.apache.catalina.startup.Catalina.start(Catalina.java:551)
	at sun.reflect.NativeMethodAccessorImpl.invoke0(Native Method)
	at sun.reflect.NativeMethodAccessorImpl.invoke(NativeMethodAccessorImpl.java:39)
	at sun.reflect.DelegatingMethodAccessorImpl.invoke(DelegatingMethodAccessorImpl.java:25)
	at java.lang.reflect.Method.invoke(Method.java:597)
	at org.apache.catalina.startup.Bootstrap.start(Bootstrap.java:294)
	at org.apache.catalina.startup.Bootstrap.main(Bootstrap.java:432)
2010-11-05 19:53:04,734 [main] ERROR ME2 - 
java.io.IOException: 系统找不到指定的路径。
	at java.io.WinNTFileSystem.createFileExclusively(Native Method)
	at java.io.File.createNewFile(File.java:883)
	at me2.server.login.util.FixedAccountManager.loadInvalidateAccount(FixedAccountManager.java:201)
	at me2.server.login.util.FixedAccountManager.init(FixedAccountManager.java:50)
	at me2.server.login.LoginService.init(LoginService.java:93)
	at loginserver.LoginServlet.init(LoginServlet.java:48)
	at javax.servlet.GenericServlet.init(GenericServlet.java:211)
	at org.apache.catalina.core.StandardWrapper.loadServlet(StandardWrapper.java:1105)
	at org.apache.catalina.core.StandardWrapper.load(StandardWrapper.java:932)
	at org.apache.catalina.core.StandardContext.loadOnStartup(StandardContext.java:3917)
	at org.apache.catalina.core.StandardContext.start(StandardContext.java:4201)
	at org.apache.catalina.core.ContainerBase.addChildInternal(ContainerBase.java:759)
	at org.apache.catalina.core.ContainerBase.addChild(ContainerBase.java:739)
	at org.apache.catalina.core.StandardHost.addChild(StandardHost.java:524)
	at org.apache.catalina.startup.HostConfig.deployDirectory(HostConfig.java:904)
	at org.apache.catalina.startup.HostConfig.deployDirectories(HostConfig.java:867)
	at org.apache.catalina.startup.HostConfig.deployApps(HostConfig.java:474)
	at org.apache.catalina.startup.HostConfig.start(HostConfig.java:1122)
	at org.apache.catalina.startup.HostConfig.lifecycleEvent(HostConfig.java:310)
	at org.apache.catalina.util.LifecycleSupport.fireLifecycleEvent(LifecycleSupport.java:119)
	at org.apache.catalina.core.ContainerBase.start(ContainerBase.java:1021)
	at org.apache.catalina.core.StandardHost.start(StandardHost.java:718)
	at org.apache.catalina.core.ContainerBase.start(ContainerBase.java:1013)
	at org.apache.catalina.core.StandardEngine.start(StandardEngine.java:442)
	at org.apache.catalina.core.StandardService.start(StandardService.java:450)
	at org.apache.catalina.core.StandardServer.start(StandardServer.java:709)
	at org.apache.catalina.startup.Catalina.start(Catalina.java:551)
	at sun.reflect.NativeMethodAccessorImpl.invoke0(Native Method)
	at sun.reflect.NativeMethodAccessorImpl.invoke(NativeMethodAccessorImpl.java:39)
	at sun.reflect.DelegatingMethodAccessorImpl.invoke(DelegatingMethodAccessorImpl.java:25)
	at java.lang.reflect.Method.invoke(Method.java:597)
	at org.apache.catalina.startup.Bootstrap.start(Bootstrap.java:294)
	at org.apache.catalina.startup.Bootstrap.main(Bootstrap.java:432)
2010-11-05 19:53:04,734 [main] INFO  ME2 - 账号统计已启动
2010-11-05 19:57:07,453 [main] INFO  ME2 - me2.server.login.db.DBConnectionPool complete init.
2010-11-05 19:57:08,906 [main] INFO  ME2 - 昵称过滤列表加载完毕
2010-11-05 19:57:08,937 [main] ERROR ME2 - 
java.lang.NullPointerException
	at me2.server.login.util.FixedAccountManager.loadOriginalAccount(FixedAccountManager.java:120)
	at me2.server.login.util.FixedAccountManager.init(FixedAccountManager.java:49)
	at me2.server.login.LoginService.init(LoginService.java:93)
	at loginserver.LoginServlet.init(LoginServlet.java:48)
	at javax.servlet.GenericServlet.init(GenericServlet.java:211)
	at org.apache.catalina.core.StandardWrapper.loadServlet(StandardWrapper.java:1105)
	at org.apache.catalina.core.StandardWrapper.load(StandardWrapper.java:932)
	at org.apache.catalina.core.StandardContext.loadOnStartup(StandardContext.java:3917)
	at org.apache.catalina.core.StandardContext.start(StandardContext.java:4201)
	at org.apache.catalina.core.ContainerBase.addChildInternal(ContainerBase.java:759)
	at org.apache.catalina.core.ContainerBase.addChild(ContainerBase.java:739)
	at org.apache.catalina.core.StandardHost.addChild(StandardHost.java:524)
	at org.apache.catalina.startup.HostConfig.deployDirectory(HostConfig.java:904)
	at org.apache.catalina.startup.HostConfig.deployDirectories(HostConfig.java:867)
	at org.apache.catalina.startup.HostConfig.deployApps(HostConfig.java:474)
	at org.apache.catalina.startup.HostConfig.start(HostConfig.java:1122)
	at org.apache.catalina.startup.HostConfig.lifecycleEvent(HostConfig.java:310)
	at org.apache.catalina.util.LifecycleSupport.fireLifecycleEvent(LifecycleSupport.java:119)
	at org.apache.catalina.core.ContainerBase.start(ContainerBase.java:1021)
	at org.apache.catalina.core.StandardHost.start(StandardHost.java:718)
	at org.apache.catalina.core.ContainerBase.start(ContainerBase.java:1013)
	at org.apache.catalina.core.StandardEngine.start(StandardEngine.java:442)
	at org.apache.catalina.core.StandardService.start(StandardService.java:450)
	at org.apache.catalina.core.StandardServer.start(StandardServer.java:709)
	at org.apache.catalina.startup.Catalina.start(Catalina.java:551)
	at sun.reflect.NativeMethodAccessorImpl.invoke0(Native Method)
	at sun.reflect.NativeMethodAccessorImpl.invoke(NativeMethodAccessorImpl.java:39)
	at sun.reflect.DelegatingMethodAccessorImpl.invoke(DelegatingMethodAccessorImpl.java:25)
	at java.lang.reflect.Method.invoke(Method.java:597)
	at org.apache.catalina.startup.Bootstrap.start(Bootstrap.java:294)
	at org.apache.catalina.startup.Bootstrap.main(Bootstrap.java:432)
2010-11-05 19:57:08,937 [main] ERROR ME2 - 
java.io.IOException: 系统找不到指定的路径。
	at java.io.WinNTFileSystem.createFileExclusively(Native Method)
	at java.io.File.createNewFile(File.java:883)
	at me2.server.login.util.FixedAccountManager.loadInvalidateAccount(FixedAccountManager.java:201)
	at me2.server.login.util.FixedAccountManager.init(FixedAccountManager.java:50)
	at me2.server.login.LoginService.init(LoginService.java:93)
	at loginserver.LoginServlet.init(LoginServlet.java:48)
	at javax.servlet.GenericServlet.init(GenericServlet.java:211)
	at org.apache.catalina.core.StandardWrapper.loadServlet(StandardWrapper.java:1105)
	at org.apache.catalina.core.StandardWrapper.load(StandardWrapper.java:932)
	at org.apache.catalina.core.StandardContext.loadOnStartup(StandardContext.java:3917)
	at org.apache.catalina.core.StandardContext.start(StandardContext.java:4201)
	at org.apache.catalina.core.ContainerBase.addChildInternal(ContainerBase.java:759)
	at org.apache.catalina.core.ContainerBase.addChild(ContainerBase.java:739)
	at org.apache.catalina.core.StandardHost.addChild(StandardHost.java:524)
	at org.apache.catalina.startup.HostConfig.deployDirectory(HostConfig.java:904)
	at org.apache.catalina.startup.HostConfig.deployDirectories(HostConfig.java:867)
	at org.apache.catalina.startup.HostConfig.deployApps(HostConfig.java:474)
	at org.apache.catalina.startup.HostConfig.start(HostConfig.java:1122)
	at org.apache.catalina.startup.HostConfig.lifecycleEvent(HostConfig.java:310)
	at org.apache.catalina.util.LifecycleSupport.fireLifecycleEvent(LifecycleSupport.java:119)
	at org.apache.catalina.core.ContainerBase.start(ContainerBase.java:1021)
	at org.apache.catalina.core.StandardHost.start(StandardHost.java:718)
	at org.apache.catalina.core.ContainerBase.start(ContainerBase.java:1013)
	at org.apache.catalina.core.StandardEngine.start(StandardEngine.java:442)
	at org.apache.catalina.core.StandardService.start(StandardService.java:450)
	at org.apache.catalina.core.StandardServer.start(StandardServer.java:709)
	at org.apache.catalina.startup.Catalina.start(Catalina.java:551)
	at sun.reflect.NativeMethodAccessorImpl.invoke0(Native Method)
	at sun.reflect.NativeMethodAccessorImpl.invoke(NativeMethodAccessorImpl.java:39)
	at sun.reflect.DelegatingMethodAccessorImpl.invoke(DelegatingMethodAccessorImpl.java:25)
	at java.lang.reflect.Method.invoke(Method.java:597)
	at org.apache.catalina.startup.Bootstrap.start(Bootstrap.java:294)
	at org.apache.catalina.startup.Bootstrap.main(Bootstrap.java:432)
2010-11-05 19:57:08,937 [main] INFO  ME2 - 账号统计已启动
2010-11-05 20:04:20,734 [main] INFO  ME2 - me2.server.login.db.DBConnectionPool complete init.
2010-11-05 20:04:22,156 [main] INFO  ME2 - 昵称过滤列表加载完毕
2010-11-05 20:04:22,187 [main] ERROR ME2 - 
java.lang.NullPointerException
	at me2.server.login.util.FixedAccountManager.loadOriginalAccount(FixedAccountManager.java:120)
	at me2.server.login.util.FixedAccountManager.init(FixedAccountManager.java:49)
	at me2.server.login.LoginService.init(LoginService.java:93)
	at loginserver.LoginServlet.init(LoginServlet.java:48)
	at javax.servlet.GenericServlet.init(GenericServlet.java:211)
	at org.apache.catalina.core.StandardWrapper.loadServlet(StandardWrapper.java:1105)
	at org.apache.catalina.core.StandardWrapper.load(StandardWrapper.java:932)
	at org.apache.catalina.core.StandardContext.loadOnStartup(StandardContext.java:3917)
	at org.apache.catalina.core.StandardContext.start(StandardContext.java:4201)
	at org.apache.catalina.core.ContainerBase.addChildInternal(ContainerBase.java:759)
	at org.apache.catalina.core.ContainerBase.addChild(ContainerBase.java:739)
	at org.apache.catalina.core.StandardHost.addChild(StandardHost.java:524)
	at org.apache.catalina.startup.HostConfig.deployDirectory(HostConfig.java:904)
	at org.apache.catalina.startup.HostConfig.deployDirectories(HostConfig.java:867)
	at org.apache.catalina.startup.HostConfig.deployApps(HostConfig.java:474)
	at org.apache.catalina.startup.HostConfig.start(HostConfig.java:1122)
	at org.apache.catalina.startup.HostConfig.lifecycleEvent(HostConfig.java:310)
	at org.apache.catalina.util.LifecycleSupport.fireLifecycleEvent(LifecycleSupport.java:119)
	at org.apache.catalina.core.ContainerBase.start(ContainerBase.java:1021)
	at org.apache.catalina.core.StandardHost.start(StandardHost.java:718)
	at org.apache.catalina.core.ContainerBase.start(ContainerBase.java:1013)
	at org.apache.catalina.core.StandardEngine.start(StandardEngine.java:442)
	at org.apache.catalina.core.StandardService.start(StandardService.java:450)
	at org.apache.catalina.core.StandardServer.start(StandardServer.java:709)
	at org.apache.catalina.startup.Catalina.start(Catalina.java:551)
	at sun.reflect.NativeMethodAccessorImpl.invoke0(Native Method)
	at sun.reflect.NativeMethodAccessorImpl.invoke(NativeMethodAccessorImpl.java:39)
	at sun.reflect.DelegatingMethodAccessorImpl.invoke(DelegatingMethodAccessorImpl.java:25)
	at java.lang.reflect.Method.invoke(Method.java:597)
	at org.apache.catalina.startup.Bootstrap.start(Bootstrap.java:294)
	at org.apache.catalina.startup.Bootstrap.main(Bootstrap.java:432)
2010-11-05 20:04:22,187 [main] ERROR ME2 - 
java.io.IOException: 系统找不到指定的路径。
	at java.io.WinNTFileSystem.createFileExclusively(Native Method)
	at java.io.File.createNewFile(File.java:883)
	at me2.server.login.util.FixedAccountManager.loadInvalidateAccount(FixedAccountManager.java:201)
	at me2.server.login.util.FixedAccountManager.init(FixedAccountManager.java:50)
	at me2.server.login.LoginService.init(LoginService.java:93)
	at loginserver.LoginServlet.init(LoginServlet.java:48)
	at javax.servlet.GenericServlet.init(GenericServlet.java:211)
	at org.apache.catalina.core.StandardWrapper.loadServlet(StandardWrapper.java:1105)
	at org.apache.catalina.core.StandardWrapper.load(StandardWrapper.java:932)
	at org.apache.catalina.core.StandardContext.loadOnStartup(StandardContext.java:3917)
	at org.apache.catalina.core.StandardContext.start(StandardContext.java:4201)
	at org.apache.catalina.core.ContainerBase.addChildInternal(ContainerBase.java:759)
	at org.apache.catalina.core.ContainerBase.addChild(ContainerBase.java:739)
	at org.apache.catalina.core.StandardHost.addChild(StandardHost.java:524)
	at org.apache.catalina.startup.HostConfig.deployDirectory(HostConfig.java:904)
	at org.apache.catalina.startup.HostConfig.deployDirectories(HostConfig.java:867)
	at org.apache.catalina.startup.HostConfig.deployApps(HostConfig.java:474)
	at org.apache.catalina.startup.HostConfig.start(HostConfig.java:1122)
	at org.apache.catalina.startup.HostConfig.lifecycleEvent(HostConfig.java:310)
	at org.apache.catalina.util.LifecycleSupport.fireLifecycleEvent(LifecycleSupport.java:119)
	at org.apache.catalina.core.ContainerBase.start(ContainerBase.java:1021)
	at org.apache.catalina.core.StandardHost.start(StandardHost.java:718)
	at org.apache.catalina.core.ContainerBase.start(ContainerBase.java:1013)
	at org.apache.catalina.core.StandardEngine.start(StandardEngine.java:442)
	at org.apache.catalina.core.StandardService.start(StandardService.java:450)
	at org.apache.catalina.core.StandardServer.start(StandardServer.java:709)
	at org.apache.catalina.startup.Catalina.start(Catalina.java:551)
	at sun.reflect.NativeMethodAccessorImpl.invoke0(Native Method)
	at sun.reflect.NativeMethodAccessorImpl.invoke(NativeMethodAccessorImpl.java:39)
	at sun.reflect.DelegatingMethodAccessorImpl.invoke(DelegatingMethodAccessorImpl.java:25)
	at java.lang.reflect.Method.invoke(Method.java:597)
	at org.apache.catalina.startup.Bootstrap.start(Bootstrap.java:294)
	at org.apache.catalina.startup.Bootstrap.main(Bootstrap.java:432)
2010-11-05 20:04:22,187 [main] INFO  ME2 - 账号统计已启动
2010-11-05 20:06:35,296 [main] INFO  ME2 - me2.server.login.db.DBConnectionPool complete init.
2010-11-05 20:06:37,875 [main] INFO  ME2 - 昵称过滤列表加载完毕
2010-11-05 20:06:38,921 [main] ERROR ME2 - 
java.lang.NullPointerException
	at me2.server.login.util.FixedAccountManager.loadOriginalAccount(FixedAccountManager.java:120)
	at me2.server.login.util.FixedAccountManager.init(FixedAccountManager.java:49)
	at me2.server.login.LoginService.init(LoginService.java:93)
	at loginserver.LoginServlet.init(LoginServlet.java:48)
	at javax.servlet.GenericServlet.init(GenericServlet.java:211)
	at org.apache.catalina.core.StandardWrapper.loadServlet(StandardWrapper.java:1105)
	at org.apache.catalina.core.StandardWrapper.load(StandardWrapper.java:932)
	at org.apache.catalina.core.StandardContext.loadOnStartup(StandardContext.java:3917)
	at org.apache.catalina.core.StandardContext.start(StandardContext.java:4201)
	at org.apache.catalina.core.ContainerBase.addChildInternal(ContainerBase.java:759)
	at org.apache.catalina.core.ContainerBase.addChild(ContainerBase.java:739)
	at org.apache.catalina.core.StandardHost.addChild(StandardHost.java:524)
	at org.apache.catalina.startup.HostConfig.deployDirectory(HostConfig.java:904)
	at org.apache.catalina.startup.HostConfig.deployDirectories(HostConfig.java:867)
	at org.apache.catalina.startup.HostConfig.deployApps(HostConfig.java:474)
	at org.apache.catalina.startup.HostConfig.start(HostConfig.java:1122)
	at org.apache.catalina.startup.HostConfig.lifecycleEvent(HostConfig.java:310)
	at org.apache.catalina.util.LifecycleSupport.fireLifecycleEvent(LifecycleSupport.java:119)
	at org.apache.catalina.core.ContainerBase.start(ContainerBase.java:1021)
	at org.apache.catalina.core.StandardHost.start(StandardHost.java:718)
	at org.apache.catalina.core.ContainerBase.start(ContainerBase.java:1013)
	at org.apache.catalina.core.StandardEngine.start(StandardEngine.java:442)
	at org.apache.catalina.core.StandardService.start(StandardService.java:450)
	at org.apache.catalina.core.StandardServer.start(StandardServer.java:709)
	at org.apache.catalina.startup.Catalina.start(Catalina.java:551)
	at sun.reflect.NativeMethodAccessorImpl.invoke0(Native Method)
	at sun.reflect.NativeMethodAccessorImpl.invoke(NativeMethodAccessorImpl.java:39)
	at sun.reflect.DelegatingMethodAccessorImpl.invoke(DelegatingMethodAccessorImpl.java:25)
	at java.lang.reflect.Method.invoke(Method.java:597)
	at org.apache.catalina.startup.Bootstrap.start(Bootstrap.java:294)
	at org.apache.catalina.startup.Bootstrap.main(Bootstrap.java:432)
2010-11-05 20:06:38,921 [main] ERROR ME2 - 
java.io.IOException: 系统找不到指定的路径。
	at java.io.WinNTFileSystem.createFileExclusively(Native Method)
	at java.io.File.createNewFile(File.java:883)
	at me2.server.login.util.FixedAccountManager.loadInvalidateAccount(FixedAccountManager.java:201)
	at me2.server.login.util.FixedAccountManager.init(FixedAccountManager.java:50)
	at me2.server.login.LoginService.init(LoginService.java:93)
	at loginserver.LoginServlet.init(LoginServlet.java:48)
	at javax.servlet.GenericServlet.init(GenericServlet.java:211)
	at org.apache.catalina.core.StandardWrapper.loadServlet(StandardWrapper.java:1105)
	at org.apache.catalina.core.StandardWrapper.load(StandardWrapper.java:932)
	at org.apache.catalina.core.StandardContext.loadOnStartup(StandardContext.java:3917)
	at org.apache.catalina.core.StandardContext.start(StandardContext.java:4201)
	at org.apache.catalina.core.ContainerBase.addChildInternal(ContainerBase.java:759)
	at org.apache.catalina.core.ContainerBase.addChild(ContainerBase.java:739)
	at org.apache.catalina.core.StandardHost.addChild(StandardHost.java:524)
	at org.apache.catalina.startup.HostConfig.deployDirectory(HostConfig.java:904)
	at org.apache.catalina.startup.HostConfig.deployDirectories(HostConfig.java:867)
	at org.apache.catalina.startup.HostConfig.deployApps(HostConfig.java:474)
	at org.apache.catalina.startup.HostConfig.start(HostConfig.java:1122)
	at org.apache.catalina.startup.HostConfig.lifecycleEvent(HostConfig.java:310)
	at org.apache.catalina.util.LifecycleSupport.fireLifecycleEvent(LifecycleSupport.java:119)
	at org.apache.catalina.core.ContainerBase.start(ContainerBase.java:1021)
	at org.apache.catalina.core.StandardHost.start(StandardHost.java:718)
	at org.apache.catalina.core.ContainerBase.start(ContainerBase.java:1013)
	at org.apache.catalina.core.StandardEngine.start(StandardEngine.java:442)
	at org.apache.catalina.core.StandardService.start(StandardService.java:450)
	at org.apache.catalina.core.StandardServer.start(StandardServer.java:709)
	at org.apache.catalina.startup.Catalina.start(Catalina.java:551)
	at sun.reflect.NativeMethodAccessorImpl.invoke0(Native Method)
	at sun.reflect.NativeMethodAccessorImpl.invoke(NativeMethodAccessorImpl.java:39)
	at sun.reflect.DelegatingMethodAccessorImpl.invoke(DelegatingMethodAccessorImpl.java:25)
	at java.lang.reflect.Method.invoke(Method.java:597)
	at org.apache.catalina.startup.Bootstrap.start(Bootstrap.java:294)
	at org.apache.catalina.startup.Bootstrap.main(Bootstrap.java:432)
2010-11-05 20:06:38,921 [main] INFO  ME2 - 账号统计已启动
2010-11-05 20:06:49,484 [main] INFO  ME2 - me2.server.login.db.DBConnectionPool complete init.
2010-11-05 20:06:51,046 [main] INFO  ME2 - 昵称过滤列表加载完毕
2010-11-05 20:06:51,062 [main] ERROR ME2 - 
java.lang.NullPointerException
	at me2.server.login.util.FixedAccountManager.loadOriginalAccount(FixedAccountManager.java:120)
	at me2.server.login.util.FixedAccountManager.init(FixedAccountManager.java:49)
	at me2.server.login.LoginService.init(LoginService.java:93)
	at loginserver.LoginServlet.init(LoginServlet.java:48)
	at javax.servlet.GenericServlet.init(GenericServlet.java:211)
	at org.apache.catalina.core.StandardWrapper.loadServlet(StandardWrapper.java:1105)
	at org.apache.catalina.core.StandardWrapper.load(StandardWrapper.java:932)
	at org.apache.catalina.core.StandardContext.loadOnStartup(StandardContext.java:3917)
	at org.apache.catalina.core.StandardContext.start(StandardContext.java:4201)
	at org.apache.catalina.core.ContainerBase.addChildInternal(ContainerBase.java:759)
	at org.apache.catalina.core.ContainerBase.addChild(ContainerBase.java:739)
	at org.apache.catalina.core.StandardHost.addChild(StandardHost.java:524)
	at org.apache.catalina.startup.HostConfig.deployDirectory(HostConfig.java:904)
	at org.apache.catalina.startup.HostConfig.deployDirectories(HostConfig.java:867)
	at org.apache.catalina.startup.HostConfig.deployApps(HostConfig.java:474)
	at org.apache.catalina.startup.HostConfig.start(HostConfig.java:1122)
	at org.apache.catalina.startup.HostConfig.lifecycleEvent(HostConfig.java:310)
	at org.apache.catalina.util.LifecycleSupport.fireLifecycleEvent(LifecycleSupport.java:119)
	at org.apache.catalina.core.ContainerBase.start(ContainerBase.java:1021)
	at org.apache.catalina.core.StandardHost.start(StandardHost.java:718)
	at org.apache.catalina.core.ContainerBase.start(ContainerBase.java:1013)
	at org.apache.catalina.core.StandardEngine.start(StandardEngine.java:442)
	at org.apache.catalina.core.StandardService.start(StandardService.java:450)
	at org.apache.catalina.core.StandardServer.start(StandardServer.java:709)
	at org.apache.catalina.startup.Catalina.start(Catalina.java:551)
	at sun.reflect.NativeMethodAccessorImpl.invoke0(Native Method)
	at sun.reflect.NativeMethodAccessorImpl.invoke(NativeMethodAccessorImpl.java:39)
	at sun.reflect.DelegatingMethodAccessorImpl.invoke(DelegatingMethodAccessorImpl.java:25)
	at java.lang.reflect.Method.invoke(Method.java:597)
	at org.apache.catalina.startup.Bootstrap.start(Bootstrap.java:294)
	at org.apache.catalina.startup.Bootstrap.main(Bootstrap.java:432)
2010-11-05 20:06:51,093 [main] ERROR ME2 - 
java.io.IOException: 系统找不到指定的路径。
	at java.io.WinNTFileSystem.createFileExclusively(Native Method)
	at java.io.File.createNewFile(File.java:883)
	at me2.server.login.util.FixedAccountManager.loadInvalidateAccount(FixedAccountManager.java:201)
	at me2.server.login.util.FixedAccountManager.init(FixedAccountManager.java:50)
	at me2.server.login.LoginService.init(LoginService.java:93)
	at loginserver.LoginServlet.init(LoginServlet.java:48)
	at javax.servlet.GenericServlet.init(GenericServlet.java:211)
	at org.apache.catalina.core.StandardWrapper.loadServlet(StandardWrapper.java:1105)
	at org.apache.catalina.core.StandardWrapper.load(StandardWrapper.java:932)
	at org.apache.catalina.core.StandardContext.loadOnStartup(StandardContext.java:3917)
	at org.apache.catalina.core.StandardContext.start(StandardContext.java:4201)
	at org.apache.catalina.core.ContainerBase.addChildInternal(ContainerBase.java:759)
	at org.apache.catalina.core.ContainerBase.addChild(ContainerBase.java:739)
	at org.apache.catalina.core.StandardHost.addChild(StandardHost.java:524)
	at org.apache.catalina.startup.HostConfig.deployDirectory(HostConfig.java:904)
	at org.apache.catalina.startup.HostConfig.deployDirectories(HostConfig.java:867)
	at org.apache.catalina.startup.HostConfig.deployApps(HostConfig.java:474)
	at org.apache.catalina.startup.HostConfig.start(HostConfig.java:1122)
	at org.apache.catalina.startup.HostConfig.lifecycleEvent(HostConfig.java:310)
	at org.apache.catalina.util.LifecycleSupport.fireLifecycleEvent(LifecycleSupport.java:119)
	at org.apache.catalina.core.ContainerBase.start(ContainerBase.java:1021)
	at org.apache.catalina.core.StandardHost.start(StandardHost.java:718)
	at org.apache.catalina.core.ContainerBase.start(ContainerBase.java:1013)
	at org.apache.catalina.core.StandardEngine.start(StandardEngine.java:442)
	at org.apache.catalina.core.StandardService.start(StandardService.java:450)
	at org.apache.catalina.core.StandardServer.start(StandardServer.java:709)
	at org.apache.catalina.startup.Catalina.start(Catalina.java:551)
	at sun.reflect.NativeMethodAccessorImpl.invoke0(Native Method)
	at sun.reflect.NativeMethodAccessorImpl.invoke(NativeMethodAccessorImpl.java:39)
	at sun.reflect.DelegatingMethodAccessorImpl.invoke(DelegatingMethodAccessorImpl.java:25)
	at java.lang.reflect.Method.invoke(Method.java:597)
	at org.apache.catalina.startup.Bootstrap.start(Bootstrap.java:294)
	at org.apache.catalina.startup.Bootstrap.main(Bootstrap.java:432)
2010-11-05 20:06:51,093 [main] INFO  ME2 - 账号统计已启动
2010-11-05 20:59:55,593 [main] INFO  ME2 - me2.server.login.db.DBConnectionPool complete init.
2010-11-05 20:59:56,937 [main] INFO  ME2 - 昵称过滤列表加载完毕
2010-11-05 20:59:56,953 [main] ERROR ME2 - 
java.lang.NullPointerException
	at me2.server.login.util.FixedAccountManager.loadOriginalAccount(FixedAccountManager.java:120)
	at me2.server.login.util.FixedAccountManager.init(FixedAccountManager.java:49)
	at me2.server.login.LoginService.init(LoginService.java:93)
	at loginserver.LoginServlet.init(LoginServlet.java:48)
	at javax.servlet.GenericServlet.init(GenericServlet.java:211)
	at org.apache.catalina.core.StandardWrapper.loadServlet(StandardWrapper.java:1105)
	at org.apache.catalina.core.StandardWrapper.load(StandardWrapper.java:932)
	at org.apache.catalina.core.StandardContext.loadOnStartup(StandardContext.java:3917)
	at org.apache.catalina.core.StandardContext.start(StandardContext.java:4201)
	at org.apache.catalina.core.ContainerBase.addChildInternal(ContainerBase.java:759)
	at org.apache.catalina.core.ContainerBase.addChild(ContainerBase.java:739)
	at org.apache.catalina.core.StandardHost.addChild(StandardHost.java:524)
	at org.apache.catalina.startup.HostConfig.deployDirectory(HostConfig.java:904)
	at org.apache.catalina.startup.HostConfig.deployDirectories(HostConfig.java:867)
	at org.apache.catalina.startup.HostConfig.deployApps(HostConfig.java:474)
	at org.apache.catalina.startup.HostConfig.start(HostConfig.java:1122)
	at org.apache.catalina.startup.HostConfig.lifecycleEvent(HostConfig.java:310)
	at org.apache.catalina.util.LifecycleSupport.fireLifecycleEvent(LifecycleSupport.java:119)
	at org.apache.catalina.core.ContainerBase.start(ContainerBase.java:1021)
	at org.apache.catalina.core.StandardHost.start(StandardHost.java:718)
	at org.apache.catalina.core.ContainerBase.start(ContainerBase.java:1013)
	at org.apache.catalina.core.StandardEngine.start(StandardEngine.java:442)
	at org.apache.catalina.core.StandardService.start(StandardService.java:450)
	at org.apache.catalina.core.StandardServer.start(StandardServer.java:709)
	at org.apache.catalina.startup.Catalina.start(Catalina.java:551)
	at sun.reflect.NativeMethodAccessorImpl.invoke0(Native Method)
	at sun.reflect.NativeMethodAccessorImpl.invoke(NativeMethodAccessorImpl.java:39)
	at sun.reflect.DelegatingMethodAccessorImpl.invoke(DelegatingMethodAccessorImpl.java:25)
	at java.lang.reflect.Method.invoke(Method.java:597)
	at org.apache.catalina.startup.Bootstrap.start(Bootstrap.java:294)
	at org.apache.catalina.startup.Bootstrap.main(Bootstrap.java:432)
2010-11-05 20:59:56,953 [main] ERROR ME2 - 
java.io.IOException: 系统找不到指定的路径。
	at java.io.WinNTFileSystem.createFileExclusively(Native Method)
	at java.io.File.createNewFile(File.java:883)
	at me2.server.login.util.FixedAccountManager.loadInvalidateAccount(FixedAccountManager.java:201)
	at me2.server.login.util.FixedAccountManager.init(FixedAccountManager.java:50)
	at me2.server.login.LoginService.init(LoginService.java:93)
	at loginserver.LoginServlet.init(LoginServlet.java:48)
	at javax.servlet.GenericServlet.init(GenericServlet.java:211)
	at org.apache.catalina.core.StandardWrapper.loadServlet(StandardWrapper.java:1105)
	at org.apache.catalina.core.StandardWrapper.load(StandardWrapper.java:932)
	at org.apache.catalina.core.StandardContext.loadOnStartup(StandardContext.java:3917)
	at org.apache.catalina.core.StandardContext.start(StandardContext.java:4201)
	at org.apache.catalina.core.ContainerBase.addChildInternal(ContainerBase.java:759)
	at org.apache.catalina.core.ContainerBase.addChild(ContainerBase.java:739)
	at org.apache.catalina.core.StandardHost.addChild(StandardHost.java:524)
	at org.apache.catalina.startup.HostConfig.deployDirectory(HostConfig.java:904)
	at org.apache.catalina.startup.HostConfig.deployDirectories(HostConfig.java:867)
	at org.apache.catalina.startup.HostConfig.deployApps(HostConfig.java:474)
	at org.apache.catalina.startup.HostConfig.start(HostConfig.java:1122)
	at org.apache.catalina.startup.HostConfig.lifecycleEvent(HostConfig.java:310)
	at org.apache.catalina.util.LifecycleSupport.fireLifecycleEvent(LifecycleSupport.java:119)
	at org.apache.catalina.core.ContainerBase.start(ContainerBase.java:1021)
	at org.apache.catalina.core.StandardHost.start(StandardHost.java:718)
	at org.apache.catalina.core.ContainerBase.start(ContainerBase.java:1013)
	at org.apache.catalina.core.StandardEngine.start(StandardEngine.java:442)
	at org.apache.catalina.core.StandardService.start(StandardService.java:450)
	at org.apache.catalina.core.StandardServer.start(StandardServer.java:709)
	at org.apache.catalina.startup.Catalina.start(Catalina.java:551)
	at sun.reflect.NativeMethodAccessorImpl.invoke0(Native Method)
	at sun.reflect.NativeMethodAccessorImpl.invoke(NativeMethodAccessorImpl.java:39)
	at sun.reflect.DelegatingMethodAccessorImpl.invoke(DelegatingMethodAccessorImpl.java:25)
	at java.lang.reflect.Method.invoke(Method.java:597)
	at org.apache.catalina.startup.Bootstrap.start(Bootstrap.java:294)
	at org.apache.catalina.startup.Bootstrap.main(Bootstrap.java:432)
2010-11-05 20:59:56,953 [main] INFO  ME2 - 账号统计已启动
2010-11-07 12:59:31,453 [main] INFO  ME2 - me2.server.login.db.DBConnectionPool complete init.
2010-11-07 13:00:13,984 [main] INFO  ME2 - 昵称过滤列表加载完毕
2010-11-07 13:00:14,031 [main] ERROR ME2 - 
java.lang.NullPointerException
	at me2.server.login.util.FixedAccountManager.loadOriginalAccount(FixedAccountManager.java:120)
	at me2.server.login.util.FixedAccountManager.init(FixedAccountManager.java:49)
	at me2.server.login.LoginService.init(LoginService.java:93)
	at loginserver.LoginServlet.init(LoginServlet.java:48)
	at javax.servlet.GenericServlet.init(GenericServlet.java:211)
	at org.apache.catalina.core.StandardWrapper.loadServlet(StandardWrapper.java:1105)
	at org.apache.catalina.core.StandardWrapper.load(StandardWrapper.java:932)
	at org.apache.catalina.core.StandardContext.loadOnStartup(StandardContext.java:3917)
	at org.apache.catalina.core.StandardContext.start(StandardContext.java:4201)
	at org.apache.catalina.core.ContainerBase.addChildInternal(ContainerBase.java:759)
	at org.apache.catalina.core.ContainerBase.addChild(ContainerBase.java:739)
	at org.apache.catalina.core.StandardHost.addChild(StandardHost.java:524)
	at org.apache.catalina.startup.HostConfig.deployDirectory(HostConfig.java:904)
	at org.apache.catalina.startup.HostConfig.deployDirectories(HostConfig.java:867)
	at org.apache.catalina.startup.HostConfig.deployApps(HostConfig.java:474)
	at org.apache.catalina.startup.HostConfig.start(HostConfig.java:1122)
	at org.apache.catalina.startup.HostConfig.lifecycleEvent(HostConfig.java:310)
	at org.apache.catalina.util.LifecycleSupport.fireLifecycleEvent(LifecycleSupport.java:119)
	at org.apache.catalina.core.ContainerBase.start(ContainerBase.java:1021)
	at org.apache.catalina.core.StandardHost.start(StandardHost.java:718)
	at org.apache.catalina.core.ContainerBase.start(ContainerBase.java:1013)
	at org.apache.catalina.core.StandardEngine.start(StandardEngine.java:442)
	at org.apache.catalina.core.StandardService.start(StandardService.java:450)
	at org.apache.catalina.core.StandardServer.start(StandardServer.java:709)
	at org.apache.catalina.startup.Catalina.start(Catalina.java:551)
	at sun.reflect.NativeMethodAccessorImpl.invoke0(Native Method)
	at sun.reflect.NativeMethodAccessorImpl.invoke(NativeMethodAccessorImpl.java:39)
	at sun.reflect.DelegatingMethodAccessorImpl.invoke(DelegatingMethodAccessorImpl.java:25)
	at java.lang.reflect.Method.invoke(Method.java:597)
	at org.apache.catalina.startup.Bootstrap.start(Bootstrap.java:294)
	at org.apache.catalina.startup.Bootstrap.main(Bootstrap.java:432)
2010-11-07 13:00:14,031 [main] ERROR ME2 - 
java.io.IOException: 系统找不到指定的路径。
	at java.io.WinNTFileSystem.createFileExclusively(Native Method)
	at java.io.File.createNewFile(File.java:883)
	at me2.server.login.util.FixedAccountManager.loadInvalidateAccount(FixedAccountManager.java:201)
	at me2.server.login.util.FixedAccountManager.init(FixedAccountManager.java:50)
	at me2.server.login.LoginService.init(LoginService.java:93)
	at loginserver.LoginServlet.init(LoginServlet.java:48)
	at javax.servlet.GenericServlet.init(GenericServlet.java:211)
	at org.apache.catalina.core.StandardWrapper.loadServlet(StandardWrapper.java:1105)
	at org.apache.catalina.core.StandardWrapper.load(StandardWrapper.java:932)
	at org.apache.catalina.core.StandardContext.loadOnStartup(StandardContext.java:3917)
	at org.apache.catalina.core.StandardContext.start(StandardContext.java:4201)
	at org.apache.catalina.core.ContainerBase.addChildInternal(ContainerBase.java:759)
	at org.apache.catalina.core.ContainerBase.addChild(ContainerBase.java:739)
	at org.apache.catalina.core.StandardHost.addChild(StandardHost.java:524)
	at org.apache.catalina.startup.HostConfig.deployDirectory(HostConfig.java:904)
	at org.apache.catalina.startup.HostConfig.deployDirectories(HostConfig.java:867)
	at org.apache.catalina.startup.HostConfig.deployApps(HostConfig.java:474)
	at org.apache.catalina.startup.HostConfig.start(HostConfig.java:1122)
	at org.apache.catalina.startup.HostConfig.lifecycleEvent(HostConfig.java:310)
	at org.apache.catalina.util.LifecycleSupport.fireLifecycleEvent(LifecycleSupport.java:119)
	at org.apache.catalina.core.ContainerBase.start(ContainerBase.java:1021)
	at org.apache.catalina.core.StandardHost.start(StandardHost.java:718)
	at org.apache.catalina.core.ContainerBase.start(ContainerBase.java:1013)
	at org.apache.catalina.core.StandardEngine.start(StandardEngine.java:442)
	at org.apache.catalina.core.StandardService.start(StandardService.java:450)
	at org.apache.catalina.core.StandardServer.start(StandardServer.java:709)
	at org.apache.catalina.startup.Catalina.start(Catalina.java:551)
	at sun.reflect.NativeMethodAccessorImpl.invoke0(Native Method)
	at sun.reflect.NativeMethodAccessorImpl.invoke(NativeMethodAccessorImpl.java:39)
	at sun.reflect.DelegatingMethodAccessorImpl.invoke(DelegatingMethodAccessorImpl.java:25)
	at java.lang.reflect.Method.invoke(Method.java:597)
	at org.apache.catalina.startup.Bootstrap.start(Bootstrap.java:294)
	at org.apache.catalina.startup.Bootstrap.main(Bootstrap.java:432)
2010-11-07 13:00:14,031 [main] INFO  ME2 - 账号统计已启动
2010-11-07 13:03:12,906 [main] INFO  ME2 - me2.server.login.db.DBConnectionPool complete init.
2010-11-07 13:03:35,234 [main] INFO  ME2 - 昵称过滤列表加载完毕
2010-11-07 13:03:35,250 [main] ERROR ME2 - 
java.lang.NullPointerException
	at me2.server.login.util.FixedAccountManager.loadOriginalAccount(FixedAccountManager.java:120)
	at me2.server.login.util.FixedAccountManager.init(FixedAccountManager.java:49)
	at me2.server.login.LoginService.init(LoginService.java:93)
	at loginserver.LoginServlet.init(LoginServlet.java:48)
	at javax.servlet.GenericServlet.init(GenericServlet.java:211)
	at org.apache.catalina.core.StandardWrapper.loadServlet(StandardWrapper.java:1105)
	at org.apache.catalina.core.StandardWrapper.load(StandardWrapper.java:932)
	at org.apache.catalina.core.StandardContext.loadOnStartup(StandardContext.java:3917)
	at org.apache.catalina.core.StandardContext.start(StandardContext.java:4201)
	at org.apache.catalina.core.ContainerBase.addChildInternal(ContainerBase.java:759)
	at org.apache.catalina.core.ContainerBase.addChild(ContainerBase.java:739)
	at org.apache.catalina.core.StandardHost.addChild(StandardHost.java:524)
	at org.apache.catalina.startup.HostConfig.deployDirectory(HostConfig.java:904)
	at org.apache.catalina.startup.HostConfig.deployDirectories(HostConfig.java:867)
	at org.apache.catalina.startup.HostConfig.deployApps(HostConfig.java:474)
	at org.apache.catalina.startup.HostConfig.start(HostConfig.java:1122)
	at org.apache.catalina.startup.HostConfig.lifecycleEvent(HostConfig.java:310)
	at org.apache.catalina.util.LifecycleSupport.fireLifecycleEvent(LifecycleSupport.java:119)
	at org.apache.catalina.core.ContainerBase.start(ContainerBase.java:1021)
	at org.apache.catalina.core.StandardHost.start(StandardHost.java:718)
	at org.apache.catalina.core.ContainerBase.start(ContainerBase.java:1013)
	at org.apache.catalina.core.StandardEngine.start(StandardEngine.java:442)
	at org.apache.catalina.core.StandardService.start(StandardService.java:450)
	at org.apache.catalina.core.StandardServer.start(StandardServer.java:709)
	at org.apache.catalina.startup.Catalina.start(Catalina.java:551)
	at sun.reflect.NativeMethodAccessorImpl.invoke0(Native Method)
	at sun.reflect.NativeMethodAccessorImpl.invoke(NativeMethodAccessorImpl.java:39)
	at sun.reflect.DelegatingMethodAccessorImpl.invoke(DelegatingMethodAccessorImpl.java:25)
	at java.lang.reflect.Method.invoke(Method.java:597)
	at org.apache.catalina.startup.Bootstrap.start(Bootstrap.java:294)
	at org.apache.catalina.startup.Bootstrap.main(Bootstrap.java:432)
2010-11-07 13:03:35,250 [main] ERROR ME2 - 
java.io.IOException: 系统找不到指定的路径。
	at java.io.WinNTFileSystem.createFileExclusively(Native Method)
	at java.io.File.createNewFile(File.java:883)
	at me2.server.login.util.FixedAccountManager.loadInvalidateAccount(FixedAccountManager.java:201)
	at me2.server.login.util.FixedAccountManager.init(FixedAccountManager.java:50)
	at me2.server.login.LoginService.init(LoginService.java:93)
	at loginserver.LoginServlet.init(LoginServlet.java:48)
	at javax.servlet.GenericServlet.init(GenericServlet.java:211)
	at org.apache.catalina.core.StandardWrapper.loadServlet(StandardWrapper.java:1105)
	at org.apache.catalina.core.StandardWrapper.load(StandardWrapper.java:932)
	at org.apache.catalina.core.StandardContext.loadOnStartup(StandardContext.java:3917)
	at org.apache.catalina.core.StandardContext.start(StandardContext.java:4201)
	at org.apache.catalina.core.ContainerBase.addChildInternal(ContainerBase.java:759)
	at org.apache.catalina.core.ContainerBase.addChild(ContainerBase.java:739)
	at org.apache.catalina.core.StandardHost.addChild(StandardHost.java:524)
	at org.apache.catalina.startup.HostConfig.deployDirectory(HostConfig.java:904)
	at org.apache.catalina.startup.HostConfig.deployDirectories(HostConfig.java:867)
	at org.apache.catalina.startup.HostConfig.deployApps(HostConfig.java:474)
	at org.apache.catalina.startup.HostConfig.start(HostConfig.java:1122)
	at org.apache.catalina.startup.HostConfig.lifecycleEvent(HostConfig.java:310)
	at org.apache.catalina.util.LifecycleSupport.fireLifecycleEvent(LifecycleSupport.java:119)
	at org.apache.catalina.core.ContainerBase.start(ContainerBase.java:1021)
	at org.apache.catalina.core.StandardHost.start(StandardHost.java:718)
	at org.apache.catalina.core.ContainerBase.start(ContainerBase.java:1013)
	at org.apache.catalina.core.StandardEngine.start(StandardEngine.java:442)
	at org.apache.catalina.core.StandardService.start(StandardService.java:450)
	at org.apache.catalina.core.StandardServer.start(StandardServer.java:709)
	at org.apache.catalina.startup.Catalina.start(Catalina.java:551)
	at sun.reflect.NativeMethodAccessorImpl.invoke0(Native Method)
	at sun.reflect.NativeMethodAccessorImpl.invoke(NativeMethodAccessorImpl.java:39)
	at sun.reflect.DelegatingMethodAccessorImpl.invoke(DelegatingMethodAccessorImpl.java:25)
	at java.lang.reflect.Method.invoke(Method.java:597)
	at org.apache.catalina.startup.Bootstrap.start(Bootstrap.java:294)
	at org.apache.catalina.startup.Bootstrap.main(Bootstrap.java:432)
2010-11-07 13:03:35,250 [main] INFO  ME2 - 账号统计已启动
2010-11-07 16:06:42,421 [http-7000-Processor23] ERROR ME2 - 
me2.server.login.GameServerDownException: 服务器已关闭
	at me2.server.login.GameService.createSession(GameService.java:251)
	at me2.server.login.LoginService.enterGame(LoginService.java:1569)
	at me2.server.login.LoginService.process(LoginService.java:304)
	at loginserver.LoginServlet.doGet(LoginServlet.java:29)
	at javax.servlet.http.HttpServlet.service(HttpServlet.java:689)
	at javax.servlet.http.HttpServlet.service(HttpServlet.java:802)
	at org.apache.catalina.core.ApplicationFilterChain.internalDoFilter(ApplicationFilterChain.java:252)
	at org.apache.catalina.core.ApplicationFilterChain.doFilter(ApplicationFilterChain.java:173)
	at org.apache.catalina.core.StandardWrapperValve.invoke(StandardWrapperValve.java:213)
	at org.apache.catalina.core.StandardContextValve.invoke(StandardContextValve.java:178)
	at org.apache.catalina.core.StandardHostValve.invoke(StandardHostValve.java:126)
	at org.apache.catalina.valves.ErrorReportValve.invoke(ErrorReportValve.java:105)
	at org.apache.catalina.core.StandardEngineValve.invoke(StandardEngineValve.java:107)
	at org.apache.catalina.connector.CoyoteAdapter.service(CoyoteAdapter.java:148)
	at org.apache.coyote.http11.Http11Processor.process(Http11Processor.java:869)
	at org.apache.coyote.http11.Http11BaseProtocol$Http11ConnectionHandler.processConnection(Http11BaseProtocol.java:664)
	at org.apache.tomcat.util.net.PoolTcpEndpoint.processSocket(PoolTcpEndpoint.java:527)
	at org.apache.tomcat.util.net.LeaderFollowerWorkerThread.runIt(LeaderFollowerWorkerThread.java:80)
	at org.apache.tomcat.util.threads.ThreadPool$ControlRunnable.run(ThreadPool.java:684)
	at java.lang.Thread.run(Thread.java:619)
2010-11-07 16:06:42,421 [http-7000-Processor23] INFO  ME2 - response is null
2010-11-07 16:07:10,421 [http-7000-Processor24] ERROR ME2 - 
me2.server.login.GameServerDownException: 服务器已关闭
	at me2.server.login.GameService.getRoleList(GameService.java:150)
	at me2.server.login.LoginService.getRoleList(LoginService.java:1361)
	at me2.server.login.LoginService.selectServer(LoginService.java:1173)
	at me2.server.login.LoginService.process(LoginService.java:264)
	at loginserver.LoginServlet.doGet(LoginServlet.java:29)
	at javax.servlet.http.HttpServlet.service(HttpServlet.java:689)
	at javax.servlet.http.HttpServlet.service(HttpServlet.java:802)
	at org.apache.catalina.core.ApplicationFilterChain.internalDoFilter(ApplicationFilterChain.java:252)
	at org.apache.catalina.core.ApplicationFilterChain.doFilter(ApplicationFilterChain.java:173)
	at org.apache.catalina.core.StandardWrapperValve.invoke(StandardWrapperValve.java:213)
	at org.apache.catalina.core.StandardContextValve.invoke(StandardContextValve.java:178)
	at org.apache.catalina.core.StandardHostValve.invoke(StandardHostValve.java:126)
	at org.apache.catalina.valves.ErrorReportValve.invoke(ErrorReportValve.java:105)
	at org.apache.catalina.core.StandardEngineValve.invoke(StandardEngineValve.java:107)
	at org.apache.catalina.connector.CoyoteAdapter.service(CoyoteAdapter.java:148)
	at org.apache.coyote.http11.Http11Processor.process(Http11Processor.java:869)
	at org.apache.coyote.http11.Http11BaseProtocol$Http11ConnectionHandler.processConnection(Http11BaseProtocol.java:664)
	at org.apache.tomcat.util.net.PoolTcpEndpoint.processSocket(PoolTcpEndpoint.java:527)
	at org.apache.tomcat.util.net.LeaderFollowerWorkerThread.runIt(LeaderFollowerWorkerThread.java:80)
	at org.apache.tomcat.util.threads.ThreadPool$ControlRunnable.run(ThreadPool.java:684)
	at java.lang.Thread.run(Thread.java:619)
2010-11-07 16:07:10,421 [http-7000-Processor24] INFO  ME2 - response is null
2010-11-07 16:18:07,156 [http-7000-Processor25] ERROR ME2 - 
com.mysql.jdbc.exceptions.MySQLIntegrityConstraintViolationException: Duplicate entry '19830608' for key 2
	at com.mysql.jdbc.SQLError.createSQLException(SQLError.java:931)
	at com.mysql.jdbc.MysqlIO.checkErrorPacket(MysqlIO.java:2870)
	at com.mysql.jdbc.MysqlIO.sendCommand(MysqlIO.java:1573)
	at com.mysql.jdbc.ServerPreparedStatement.serverExecute(ServerPreparedStatement.java:1160)
	at com.mysql.jdbc.ServerPreparedStatement.executeInternal(ServerPreparedStatement.java:685)
	at com.mysql.jdbc.PreparedStatement.executeUpdate(PreparedStatement.java:1400)
	at com.mysql.jdbc.PreparedStatement.executeUpdate(PreparedStatement.java:1314)
	at com.mysql.jdbc.PreparedStatement.executeUpdate(PreparedStatement.java:1299)
	at sun.reflect.NativeMethodAccessorImpl.invoke0(Native Method)
	at sun.reflect.NativeMethodAccessorImpl.invoke(NativeMethodAccessorImpl.java:39)
	at sun.reflect.DelegatingMethodAccessorImpl.invoke(DelegatingMethodAccessorImpl.java:25)
	at java.lang.reflect.Method.invoke(Method.java:597)
	at org.logicalcobwebs.proxool.ProxyStatement.invoke(ProxyStatement.java:100)
	at org.logicalcobwebs.proxool.ProxyStatement.intercept(ProxyStatement.java:57)
	at $java.sql.PreparedStatement$$EnhancerByProxool$$fb1357e3.executeUpdate(<generated>)
	at me2.server.login.db.LoginDAO.registeAccount(LoginDAO.java:191)
	at me2.server.login.LoginService.registeAccount(LoginService.java:727)
	at me2.server.login.LoginService.process(LoginService.java:187)
	at loginserver.LoginServlet.doGet(LoginServlet.java:29)
	at javax.servlet.http.HttpServlet.service(HttpServlet.java:689)
	at javax.servlet.http.HttpServlet.service(HttpServlet.java:802)
	at org.apache.catalina.core.ApplicationFilterChain.internalDoFilter(ApplicationFilterChain.java:252)
	at org.apache.catalina.core.ApplicationFilterChain.doFilter(ApplicationFilterChain.java:173)
	at org.apache.catalina.core.StandardWrapperValve.invoke(StandardWrapperValve.java:213)
	at org.apache.catalina.core.StandardContextValve.invoke(StandardContextValve.java:178)
	at org.apache.catalina.core.StandardHostValve.invoke(StandardHostValve.java:126)
	at org.apache.catalina.valves.ErrorReportValve.invoke(ErrorReportValve.java:105)
	at org.apache.catalina.core.StandardEngineValve.invoke(StandardEngineValve.java:107)
	at org.apache.catalina.connector.CoyoteAdapter.service(CoyoteAdapter.java:148)
	at org.apache.coyote.http11.Http11Processor.process(Http11Processor.java:869)
	at org.apache.coyote.http11.Http11BaseProtocol$Http11ConnectionHandler.processConnection(Http11BaseProtocol.java:664)
	at org.apache.tomcat.util.net.PoolTcpEndpoint.processSocket(PoolTcpEndpoint.java:527)
	at org.apache.tomcat.util.net.LeaderFollowerWorkerThread.runIt(LeaderFollowerWorkerThread.java:80)
	at org.apache.tomcat.util.threads.ThreadPool$ControlRunnable.run(ThreadPool.java:684)
	at java.lang.Thread.run(Thread.java:619)
2010-11-07 16:18:07,187 [http-7000-Processor24] ERROR ME2 - 
com.mysql.jdbc.exceptions.MySQLIntegrityConstraintViolationException: Duplicate entry '19830608' for key 2
	at com.mysql.jdbc.SQLError.createSQLException(SQLError.java:931)
	at com.mysql.jdbc.MysqlIO.checkErrorPacket(MysqlIO.java:2870)
	at com.mysql.jdbc.MysqlIO.sendCommand(MysqlIO.java:1573)
	at com.mysql.jdbc.ServerPreparedStatement.serverExecute(ServerPreparedStatement.java:1160)
	at com.mysql.jdbc.ServerPreparedStatement.executeInternal(ServerPreparedStatement.java:685)
	at com.mysql.jdbc.PreparedStatement.executeUpdate(PreparedStatement.java:1400)
	at com.mysql.jdbc.PreparedStatement.executeUpdate(PreparedStatement.java:1314)
	at com.mysql.jdbc.PreparedStatement.executeUpdate(PreparedStatement.java:1299)
	at sun.reflect.NativeMethodAccessorImpl.invoke0(Native Method)
	at sun.reflect.NativeMethodAccessorImpl.invoke(NativeMethodAccessorImpl.java:39)
	at sun.reflect.DelegatingMethodAccessorImpl.invoke(DelegatingMethodAccessorImpl.java:25)
	at java.lang.reflect.Method.invoke(Method.java:597)
	at org.logicalcobwebs.proxool.ProxyStatement.invoke(ProxyStatement.java:100)
	at org.logicalcobwebs.proxool.ProxyStatement.intercept(ProxyStatement.java:57)
	at $java.sql.PreparedStatement$$EnhancerByProxool$$fb1357e3.executeUpdate(<generated>)
	at me2.server.login.db.LoginDAO.registeAccount(LoginDAO.java:191)
	at me2.server.login.LoginService.registeAccount(LoginService.java:727)
	at me2.server.login.LoginService.process(LoginService.java:187)
	at loginserver.LoginServlet.doGet(LoginServlet.java:29)
	at javax.servlet.http.HttpServlet.service(HttpServlet.java:689)
	at javax.servlet.http.HttpServlet.service(HttpServlet.java:802)
	at org.apache.catalina.core.ApplicationFilterChain.internalDoFilter(ApplicationFilterChain.java:252)
	at org.apache.catalina.core.ApplicationFilterChain.doFilter(ApplicationFilterChain.java:173)
	at org.apache.catalina.core.StandardWrapperValve.invoke(StandardWrapperValve.java:213)
	at org.apache.catalina.core.StandardContextValve.invoke(StandardContextValve.java:178)
	at org.apache.catalina.core.StandardHostValve.invoke(StandardHostValve.java:126)
	at org.apache.catalina.valves.ErrorReportValve.invoke(ErrorReportValve.java:105)
	at org.apache.catalina.core.StandardEngineValve.invoke(StandardEngineValve.java:107)
	at org.apache.catalina.connector.CoyoteAdapter.service(CoyoteAdapter.java:148)
	at org.apache.coyote.http11.Http11Processor.process(Http11Processor.java:869)
	at org.apache.coyote.http11.Http11BaseProtocol$Http11ConnectionHandler.processConnection(Http11BaseProtocol.java:664)
	at org.apache.tomcat.util.net.PoolTcpEndpoint.processSocket(PoolTcpEndpoint.java:527)
	at org.apache.tomcat.util.net.LeaderFollowerWorkerThread.runIt(LeaderFollowerWorkerThread.java:80)
	at org.apache.tomcat.util.threads.ThreadPool$ControlRunnable.run(ThreadPool.java:684)
	at java.lang.Thread.run(Thread.java:619)
2010-11-07 16:26:15,734 [main] INFO  ME2 - me2.server.login.db.DBConnectionPool complete init.
2010-11-07 16:26:18,234 [main] INFO  ME2 - 昵称过滤列表加载完毕
2010-11-07 16:26:18,250 [main] ERROR ME2 - 
java.lang.NullPointerException
	at me2.server.login.util.FixedAccountManager.loadOriginalAccount(FixedAccountManager.java:120)
	at me2.server.login.util.FixedAccountManager.init(FixedAccountManager.java:49)
	at me2.server.login.LoginService.init(LoginService.java:93)
	at loginserver.LoginServlet.init(LoginServlet.java:48)
	at javax.servlet.GenericServlet.init(GenericServlet.java:211)
	at org.apache.catalina.core.StandardWrapper.loadServlet(StandardWrapper.java:1105)
	at org.apache.catalina.core.StandardWrapper.load(StandardWrapper.java:932)
	at org.apache.catalina.core.StandardContext.loadOnStartup(StandardContext.java:3917)
	at org.apache.catalina.core.StandardContext.start(StandardContext.java:4201)
	at org.apache.catalina.core.ContainerBase.addChildInternal(ContainerBase.java:759)
	at org.apache.catalina.core.ContainerBase.addChild(ContainerBase.java:739)
	at org.apache.catalina.core.StandardHost.addChild(StandardHost.java:524)
	at org.apache.catalina.startup.HostConfig.deployDirectory(HostConfig.java:904)
	at org.apache.catalina.startup.HostConfig.deployDirectories(HostConfig.java:867)
	at org.apache.catalina.startup.HostConfig.deployApps(HostConfig.java:474)
	at org.apache.catalina.startup.HostConfig.start(HostConfig.java:1122)
	at org.apache.catalina.startup.HostConfig.lifecycleEvent(HostConfig.java:310)
	at org.apache.catalina.util.LifecycleSupport.fireLifecycleEvent(LifecycleSupport.java:119)
	at org.apache.catalina.core.ContainerBase.start(ContainerBase.java:1021)
	at org.apache.catalina.core.StandardHost.start(StandardHost.java:718)
	at org.apache.catalina.core.ContainerBase.start(ContainerBase.java:1013)
	at org.apache.catalina.core.StandardEngine.start(StandardEngine.java:442)
	at org.apache.catalina.core.StandardService.start(StandardService.java:450)
	at org.apache.catalina.core.StandardServer.start(StandardServer.java:709)
	at org.apache.catalina.startup.Catalina.start(Catalina.java:551)
	at sun.reflect.NativeMethodAccessorImpl.invoke0(Native Method)
	at sun.reflect.NativeMethodAccessorImpl.invoke(NativeMethodAccessorImpl.java:39)
	at sun.reflect.DelegatingMethodAccessorImpl.invoke(DelegatingMethodAccessorImpl.java:25)
	at java.lang.reflect.Method.invoke(Method.java:597)
	at org.apache.catalina.startup.Bootstrap.start(Bootstrap.java:294)
	at org.apache.catalina.startup.Bootstrap.main(Bootstrap.java:432)
2010-11-07 16:26:18,250 [main] ERROR ME2 - 
java.io.IOException: 系统找不到指定的路径。
	at java.io.WinNTFileSystem.createFileExclusively(Native Method)
	at java.io.File.createNewFile(File.java:883)
	at me2.server.login.util.FixedAccountManager.loadInvalidateAccount(FixedAccountManager.java:201)
	at me2.server.login.util.FixedAccountManager.init(FixedAccountManager.java:50)
	at me2.server.login.LoginService.init(LoginService.java:93)
	at loginserver.LoginServlet.init(LoginServlet.java:48)
	at javax.servlet.GenericServlet.init(GenericServlet.java:211)
	at org.apache.catalina.core.StandardWrapper.loadServlet(StandardWrapper.java:1105)
	at org.apache.catalina.core.StandardWrapper.load(StandardWrapper.java:932)
	at org.apache.catalina.core.StandardContext.loadOnStartup(StandardContext.java:3917)
	at org.apache.catalina.core.StandardContext.start(StandardContext.java:4201)
	at org.apache.catalina.core.ContainerBase.addChildInternal(ContainerBase.java:759)
	at org.apache.catalina.core.ContainerBase.addChild(ContainerBase.java:739)
	at org.apache.catalina.core.StandardHost.addChild(StandardHost.java:524)
	at org.apache.catalina.startup.HostConfig.deployDirectory(HostConfig.java:904)
	at org.apache.catalina.startup.HostConfig.deployDirectories(HostConfig.java:867)
	at org.apache.catalina.startup.HostConfig.deployApps(HostConfig.java:474)
	at org.apache.catalina.startup.HostConfig.start(HostConfig.java:1122)
	at org.apache.catalina.startup.HostConfig.lifecycleEvent(HostConfig.java:310)
	at org.apache.catalina.util.LifecycleSupport.fireLifecycleEvent(LifecycleSupport.java:119)
	at org.apache.catalina.core.ContainerBase.start(ContainerBase.java:1021)
	at org.apache.catalina.core.StandardHost.start(StandardHost.java:718)
	at org.apache.catalina.core.ContainerBase.start(ContainerBase.java:1013)
	at org.apache.catalina.core.StandardEngine.start(StandardEngine.java:442)
	at org.apache.catalina.core.StandardService.start(StandardService.java:450)
	at org.apache.catalina.core.StandardServer.start(StandardServer.java:709)
	at org.apache.catalina.startup.Catalina.start(Catalina.java:551)
	at sun.reflect.NativeMethodAccessorImpl.invoke0(Native Method)
	at sun.reflect.NativeMethodAccessorImpl.invoke(NativeMethodAccessorImpl.java:39)
	at sun.reflect.DelegatingMethodAccessorImpl.invoke(DelegatingMethodAccessorImpl.java:25)
	at java.lang.reflect.Method.invoke(Method.java:597)
	at org.apache.catalina.startup.Bootstrap.start(Bootstrap.java:294)
	at org.apache.catalina.startup.Bootstrap.main(Bootstrap.java:432)
2010-11-07 16:26:18,250 [main] INFO  ME2 - 账号统计已启动
2010-11-07 16:52:56,593 [main] INFO  ME2 - me2.server.login.db.DBConnectionPool complete init.
2010-11-07 16:52:59,234 [main] INFO  ME2 - 昵称过滤列表加载完毕
2010-11-07 16:52:59,250 [main] ERROR ME2 - 
java.lang.NullPointerException
	at me2.server.login.util.FixedAccountManager.loadOriginalAccount(FixedAccountManager.java:120)
	at me2.server.login.util.FixedAccountManager.init(FixedAccountManager.java:49)
	at me2.server.login.LoginService.init(LoginService.java:93)
	at loginserver.LoginServlet.init(LoginServlet.java:48)
	at javax.servlet.GenericServlet.init(GenericServlet.java:211)
	at org.apache.catalina.core.StandardWrapper.loadServlet(StandardWrapper.java:1105)
	at org.apache.catalina.core.StandardWrapper.load(StandardWrapper.java:932)
	at org.apache.catalina.core.StandardContext.loadOnStartup(StandardContext.java:3917)
	at org.apache.catalina.core.StandardContext.start(StandardContext.java:4201)
	at org.apache.catalina.core.ContainerBase.addChildInternal(ContainerBase.java:759)
	at org.apache.catalina.core.ContainerBase.addChild(ContainerBase.java:739)
	at org.apache.catalina.core.StandardHost.addChild(StandardHost.java:524)
	at org.apache.catalina.startup.HostConfig.deployDirectory(HostConfig.java:904)
	at org.apache.catalina.startup.HostConfig.deployDirectories(HostConfig.java:867)
	at org.apache.catalina.startup.HostConfig.deployApps(HostConfig.java:474)
	at org.apache.catalina.startup.HostConfig.start(HostConfig.java:1122)
	at org.apache.catalina.startup.HostConfig.lifecycleEvent(HostConfig.java:310)
	at org.apache.catalina.util.LifecycleSupport.fireLifecycleEvent(LifecycleSupport.java:119)
	at org.apache.catalina.core.ContainerBase.start(ContainerBase.java:1021)
	at org.apache.catalina.core.StandardHost.start(StandardHost.java:718)
	at org.apache.catalina.core.ContainerBase.start(ContainerBase.java:1013)
	at org.apache.catalina.core.StandardEngine.start(StandardEngine.java:442)
	at org.apache.catalina.core.StandardService.start(StandardService.java:450)
	at org.apache.catalina.core.StandardServer.start(StandardServer.java:709)
	at org.apache.catalina.startup.Catalina.start(Catalina.java:551)
	at sun.reflect.NativeMethodAccessorImpl.invoke0(Native Method)
	at sun.reflect.NativeMethodAccessorImpl.invoke(NativeMethodAccessorImpl.java:39)
	at sun.reflect.DelegatingMethodAccessorImpl.invoke(DelegatingMethodAccessorImpl.java:25)
	at java.lang.reflect.Method.invoke(Method.java:597)
	at org.apache.catalina.startup.Bootstrap.start(Bootstrap.java:294)
	at org.apache.catalina.startup.Bootstrap.main(Bootstrap.java:432)
2010-11-07 16:52:59,250 [main] ERROR ME2 - 
java.io.IOException: 系统找不到指定的路径。
	at java.io.WinNTFileSystem.createFileExclusively(Native Method)
	at java.io.File.createNewFile(File.java:883)
	at me2.server.login.util.FixedAccountManager.loadInvalidateAccount(FixedAccountManager.java:201)
	at me2.server.login.util.FixedAccountManager.init(FixedAccountManager.java:50)
	at me2.server.login.LoginService.init(LoginService.java:93)
	at loginserver.LoginServlet.init(LoginServlet.java:48)
	at javax.servlet.GenericServlet.init(GenericServlet.java:211)
	at org.apache.catalina.core.StandardWrapper.loadServlet(StandardWrapper.java:1105)
	at org.apache.catalina.core.StandardWrapper.load(StandardWrapper.java:932)
	at org.apache.catalina.core.StandardContext.loadOnStartup(StandardContext.java:3917)
	at org.apache.catalina.core.StandardContext.start(StandardContext.java:4201)
	at org.apache.catalina.core.ContainerBase.addChildInternal(ContainerBase.java:759)
	at org.apache.catalina.core.ContainerBase.addChild(ContainerBase.java:739)
	at org.apache.catalina.core.StandardHost.addChild(StandardHost.java:524)
	at org.apache.catalina.startup.HostConfig.deployDirectory(HostConfig.java:904)
	at org.apache.catalina.startup.HostConfig.deployDirectories(HostConfig.java:867)
	at org.apache.catalina.startup.HostConfig.deployApps(HostConfig.java:474)
	at org.apache.catalina.startup.HostConfig.start(HostConfig.java:1122)
	at org.apache.catalina.startup.HostConfig.lifecycleEvent(HostConfig.java:310)
	at org.apache.catalina.util.LifecycleSupport.fireLifecycleEvent(LifecycleSupport.java:119)
	at org.apache.catalina.core.ContainerBase.start(ContainerBase.java:1021)
	at org.apache.catalina.core.StandardHost.start(StandardHost.java:718)
	at org.apache.catalina.core.ContainerBase.start(ContainerBase.java:1013)
	at org.apache.catalina.core.StandardEngine.start(StandardEngine.java:442)
	at org.apache.catalina.core.StandardService.start(StandardService.java:450)
	at org.apache.catalina.core.StandardServer.start(StandardServer.java:709)
	at org.apache.catalina.startup.Catalina.start(Catalina.java:551)
	at sun.reflect.NativeMethodAccessorImpl.invoke0(Native Method)
	at sun.reflect.NativeMethodAccessorImpl.invoke(NativeMethodAccessorImpl.java:39)
	at sun.reflect.DelegatingMethodAccessorImpl.invoke(DelegatingMethodAccessorImpl.java:25)
	at java.lang.reflect.Method.invoke(Method.java:597)
	at org.apache.catalina.startup.Bootstrap.start(Bootstrap.java:294)
	at org.apache.catalina.startup.Bootstrap.main(Bootstrap.java:432)
2010-11-07 16:52:59,250 [main] INFO  ME2 - 账号统计已启动
2010-11-07 17:19:58,734 [main] INFO  ME2 - me2.server.login.db.DBConnectionPool complete init.
2010-11-07 17:20:01,375 [main] INFO  ME2 - 昵称过滤列表加载完毕
2010-11-07 17:20:01,390 [main] ERROR ME2 - 
java.lang.NullPointerException
	at me2.server.login.util.FixedAccountManager.loadOriginalAccount(FixedAccountManager.java:120)
	at me2.server.login.util.FixedAccountManager.init(FixedAccountManager.java:49)
	at me2.server.login.LoginService.init(LoginService.java:93)
	at loginserver.LoginServlet.init(LoginServlet.java:48)
	at javax.servlet.GenericServlet.init(GenericServlet.java:211)
	at org.apache.catalina.core.StandardWrapper.loadServlet(StandardWrapper.java:1105)
	at org.apache.catalina.core.StandardWrapper.load(StandardWrapper.java:932)
	at org.apache.catalina.core.StandardContext.loadOnStartup(StandardContext.java:3917)
	at org.apache.catalina.core.StandardContext.start(StandardContext.java:4201)
	at org.apache.catalina.core.ContainerBase.addChildInternal(ContainerBase.java:759)
	at org.apache.catalina.core.ContainerBase.addChild(ContainerBase.java:739)
	at org.apache.catalina.core.StandardHost.addChild(StandardHost.java:524)
	at org.apache.catalina.startup.HostConfig.deployDirectory(HostConfig.java:904)
	at org.apache.catalina.startup.HostConfig.deployDirectories(HostConfig.java:867)
	at org.apache.catalina.startup.HostConfig.deployApps(HostConfig.java:474)
	at org.apache.catalina.startup.HostConfig.start(HostConfig.java:1122)
	at org.apache.catalina.startup.HostConfig.lifecycleEvent(HostConfig.java:310)
	at org.apache.catalina.util.LifecycleSupport.fireLifecycleEvent(LifecycleSupport.java:119)
	at org.apache.catalina.core.ContainerBase.start(ContainerBase.java:1021)
	at org.apache.catalina.core.StandardHost.start(StandardHost.java:718)
	at org.apache.catalina.core.ContainerBase.start(ContainerBase.java:1013)
	at org.apache.catalina.core.StandardEngine.start(StandardEngine.java:442)
	at org.apache.catalina.core.StandardService.start(StandardService.java:450)
	at org.apache.catalina.core.StandardServer.start(StandardServer.java:709)
	at org.apache.catalina.startup.Catalina.start(Catalina.java:551)
	at sun.reflect.NativeMethodAccessorImpl.invoke0(Native Method)
	at sun.reflect.NativeMethodAccessorImpl.invoke(NativeMethodAccessorImpl.java:39)
	at sun.reflect.DelegatingMethodAccessorImpl.invoke(DelegatingMethodAccessorImpl.java:25)
	at java.lang.reflect.Method.invoke(Method.java:597)
	at org.apache.catalina.startup.Bootstrap.start(Bootstrap.java:294)
	at org.apache.catalina.startup.Bootstrap.main(Bootstrap.java:432)
2010-11-07 17:20:01,390 [main] ERROR ME2 - 
java.io.IOException: 系统找不到指定的路径。
	at java.io.WinNTFileSystem.createFileExclusively(Native Method)
	at java.io.File.createNewFile(File.java:883)
	at me2.server.login.util.FixedAccountManager.loadInvalidateAccount(FixedAccountManager.java:201)
	at me2.server.login.util.FixedAccountManager.init(FixedAccountManager.java:50)
	at me2.server.login.LoginService.init(LoginService.java:93)
	at loginserver.LoginServlet.init(LoginServlet.java:48)
	at javax.servlet.GenericServlet.init(GenericServlet.java:211)
	at org.apache.catalina.core.StandardWrapper.loadServlet(StandardWrapper.java:1105)
	at org.apache.catalina.core.StandardWrapper.load(StandardWrapper.java:932)
	at org.apache.catalina.core.StandardContext.loadOnStartup(StandardContext.java:3917)
	at org.apache.catalina.core.StandardContext.start(StandardContext.java:4201)
	at org.apache.catalina.core.ContainerBase.addChildInternal(ContainerBase.java:759)
	at org.apache.catalina.core.ContainerBase.addChild(ContainerBase.java:739)
	at org.apache.catalina.core.StandardHost.addChild(StandardHost.java:524)
	at org.apache.catalina.startup.HostConfig.deployDirectory(HostConfig.java:904)
	at org.apache.catalina.startup.HostConfig.deployDirectories(HostConfig.java:867)
	at org.apache.catalina.startup.HostConfig.deployApps(HostConfig.java:474)
	at org.apache.catalina.startup.HostConfig.start(HostConfig.java:1122)
	at org.apache.catalina.startup.HostConfig.lifecycleEvent(HostConfig.java:310)
	at org.apache.catalina.util.LifecycleSupport.fireLifecycleEvent(LifecycleSupport.java:119)
	at org.apache.catalina.core.ContainerBase.start(ContainerBase.java:1021)
	at org.apache.catalina.core.StandardHost.start(StandardHost.java:718)
	at org.apache.catalina.core.ContainerBase.start(ContainerBase.java:1013)
	at org.apache.catalina.core.StandardEngine.start(StandardEngine.java:442)
	at org.apache.catalina.core.StandardService.start(StandardService.java:450)
	at org.apache.catalina.core.StandardServer.start(StandardServer.java:709)
	at org.apache.catalina.startup.Catalina.start(Catalina.java:551)
	at sun.reflect.NativeMethodAccessorImpl.invoke0(Native Method)
	at sun.reflect.NativeMethodAccessorImpl.invoke(NativeMethodAccessorImpl.java:39)
	at sun.reflect.DelegatingMethodAccessorImpl.invoke(DelegatingMethodAccessorImpl.java:25)
	at java.lang.reflect.Method.invoke(Method.java:597)
	at org.apache.catalina.startup.Bootstrap.start(Bootstrap.java:294)
	at org.apache.catalina.startup.Bootstrap.main(Bootstrap.java:432)
2010-11-07 17:20:01,406 [main] INFO  ME2 - 账号统计已启动
