2011-03-03 11:56:55,953 [main] INFO  ME2 - me2.server.login.db.DBConnectionPool complete init.
2011-03-03 11:57:17,734 [main] INFO  ME2 - 昵称过滤列表加载完毕
2011-03-03 11:57:17,765 [main] INFO  ME2 - 账号统计已启动
2011-03-03 12:20:56,765 [main] INFO  ME2 - me2.server.login.db.DBConnectionPool complete init.
2011-03-03 12:21:18,750 [main] INFO  ME2 - 昵称过滤列表加载完毕
2011-03-03 12:21:18,781 [main] INFO  ME2 - 账号统计已启动
2011-03-03 12:48:55,437 [main] INFO  ME2 - me2.server.login.db.DBConnectionPool complete init.
2011-03-03 12:49:17,437 [main] INFO  ME2 - 昵称过滤列表加载完毕
2011-03-03 12:49:17,468 [main] INFO  ME2 - 账号统计已启动
2011-03-03 13:29:12,218 [main] INFO  ME2 - me2.server.login.db.DBConnectionPool complete init.
2011-03-03 13:29:33,875 [main] INFO  ME2 - 昵称过滤列表加载完毕
2011-03-03 13:29:33,906 [main] INFO  ME2 - 账号统计已启动
2011-03-03 14:40:50,671 [http-7000-Processor23] ERROR ME2 - 
ClientAbortException:  java.net.SocketException: Connection reset by peer: socket write error
	at org.apache.catalina.connector.OutputBuffer.doFlush(OutputBuffer.java:327)
	at org.apache.catalina.connector.OutputBuffer.flush(OutputBuffer.java:293)
	at org.apache.catalina.connector.CoyoteOutputStream.flush(CoyoteOutputStream.java:97)
	at loginserver.LoginServlet.doGet(LoginServlet.java:33)
	at javax.servlet.http.HttpServlet.service(HttpServlet.java:689)
	at javax.servlet.http.HttpServlet.service(HttpServlet.java:802)
	at org.apache.catalina.core.ApplicationFilterChain.internalDoFilter(ApplicationFilterChain.java:252)
	at org.apache.catalina.core.ApplicationFilterChain.doFilter(ApplicationFilterChain.java:173)
	at org.apache.catalina.core.StandardWrapperValve.invoke(StandardWrapperValve.java:213)
	at org.apache.catalina.core.StandardContextValve.invoke(StandardContextValve.java:178)
	at org.apache.catalina.core.StandardHostValve.invoke(StandardHostValve.java:126)
	at org.apache.catalina.valves.ErrorReportValve.invoke(ErrorReportValve.java:105)
	at org.apache.catalina.core.StandardEngineValve.invoke(StandardEngineValve.java:107)
	at org.apache.catalina.connector.CoyoteAdapter.service(CoyoteAdapter.java:148)
	at org.apache.coyote.http11.Http11Processor.process(Http11Processor.java:869)
	at org.apache.coyote.http11.Http11BaseProtocol$Http11ConnectionHandler.processConnection(Http11BaseProtocol.java:664)
	at org.apache.tomcat.util.net.PoolTcpEndpoint.processSocket(PoolTcpEndpoint.java:527)
	at org.apache.tomcat.util.net.LeaderFollowerWorkerThread.runIt(LeaderFollowerWorkerThread.java:80)
	at org.apache.tomcat.util.threads.ThreadPool$ControlRunnable.run(ThreadPool.java:684)
	at java.lang.Thread.run(Thread.java:619)
Caused by: java.net.SocketException: Connection reset by peer: socket write error
	at java.net.SocketOutputStream.socketWrite0(Native Method)
	at java.net.SocketOutputStream.socketWrite(SocketOutputStream.java:92)
	at java.net.SocketOutputStream.write(SocketOutputStream.java:136)
	at org.apache.coyote.http11.InternalOutputBuffer.realWriteBytes(InternalOutputBuffer.java:746)
	at org.apache.tomcat.util.buf.ByteChunk.flushBuffer(ByteChunk.java:433)
	at org.apache.coyote.http11.InternalOutputBuffer.flush(InternalOutputBuffer.java:304)
	at org.apache.coyote.http11.Http11Processor.action(Http11Processor.java:991)
	at org.apache.coyote.Response.action(Response.java:182)
	at org.apache.catalina.connector.OutputBuffer.doFlush(OutputBuffer.java:322)
	... 19 more
2011-03-03 19:22:40,953 [main] INFO  ME2 - me2.server.login.db.DBConnectionPool complete init.
2011-03-03 19:23:04,906 [main] INFO  ME2 - 昵称过滤列表加载完毕
2011-03-03 19:23:04,953 [main] INFO  ME2 - 账号统计已启动
2011-03-03 19:34:05,187 [main] INFO  ME2 - me2.server.login.db.DBConnectionPool complete init.
2011-03-03 19:34:28,203 [main] INFO  ME2 - 昵称过滤列表加载完毕
2011-03-03 19:34:28,234 [main] INFO  ME2 - 账号统计已启动
2011-03-03 20:13:11,843 [main] INFO  ME2 - me2.server.login.db.DBConnectionPool complete init.
2011-03-03 20:13:55,437 [main] INFO  ME2 - 昵称过滤列表加载完毕
2011-03-03 20:13:55,484 [main] INFO  ME2 - 账号统计已启动
