2011-05-07 19:52:54,515 [http-7000-Processor23] ERROR ME2 - 
com.mysql.jdbc.exceptions.MySQLIntegrityConstraintViolationException: Duplicate entry '20318-1' for key 'PRIMARY'
	at com.mysql.jdbc.SQLError.createSQLException(SQLError.java:931)
	at com.mysql.jdbc.MysqlIO.checkErrorPacket(MysqlIO.java:2870)
	at com.mysql.jdbc.MysqlIO.sendCommand(MysqlIO.java:1573)
	at com.mysql.jdbc.ServerPreparedStatement.serverExecute(ServerPreparedStatement.java:1160)
	at com.mysql.jdbc.ServerPreparedStatement.executeInternal(ServerPreparedStatement.java:685)
	at com.mysql.jdbc.PreparedStatement.execute(PreparedStatement.java:790)
	at sun.reflect.NativeMethodAccessorImpl.invoke0(Native Method)
	at sun.reflect.NativeMethodAccessorImpl.invoke(NativeMethodAccessorImpl.java:39)
	at sun.reflect.DelegatingMethodAccessorImpl.invoke(DelegatingMethodAccessorImpl.java:25)
	at java.lang.reflect.Method.invoke(Method.java:597)
	at org.logicalcobwebs.proxool.ProxyStatement.invoke(ProxyStatement.java:100)
	at org.logicalcobwebs.proxool.ProxyStatement.intercept(ProxyStatement.java:57)
	at $java.sql.PreparedStatement$$EnhancerByProxool$$6ced541f.execute(<generated>)
	at me2.server.login.db.LoginDAO.createRole(LoginDAO.java:930)
	at me2.server.login.LoginService.createRole(LoginService.java:2023)
	at me2.server.login.LoginService.process(LoginService.java:442)
	at loginserver.LoginServlet.doGet(LoginServlet.java:26)
	at javax.servlet.http.HttpServlet.service(HttpServlet.java:707)
	at javax.servlet.http.HttpServlet.service(HttpServlet.java:820)
	at org.apache.catalina.core.ApplicationFilterChain.internalDoFilter(ApplicationFilterChain.java:252)
	at org.apache.catalina.core.ApplicationFilterChain.doFilter(ApplicationFilterChain.java:173)
	at org.apache.catalina.core.StandardWrapperValve.invoke(StandardWrapperValve.java:213)
	at org.apache.catalina.core.StandardContextValve.invoke(StandardContextValve.java:178)
	at org.apache.catalina.core.StandardHostValve.invoke(StandardHostValve.java:126)
	at org.apache.catalina.valves.ErrorReportValve.invoke(ErrorReportValve.java:105)
	at org.apache.catalina.core.StandardEngineValve.invoke(StandardEngineValve.java:107)
	at org.apache.catalina.connector.CoyoteAdapter.service(CoyoteAdapter.java:148)
	at org.apache.coyote.http11.Http11Processor.process(Http11Processor.java:869)
	at org.apache.coyote.http11.Http11BaseProtocol$Http11ConnectionHandler.processConnection(Http11BaseProtocol.java:664)
	at org.apache.tomcat.util.net.PoolTcpEndpoint.processSocket(PoolTcpEndpoint.java:527)
	at org.apache.tomcat.util.net.LeaderFollowerWorkerThread.runIt(LeaderFollowerWorkerThread.java:80)
	at org.apache.tomcat.util.threads.ThreadPool$ControlRunnable.run(ThreadPool.java:684)
	at java.lang.Thread.run(Thread.java:619)
