2011-01-20 11:34:13,296 [http-7000-Processor23] INFO  ME2 - 账号:”369tm000“已存在,该次操作失败
2011-01-20 16:23:54,046 [http-7000-Processor23] ERROR ME2 - 
ClientAbortException:  java.net.SocketException: Connection reset by peer: socket write error
	at org.apache.catalina.connector.OutputBuffer.doFlush(OutputBuffer.java:327)
	at org.apache.catalina.connector.OutputBuffer.flush(OutputBuffer.java:293)
	at org.apache.catalina.connector.CoyoteOutputStream.flush(CoyoteOutputStream.java:97)
	at loginserver.LoginServlet.doGet(LoginServlet.java:33)
	at javax.servlet.http.HttpServlet.service(HttpServlet.java:689)
	at javax.servlet.http.HttpServlet.service(HttpServlet.java:802)
	at org.apache.catalina.core.ApplicationFilterChain.internalDoFilter(ApplicationFilterChain.java:252)
	at org.apache.catalina.core.ApplicationFilterChain.doFilter(ApplicationFilterChain.java:173)
	at org.apache.catalina.core.StandardWrapperValve.invoke(StandardWrapperValve.java:213)
	at org.apache.catalina.core.StandardContextValve.invoke(StandardContextValve.java:178)
	at org.apache.catalina.core.StandardHostValve.invoke(StandardHostValve.java:126)
	at org.apache.catalina.valves.ErrorReportValve.invoke(ErrorReportValve.java:105)
	at org.apache.catalina.core.StandardEngineValve.invoke(StandardEngineValve.java:107)
	at org.apache.catalina.connector.CoyoteAdapter.service(CoyoteAdapter.java:148)
	at org.apache.coyote.http11.Http11Processor.process(Http11Processor.java:869)
	at org.apache.coyote.http11.Http11BaseProtocol$Http11ConnectionHandler.processConnection(Http11BaseProtocol.java:664)
	at org.apache.tomcat.util.net.PoolTcpEndpoint.processSocket(PoolTcpEndpoint.java:527)
	at org.apache.tomcat.util.net.LeaderFollowerWorkerThread.runIt(LeaderFollowerWorkerThread.java:80)
	at org.apache.tomcat.util.threads.ThreadPool$ControlRunnable.run(ThreadPool.java:684)
	at java.lang.Thread.run(Thread.java:619)
Caused by: java.net.SocketException: Connection reset by peer: socket write error
	at java.net.SocketOutputStream.socketWrite0(Native Method)
	at java.net.SocketOutputStream.socketWrite(SocketOutputStream.java:92)
	at java.net.SocketOutputStream.write(SocketOutputStream.java:136)
	at org.apache.coyote.http11.InternalOutputBuffer.realWriteBytes(InternalOutputBuffer.java:746)
	at org.apache.tomcat.util.buf.ByteChunk.flushBuffer(ByteChunk.java:433)
	at org.apache.coyote.http11.InternalOutputBuffer.flush(InternalOutputBuffer.java:304)
	at org.apache.coyote.http11.Http11Processor.action(Http11Processor.java:991)
	at org.apache.coyote.Response.action(Response.java:182)
	at org.apache.catalina.connector.OutputBuffer.doFlush(OutputBuffer.java:322)
	... 19 more
2011-01-20 17:33:23,281 [http-7000-Processor25] ERROR ME2 - 
ClientAbortException:  java.net.SocketException: Connection reset by peer: socket write error
	at org.apache.catalina.connector.OutputBuffer.doFlush(OutputBuffer.java:327)
	at org.apache.catalina.connector.OutputBuffer.flush(OutputBuffer.java:293)
	at org.apache.catalina.connector.CoyoteOutputStream.flush(CoyoteOutputStream.java:97)
	at loginserver.LoginServlet.doGet(LoginServlet.java:33)
	at javax.servlet.http.HttpServlet.service(HttpServlet.java:689)
	at javax.servlet.http.HttpServlet.service(HttpServlet.java:802)
	at org.apache.catalina.core.ApplicationFilterChain.internalDoFilter(ApplicationFilterChain.java:252)
	at org.apache.catalina.core.ApplicationFilterChain.doFilter(ApplicationFilterChain.java:173)
	at org.apache.catalina.core.StandardWrapperValve.invoke(StandardWrapperValve.java:213)
	at org.apache.catalina.core.StandardContextValve.invoke(StandardContextValve.java:178)
	at org.apache.catalina.core.StandardHostValve.invoke(StandardHostValve.java:126)
	at org.apache.catalina.valves.ErrorReportValve.invoke(ErrorReportValve.java:105)
	at org.apache.catalina.core.StandardEngineValve.invoke(StandardEngineValve.java:107)
	at org.apache.catalina.connector.CoyoteAdapter.service(CoyoteAdapter.java:148)
	at org.apache.coyote.http11.Http11Processor.process(Http11Processor.java:869)
	at org.apache.coyote.http11.Http11BaseProtocol$Http11ConnectionHandler.processConnection(Http11BaseProtocol.java:664)
	at org.apache.tomcat.util.net.PoolTcpEndpoint.processSocket(PoolTcpEndpoint.java:527)
	at org.apache.tomcat.util.net.LeaderFollowerWorkerThread.runIt(LeaderFollowerWorkerThread.java:80)
	at org.apache.tomcat.util.threads.ThreadPool$ControlRunnable.run(ThreadPool.java:684)
	at java.lang.Thread.run(Thread.java:619)
Caused by: java.net.SocketException: Connection reset by peer: socket write error
	at java.net.SocketOutputStream.socketWrite0(Native Method)
	at java.net.SocketOutputStream.socketWrite(SocketOutputStream.java:92)
	at java.net.SocketOutputStream.write(SocketOutputStream.java:136)
	at org.apache.coyote.http11.InternalOutputBuffer.realWriteBytes(InternalOutputBuffer.java:746)
	at org.apache.tomcat.util.buf.ByteChunk.flushBuffer(ByteChunk.java:433)
	at org.apache.coyote.http11.InternalOutputBuffer.flush(InternalOutputBuffer.java:304)
	at org.apache.coyote.http11.Http11Processor.action(Http11Processor.java:991)
	at org.apache.coyote.Response.action(Response.java:182)
	at org.apache.catalina.connector.OutputBuffer.doFlush(OutputBuffer.java:322)
	... 19 more
2011-01-20 17:49:42,656 [http-7000-Processor25] ERROR ME2 - 
me2.server.login.GameServerDownException: 服务器已关闭
	at me2.server.login.GameService.getRoleList(GameService.java:150)
	at me2.server.login.LoginService.getRoleList(LoginService.java:1415)
	at me2.server.login.LoginService.selectServer(LoginService.java:1185)
	at me2.server.login.LoginService.process(LoginService.java:269)
	at loginserver.LoginServlet.doGet(LoginServlet.java:29)
	at javax.servlet.http.HttpServlet.service(HttpServlet.java:689)
	at javax.servlet.http.HttpServlet.service(HttpServlet.java:802)
	at org.apache.catalina.core.ApplicationFilterChain.internalDoFilter(ApplicationFilterChain.java:252)
	at org.apache.catalina.core.ApplicationFilterChain.doFilter(ApplicationFilterChain.java:173)
	at org.apache.catalina.core.StandardWrapperValve.invoke(StandardWrapperValve.java:213)
	at org.apache.catalina.core.StandardContextValve.invoke(StandardContextValve.java:178)
	at org.apache.catalina.core.StandardHostValve.invoke(StandardHostValve.java:126)
	at org.apache.catalina.valves.ErrorReportValve.invoke(ErrorReportValve.java:105)
	at org.apache.catalina.core.StandardEngineValve.invoke(StandardEngineValve.java:107)
	at org.apache.catalina.connector.CoyoteAdapter.service(CoyoteAdapter.java:148)
	at org.apache.coyote.http11.Http11Processor.process(Http11Processor.java:869)
	at org.apache.coyote.http11.Http11BaseProtocol$Http11ConnectionHandler.processConnection(Http11BaseProtocol.java:664)
	at org.apache.tomcat.util.net.PoolTcpEndpoint.processSocket(PoolTcpEndpoint.java:527)
	at org.apache.tomcat.util.net.LeaderFollowerWorkerThread.runIt(LeaderFollowerWorkerThread.java:80)
	at org.apache.tomcat.util.threads.ThreadPool$ControlRunnable.run(ThreadPool.java:684)
	at java.lang.Thread.run(Thread.java:619)
2011-01-20 17:49:42,656 [http-7000-Processor25] INFO  ME2 - response is null
2011-01-20 17:51:24,218 [http-7000-Processor22] ERROR ME2 - 
ClientAbortException:  java.net.SocketException: Connection reset by peer: socket write error
	at org.apache.catalina.connector.OutputBuffer.doFlush(OutputBuffer.java:327)
	at org.apache.catalina.connector.OutputBuffer.flush(OutputBuffer.java:293)
	at org.apache.catalina.connector.CoyoteOutputStream.flush(CoyoteOutputStream.java:97)
	at loginserver.LoginServlet.doGet(LoginServlet.java:33)
	at javax.servlet.http.HttpServlet.service(HttpServlet.java:689)
	at javax.servlet.http.HttpServlet.service(HttpServlet.java:802)
	at org.apache.catalina.core.ApplicationFilterChain.internalDoFilter(ApplicationFilterChain.java:252)
	at org.apache.catalina.core.ApplicationFilterChain.doFilter(ApplicationFilterChain.java:173)
	at org.apache.catalina.core.StandardWrapperValve.invoke(StandardWrapperValve.java:213)
	at org.apache.catalina.core.StandardContextValve.invoke(StandardContextValve.java:178)
	at org.apache.catalina.core.StandardHostValve.invoke(StandardHostValve.java:126)
	at org.apache.catalina.valves.ErrorReportValve.invoke(ErrorReportValve.java:105)
	at org.apache.catalina.core.StandardEngineValve.invoke(StandardEngineValve.java:107)
	at org.apache.catalina.connector.CoyoteAdapter.service(CoyoteAdapter.java:148)
	at org.apache.coyote.http11.Http11Processor.process(Http11Processor.java:869)
	at org.apache.coyote.http11.Http11BaseProtocol$Http11ConnectionHandler.processConnection(Http11BaseProtocol.java:664)
	at org.apache.tomcat.util.net.PoolTcpEndpoint.processSocket(PoolTcpEndpoint.java:527)
	at org.apache.tomcat.util.net.LeaderFollowerWorkerThread.runIt(LeaderFollowerWorkerThread.java:80)
	at org.apache.tomcat.util.threads.ThreadPool$ControlRunnable.run(ThreadPool.java:684)
	at java.lang.Thread.run(Thread.java:619)
Caused by: java.net.SocketException: Connection reset by peer: socket write error
	at java.net.SocketOutputStream.socketWrite0(Native Method)
	at java.net.SocketOutputStream.socketWrite(SocketOutputStream.java:92)
	at java.net.SocketOutputStream.write(SocketOutputStream.java:136)
	at org.apache.coyote.http11.InternalOutputBuffer.realWriteBytes(InternalOutputBuffer.java:746)
	at org.apache.tomcat.util.buf.ByteChunk.flushBuffer(ByteChunk.java:433)
	at org.apache.coyote.http11.InternalOutputBuffer.flush(InternalOutputBuffer.java:304)
	at org.apache.coyote.http11.Http11Processor.action(Http11Processor.java:991)
	at org.apache.coyote.Response.action(Response.java:182)
	at org.apache.catalina.connector.OutputBuffer.doFlush(OutputBuffer.java:322)
	... 19 more
2011-01-20 17:55:44,343 [http-7000-Processor22] ERROR ME2 - 
ClientAbortException:  java.net.SocketException: Connection reset by peer: socket write error
	at org.apache.catalina.connector.OutputBuffer.doFlush(OutputBuffer.java:327)
	at org.apache.catalina.connector.OutputBuffer.flush(OutputBuffer.java:293)
	at org.apache.catalina.connector.CoyoteOutputStream.flush(CoyoteOutputStream.java:97)
	at loginserver.LoginServlet.doGet(LoginServlet.java:33)
	at javax.servlet.http.HttpServlet.service(HttpServlet.java:689)
	at javax.servlet.http.HttpServlet.service(HttpServlet.java:802)
	at org.apache.catalina.core.ApplicationFilterChain.internalDoFilter(ApplicationFilterChain.java:252)
	at org.apache.catalina.core.ApplicationFilterChain.doFilter(ApplicationFilterChain.java:173)
	at org.apache.catalina.core.StandardWrapperValve.invoke(StandardWrapperValve.java:213)
	at org.apache.catalina.core.StandardContextValve.invoke(StandardContextValve.java:178)
	at org.apache.catalina.core.StandardHostValve.invoke(StandardHostValve.java:126)
	at org.apache.catalina.valves.ErrorReportValve.invoke(ErrorReportValve.java:105)
	at org.apache.catalina.core.StandardEngineValve.invoke(StandardEngineValve.java:107)
	at org.apache.catalina.connector.CoyoteAdapter.service(CoyoteAdapter.java:148)
	at org.apache.coyote.http11.Http11Processor.process(Http11Processor.java:869)
	at org.apache.coyote.http11.Http11BaseProtocol$Http11ConnectionHandler.processConnection(Http11BaseProtocol.java:664)
	at org.apache.tomcat.util.net.PoolTcpEndpoint.processSocket(PoolTcpEndpoint.java:527)
	at org.apache.tomcat.util.net.LeaderFollowerWorkerThread.runIt(LeaderFollowerWorkerThread.java:80)
	at org.apache.tomcat.util.threads.ThreadPool$ControlRunnable.run(ThreadPool.java:684)
	at java.lang.Thread.run(Thread.java:619)
Caused by: java.net.SocketException: Connection reset by peer: socket write error
	at java.net.SocketOutputStream.socketWrite0(Native Method)
	at java.net.SocketOutputStream.socketWrite(SocketOutputStream.java:92)
	at java.net.SocketOutputStream.write(SocketOutputStream.java:136)
	at org.apache.coyote.http11.InternalOutputBuffer.realWriteBytes(InternalOutputBuffer.java:746)
	at org.apache.tomcat.util.buf.ByteChunk.flushBuffer(ByteChunk.java:433)
	at org.apache.coyote.http11.InternalOutputBuffer.flush(InternalOutputBuffer.java:304)
	at org.apache.coyote.http11.Http11Processor.action(Http11Processor.java:991)
	at org.apache.coyote.Response.action(Response.java:182)
	at org.apache.catalina.connector.OutputBuffer.doFlush(OutputBuffer.java:322)
	... 19 more
2011-01-20 20:24:40,687 [main] INFO  ME2 - me2.server.login.db.DBConnectionPool complete init.
2011-01-20 20:25:02,281 [main] INFO  ME2 - 昵称过滤列表加载完毕
2011-01-20 20:25:02,312 [main] ERROR ME2 - 
java.lang.NullPointerException
	at me2.server.login.util.FixedAccountManager.loadOriginalAccount(FixedAccountManager.java:120)
	at me2.server.login.util.FixedAccountManager.init(FixedAccountManager.java:49)
	at me2.server.login.LoginService.init(LoginService.java:98)
	at loginserver.LoginServlet.init(LoginServlet.java:48)
	at javax.servlet.GenericServlet.init(GenericServlet.java:211)
	at org.apache.catalina.core.StandardWrapper.loadServlet(StandardWrapper.java:1105)
	at org.apache.catalina.core.StandardWrapper.load(StandardWrapper.java:932)
	at org.apache.catalina.core.StandardContext.loadOnStartup(StandardContext.java:3917)
	at org.apache.catalina.core.StandardContext.start(StandardContext.java:4201)
	at org.apache.catalina.core.ContainerBase.addChildInternal(ContainerBase.java:759)
	at org.apache.catalina.core.ContainerBase.addChild(ContainerBase.java:739)
	at org.apache.catalina.core.StandardHost.addChild(StandardHost.java:524)
	at org.apache.catalina.startup.HostConfig.deployDirectory(HostConfig.java:904)
	at org.apache.catalina.startup.HostConfig.deployDirectories(HostConfig.java:867)
	at org.apache.catalina.startup.HostConfig.deployApps(HostConfig.java:474)
	at org.apache.catalina.startup.HostConfig.start(HostConfig.java:1122)
	at org.apache.catalina.startup.HostConfig.lifecycleEvent(HostConfig.java:310)
	at org.apache.catalina.util.LifecycleSupport.fireLifecycleEvent(LifecycleSupport.java:119)
	at org.apache.catalina.core.ContainerBase.start(ContainerBase.java:1021)
	at org.apache.catalina.core.StandardHost.start(StandardHost.java:718)
	at org.apache.catalina.core.ContainerBase.start(ContainerBase.java:1013)
	at org.apache.catalina.core.StandardEngine.start(StandardEngine.java:442)
	at org.apache.catalina.core.StandardService.start(StandardService.java:450)
	at org.apache.catalina.core.StandardServer.start(StandardServer.java:709)
	at org.apache.catalina.startup.Catalina.start(Catalina.java:551)
	at sun.reflect.NativeMethodAccessorImpl.invoke0(Native Method)
	at sun.reflect.NativeMethodAccessorImpl.invoke(NativeMethodAccessorImpl.java:39)
	at sun.reflect.DelegatingMethodAccessorImpl.invoke(DelegatingMethodAccessorImpl.java:25)
	at java.lang.reflect.Method.invoke(Method.java:597)
	at org.apache.catalina.startup.Bootstrap.start(Bootstrap.java:294)
	at org.apache.catalina.startup.Bootstrap.main(Bootstrap.java:432)
2011-01-20 20:25:02,312 [main] ERROR ME2 - 
java.io.IOException: 系统找不到指定的路径。
	at java.io.WinNTFileSystem.createFileExclusively(Native Method)
	at java.io.File.createNewFile(File.java:883)
	at me2.server.login.util.FixedAccountManager.loadInvalidateAccount(FixedAccountManager.java:201)
	at me2.server.login.util.FixedAccountManager.init(FixedAccountManager.java:50)
	at me2.server.login.LoginService.init(LoginService.java:98)
	at loginserver.LoginServlet.init(LoginServlet.java:48)
	at javax.servlet.GenericServlet.init(GenericServlet.java:211)
	at org.apache.catalina.core.StandardWrapper.loadServlet(StandardWrapper.java:1105)
	at org.apache.catalina.core.StandardWrapper.load(StandardWrapper.java:932)
	at org.apache.catalina.core.StandardContext.loadOnStartup(StandardContext.java:3917)
	at org.apache.catalina.core.StandardContext.start(StandardContext.java:4201)
	at org.apache.catalina.core.ContainerBase.addChildInternal(ContainerBase.java:759)
	at org.apache.catalina.core.ContainerBase.addChild(ContainerBase.java:739)
	at org.apache.catalina.core.StandardHost.addChild(StandardHost.java:524)
	at org.apache.catalina.startup.HostConfig.deployDirectory(HostConfig.java:904)
	at org.apache.catalina.startup.HostConfig.deployDirectories(HostConfig.java:867)
	at org.apache.catalina.startup.HostConfig.deployApps(HostConfig.java:474)
	at org.apache.catalina.startup.HostConfig.start(HostConfig.java:1122)
	at org.apache.catalina.startup.HostConfig.lifecycleEvent(HostConfig.java:310)
	at org.apache.catalina.util.LifecycleSupport.fireLifecycleEvent(LifecycleSupport.java:119)
	at org.apache.catalina.core.ContainerBase.start(ContainerBase.java:1021)
	at org.apache.catalina.core.StandardHost.start(StandardHost.java:718)
	at org.apache.catalina.core.ContainerBase.start(ContainerBase.java:1013)
	at org.apache.catalina.core.StandardEngine.start(StandardEngine.java:442)
	at org.apache.catalina.core.StandardService.start(StandardService.java:450)
	at org.apache.catalina.core.StandardServer.start(StandardServer.java:709)
	at org.apache.catalina.startup.Catalina.start(Catalina.java:551)
	at sun.reflect.NativeMethodAccessorImpl.invoke0(Native Method)
	at sun.reflect.NativeMethodAccessorImpl.invoke(NativeMethodAccessorImpl.java:39)
	at sun.reflect.DelegatingMethodAccessorImpl.invoke(DelegatingMethodAccessorImpl.java:25)
	at java.lang.reflect.Method.invoke(Method.java:597)
	at org.apache.catalina.startup.Bootstrap.start(Bootstrap.java:294)
	at org.apache.catalina.startup.Bootstrap.main(Bootstrap.java:432)
2011-01-20 20:25:02,328 [main] INFO  ME2 - 账号统计已启动
2011-01-20 21:02:32,718 [main] INFO  ME2 - me2.server.login.db.DBConnectionPool complete init.
2011-01-20 21:02:54,343 [main] INFO  ME2 - 昵称过滤列表加载完毕
2011-01-20 21:02:54,375 [main] ERROR ME2 - 
java.lang.NullPointerException
	at me2.server.login.util.FixedAccountManager.loadOriginalAccount(FixedAccountManager.java:120)
	at me2.server.login.util.FixedAccountManager.init(FixedAccountManager.java:49)
	at me2.server.login.LoginService.init(LoginService.java:98)
	at loginserver.LoginServlet.init(LoginServlet.java:48)
	at javax.servlet.GenericServlet.init(GenericServlet.java:211)
	at org.apache.catalina.core.StandardWrapper.loadServlet(StandardWrapper.java:1105)
	at org.apache.catalina.core.StandardWrapper.load(StandardWrapper.java:932)
	at org.apache.catalina.core.StandardContext.loadOnStartup(StandardContext.java:3917)
	at org.apache.catalina.core.StandardContext.start(StandardContext.java:4201)
	at org.apache.catalina.core.ContainerBase.addChildInternal(ContainerBase.java:759)
	at org.apache.catalina.core.ContainerBase.addChild(ContainerBase.java:739)
	at org.apache.catalina.core.StandardHost.addChild(StandardHost.java:524)
	at org.apache.catalina.startup.HostConfig.deployDirectory(HostConfig.java:904)
	at org.apache.catalina.startup.HostConfig.deployDirectories(HostConfig.java:867)
	at org.apache.catalina.startup.HostConfig.deployApps(HostConfig.java:474)
	at org.apache.catalina.startup.HostConfig.start(HostConfig.java:1122)
	at org.apache.catalina.startup.HostConfig.lifecycleEvent(HostConfig.java:310)
	at org.apache.catalina.util.LifecycleSupport.fireLifecycleEvent(LifecycleSupport.java:119)
	at org.apache.catalina.core.ContainerBase.start(ContainerBase.java:1021)
	at org.apache.catalina.core.StandardHost.start(StandardHost.java:718)
	at org.apache.catalina.core.ContainerBase.start(ContainerBase.java:1013)
	at org.apache.catalina.core.StandardEngine.start(StandardEngine.java:442)
	at org.apache.catalina.core.StandardService.start(StandardService.java:450)
	at org.apache.catalina.core.StandardServer.start(StandardServer.java:709)
	at org.apache.catalina.startup.Catalina.start(Catalina.java:551)
	at sun.reflect.NativeMethodAccessorImpl.invoke0(Native Method)
	at sun.reflect.NativeMethodAccessorImpl.invoke(NativeMethodAccessorImpl.java:39)
	at sun.reflect.DelegatingMethodAccessorImpl.invoke(DelegatingMethodAccessorImpl.java:25)
	at java.lang.reflect.Method.invoke(Method.java:597)
	at org.apache.catalina.startup.Bootstrap.start(Bootstrap.java:294)
	at org.apache.catalina.startup.Bootstrap.main(Bootstrap.java:432)
2011-01-20 21:02:54,390 [main] ERROR ME2 - 
java.io.IOException: 系统找不到指定的路径。
	at java.io.WinNTFileSystem.createFileExclusively(Native Method)
	at java.io.File.createNewFile(File.java:883)
	at me2.server.login.util.FixedAccountManager.loadInvalidateAccount(FixedAccountManager.java:201)
	at me2.server.login.util.FixedAccountManager.init(FixedAccountManager.java:50)
	at me2.server.login.LoginService.init(LoginService.java:98)
	at loginserver.LoginServlet.init(LoginServlet.java:48)
	at javax.servlet.GenericServlet.init(GenericServlet.java:211)
	at org.apache.catalina.core.StandardWrapper.loadServlet(StandardWrapper.java:1105)
	at org.apache.catalina.core.StandardWrapper.load(StandardWrapper.java:932)
	at org.apache.catalina.core.StandardContext.loadOnStartup(StandardContext.java:3917)
	at org.apache.catalina.core.StandardContext.start(StandardContext.java:4201)
	at org.apache.catalina.core.ContainerBase.addChildInternal(ContainerBase.java:759)
	at org.apache.catalina.core.ContainerBase.addChild(ContainerBase.java:739)
	at org.apache.catalina.core.StandardHost.addChild(StandardHost.java:524)
	at org.apache.catalina.startup.HostConfig.deployDirectory(HostConfig.java:904)
	at org.apache.catalina.startup.HostConfig.deployDirectories(HostConfig.java:867)
	at org.apache.catalina.startup.HostConfig.deployApps(HostConfig.java:474)
	at org.apache.catalina.startup.HostConfig.start(HostConfig.java:1122)
	at org.apache.catalina.startup.HostConfig.lifecycleEvent(HostConfig.java:310)
	at org.apache.catalina.util.LifecycleSupport.fireLifecycleEvent(LifecycleSupport.java:119)
	at org.apache.catalina.core.ContainerBase.start(ContainerBase.java:1021)
	at org.apache.catalina.core.StandardHost.start(StandardHost.java:718)
	at org.apache.catalina.core.ContainerBase.start(ContainerBase.java:1013)
	at org.apache.catalina.core.StandardEngine.start(StandardEngine.java:442)
	at org.apache.catalina.core.StandardService.start(StandardService.java:450)
	at org.apache.catalina.core.StandardServer.start(StandardServer.java:709)
	at org.apache.catalina.startup.Catalina.start(Catalina.java:551)
	at sun.reflect.NativeMethodAccessorImpl.invoke0(Native Method)
	at sun.reflect.NativeMethodAccessorImpl.invoke(NativeMethodAccessorImpl.java:39)
	at sun.reflect.DelegatingMethodAccessorImpl.invoke(DelegatingMethodAccessorImpl.java:25)
	at java.lang.reflect.Method.invoke(Method.java:597)
	at org.apache.catalina.startup.Bootstrap.start(Bootstrap.java:294)
	at org.apache.catalina.startup.Bootstrap.main(Bootstrap.java:432)
2011-01-20 21:02:54,390 [main] INFO  ME2 - 账号统计已启动
2011-01-20 22:12:52,187 [main] INFO  ME2 - me2.server.login.db.DBConnectionPool complete init.
2011-01-20 22:13:14,000 [main] INFO  ME2 - 昵称过滤列表加载完毕
2011-01-20 22:13:14,046 [main] ERROR ME2 - 
java.lang.NullPointerException
	at me2.server.login.util.FixedAccountManager.loadOriginalAccount(FixedAccountManager.java:120)
	at me2.server.login.util.FixedAccountManager.init(FixedAccountManager.java:49)
	at me2.server.login.LoginService.init(LoginService.java:98)
	at loginserver.LoginServlet.init(LoginServlet.java:48)
	at javax.servlet.GenericServlet.init(GenericServlet.java:211)
	at org.apache.catalina.core.StandardWrapper.loadServlet(StandardWrapper.java:1105)
	at org.apache.catalina.core.StandardWrapper.load(StandardWrapper.java:932)
	at org.apache.catalina.core.StandardContext.loadOnStartup(StandardContext.java:3917)
	at org.apache.catalina.core.StandardContext.start(StandardContext.java:4201)
	at org.apache.catalina.core.ContainerBase.addChildInternal(ContainerBase.java:759)
	at org.apache.catalina.core.ContainerBase.addChild(ContainerBase.java:739)
	at org.apache.catalina.core.StandardHost.addChild(StandardHost.java:524)
	at org.apache.catalina.startup.HostConfig.deployDirectory(HostConfig.java:904)
	at org.apache.catalina.startup.HostConfig.deployDirectories(HostConfig.java:867)
	at org.apache.catalina.startup.HostConfig.deployApps(HostConfig.java:474)
	at org.apache.catalina.startup.HostConfig.start(HostConfig.java:1122)
	at org.apache.catalina.startup.HostConfig.lifecycleEvent(HostConfig.java:310)
	at org.apache.catalina.util.LifecycleSupport.fireLifecycleEvent(LifecycleSupport.java:119)
	at org.apache.catalina.core.ContainerBase.start(ContainerBase.java:1021)
	at org.apache.catalina.core.StandardHost.start(StandardHost.java:718)
	at org.apache.catalina.core.ContainerBase.start(ContainerBase.java:1013)
	at org.apache.catalina.core.StandardEngine.start(StandardEngine.java:442)
	at org.apache.catalina.core.StandardService.start(StandardService.java:450)
	at org.apache.catalina.core.StandardServer.start(StandardServer.java:709)
	at org.apache.catalina.startup.Catalina.start(Catalina.java:551)
	at sun.reflect.NativeMethodAccessorImpl.invoke0(Native Method)
	at sun.reflect.NativeMethodAccessorImpl.invoke(NativeMethodAccessorImpl.java:39)
	at sun.reflect.DelegatingMethodAccessorImpl.invoke(DelegatingMethodAccessorImpl.java:25)
	at java.lang.reflect.Method.invoke(Method.java:597)
	at org.apache.catalina.startup.Bootstrap.start(Bootstrap.java:294)
	at org.apache.catalina.startup.Bootstrap.main(Bootstrap.java:432)
2011-01-20 22:13:14,046 [main] ERROR ME2 - 
java.io.IOException: 系统找不到指定的路径。
	at java.io.WinNTFileSystem.createFileExclusively(Native Method)
	at java.io.File.createNewFile(File.java:883)
	at me2.server.login.util.FixedAccountManager.loadInvalidateAccount(FixedAccountManager.java:201)
	at me2.server.login.util.FixedAccountManager.init(FixedAccountManager.java:50)
	at me2.server.login.LoginService.init(LoginService.java:98)
	at loginserver.LoginServlet.init(LoginServlet.java:48)
	at javax.servlet.GenericServlet.init(GenericServlet.java:211)
	at org.apache.catalina.core.StandardWrapper.loadServlet(StandardWrapper.java:1105)
	at org.apache.catalina.core.StandardWrapper.load(StandardWrapper.java:932)
	at org.apache.catalina.core.StandardContext.loadOnStartup(StandardContext.java:3917)
	at org.apache.catalina.core.StandardContext.start(StandardContext.java:4201)
	at org.apache.catalina.core.ContainerBase.addChildInternal(ContainerBase.java:759)
	at org.apache.catalina.core.ContainerBase.addChild(ContainerBase.java:739)
	at org.apache.catalina.core.StandardHost.addChild(StandardHost.java:524)
	at org.apache.catalina.startup.HostConfig.deployDirectory(HostConfig.java:904)
	at org.apache.catalina.startup.HostConfig.deployDirectories(HostConfig.java:867)
	at org.apache.catalina.startup.HostConfig.deployApps(HostConfig.java:474)
	at org.apache.catalina.startup.HostConfig.start(HostConfig.java:1122)
	at org.apache.catalina.startup.HostConfig.lifecycleEvent(HostConfig.java:310)
	at org.apache.catalina.util.LifecycleSupport.fireLifecycleEvent(LifecycleSupport.java:119)
	at org.apache.catalina.core.ContainerBase.start(ContainerBase.java:1021)
	at org.apache.catalina.core.StandardHost.start(StandardHost.java:718)
	at org.apache.catalina.core.ContainerBase.start(ContainerBase.java:1013)
	at org.apache.catalina.core.StandardEngine.start(StandardEngine.java:442)
	at org.apache.catalina.core.StandardService.start(StandardService.java:450)
	at org.apache.catalina.core.StandardServer.start(StandardServer.java:709)
	at org.apache.catalina.startup.Catalina.start(Catalina.java:551)
	at sun.reflect.NativeMethodAccessorImpl.invoke0(Native Method)
	at sun.reflect.NativeMethodAccessorImpl.invoke(NativeMethodAccessorImpl.java:39)
	at sun.reflect.DelegatingMethodAccessorImpl.invoke(DelegatingMethodAccessorImpl.java:25)
	at java.lang.reflect.Method.invoke(Method.java:597)
	at org.apache.catalina.startup.Bootstrap.start(Bootstrap.java:294)
	at org.apache.catalina.startup.Bootstrap.main(Bootstrap.java:432)
2011-01-20 22:13:14,046 [main] INFO  ME2 - 账号统计已启动
2011-01-20 22:17:59,906 [main] INFO  ME2 - me2.server.login.db.DBConnectionPool complete init.
2011-01-20 22:18:21,593 [main] INFO  ME2 - 昵称过滤列表加载完毕
2011-01-20 22:18:21,625 [main] ERROR ME2 - 
java.lang.NullPointerException
	at me2.server.login.util.FixedAccountManager.loadOriginalAccount(FixedAccountManager.java:120)
	at me2.server.login.util.FixedAccountManager.init(FixedAccountManager.java:49)
	at me2.server.login.LoginService.init(LoginService.java:98)
	at loginserver.LoginServlet.init(LoginServlet.java:48)
	at javax.servlet.GenericServlet.init(GenericServlet.java:211)
	at org.apache.catalina.core.StandardWrapper.loadServlet(StandardWrapper.java:1105)
	at org.apache.catalina.core.StandardWrapper.load(StandardWrapper.java:932)
	at org.apache.catalina.core.StandardContext.loadOnStartup(StandardContext.java:3917)
	at org.apache.catalina.core.StandardContext.start(StandardContext.java:4201)
	at org.apache.catalina.core.ContainerBase.addChildInternal(ContainerBase.java:759)
	at org.apache.catalina.core.ContainerBase.addChild(ContainerBase.java:739)
	at org.apache.catalina.core.StandardHost.addChild(StandardHost.java:524)
	at org.apache.catalina.startup.HostConfig.deployDirectory(HostConfig.java:904)
	at org.apache.catalina.startup.HostConfig.deployDirectories(HostConfig.java:867)
	at org.apache.catalina.startup.HostConfig.deployApps(HostConfig.java:474)
	at org.apache.catalina.startup.HostConfig.start(HostConfig.java:1122)
	at org.apache.catalina.startup.HostConfig.lifecycleEvent(HostConfig.java:310)
	at org.apache.catalina.util.LifecycleSupport.fireLifecycleEvent(LifecycleSupport.java:119)
	at org.apache.catalina.core.ContainerBase.start(ContainerBase.java:1021)
	at org.apache.catalina.core.StandardHost.start(StandardHost.java:718)
	at org.apache.catalina.core.ContainerBase.start(ContainerBase.java:1013)
	at org.apache.catalina.core.StandardEngine.start(StandardEngine.java:442)
	at org.apache.catalina.core.StandardService.start(StandardService.java:450)
	at org.apache.catalina.core.StandardServer.start(StandardServer.java:709)
	at org.apache.catalina.startup.Catalina.start(Catalina.java:551)
	at sun.reflect.NativeMethodAccessorImpl.invoke0(Native Method)
	at sun.reflect.NativeMethodAccessorImpl.invoke(NativeMethodAccessorImpl.java:39)
	at sun.reflect.DelegatingMethodAccessorImpl.invoke(DelegatingMethodAccessorImpl.java:25)
	at java.lang.reflect.Method.invoke(Method.java:597)
	at org.apache.catalina.startup.Bootstrap.start(Bootstrap.java:294)
	at org.apache.catalina.startup.Bootstrap.main(Bootstrap.java:432)
2011-01-20 22:18:21,640 [main] ERROR ME2 - 
java.io.IOException: 系统找不到指定的路径。
	at java.io.WinNTFileSystem.createFileExclusively(Native Method)
	at java.io.File.createNewFile(File.java:883)
	at me2.server.login.util.FixedAccountManager.loadInvalidateAccount(FixedAccountManager.java:201)
	at me2.server.login.util.FixedAccountManager.init(FixedAccountManager.java:50)
	at me2.server.login.LoginService.init(LoginService.java:98)
	at loginserver.LoginServlet.init(LoginServlet.java:48)
	at javax.servlet.GenericServlet.init(GenericServlet.java:211)
	at org.apache.catalina.core.StandardWrapper.loadServlet(StandardWrapper.java:1105)
	at org.apache.catalina.core.StandardWrapper.load(StandardWrapper.java:932)
	at org.apache.catalina.core.StandardContext.loadOnStartup(StandardContext.java:3917)
	at org.apache.catalina.core.StandardContext.start(StandardContext.java:4201)
	at org.apache.catalina.core.ContainerBase.addChildInternal(ContainerBase.java:759)
	at org.apache.catalina.core.ContainerBase.addChild(ContainerBase.java:739)
	at org.apache.catalina.core.StandardHost.addChild(StandardHost.java:524)
	at org.apache.catalina.startup.HostConfig.deployDirectory(HostConfig.java:904)
	at org.apache.catalina.startup.HostConfig.deployDirectories(HostConfig.java:867)
	at org.apache.catalina.startup.HostConfig.deployApps(HostConfig.java:474)
	at org.apache.catalina.startup.HostConfig.start(HostConfig.java:1122)
	at org.apache.catalina.startup.HostConfig.lifecycleEvent(HostConfig.java:310)
	at org.apache.catalina.util.LifecycleSupport.fireLifecycleEvent(LifecycleSupport.java:119)
	at org.apache.catalina.core.ContainerBase.start(ContainerBase.java:1021)
	at org.apache.catalina.core.StandardHost.start(StandardHost.java:718)
	at org.apache.catalina.core.ContainerBase.start(ContainerBase.java:1013)
	at org.apache.catalina.core.StandardEngine.start(StandardEngine.java:442)
	at org.apache.catalina.core.StandardService.start(StandardService.java:450)
	at org.apache.catalina.core.StandardServer.start(StandardServer.java:709)
	at org.apache.catalina.startup.Catalina.start(Catalina.java:551)
	at sun.reflect.NativeMethodAccessorImpl.invoke0(Native Method)
	at sun.reflect.NativeMethodAccessorImpl.invoke(NativeMethodAccessorImpl.java:39)
	at sun.reflect.DelegatingMethodAccessorImpl.invoke(DelegatingMethodAccessorImpl.java:25)
	at java.lang.reflect.Method.invoke(Method.java:597)
	at org.apache.catalina.startup.Bootstrap.start(Bootstrap.java:294)
	at org.apache.catalina.startup.Bootstrap.main(Bootstrap.java:432)
2011-01-20 22:18:21,640 [main] INFO  ME2 - 账号统计已启动
2011-01-20 22:31:46,750 [main] INFO  ME2 - me2.server.login.db.DBConnectionPool complete init.
2011-01-20 22:32:08,515 [main] INFO  ME2 - 昵称过滤列表加载完毕
2011-01-20 22:32:08,546 [main] ERROR ME2 - 
java.lang.NullPointerException
	at me2.server.login.util.FixedAccountManager.loadOriginalAccount(FixedAccountManager.java:120)
	at me2.server.login.util.FixedAccountManager.init(FixedAccountManager.java:49)
	at me2.server.login.LoginService.init(LoginService.java:98)
	at loginserver.LoginServlet.init(LoginServlet.java:48)
	at javax.servlet.GenericServlet.init(GenericServlet.java:211)
	at org.apache.catalina.core.StandardWrapper.loadServlet(StandardWrapper.java:1105)
	at org.apache.catalina.core.StandardWrapper.load(StandardWrapper.java:932)
	at org.apache.catalina.core.StandardContext.loadOnStartup(StandardContext.java:3917)
	at org.apache.catalina.core.StandardContext.start(StandardContext.java:4201)
	at org.apache.catalina.core.ContainerBase.addChildInternal(ContainerBase.java:759)
	at org.apache.catalina.core.ContainerBase.addChild(ContainerBase.java:739)
	at org.apache.catalina.core.StandardHost.addChild(StandardHost.java:524)
	at org.apache.catalina.startup.HostConfig.deployDirectory(HostConfig.java:904)
	at org.apache.catalina.startup.HostConfig.deployDirectories(HostConfig.java:867)
	at org.apache.catalina.startup.HostConfig.deployApps(HostConfig.java:474)
	at org.apache.catalina.startup.HostConfig.start(HostConfig.java:1122)
	at org.apache.catalina.startup.HostConfig.lifecycleEvent(HostConfig.java:310)
	at org.apache.catalina.util.LifecycleSupport.fireLifecycleEvent(LifecycleSupport.java:119)
	at org.apache.catalina.core.ContainerBase.start(ContainerBase.java:1021)
	at org.apache.catalina.core.StandardHost.start(StandardHost.java:718)
	at org.apache.catalina.core.ContainerBase.start(ContainerBase.java:1013)
	at org.apache.catalina.core.StandardEngine.start(StandardEngine.java:442)
	at org.apache.catalina.core.StandardService.start(StandardService.java:450)
	at org.apache.catalina.core.StandardServer.start(StandardServer.java:709)
	at org.apache.catalina.startup.Catalina.start(Catalina.java:551)
	at sun.reflect.NativeMethodAccessorImpl.invoke0(Native Method)
	at sun.reflect.NativeMethodAccessorImpl.invoke(NativeMethodAccessorImpl.java:39)
	at sun.reflect.DelegatingMethodAccessorImpl.invoke(DelegatingMethodAccessorImpl.java:25)
	at java.lang.reflect.Method.invoke(Method.java:597)
	at org.apache.catalina.startup.Bootstrap.start(Bootstrap.java:294)
	at org.apache.catalina.startup.Bootstrap.main(Bootstrap.java:432)
2011-01-20 22:32:08,562 [main] ERROR ME2 - 
java.io.IOException: 系统找不到指定的路径。
	at java.io.WinNTFileSystem.createFileExclusively(Native Method)
	at java.io.File.createNewFile(File.java:883)
	at me2.server.login.util.FixedAccountManager.loadInvalidateAccount(FixedAccountManager.java:201)
	at me2.server.login.util.FixedAccountManager.init(FixedAccountManager.java:50)
	at me2.server.login.LoginService.init(LoginService.java:98)
	at loginserver.LoginServlet.init(LoginServlet.java:48)
	at javax.servlet.GenericServlet.init(GenericServlet.java:211)
	at org.apache.catalina.core.StandardWrapper.loadServlet(StandardWrapper.java:1105)
	at org.apache.catalina.core.StandardWrapper.load(StandardWrapper.java:932)
	at org.apache.catalina.core.StandardContext.loadOnStartup(StandardContext.java:3917)
	at org.apache.catalina.core.StandardContext.start(StandardContext.java:4201)
	at org.apache.catalina.core.ContainerBase.addChildInternal(ContainerBase.java:759)
	at org.apache.catalina.core.ContainerBase.addChild(ContainerBase.java:739)
	at org.apache.catalina.core.StandardHost.addChild(StandardHost.java:524)
	at org.apache.catalina.startup.HostConfig.deployDirectory(HostConfig.java:904)
	at org.apache.catalina.startup.HostConfig.deployDirectories(HostConfig.java:867)
	at org.apache.catalina.startup.HostConfig.deployApps(HostConfig.java:474)
	at org.apache.catalina.startup.HostConfig.start(HostConfig.java:1122)
	at org.apache.catalina.startup.HostConfig.lifecycleEvent(HostConfig.java:310)
	at org.apache.catalina.util.LifecycleSupport.fireLifecycleEvent(LifecycleSupport.java:119)
	at org.apache.catalina.core.ContainerBase.start(ContainerBase.java:1021)
	at org.apache.catalina.core.StandardHost.start(StandardHost.java:718)
	at org.apache.catalina.core.ContainerBase.start(ContainerBase.java:1013)
	at org.apache.catalina.core.StandardEngine.start(StandardEngine.java:442)
	at org.apache.catalina.core.StandardService.start(StandardService.java:450)
	at org.apache.catalina.core.StandardServer.start(StandardServer.java:709)
	at org.apache.catalina.startup.Catalina.start(Catalina.java:551)
	at sun.reflect.NativeMethodAccessorImpl.invoke0(Native Method)
	at sun.reflect.NativeMethodAccessorImpl.invoke(NativeMethodAccessorImpl.java:39)
	at sun.reflect.DelegatingMethodAccessorImpl.invoke(DelegatingMethodAccessorImpl.java:25)
	at java.lang.reflect.Method.invoke(Method.java:597)
	at org.apache.catalina.startup.Bootstrap.start(Bootstrap.java:294)
	at org.apache.catalina.startup.Bootstrap.main(Bootstrap.java:432)
2011-01-20 22:32:08,562 [main] INFO  ME2 - 账号统计已启动
2011-01-20 22:38:25,828 [main] INFO  ME2 - me2.server.login.db.DBConnectionPool complete init.
2011-01-20 22:38:47,437 [main] INFO  ME2 - 昵称过滤列表加载完毕
2011-01-20 22:38:47,468 [main] ERROR ME2 - 
java.lang.NullPointerException
	at me2.server.login.util.FixedAccountManager.loadOriginalAccount(FixedAccountManager.java:120)
	at me2.server.login.util.FixedAccountManager.init(FixedAccountManager.java:49)
	at me2.server.login.LoginService.init(LoginService.java:98)
	at loginserver.LoginServlet.init(LoginServlet.java:48)
	at javax.servlet.GenericServlet.init(GenericServlet.java:211)
	at org.apache.catalina.core.StandardWrapper.loadServlet(StandardWrapper.java:1105)
	at org.apache.catalina.core.StandardWrapper.load(StandardWrapper.java:932)
	at org.apache.catalina.core.StandardContext.loadOnStartup(StandardContext.java:3917)
	at org.apache.catalina.core.StandardContext.start(StandardContext.java:4201)
	at org.apache.catalina.core.ContainerBase.addChildInternal(ContainerBase.java:759)
	at org.apache.catalina.core.ContainerBase.addChild(ContainerBase.java:739)
	at org.apache.catalina.core.StandardHost.addChild(StandardHost.java:524)
	at org.apache.catalina.startup.HostConfig.deployDirectory(HostConfig.java:904)
	at org.apache.catalina.startup.HostConfig.deployDirectories(HostConfig.java:867)
	at org.apache.catalina.startup.HostConfig.deployApps(HostConfig.java:474)
	at org.apache.catalina.startup.HostConfig.start(HostConfig.java:1122)
	at org.apache.catalina.startup.HostConfig.lifecycleEvent(HostConfig.java:310)
	at org.apache.catalina.util.LifecycleSupport.fireLifecycleEvent(LifecycleSupport.java:119)
	at org.apache.catalina.core.ContainerBase.start(ContainerBase.java:1021)
	at org.apache.catalina.core.StandardHost.start(StandardHost.java:718)
	at org.apache.catalina.core.ContainerBase.start(ContainerBase.java:1013)
	at org.apache.catalina.core.StandardEngine.start(StandardEngine.java:442)
	at org.apache.catalina.core.StandardService.start(StandardService.java:450)
	at org.apache.catalina.core.StandardServer.start(StandardServer.java:709)
	at org.apache.catalina.startup.Catalina.start(Catalina.java:551)
	at sun.reflect.NativeMethodAccessorImpl.invoke0(Native Method)
	at sun.reflect.NativeMethodAccessorImpl.invoke(NativeMethodAccessorImpl.java:39)
	at sun.reflect.DelegatingMethodAccessorImpl.invoke(DelegatingMethodAccessorImpl.java:25)
	at java.lang.reflect.Method.invoke(Method.java:597)
	at org.apache.catalina.startup.Bootstrap.start(Bootstrap.java:294)
	at org.apache.catalina.startup.Bootstrap.main(Bootstrap.java:432)
2011-01-20 22:38:47,468 [main] ERROR ME2 - 
java.io.IOException: 系统找不到指定的路径。
	at java.io.WinNTFileSystem.createFileExclusively(Native Method)
	at java.io.File.createNewFile(File.java:883)
	at me2.server.login.util.FixedAccountManager.loadInvalidateAccount(FixedAccountManager.java:201)
	at me2.server.login.util.FixedAccountManager.init(FixedAccountManager.java:50)
	at me2.server.login.LoginService.init(LoginService.java:98)
	at loginserver.LoginServlet.init(LoginServlet.java:48)
	at javax.servlet.GenericServlet.init(GenericServlet.java:211)
	at org.apache.catalina.core.StandardWrapper.loadServlet(StandardWrapper.java:1105)
	at org.apache.catalina.core.StandardWrapper.load(StandardWrapper.java:932)
	at org.apache.catalina.core.StandardContext.loadOnStartup(StandardContext.java:3917)
	at org.apache.catalina.core.StandardContext.start(StandardContext.java:4201)
	at org.apache.catalina.core.ContainerBase.addChildInternal(ContainerBase.java:759)
	at org.apache.catalina.core.ContainerBase.addChild(ContainerBase.java:739)
	at org.apache.catalina.core.StandardHost.addChild(StandardHost.java:524)
	at org.apache.catalina.startup.HostConfig.deployDirectory(HostConfig.java:904)
	at org.apache.catalina.startup.HostConfig.deployDirectories(HostConfig.java:867)
	at org.apache.catalina.startup.HostConfig.deployApps(HostConfig.java:474)
	at org.apache.catalina.startup.HostConfig.start(HostConfig.java:1122)
	at org.apache.catalina.startup.HostConfig.lifecycleEvent(HostConfig.java:310)
	at org.apache.catalina.util.LifecycleSupport.fireLifecycleEvent(LifecycleSupport.java:119)
	at org.apache.catalina.core.ContainerBase.start(ContainerBase.java:1021)
	at org.apache.catalina.core.StandardHost.start(StandardHost.java:718)
	at org.apache.catalina.core.ContainerBase.start(ContainerBase.java:1013)
	at org.apache.catalina.core.StandardEngine.start(StandardEngine.java:442)
	at org.apache.catalina.core.StandardService.start(StandardService.java:450)
	at org.apache.catalina.core.StandardServer.start(StandardServer.java:709)
	at org.apache.catalina.startup.Catalina.start(Catalina.java:551)
	at sun.reflect.NativeMethodAccessorImpl.invoke0(Native Method)
	at sun.reflect.NativeMethodAccessorImpl.invoke(NativeMethodAccessorImpl.java:39)
	at sun.reflect.DelegatingMethodAccessorImpl.invoke(DelegatingMethodAccessorImpl.java:25)
	at java.lang.reflect.Method.invoke(Method.java:597)
	at org.apache.catalina.startup.Bootstrap.start(Bootstrap.java:294)
	at org.apache.catalina.startup.Bootstrap.main(Bootstrap.java:432)
2011-01-20 22:38:47,484 [main] INFO  ME2 - 账号统计已启动
2011-01-20 22:43:20,718 [main] INFO  ME2 - me2.server.login.db.DBConnectionPool complete init.
2011-01-20 22:43:42,484 [main] INFO  ME2 - 昵称过滤列表加载完毕
2011-01-20 22:43:42,531 [main] ERROR ME2 - 
java.lang.NullPointerException
	at me2.server.login.util.FixedAccountManager.loadOriginalAccount(FixedAccountManager.java:120)
	at me2.server.login.util.FixedAccountManager.init(FixedAccountManager.java:49)
	at me2.server.login.LoginService.init(LoginService.java:98)
	at loginserver.LoginServlet.init(LoginServlet.java:48)
	at javax.servlet.GenericServlet.init(GenericServlet.java:211)
	at org.apache.catalina.core.StandardWrapper.loadServlet(StandardWrapper.java:1105)
	at org.apache.catalina.core.StandardWrapper.load(StandardWrapper.java:932)
	at org.apache.catalina.core.StandardContext.loadOnStartup(StandardContext.java:3917)
	at org.apache.catalina.core.StandardContext.start(StandardContext.java:4201)
	at org.apache.catalina.core.ContainerBase.addChildInternal(ContainerBase.java:759)
	at org.apache.catalina.core.ContainerBase.addChild(ContainerBase.java:739)
	at org.apache.catalina.core.StandardHost.addChild(StandardHost.java:524)
	at org.apache.catalina.startup.HostConfig.deployDirectory(HostConfig.java:904)
	at org.apache.catalina.startup.HostConfig.deployDirectories(HostConfig.java:867)
	at org.apache.catalina.startup.HostConfig.deployApps(HostConfig.java:474)
	at org.apache.catalina.startup.HostConfig.start(HostConfig.java:1122)
	at org.apache.catalina.startup.HostConfig.lifecycleEvent(HostConfig.java:310)
	at org.apache.catalina.util.LifecycleSupport.fireLifecycleEvent(LifecycleSupport.java:119)
	at org.apache.catalina.core.ContainerBase.start(ContainerBase.java:1021)
	at org.apache.catalina.core.StandardHost.start(StandardHost.java:718)
	at org.apache.catalina.core.ContainerBase.start(ContainerBase.java:1013)
	at org.apache.catalina.core.StandardEngine.start(StandardEngine.java:442)
	at org.apache.catalina.core.StandardService.start(StandardService.java:450)
	at org.apache.catalina.core.StandardServer.start(StandardServer.java:709)
	at org.apache.catalina.startup.Catalina.start(Catalina.java:551)
	at sun.reflect.NativeMethodAccessorImpl.invoke0(Native Method)
	at sun.reflect.NativeMethodAccessorImpl.invoke(NativeMethodAccessorImpl.java:39)
	at sun.reflect.DelegatingMethodAccessorImpl.invoke(DelegatingMethodAccessorImpl.java:25)
	at java.lang.reflect.Method.invoke(Method.java:597)
	at org.apache.catalina.startup.Bootstrap.start(Bootstrap.java:294)
	at org.apache.catalina.startup.Bootstrap.main(Bootstrap.java:432)
2011-01-20 22:43:42,531 [main] ERROR ME2 - 
java.io.IOException: 系统找不到指定的路径。
	at java.io.WinNTFileSystem.createFileExclusively(Native Method)
	at java.io.File.createNewFile(File.java:883)
	at me2.server.login.util.FixedAccountManager.loadInvalidateAccount(FixedAccountManager.java:201)
	at me2.server.login.util.FixedAccountManager.init(FixedAccountManager.java:50)
	at me2.server.login.LoginService.init(LoginService.java:98)
	at loginserver.LoginServlet.init(LoginServlet.java:48)
	at javax.servlet.GenericServlet.init(GenericServlet.java:211)
	at org.apache.catalina.core.StandardWrapper.loadServlet(StandardWrapper.java:1105)
	at org.apache.catalina.core.StandardWrapper.load(StandardWrapper.java:932)
	at org.apache.catalina.core.StandardContext.loadOnStartup(StandardContext.java:3917)
	at org.apache.catalina.core.StandardContext.start(StandardContext.java:4201)
	at org.apache.catalina.core.ContainerBase.addChildInternal(ContainerBase.java:759)
	at org.apache.catalina.core.ContainerBase.addChild(ContainerBase.java:739)
	at org.apache.catalina.core.StandardHost.addChild(StandardHost.java:524)
	at org.apache.catalina.startup.HostConfig.deployDirectory(HostConfig.java:904)
	at org.apache.catalina.startup.HostConfig.deployDirectories(HostConfig.java:867)
	at org.apache.catalina.startup.HostConfig.deployApps(HostConfig.java:474)
	at org.apache.catalina.startup.HostConfig.start(HostConfig.java:1122)
	at org.apache.catalina.startup.HostConfig.lifecycleEvent(HostConfig.java:310)
	at org.apache.catalina.util.LifecycleSupport.fireLifecycleEvent(LifecycleSupport.java:119)
	at org.apache.catalina.core.ContainerBase.start(ContainerBase.java:1021)
	at org.apache.catalina.core.StandardHost.start(StandardHost.java:718)
	at org.apache.catalina.core.ContainerBase.start(ContainerBase.java:1013)
	at org.apache.catalina.core.StandardEngine.start(StandardEngine.java:442)
	at org.apache.catalina.core.StandardService.start(StandardService.java:450)
	at org.apache.catalina.core.StandardServer.start(StandardServer.java:709)
	at org.apache.catalina.startup.Catalina.start(Catalina.java:551)
	at sun.reflect.NativeMethodAccessorImpl.invoke0(Native Method)
	at sun.reflect.NativeMethodAccessorImpl.invoke(NativeMethodAccessorImpl.java:39)
	at sun.reflect.DelegatingMethodAccessorImpl.invoke(DelegatingMethodAccessorImpl.java:25)
	at java.lang.reflect.Method.invoke(Method.java:597)
	at org.apache.catalina.startup.Bootstrap.start(Bootstrap.java:294)
	at org.apache.catalina.startup.Bootstrap.main(Bootstrap.java:432)
2011-01-20 22:43:42,531 [main] INFO  ME2 - 账号统计已启动
