2011-04-28 00:45:10,000 [http-7000-Processor23] INFO  ME2 - 神州付回调结果 result=1,orderID=1-1-20110428004349,addpoint=500,type=2
2011-04-28 00:46:21,656 [http-7000-Processor19] INFO  ME2 - 神州付回调结果 result=0,orderID=1-1-20110428004615,addpoint=0,type=2
2011-04-28 00:48:57,656 [http-7000-Processor19] INFO  ME2 - 神州付回调结果 result=1,orderID=1-1-20110428004719,addpoint=300,type=2
2011-04-28 10:42:16,765 [http-7000-Processor21] INFO  ME2 - response is null
2011-04-28 10:42:26,578 [http-7000-Processor24] INFO  ME2 - response is null
2011-04-28 10:47:15,015 [http-7000-Processor19] INFO  ME2 - response is null
2011-04-28 10:51:13,281 [http-7000-Processor24] INFO  ME2 - response is null
2011-04-28 10:51:24,078 [http-7000-Processor19] INFO  ME2 - response is null
2011-04-28 11:02:34,421 [http-7000-Processor21] INFO  ME2 - response is null
2011-04-28 11:02:52,609 [http-7000-Processor21] INFO  ME2 - response is null
2011-04-28 11:03:02,843 [http-7000-Processor19] INFO  ME2 - response is null
2011-04-28 17:18:20,203 [http-7000-Processor19] INFO  ME2 - response is null
2011-04-28 18:52:18,906 [http-7000-Processor19] ERROR ME2 - 
me2.server.login.GameServerDownException: 服务器已关闭
	at me2.server.login.GameService.getRoleList(GameService.java:165)
	at me2.server.login.LoginService.getRoleList(LoginService.java:2077)
	at me2.server.login.LoginService.selectServer(LoginService.java:1833)
	at me2.server.login.LoginService.process(LoginService.java:389)
	at loginserver.LoginServlet.doGet(LoginServlet.java:26)
	at javax.servlet.http.HttpServlet.service(HttpServlet.java:707)
	at javax.servlet.http.HttpServlet.service(HttpServlet.java:820)
	at org.apache.catalina.core.ApplicationFilterChain.internalDoFilter(ApplicationFilterChain.java:252)
	at org.apache.catalina.core.ApplicationFilterChain.doFilter(ApplicationFilterChain.java:173)
	at org.apache.catalina.core.StandardWrapperValve.invoke(StandardWrapperValve.java:213)
	at org.apache.catalina.core.StandardContextValve.invoke(StandardContextValve.java:178)
	at org.apache.catalina.core.StandardHostValve.invoke(StandardHostValve.java:126)
	at org.apache.catalina.valves.ErrorReportValve.invoke(ErrorReportValve.java:105)
	at org.apache.catalina.core.StandardEngineValve.invoke(StandardEngineValve.java:107)
	at org.apache.catalina.connector.CoyoteAdapter.service(CoyoteAdapter.java:148)
	at org.apache.coyote.http11.Http11Processor.process(Http11Processor.java:869)
	at org.apache.coyote.http11.Http11BaseProtocol$Http11ConnectionHandler.processConnection(Http11BaseProtocol.java:664)
	at org.apache.tomcat.util.net.PoolTcpEndpoint.processSocket(PoolTcpEndpoint.java:527)
	at org.apache.tomcat.util.net.LeaderFollowerWorkerThread.runIt(LeaderFollowerWorkerThread.java:80)
	at org.apache.tomcat.util.threads.ThreadPool$ControlRunnable.run(ThreadPool.java:684)
	at java.lang.Thread.run(Thread.java:619)
2011-04-28 18:52:18,906 [http-7000-Processor19] INFO  ME2 - response is null
2011-04-28 20:14:12,609 [http-7000-Processor20] INFO  ME2 - response is null
