2011-04-15 09:57:13,843 [http-7000-Processor22] ERROR ME2 - 
me2.server.login.GameServerDownException: 服务器已关闭
	at me2.server.login.GameService.getDefaultRoleList(GameService.java:183)
	at me2.server.login.LoginService.getDefaultRoleList(LoginService.java:1592)
	at me2.server.login.LoginService.process(LoginService.java:393)
	at loginserver.LoginServlet.doGet(LoginServlet.java:26)
	at javax.servlet.http.HttpServlet.service(HttpServlet.java:707)
	at javax.servlet.http.HttpServlet.service(HttpServlet.java:820)
	at org.apache.catalina.core.ApplicationFilterChain.internalDoFilter(ApplicationFilterChain.java:252)
	at org.apache.catalina.core.ApplicationFilterChain.doFilter(ApplicationFilterChain.java:173)
	at org.apache.catalina.core.StandardWrapperValve.invoke(StandardWrapperValve.java:213)
	at org.apache.catalina.core.StandardContextValve.invoke(StandardContextValve.java:178)
	at org.apache.catalina.core.StandardHostValve.invoke(StandardHostValve.java:126)
	at org.apache.catalina.valves.ErrorReportValve.invoke(ErrorReportValve.java:105)
	at org.apache.catalina.core.StandardEngineValve.invoke(StandardEngineValve.java:107)
	at org.apache.catalina.connector.CoyoteAdapter.service(CoyoteAdapter.java:148)
	at org.apache.coyote.http11.Http11Processor.process(Http11Processor.java:869)
	at org.apache.coyote.http11.Http11BaseProtocol$Http11ConnectionHandler.processConnection(Http11BaseProtocol.java:664)
	at org.apache.tomcat.util.net.PoolTcpEndpoint.processSocket(PoolTcpEndpoint.java:527)
	at org.apache.tomcat.util.net.LeaderFollowerWorkerThread.runIt(LeaderFollowerWorkerThread.java:80)
	at org.apache.tomcat.util.threads.ThreadPool$ControlRunnable.run(ThreadPool.java:684)
	at java.lang.Thread.run(Thread.java:619)
2011-04-15 09:57:13,843 [http-7000-Processor22] INFO  ME2 - response is null
2011-04-15 10:02:06,593 [http-7000-Processor20] ERROR ME2 - 
ClientAbortException:  java.net.SocketException: Connection reset by peer: socket write error
	at org.apache.catalina.connector.OutputBuffer.doFlush(OutputBuffer.java:327)
	at org.apache.catalina.connector.OutputBuffer.flush(OutputBuffer.java:293)
	at org.apache.catalina.connector.CoyoteOutputStream.flush(CoyoteOutputStream.java:97)
	at loginserver.LoginServlet.doGet(LoginServlet.java:30)
	at javax.servlet.http.HttpServlet.service(HttpServlet.java:707)
	at javax.servlet.http.HttpServlet.service(HttpServlet.java:820)
	at org.apache.catalina.core.ApplicationFilterChain.internalDoFilter(ApplicationFilterChain.java:252)
	at org.apache.catalina.core.ApplicationFilterChain.doFilter(ApplicationFilterChain.java:173)
	at org.apache.catalina.core.StandardWrapperValve.invoke(StandardWrapperValve.java:213)
	at org.apache.catalina.core.StandardContextValve.invoke(StandardContextValve.java:178)
	at org.apache.catalina.core.StandardHostValve.invoke(StandardHostValve.java:126)
	at org.apache.catalina.valves.ErrorReportValve.invoke(ErrorReportValve.java:105)
	at org.apache.catalina.core.StandardEngineValve.invoke(StandardEngineValve.java:107)
	at org.apache.catalina.connector.CoyoteAdapter.service(CoyoteAdapter.java:148)
	at org.apache.coyote.http11.Http11Processor.process(Http11Processor.java:869)
	at org.apache.coyote.http11.Http11BaseProtocol$Http11ConnectionHandler.processConnection(Http11BaseProtocol.java:664)
	at org.apache.tomcat.util.net.PoolTcpEndpoint.processSocket(PoolTcpEndpoint.java:527)
	at org.apache.tomcat.util.net.LeaderFollowerWorkerThread.runIt(LeaderFollowerWorkerThread.java:80)
	at org.apache.tomcat.util.threads.ThreadPool$ControlRunnable.run(ThreadPool.java:684)
	at java.lang.Thread.run(Thread.java:619)
Caused by: java.net.SocketException: Connection reset by peer: socket write error
	at java.net.SocketOutputStream.socketWrite0(Native Method)
	at java.net.SocketOutputStream.socketWrite(SocketOutputStream.java:92)
	at java.net.SocketOutputStream.write(SocketOutputStream.java:136)
	at org.apache.coyote.http11.InternalOutputBuffer.realWriteBytes(InternalOutputBuffer.java:746)
	at org.apache.tomcat.util.buf.ByteChunk.flushBuffer(ByteChunk.java:433)
	at org.apache.coyote.http11.InternalOutputBuffer.flush(InternalOutputBuffer.java:304)
	at org.apache.coyote.http11.Http11Processor.action(Http11Processor.java:991)
	at org.apache.coyote.Response.action(Response.java:182)
	at org.apache.catalina.connector.OutputBuffer.doFlush(OutputBuffer.java:322)
	... 19 more
2011-04-15 10:06:37,578 [http-7000-Processor24] ERROR ME2 - 
ClientAbortException:  java.net.SocketException: Connection reset by peer: socket write error
	at org.apache.catalina.connector.OutputBuffer.doFlush(OutputBuffer.java:327)
	at org.apache.catalina.connector.OutputBuffer.flush(OutputBuffer.java:293)
	at org.apache.catalina.connector.CoyoteOutputStream.flush(CoyoteOutputStream.java:97)
	at loginserver.LoginServlet.doGet(LoginServlet.java:30)
	at javax.servlet.http.HttpServlet.service(HttpServlet.java:707)
	at javax.servlet.http.HttpServlet.service(HttpServlet.java:820)
	at org.apache.catalina.core.ApplicationFilterChain.internalDoFilter(ApplicationFilterChain.java:252)
	at org.apache.catalina.core.ApplicationFilterChain.doFilter(ApplicationFilterChain.java:173)
	at org.apache.catalina.core.StandardWrapperValve.invoke(StandardWrapperValve.java:213)
	at org.apache.catalina.core.StandardContextValve.invoke(StandardContextValve.java:178)
	at org.apache.catalina.core.StandardHostValve.invoke(StandardHostValve.java:126)
	at org.apache.catalina.valves.ErrorReportValve.invoke(ErrorReportValve.java:105)
	at org.apache.catalina.core.StandardEngineValve.invoke(StandardEngineValve.java:107)
	at org.apache.catalina.connector.CoyoteAdapter.service(CoyoteAdapter.java:148)
	at org.apache.coyote.http11.Http11Processor.process(Http11Processor.java:869)
	at org.apache.coyote.http11.Http11BaseProtocol$Http11ConnectionHandler.processConnection(Http11BaseProtocol.java:664)
	at org.apache.tomcat.util.net.PoolTcpEndpoint.processSocket(PoolTcpEndpoint.java:527)
	at org.apache.tomcat.util.net.LeaderFollowerWorkerThread.runIt(LeaderFollowerWorkerThread.java:80)
	at org.apache.tomcat.util.threads.ThreadPool$ControlRunnable.run(ThreadPool.java:684)
	at java.lang.Thread.run(Thread.java:619)
Caused by: java.net.SocketException: Connection reset by peer: socket write error
	at java.net.SocketOutputStream.socketWrite0(Native Method)
	at java.net.SocketOutputStream.socketWrite(SocketOutputStream.java:92)
	at java.net.SocketOutputStream.write(SocketOutputStream.java:136)
	at org.apache.coyote.http11.InternalOutputBuffer.realWriteBytes(InternalOutputBuffer.java:746)
	at org.apache.tomcat.util.buf.ByteChunk.flushBuffer(ByteChunk.java:433)
	at org.apache.coyote.http11.InternalOutputBuffer.flush(InternalOutputBuffer.java:304)
	at org.apache.coyote.http11.Http11Processor.action(Http11Processor.java:991)
	at org.apache.coyote.Response.action(Response.java:182)
	at org.apache.catalina.connector.OutputBuffer.doFlush(OutputBuffer.java:322)
	... 19 more
2011-04-15 10:07:46,015 [http-7000-Processor22] ERROR ME2 - 
ClientAbortException:  java.net.SocketException: Connection reset by peer: socket write error
	at org.apache.catalina.connector.OutputBuffer.doFlush(OutputBuffer.java:327)
	at org.apache.catalina.connector.OutputBuffer.flush(OutputBuffer.java:293)
	at org.apache.catalina.connector.CoyoteOutputStream.flush(CoyoteOutputStream.java:97)
	at loginserver.LoginServlet.doGet(LoginServlet.java:30)
	at javax.servlet.http.HttpServlet.service(HttpServlet.java:707)
	at javax.servlet.http.HttpServlet.service(HttpServlet.java:820)
	at org.apache.catalina.core.ApplicationFilterChain.internalDoFilter(ApplicationFilterChain.java:252)
	at org.apache.catalina.core.ApplicationFilterChain.doFilter(ApplicationFilterChain.java:173)
	at org.apache.catalina.core.StandardWrapperValve.invoke(StandardWrapperValve.java:213)
	at org.apache.catalina.core.StandardContextValve.invoke(StandardContextValve.java:178)
	at org.apache.catalina.core.StandardHostValve.invoke(StandardHostValve.java:126)
	at org.apache.catalina.valves.ErrorReportValve.invoke(ErrorReportValve.java:105)
	at org.apache.catalina.core.StandardEngineValve.invoke(StandardEngineValve.java:107)
	at org.apache.catalina.connector.CoyoteAdapter.service(CoyoteAdapter.java:148)
	at org.apache.coyote.http11.Http11Processor.process(Http11Processor.java:869)
	at org.apache.coyote.http11.Http11BaseProtocol$Http11ConnectionHandler.processConnection(Http11BaseProtocol.java:664)
	at org.apache.tomcat.util.net.PoolTcpEndpoint.processSocket(PoolTcpEndpoint.java:527)
	at org.apache.tomcat.util.net.LeaderFollowerWorkerThread.runIt(LeaderFollowerWorkerThread.java:80)
	at org.apache.tomcat.util.threads.ThreadPool$ControlRunnable.run(ThreadPool.java:684)
	at java.lang.Thread.run(Thread.java:619)
Caused by: java.net.SocketException: Connection reset by peer: socket write error
	at java.net.SocketOutputStream.socketWrite0(Native Method)
	at java.net.SocketOutputStream.socketWrite(SocketOutputStream.java:92)
	at java.net.SocketOutputStream.write(SocketOutputStream.java:136)
	at org.apache.coyote.http11.InternalOutputBuffer.realWriteBytes(InternalOutputBuffer.java:746)
	at org.apache.tomcat.util.buf.ByteChunk.flushBuffer(ByteChunk.java:433)
	at org.apache.coyote.http11.InternalOutputBuffer.flush(InternalOutputBuffer.java:304)
	at org.apache.coyote.http11.Http11Processor.action(Http11Processor.java:991)
	at org.apache.coyote.Response.action(Response.java:182)
	at org.apache.catalina.connector.OutputBuffer.doFlush(OutputBuffer.java:322)
	... 19 more
2011-04-15 10:08:48,828 [http-7000-Processor21] ERROR ME2 -  更新神州付结果 rollback error: 
com.mysql.jdbc.exceptions.MySQLNonTransientConnectionException: Can't call rollback when autocommit=true
	at com.mysql.jdbc.SQLError.createSQLException(SQLError.java:888)
	at com.mysql.jdbc.Connection.rollback(Connection.java:5041)
	at sun.reflect.NativeMethodAccessorImpl.invoke0(Native Method)
	at sun.reflect.NativeMethodAccessorImpl.invoke(NativeMethodAccessorImpl.java:39)
	at sun.reflect.DelegatingMethodAccessorImpl.invoke(DelegatingMethodAccessorImpl.java:25)
	at java.lang.reflect.Method.invoke(Method.java:597)
	at org.logicalcobwebs.proxool.WrappedConnection.invoke(WrappedConnection.java:162)
	at org.logicalcobwebs.proxool.WrappedConnection.intercept(WrappedConnection.java:87)
	at $java.sql.Wrapper$$EnhancerByProxool$$6930ddc5.rollback(<generated>)
	at me2.server.login.db.LoginDAO.updateSZFResultFlag(LoginDAO.java:1363)
	at me2.server.login.LoginService.szfFeeCallBack(LoginService.java:159)
	at loginserver.SzfCallBack.doPost(SzfCallBack.java:28)
	at javax.servlet.http.HttpServlet.service(HttpServlet.java:727)
	at javax.servlet.http.HttpServlet.service(HttpServlet.java:820)
	at org.apache.catalina.core.ApplicationFilterChain.internalDoFilter(ApplicationFilterChain.java:252)
	at org.apache.catalina.core.ApplicationFilterChain.doFilter(ApplicationFilterChain.java:173)
	at org.apache.catalina.core.StandardWrapperValve.invoke(StandardWrapperValve.java:213)
	at org.apache.catalina.core.StandardContextValve.invoke(StandardContextValve.java:178)
	at org.apache.catalina.core.StandardHostValve.invoke(StandardHostValve.java:126)
	at org.apache.catalina.valves.ErrorReportValve.invoke(ErrorReportValve.java:105)
	at org.apache.catalina.core.StandardEngineValve.invoke(StandardEngineValve.java:107)
	at org.apache.catalina.connector.CoyoteAdapter.service(CoyoteAdapter.java:148)
	at org.apache.coyote.http11.Http11Processor.process(Http11Processor.java:869)
	at org.apache.coyote.http11.Http11BaseProtocol$Http11ConnectionHandler.processConnection(Http11BaseProtocol.java:664)
	at org.apache.tomcat.util.net.PoolTcpEndpoint.processSocket(PoolTcpEndpoint.java:527)
	at org.apache.tomcat.util.net.LeaderFollowerWorkerThread.runIt(LeaderFollowerWorkerThread.java:80)
	at org.apache.tomcat.util.threads.ThreadPool$ControlRunnable.run(ThreadPool.java:684)
	at java.lang.Thread.run(Thread.java:619)
2011-04-15 10:08:48,828 [http-7000-Processor21] ERROR ME2 -  更新神州付结果 error: 
com.mysql.jdbc.exceptions.MySQLSyntaxErrorException: Unknown column 't.point' in 'field list'
	at com.mysql.jdbc.SQLError.createSQLException(SQLError.java:936)
	at com.mysql.jdbc.MysqlIO.checkErrorPacket(MysqlIO.java:2870)
	at com.mysql.jdbc.MysqlIO.sendCommand(MysqlIO.java:1573)
	at com.mysql.jdbc.MysqlIO.sqlQueryDirect(MysqlIO.java:1665)
	at com.mysql.jdbc.Connection.execSQL(Connection.java:3124)
	at com.mysql.jdbc.PreparedStatement.executeInternal(PreparedStatement.java:1149)
	at com.mysql.jdbc.PreparedStatement.executeUpdate(PreparedStatement.java:1400)
	at com.mysql.jdbc.PreparedStatement.executeUpdate(PreparedStatement.java:1314)
	at com.mysql.jdbc.PreparedStatement.executeUpdate(PreparedStatement.java:1299)
	at sun.reflect.NativeMethodAccessorImpl.invoke0(Native Method)
	at sun.reflect.NativeMethodAccessorImpl.invoke(NativeMethodAccessorImpl.java:39)
	at sun.reflect.DelegatingMethodAccessorImpl.invoke(DelegatingMethodAccessorImpl.java:25)
	at java.lang.reflect.Method.invoke(Method.java:597)
	at org.logicalcobwebs.proxool.ProxyStatement.invoke(ProxyStatement.java:100)
	at org.logicalcobwebs.proxool.ProxyStatement.intercept(ProxyStatement.java:57)
	at $java.sql.Wrapper$$EnhancerByProxool$$389f5281.executeUpdate(<generated>)
	at me2.server.login.db.LoginDAO.updateSZFResultFlag(LoginDAO.java:1357)
	at me2.server.login.LoginService.szfFeeCallBack(LoginService.java:159)
	at loginserver.SzfCallBack.doPost(SzfCallBack.java:28)
	at javax.servlet.http.HttpServlet.service(HttpServlet.java:727)
	at javax.servlet.http.HttpServlet.service(HttpServlet.java:820)
	at org.apache.catalina.core.ApplicationFilterChain.internalDoFilter(ApplicationFilterChain.java:252)
	at org.apache.catalina.core.ApplicationFilterChain.doFilter(ApplicationFilterChain.java:173)
	at org.apache.catalina.core.StandardWrapperValve.invoke(StandardWrapperValve.java:213)
	at org.apache.catalina.core.StandardContextValve.invoke(StandardContextValve.java:178)
	at org.apache.catalina.core.StandardHostValve.invoke(StandardHostValve.java:126)
	at org.apache.catalina.valves.ErrorReportValve.invoke(ErrorReportValve.java:105)
	at org.apache.catalina.core.StandardEngineValve.invoke(StandardEngineValve.java:107)
	at org.apache.catalina.connector.CoyoteAdapter.service(CoyoteAdapter.java:148)
	at org.apache.coyote.http11.Http11Processor.process(Http11Processor.java:869)
	at org.apache.coyote.http11.Http11BaseProtocol$Http11ConnectionHandler.processConnection(Http11BaseProtocol.java:664)
	at org.apache.tomcat.util.net.PoolTcpEndpoint.processSocket(PoolTcpEndpoint.java:527)
	at org.apache.tomcat.util.net.LeaderFollowerWorkerThread.runIt(LeaderFollowerWorkerThread.java:80)
	at org.apache.tomcat.util.threads.ThreadPool$ControlRunnable.run(ThreadPool.java:684)
	at java.lang.Thread.run(Thread.java:619)
2011-04-15 10:08:48,828 [http-7000-Processor21] INFO  ME2 - 神州付回调结果 result=1,orderID=20110415-114794-1302833325,addpoint=300
2011-04-15 10:18:16,734 [http-7000-Processor25] ERROR ME2 -  更新神州付结果 rollback error: 
com.mysql.jdbc.exceptions.MySQLNonTransientConnectionException: Can't call rollback when autocommit=true
	at com.mysql.jdbc.SQLError.createSQLException(SQLError.java:888)
	at com.mysql.jdbc.Connection.rollback(Connection.java:5041)
	at sun.reflect.NativeMethodAccessorImpl.invoke0(Native Method)
	at sun.reflect.NativeMethodAccessorImpl.invoke(NativeMethodAccessorImpl.java:39)
	at sun.reflect.DelegatingMethodAccessorImpl.invoke(DelegatingMethodAccessorImpl.java:25)
	at java.lang.reflect.Method.invoke(Method.java:597)
	at org.logicalcobwebs.proxool.WrappedConnection.invoke(WrappedConnection.java:162)
	at org.logicalcobwebs.proxool.WrappedConnection.intercept(WrappedConnection.java:87)
	at $java.sql.Wrapper$$EnhancerByProxool$$6930ddc5.rollback(<generated>)
	at me2.server.login.db.LoginDAO.updateSZFResultFlag(LoginDAO.java:1363)
	at me2.server.login.LoginService.szfFeeCallBack(LoginService.java:159)
	at loginserver.SzfCallBack.doPost(SzfCallBack.java:28)
	at javax.servlet.http.HttpServlet.service(HttpServlet.java:727)
	at javax.servlet.http.HttpServlet.service(HttpServlet.java:820)
	at org.apache.catalina.core.ApplicationFilterChain.internalDoFilter(ApplicationFilterChain.java:252)
	at org.apache.catalina.core.ApplicationFilterChain.doFilter(ApplicationFilterChain.java:173)
	at org.apache.catalina.core.StandardWrapperValve.invoke(StandardWrapperValve.java:213)
	at org.apache.catalina.core.StandardContextValve.invoke(StandardContextValve.java:178)
	at org.apache.catalina.core.StandardHostValve.invoke(StandardHostValve.java:126)
	at org.apache.catalina.valves.ErrorReportValve.invoke(ErrorReportValve.java:105)
	at org.apache.catalina.core.StandardEngineValve.invoke(StandardEngineValve.java:107)
	at org.apache.catalina.connector.CoyoteAdapter.service(CoyoteAdapter.java:148)
	at org.apache.coyote.http11.Http11Processor.process(Http11Processor.java:869)
	at org.apache.coyote.http11.Http11BaseProtocol$Http11ConnectionHandler.processConnection(Http11BaseProtocol.java:664)
	at org.apache.tomcat.util.net.PoolTcpEndpoint.processSocket(PoolTcpEndpoint.java:527)
	at org.apache.tomcat.util.net.LeaderFollowerWorkerThread.runIt(LeaderFollowerWorkerThread.java:80)
	at org.apache.tomcat.util.threads.ThreadPool$ControlRunnable.run(ThreadPool.java:684)
	at java.lang.Thread.run(Thread.java:619)
2011-04-15 10:18:16,734 [http-7000-Processor25] ERROR ME2 -  更新神州付结果 error: 
com.mysql.jdbc.exceptions.MySQLSyntaxErrorException: Unknown column 't.point' in 'field list'
	at com.mysql.jdbc.SQLError.createSQLException(SQLError.java:936)
	at com.mysql.jdbc.MysqlIO.checkErrorPacket(MysqlIO.java:2870)
	at com.mysql.jdbc.MysqlIO.sendCommand(MysqlIO.java:1573)
	at com.mysql.jdbc.MysqlIO.sqlQueryDirect(MysqlIO.java:1665)
	at com.mysql.jdbc.Connection.execSQL(Connection.java:3124)
	at com.mysql.jdbc.PreparedStatement.executeInternal(PreparedStatement.java:1149)
	at com.mysql.jdbc.PreparedStatement.executeUpdate(PreparedStatement.java:1400)
	at com.mysql.jdbc.PreparedStatement.executeUpdate(PreparedStatement.java:1314)
	at com.mysql.jdbc.PreparedStatement.executeUpdate(PreparedStatement.java:1299)
	at sun.reflect.NativeMethodAccessorImpl.invoke0(Native Method)
	at sun.reflect.NativeMethodAccessorImpl.invoke(NativeMethodAccessorImpl.java:39)
	at sun.reflect.DelegatingMethodAccessorImpl.invoke(DelegatingMethodAccessorImpl.java:25)
	at java.lang.reflect.Method.invoke(Method.java:597)
	at org.logicalcobwebs.proxool.ProxyStatement.invoke(ProxyStatement.java:100)
	at org.logicalcobwebs.proxool.ProxyStatement.intercept(ProxyStatement.java:57)
	at $java.sql.Wrapper$$EnhancerByProxool$$389f5281.executeUpdate(<generated>)
	at me2.server.login.db.LoginDAO.updateSZFResultFlag(LoginDAO.java:1357)
	at me2.server.login.LoginService.szfFeeCallBack(LoginService.java:159)
	at loginserver.SzfCallBack.doPost(SzfCallBack.java:28)
	at javax.servlet.http.HttpServlet.service(HttpServlet.java:727)
	at javax.servlet.http.HttpServlet.service(HttpServlet.java:820)
	at org.apache.catalina.core.ApplicationFilterChain.internalDoFilter(ApplicationFilterChain.java:252)
	at org.apache.catalina.core.ApplicationFilterChain.doFilter(ApplicationFilterChain.java:173)
	at org.apache.catalina.core.StandardWrapperValve.invoke(StandardWrapperValve.java:213)
	at org.apache.catalina.core.StandardContextValve.invoke(StandardContextValve.java:178)
	at org.apache.catalina.core.StandardHostValve.invoke(StandardHostValve.java:126)
	at org.apache.catalina.valves.ErrorReportValve.invoke(ErrorReportValve.java:105)
	at org.apache.catalina.core.StandardEngineValve.invoke(StandardEngineValve.java:107)
	at org.apache.catalina.connector.CoyoteAdapter.service(CoyoteAdapter.java:148)
	at org.apache.coyote.http11.Http11Processor.process(Http11Processor.java:869)
	at org.apache.coyote.http11.Http11BaseProtocol$Http11ConnectionHandler.processConnection(Http11BaseProtocol.java:664)
	at org.apache.tomcat.util.net.PoolTcpEndpoint.processSocket(PoolTcpEndpoint.java:527)
	at org.apache.tomcat.util.net.LeaderFollowerWorkerThread.runIt(LeaderFollowerWorkerThread.java:80)
	at org.apache.tomcat.util.threads.ThreadPool$ControlRunnable.run(ThreadPool.java:684)
	at java.lang.Thread.run(Thread.java:619)
2011-04-15 10:18:16,734 [http-7000-Processor25] INFO  ME2 - 神州付回调结果 result=1,orderID=20110415-114794-1302833891,addpoint=300
2011-04-15 11:19:28,859 [http-7000-Processor25] INFO  ME2 - response is null
2011-04-15 13:33:22,187 [http-7000-Processor20] INFO  ME2 - response is null
2011-04-15 14:41:25,203 [http-7000-Processor14] ERROR ME2 - 
ClientAbortException:  java.net.SocketException: Connection reset by peer: socket write error
	at org.apache.catalina.connector.OutputBuffer.doFlush(OutputBuffer.java:327)
	at org.apache.catalina.connector.OutputBuffer.flush(OutputBuffer.java:293)
	at org.apache.catalina.connector.CoyoteOutputStream.flush(CoyoteOutputStream.java:97)
	at loginserver.LoginServlet.doGet(LoginServlet.java:30)
	at javax.servlet.http.HttpServlet.service(HttpServlet.java:707)
	at javax.servlet.http.HttpServlet.service(HttpServlet.java:820)
	at org.apache.catalina.core.ApplicationFilterChain.internalDoFilter(ApplicationFilterChain.java:252)
	at org.apache.catalina.core.ApplicationFilterChain.doFilter(ApplicationFilterChain.java:173)
	at org.apache.catalina.core.StandardWrapperValve.invoke(StandardWrapperValve.java:213)
	at org.apache.catalina.core.StandardContextValve.invoke(StandardContextValve.java:178)
	at org.apache.catalina.core.StandardHostValve.invoke(StandardHostValve.java:126)
	at org.apache.catalina.valves.ErrorReportValve.invoke(ErrorReportValve.java:105)
	at org.apache.catalina.core.StandardEngineValve.invoke(StandardEngineValve.java:107)
	at org.apache.catalina.connector.CoyoteAdapter.service(CoyoteAdapter.java:148)
	at org.apache.coyote.http11.Http11Processor.process(Http11Processor.java:869)
	at org.apache.coyote.http11.Http11BaseProtocol$Http11ConnectionHandler.processConnection(Http11BaseProtocol.java:664)
	at org.apache.tomcat.util.net.PoolTcpEndpoint.processSocket(PoolTcpEndpoint.java:527)
	at org.apache.tomcat.util.net.LeaderFollowerWorkerThread.runIt(LeaderFollowerWorkerThread.java:80)
	at org.apache.tomcat.util.threads.ThreadPool$ControlRunnable.run(ThreadPool.java:684)
	at java.lang.Thread.run(Thread.java:619)
Caused by: java.net.SocketException: Connection reset by peer: socket write error
	at java.net.SocketOutputStream.socketWrite0(Native Method)
	at java.net.SocketOutputStream.socketWrite(SocketOutputStream.java:92)
	at java.net.SocketOutputStream.write(SocketOutputStream.java:136)
	at org.apache.coyote.http11.InternalOutputBuffer.realWriteBytes(InternalOutputBuffer.java:746)
	at org.apache.tomcat.util.buf.ByteChunk.flushBuffer(ByteChunk.java:433)
	at org.apache.coyote.http11.InternalOutputBuffer.flush(InternalOutputBuffer.java:304)
	at org.apache.coyote.http11.Http11Processor.action(Http11Processor.java:991)
	at org.apache.coyote.Response.action(Response.java:182)
	at org.apache.catalina.connector.OutputBuffer.doFlush(OutputBuffer.java:322)
	... 19 more
2011-04-15 15:20:52,531 [http-7000-Processor23] ERROR ME2 - 
java.lang.NullPointerException
	at hero.gm.service.GmServiceImpl.szfFeeCallBack(GmServiceImpl.java:328)
	at hero.login.rmi.ME2LoginRMIImpl.szfFeeCallBack(ME2LoginRMIImpl.java:337)
	at sun.reflect.NativeMethodAccessorImpl.invoke0(Native Method)
	at sun.reflect.NativeMethodAccessorImpl.invoke(NativeMethodAccessorImpl.java:39)
	at sun.reflect.DelegatingMethodAccessorImpl.invoke(DelegatingMethodAccessorImpl.java:25)
	at java.lang.reflect.Method.invoke(Method.java:597)
	at sun.rmi.server.UnicastServerRef.dispatch(UnicastServerRef.java:305)
	at sun.rmi.transport.Transport$1.run(Transport.java:159)
	at java.security.AccessController.doPrivileged(Native Method)
	at sun.rmi.transport.Transport.serviceCall(Transport.java:155)
	at sun.rmi.transport.tcp.TCPTransport.handleMessages(TCPTransport.java:535)
	at sun.rmi.transport.tcp.TCPTransport$ConnectionHandler.run0(TCPTransport.java:790)
	at sun.rmi.transport.tcp.TCPTransport$ConnectionHandler.run(TCPTransport.java:649)
	at java.util.concurrent.ThreadPoolExecutor$Worker.runTask(ThreadPoolExecutor.java:886)
	at java.util.concurrent.ThreadPoolExecutor$Worker.run(ThreadPoolExecutor.java:908)
	at java.lang.Thread.run(Thread.java:619)
	at sun.rmi.transport.StreamRemoteCall.exceptionReceivedFromServer(StreamRemoteCall.java:255)
	at sun.rmi.transport.StreamRemoteCall.executeCall(StreamRemoteCall.java:233)
	at sun.rmi.server.UnicastRef.invoke(UnicastRef.java:142)
	at hero.login.rmi.ME2LoginRMIImpl_Stub.szfFeeCallBack(ME2LoginRMIImpl_Stub.java:463)
	at me2.server.login.GameService.szfFeeCallBack(GameService.java:234)
	at me2.server.login.LoginService.szfFeeCallBack(LoginService.java:155)
	at loginserver.SzfCallBack.doPost(SzfCallBack.java:28)
	at javax.servlet.http.HttpServlet.service(HttpServlet.java:727)
	at javax.servlet.http.HttpServlet.service(HttpServlet.java:820)
	at org.apache.catalina.core.ApplicationFilterChain.internalDoFilter(ApplicationFilterChain.java:252)
	at org.apache.catalina.core.ApplicationFilterChain.doFilter(ApplicationFilterChain.java:173)
	at org.apache.catalina.core.StandardWrapperValve.invoke(StandardWrapperValve.java:213)
	at org.apache.catalina.core.StandardContextValve.invoke(StandardContextValve.java:178)
	at org.apache.catalina.core.StandardHostValve.invoke(StandardHostValve.java:126)
	at org.apache.catalina.valves.ErrorReportValve.invoke(ErrorReportValve.java:105)
	at org.apache.catalina.core.StandardEngineValve.invoke(StandardEngineValve.java:107)
	at org.apache.catalina.connector.CoyoteAdapter.service(CoyoteAdapter.java:148)
	at org.apache.coyote.http11.Http11Processor.process(Http11Processor.java:869)
	at org.apache.coyote.http11.Http11BaseProtocol$Http11ConnectionHandler.processConnection(Http11BaseProtocol.java:664)
	at org.apache.tomcat.util.net.PoolTcpEndpoint.processSocket(PoolTcpEndpoint.java:527)
	at org.apache.tomcat.util.net.LeaderFollowerWorkerThread.runIt(LeaderFollowerWorkerThread.java:80)
	at org.apache.tomcat.util.threads.ThreadPool$ControlRunnable.run(ThreadPool.java:684)
	at java.lang.Thread.run(Thread.java:619)
2011-04-15 15:40:43,312 [http-7000-Processor17] INFO  ME2 - 神州付回调结果 result=0,orderID=20110415-114794-1302853232,addpoint=0
2011-04-15 16:24:52,437 [http-7000-Processor23] INFO  ME2 - 神州付回调结果 result=0,orderID=20110415-114794-1302855870,addpoint=0
2011-04-15 16:59:39,437 [http-7000-Processor23] INFO  ME2 - response is null
2011-04-15 17:10:19,750 [http-7000-Processor13] INFO  ME2 - response is null
2011-04-15 17:47:51,734 [http-7000-Processor13] ERROR ME2 - 
me2.server.login.GameServerDownException: 服务器已关闭
	at me2.server.login.GameService.getRoleList(GameService.java:165)
	at me2.server.login.LoginService.getRoleList(LoginService.java:1787)
	at me2.server.login.LoginService.selectServer(LoginService.java:1551)
	at me2.server.login.LoginService.process(LoginService.java:362)
	at loginserver.LoginServlet.doGet(LoginServlet.java:26)
	at javax.servlet.http.HttpServlet.service(HttpServlet.java:707)
	at javax.servlet.http.HttpServlet.service(HttpServlet.java:820)
	at org.apache.catalina.core.ApplicationFilterChain.internalDoFilter(ApplicationFilterChain.java:252)
	at org.apache.catalina.core.ApplicationFilterChain.doFilter(ApplicationFilterChain.java:173)
	at org.apache.catalina.core.StandardWrapperValve.invoke(StandardWrapperValve.java:213)
	at org.apache.catalina.core.StandardContextValve.invoke(StandardContextValve.java:178)
	at org.apache.catalina.core.StandardHostValve.invoke(StandardHostValve.java:126)
	at org.apache.catalina.valves.ErrorReportValve.invoke(ErrorReportValve.java:105)
	at org.apache.catalina.core.StandardEngineValve.invoke(StandardEngineValve.java:107)
	at org.apache.catalina.connector.CoyoteAdapter.service(CoyoteAdapter.java:148)
	at org.apache.coyote.http11.Http11Processor.process(Http11Processor.java:869)
	at org.apache.coyote.http11.Http11BaseProtocol$Http11ConnectionHandler.processConnection(Http11BaseProtocol.java:664)
	at org.apache.tomcat.util.net.PoolTcpEndpoint.processSocket(PoolTcpEndpoint.java:527)
	at org.apache.tomcat.util.net.LeaderFollowerWorkerThread.runIt(LeaderFollowerWorkerThread.java:80)
	at org.apache.tomcat.util.threads.ThreadPool$ControlRunnable.run(ThreadPool.java:684)
	at java.lang.Thread.run(Thread.java:619)
2011-04-15 17:47:51,734 [http-7000-Processor13] INFO  ME2 - response is null
2011-04-15 19:35:41,359 [http-7000-Processor16] ERROR ME2 - 
me2.server.login.GameServerDownException: 服务器已关闭
	at me2.server.login.GameService.getRoleList(GameService.java:165)
	at me2.server.login.LoginService.getRoleList(LoginService.java:1787)
	at me2.server.login.LoginService.selectServer(LoginService.java:1551)
	at me2.server.login.LoginService.process(LoginService.java:362)
	at loginserver.LoginServlet.doGet(LoginServlet.java:26)
	at javax.servlet.http.HttpServlet.service(HttpServlet.java:707)
	at javax.servlet.http.HttpServlet.service(HttpServlet.java:820)
	at org.apache.catalina.core.ApplicationFilterChain.internalDoFilter(ApplicationFilterChain.java:252)
	at org.apache.catalina.core.ApplicationFilterChain.doFilter(ApplicationFilterChain.java:173)
	at org.apache.catalina.core.StandardWrapperValve.invoke(StandardWrapperValve.java:213)
	at org.apache.catalina.core.StandardContextValve.invoke(StandardContextValve.java:178)
	at org.apache.catalina.core.StandardHostValve.invoke(StandardHostValve.java:126)
	at org.apache.catalina.valves.ErrorReportValve.invoke(ErrorReportValve.java:105)
	at org.apache.catalina.core.StandardEngineValve.invoke(StandardEngineValve.java:107)
	at org.apache.catalina.connector.CoyoteAdapter.service(CoyoteAdapter.java:148)
	at org.apache.coyote.http11.Http11Processor.process(Http11Processor.java:869)
	at org.apache.coyote.http11.Http11BaseProtocol$Http11ConnectionHandler.processConnection(Http11BaseProtocol.java:664)
	at org.apache.tomcat.util.net.PoolTcpEndpoint.processSocket(PoolTcpEndpoint.java:527)
	at org.apache.tomcat.util.net.LeaderFollowerWorkerThread.runIt(LeaderFollowerWorkerThread.java:80)
	at org.apache.tomcat.util.threads.ThreadPool$ControlRunnable.run(ThreadPool.java:684)
	at java.lang.Thread.run(Thread.java:619)
2011-04-15 19:35:41,359 [http-7000-Processor16] INFO  ME2 - response is null
