2011-04-14 09:50:31,265 [http-7000-Processor24] ERROR ME2 - 
me2.server.login.GameServerDownException: 服务器已关闭
	at me2.server.login.GameService.getRoleList(GameService.java:165)
	at me2.server.login.LoginService.getRoleList(LoginService.java:1787)
	at me2.server.login.LoginService.selectServer(LoginService.java:1551)
	at me2.server.login.LoginService.process(LoginService.java:362)
	at loginserver.LoginServlet.doGet(LoginServlet.java:26)
	at javax.servlet.http.HttpServlet.service(HttpServlet.java:707)
	at javax.servlet.http.HttpServlet.service(HttpServlet.java:820)
	at org.apache.catalina.core.ApplicationFilterChain.internalDoFilter(ApplicationFilterChain.java:252)
	at org.apache.catalina.core.ApplicationFilterChain.doFilter(ApplicationFilterChain.java:173)
	at org.apache.catalina.core.StandardWrapperValve.invoke(StandardWrapperValve.java:213)
	at org.apache.catalina.core.StandardContextValve.invoke(StandardContextValve.java:178)
	at org.apache.catalina.core.StandardHostValve.invoke(StandardHostValve.java:126)
	at org.apache.catalina.valves.ErrorReportValve.invoke(ErrorReportValve.java:105)
	at org.apache.catalina.core.StandardEngineValve.invoke(StandardEngineValve.java:107)
	at org.apache.catalina.connector.CoyoteAdapter.service(CoyoteAdapter.java:148)
	at org.apache.coyote.http11.Http11Processor.process(Http11Processor.java:869)
	at org.apache.coyote.http11.Http11BaseProtocol$Http11ConnectionHandler.processConnection(Http11BaseProtocol.java:664)
	at org.apache.tomcat.util.net.PoolTcpEndpoint.processSocket(PoolTcpEndpoint.java:527)
	at org.apache.tomcat.util.net.LeaderFollowerWorkerThread.runIt(LeaderFollowerWorkerThread.java:80)
	at org.apache.tomcat.util.threads.ThreadPool$ControlRunnable.run(ThreadPool.java:684)
	at java.lang.Thread.run(Thread.java:619)
2011-04-14 09:50:31,265 [http-7000-Processor24] INFO  ME2 - response is null
2011-04-14 10:43:46,640 [http-7000-Processor24] INFO  ME2 - response is null
2011-04-14 11:34:55,687 [http-7000-Processor23] INFO  ME2 - response is null
2011-04-14 13:01:55,203 [http-7000-Processor19] INFO  ME2 - 神州付回调结果 result=1,orderID=20110414-114794-1302757303,addpoint=10
2011-04-14 13:08:04,531 [http-7000-Processor19] INFO  ME2 - 神州付回调结果 result=1,orderID=20110414-114794-1302757672,addpoint=10
2011-04-14 13:21:19,703 [http-7000-Processor24] ERROR ME2 - 
java.lang.NullPointerException
	at me2.service.ServiceMan.clear(ServiceMan.java:426)
	at hero.player.service.PlayerServiceImpl.deleteRole(PlayerServiceImpl.java:1350)
	at hero.login.LoginServiceImpl.deleteRole(LoginServiceImpl.java:116)
	at hero.login.rmi.ME2LoginRMIImpl.deleteRole(ME2LoginRMIImpl.java:92)
	at sun.reflect.NativeMethodAccessorImpl.invoke0(Native Method)
	at sun.reflect.NativeMethodAccessorImpl.invoke(Unknown Source)
	at sun.reflect.DelegatingMethodAccessorImpl.invoke(Unknown Source)
	at java.lang.reflect.Method.invoke(Unknown Source)
	at sun.rmi.server.UnicastServerRef.dispatch(Unknown Source)
	at sun.rmi.transport.Transport$1.run(Unknown Source)
	at java.security.AccessController.doPrivileged(Native Method)
	at sun.rmi.transport.Transport.serviceCall(Unknown Source)
	at sun.rmi.transport.tcp.TCPTransport.handleMessages(Unknown Source)
	at sun.rmi.transport.tcp.TCPTransport$ConnectionHandler.run0(Unknown Source)
	at sun.rmi.transport.tcp.TCPTransport$ConnectionHandler.run(Unknown Source)
	at java.util.concurrent.ThreadPoolExecutor$Worker.runTask(Unknown Source)
	at java.util.concurrent.ThreadPoolExecutor$Worker.run(Unknown Source)
	at java.lang.Thread.run(Unknown Source)
	at sun.rmi.transport.StreamRemoteCall.exceptionReceivedFromServer(StreamRemoteCall.java:255)
	at sun.rmi.transport.StreamRemoteCall.executeCall(StreamRemoteCall.java:233)
	at sun.rmi.server.UnicastRef.invoke(UnicastRef.java:142)
	at hero.login.rmi.ME2LoginRMIImpl_Stub.deleteRole(ME2LoginRMIImpl_Stub.java:206)
	at me2.server.login.GameService.deleteRole(GameService.java:204)
	at me2.server.login.LoginService.deleteRole(LoginService.java:1848)
	at me2.server.login.LoginService.process(LoginService.java:402)
	at loginserver.LoginServlet.doGet(LoginServlet.java:26)
	at javax.servlet.http.HttpServlet.service(HttpServlet.java:707)
	at javax.servlet.http.HttpServlet.service(HttpServlet.java:820)
	at org.apache.catalina.core.ApplicationFilterChain.internalDoFilter(ApplicationFilterChain.java:252)
	at org.apache.catalina.core.ApplicationFilterChain.doFilter(ApplicationFilterChain.java:173)
	at org.apache.catalina.core.StandardWrapperValve.invoke(StandardWrapperValve.java:213)
	at org.apache.catalina.core.StandardContextValve.invoke(StandardContextValve.java:178)
	at org.apache.catalina.core.StandardHostValve.invoke(StandardHostValve.java:126)
	at org.apache.catalina.valves.ErrorReportValve.invoke(ErrorReportValve.java:105)
	at org.apache.catalina.core.StandardEngineValve.invoke(StandardEngineValve.java:107)
	at org.apache.catalina.connector.CoyoteAdapter.service(CoyoteAdapter.java:148)
	at org.apache.coyote.http11.Http11Processor.process(Http11Processor.java:869)
	at org.apache.coyote.http11.Http11BaseProtocol$Http11ConnectionHandler.processConnection(Http11BaseProtocol.java:664)
	at org.apache.tomcat.util.net.PoolTcpEndpoint.processSocket(PoolTcpEndpoint.java:527)
	at org.apache.tomcat.util.net.LeaderFollowerWorkerThread.runIt(LeaderFollowerWorkerThread.java:80)
	at org.apache.tomcat.util.threads.ThreadPool$ControlRunnable.run(ThreadPool.java:684)
	at java.lang.Thread.run(Thread.java:619)
2011-04-14 13:21:19,703 [http-7000-Processor24] INFO  ME2 - response is null
2011-04-14 13:21:31,171 [http-7000-Processor23] ERROR ME2 - 
java.lang.NullPointerException
	at me2.service.ServiceMan.clear(ServiceMan.java:426)
	at hero.player.service.PlayerServiceImpl.deleteRole(PlayerServiceImpl.java:1350)
	at hero.login.LoginServiceImpl.deleteRole(LoginServiceImpl.java:116)
	at hero.login.rmi.ME2LoginRMIImpl.deleteRole(ME2LoginRMIImpl.java:92)
	at sun.reflect.NativeMethodAccessorImpl.invoke0(Native Method)
	at sun.reflect.NativeMethodAccessorImpl.invoke(Unknown Source)
	at sun.reflect.DelegatingMethodAccessorImpl.invoke(Unknown Source)
	at java.lang.reflect.Method.invoke(Unknown Source)
	at sun.rmi.server.UnicastServerRef.dispatch(Unknown Source)
	at sun.rmi.transport.Transport$1.run(Unknown Source)
	at java.security.AccessController.doPrivileged(Native Method)
	at sun.rmi.transport.Transport.serviceCall(Unknown Source)
	at sun.rmi.transport.tcp.TCPTransport.handleMessages(Unknown Source)
	at sun.rmi.transport.tcp.TCPTransport$ConnectionHandler.run0(Unknown Source)
	at sun.rmi.transport.tcp.TCPTransport$ConnectionHandler.run(Unknown Source)
	at java.util.concurrent.ThreadPoolExecutor$Worker.runTask(Unknown Source)
	at java.util.concurrent.ThreadPoolExecutor$Worker.run(Unknown Source)
	at java.lang.Thread.run(Unknown Source)
	at sun.rmi.transport.StreamRemoteCall.exceptionReceivedFromServer(StreamRemoteCall.java:255)
	at sun.rmi.transport.StreamRemoteCall.executeCall(StreamRemoteCall.java:233)
	at sun.rmi.server.UnicastRef.invoke(UnicastRef.java:142)
	at hero.login.rmi.ME2LoginRMIImpl_Stub.deleteRole(ME2LoginRMIImpl_Stub.java:206)
	at me2.server.login.GameService.deleteRole(GameService.java:204)
	at me2.server.login.LoginService.deleteRole(LoginService.java:1848)
	at me2.server.login.LoginService.process(LoginService.java:402)
	at loginserver.LoginServlet.doGet(LoginServlet.java:26)
	at javax.servlet.http.HttpServlet.service(HttpServlet.java:707)
	at javax.servlet.http.HttpServlet.service(HttpServlet.java:820)
	at org.apache.catalina.core.ApplicationFilterChain.internalDoFilter(ApplicationFilterChain.java:252)
	at org.apache.catalina.core.ApplicationFilterChain.doFilter(ApplicationFilterChain.java:173)
	at org.apache.catalina.core.StandardWrapperValve.invoke(StandardWrapperValve.java:213)
	at org.apache.catalina.core.StandardContextValve.invoke(StandardContextValve.java:178)
	at org.apache.catalina.core.StandardHostValve.invoke(StandardHostValve.java:126)
	at org.apache.catalina.valves.ErrorReportValve.invoke(ErrorReportValve.java:105)
	at org.apache.catalina.core.StandardEngineValve.invoke(StandardEngineValve.java:107)
	at org.apache.catalina.connector.CoyoteAdapter.service(CoyoteAdapter.java:148)
	at org.apache.coyote.http11.Http11Processor.process(Http11Processor.java:869)
	at org.apache.coyote.http11.Http11BaseProtocol$Http11ConnectionHandler.processConnection(Http11BaseProtocol.java:664)
	at org.apache.tomcat.util.net.PoolTcpEndpoint.processSocket(PoolTcpEndpoint.java:527)
	at org.apache.tomcat.util.net.LeaderFollowerWorkerThread.runIt(LeaderFollowerWorkerThread.java:80)
	at org.apache.tomcat.util.threads.ThreadPool$ControlRunnable.run(ThreadPool.java:684)
	at java.lang.Thread.run(Thread.java:619)
2011-04-14 13:21:31,171 [http-7000-Processor23] INFO  ME2 - response is null
2011-04-14 14:38:24,906 [http-7000-Processor22] INFO  ME2 - response is null
2011-04-14 14:40:40,406 [http-7000-Processor24] INFO  ME2 - 神州付回调结果 result=1,orderID=20110414-114794-1302761988,addpoint=10
2011-04-14 14:40:40,437 [http-7000-Processor18] INFO  ME2 - 神州付回调结果 result=1,orderID=20110414-114794-1302762135,addpoint=10
2011-04-14 14:41:40,578 [http-7000-Processor21] INFO  ME2 - 神州付回调结果 result=1,orderID=20110414-114794-1302762056,addpoint=10
2011-04-14 14:45:35,187 [http-7000-Processor21] INFO  ME2 - 神州付回调结果 result=1,orderID=20110414-114794-1302763497,addpoint=10
2011-04-14 14:47:07,671 [http-7000-Processor22] INFO  ME2 - 神州付回调结果 result=1,orderID=20110414-114794-1302762056,addpoint=10
2011-04-14 14:47:27,921 [http-7000-Processor22] INFO  ME2 - 神州付回调结果 result=1,orderID=20110414-114794-1302761988,addpoint=10
2011-04-14 14:48:26,078 [http-7000-Processor19] INFO  ME2 - 神州付回调结果 result=1,orderID=20110414-114794-1302763668,addpoint=10
2011-04-14 14:52:36,296 [http-7000-Processor19] INFO  ME2 - 神州付回调结果 result=1,orderID=20110414-114794-1302763913,addpoint=10
2011-04-14 15:48:47,859 [http-7000-Processor21] ERROR ME2 - 
me2.server.login.GameServerDownException: 服务器已关闭
	at me2.server.login.GameService.getRoleList(GameService.java:165)
	at me2.server.login.LoginService.getRoleList(LoginService.java:1787)
	at me2.server.login.LoginService.selectServer(LoginService.java:1551)
	at me2.server.login.LoginService.process(LoginService.java:362)
	at loginserver.LoginServlet.doGet(LoginServlet.java:26)
	at javax.servlet.http.HttpServlet.service(HttpServlet.java:707)
	at javax.servlet.http.HttpServlet.service(HttpServlet.java:820)
	at org.apache.catalina.core.ApplicationFilterChain.internalDoFilter(ApplicationFilterChain.java:252)
	at org.apache.catalina.core.ApplicationFilterChain.doFilter(ApplicationFilterChain.java:173)
	at org.apache.catalina.core.StandardWrapperValve.invoke(StandardWrapperValve.java:213)
	at org.apache.catalina.core.StandardContextValve.invoke(StandardContextValve.java:178)
	at org.apache.catalina.core.StandardHostValve.invoke(StandardHostValve.java:126)
	at org.apache.catalina.valves.ErrorReportValve.invoke(ErrorReportValve.java:105)
	at org.apache.catalina.core.StandardEngineValve.invoke(StandardEngineValve.java:107)
	at org.apache.catalina.connector.CoyoteAdapter.service(CoyoteAdapter.java:148)
	at org.apache.coyote.http11.Http11Processor.process(Http11Processor.java:869)
	at org.apache.coyote.http11.Http11BaseProtocol$Http11ConnectionHandler.processConnection(Http11BaseProtocol.java:664)
	at org.apache.tomcat.util.net.PoolTcpEndpoint.processSocket(PoolTcpEndpoint.java:527)
	at org.apache.tomcat.util.net.LeaderFollowerWorkerThread.runIt(LeaderFollowerWorkerThread.java:80)
	at org.apache.tomcat.util.threads.ThreadPool$ControlRunnable.run(ThreadPool.java:684)
	at java.lang.Thread.run(Thread.java:619)
2011-04-14 15:48:47,859 [http-7000-Processor21] INFO  ME2 - response is null
2011-04-14 16:20:37,390 [http-7000-Processor20] INFO  ME2 - response is null
