2011-02-22 09:16:53,390 [http-7000-Processor25] INFO  ME2 - response is null
2011-02-22 09:36:54,359 [http-7000-Processor20] INFO  ME2 - response is null
2011-02-22 09:38:27,359 [http-7000-Processor25] INFO  ME2 - response is null
2011-02-22 09:39:11,171 [http-7000-Processor21] INFO  ME2 - response is null
2011-02-22 09:39:14,546 [http-7000-Processor21] INFO  ME2 - response is null
2011-02-22 09:39:44,500 [http-7000-Processor25] INFO  ME2 - response is null
2011-02-22 09:39:54,312 [http-7000-Processor21] INFO  ME2 - response is null
2011-02-22 09:41:04,906 [http-7000-Processor21] INFO  ME2 - response is null
2011-02-22 09:41:18,687 [http-7000-Processor25] INFO  ME2 - response is null
2011-02-22 09:42:11,406 [http-7000-Processor20] INFO  ME2 - response is null
2011-02-22 09:42:15,671 [http-7000-Processor20] INFO  ME2 - response is null
2011-02-22 09:44:08,875 [http-7000-Processor20] INFO  ME2 - response is null
2011-02-22 09:44:10,265 [http-7000-Processor20] INFO  ME2 - response is null
2011-02-22 09:45:57,250 [http-7000-Processor20] INFO  ME2 - response is null
2011-02-22 09:51:08,234 [http-7000-Processor25] INFO  ME2 - response is null
2011-02-22 09:51:09,578 [http-7000-Processor25] INFO  ME2 - response is null
2011-02-22 09:57:26,703 [http-7000-Processor25] INFO  ME2 - response is null
2011-02-22 09:57:27,875 [http-7000-Processor25] INFO  ME2 - response is null
2011-02-22 11:02:16,906 [http-7000-Processor23] INFO  ME2 - response is null
2011-02-22 11:02:27,531 [http-7000-Processor25] INFO  ME2 - response is null
2011-02-22 11:42:09,312 [http-7000-Processor21] INFO  ME2 - response is null
2011-02-22 11:42:12,234 [http-7000-Processor21] INFO  ME2 - response is null
2011-02-22 11:53:34,031 [http-7000-Processor23] ERROR ME2 - 
me2.server.login.GameServerDownException: 服务器已关闭
	at me2.server.login.GameService.getRoleList(GameService.java:164)
	at me2.server.login.LoginService.getRoleList(LoginService.java:1479)
	at me2.server.login.LoginService.selectServer(LoginService.java:1246)
	at me2.server.login.LoginService.process(LoginService.java:286)
	at loginserver.LoginServlet.doGet(LoginServlet.java:29)
	at javax.servlet.http.HttpServlet.service(HttpServlet.java:689)
	at javax.servlet.http.HttpServlet.service(HttpServlet.java:802)
	at org.apache.catalina.core.ApplicationFilterChain.internalDoFilter(ApplicationFilterChain.java:252)
	at org.apache.catalina.core.ApplicationFilterChain.doFilter(ApplicationFilterChain.java:173)
	at org.apache.catalina.core.StandardWrapperValve.invoke(StandardWrapperValve.java:213)
	at org.apache.catalina.core.StandardContextValve.invoke(StandardContextValve.java:178)
	at org.apache.catalina.core.StandardHostValve.invoke(StandardHostValve.java:126)
	at org.apache.catalina.valves.ErrorReportValve.invoke(ErrorReportValve.java:105)
	at org.apache.catalina.core.StandardEngineValve.invoke(StandardEngineValve.java:107)
	at org.apache.catalina.connector.CoyoteAdapter.service(CoyoteAdapter.java:148)
	at org.apache.coyote.http11.Http11Processor.process(Http11Processor.java:869)
	at org.apache.coyote.http11.Http11BaseProtocol$Http11ConnectionHandler.processConnection(Http11BaseProtocol.java:664)
	at org.apache.tomcat.util.net.PoolTcpEndpoint.processSocket(PoolTcpEndpoint.java:527)
	at org.apache.tomcat.util.net.LeaderFollowerWorkerThread.runIt(LeaderFollowerWorkerThread.java:80)
	at org.apache.tomcat.util.threads.ThreadPool$ControlRunnable.run(ThreadPool.java:684)
	at java.lang.Thread.run(Thread.java:619)
2011-02-22 11:53:34,031 [http-7000-Processor23] INFO  ME2 - response is null
2011-02-22 11:56:00,625 [http-7000-Processor23] INFO  ME2 - response is null
2011-02-22 13:11:47,859 [http-7000-Processor24] INFO  ME2 - response is null
2011-02-22 13:11:52,593 [http-7000-Processor24] INFO  ME2 - response is null
2011-02-22 13:13:04,890 [http-7000-Processor23] INFO  ME2 - response is null
2011-02-22 13:13:11,546 [http-7000-Processor21] INFO  ME2 - response is null
2011-02-22 13:13:12,609 [http-7000-Processor21] INFO  ME2 - response is null
2011-02-22 13:13:38,984 [http-7000-Processor23] INFO  ME2 - response is null
2011-02-22 13:21:49,046 [http-7000-Processor23] INFO  ME2 - response is null
2011-02-22 13:21:50,015 [http-7000-Processor23] INFO  ME2 - response is null
2011-02-22 13:27:30,031 [http-7000-Processor24] INFO  ME2 - response is null
2011-02-22 13:27:32,250 [http-7000-Processor24] INFO  ME2 - response is null
2011-02-22 13:34:06,312 [http-7000-Processor21] INFO  ME2 - response is null
2011-02-22 13:34:07,406 [http-7000-Processor21] INFO  ME2 - response is null
2011-02-22 13:45:03,968 [http-7000-Processor25] INFO  ME2 - response is null
2011-02-22 13:46:18,375 [http-7000-Processor23] INFO  ME2 - response is null
2011-02-22 13:46:19,609 [http-7000-Processor23] INFO  ME2 - response is null
2011-02-22 13:46:33,859 [http-7000-Processor20] INFO  ME2 - response is null
2011-02-22 13:46:34,796 [http-7000-Processor20] INFO  ME2 - response is null
2011-02-22 13:47:02,937 [http-7000-Processor24] INFO  ME2 - response is null
2011-02-22 13:47:03,937 [http-7000-Processor24] INFO  ME2 - response is null
2011-02-22 13:49:33,062 [http-7000-Processor24] INFO  ME2 - response is null
2011-02-22 13:49:34,781 [http-7000-Processor24] INFO  ME2 - response is null
2011-02-22 13:49:56,968 [http-7000-Processor20] INFO  ME2 - response is null
2011-02-22 13:49:58,187 [http-7000-Processor20] INFO  ME2 - response is null
2011-02-22 13:50:43,015 [http-7000-Processor20] INFO  ME2 - response is null
2011-02-22 13:51:20,140 [http-7000-Processor23] INFO  ME2 - response is null
2011-02-22 13:52:11,562 [http-7000-Processor23] INFO  ME2 - response is null
2011-02-22 13:52:12,890 [http-7000-Processor23] INFO  ME2 - response is null
2011-02-22 13:59:56,343 [http-7000-Processor20] INFO  ME2 - response is null
2011-02-22 14:01:10,812 [http-7000-Processor24] INFO  ME2 - response is null
2011-02-22 14:01:12,046 [http-7000-Processor24] INFO  ME2 - response is null
2011-02-22 14:04:46,359 [http-7000-Processor24] INFO  ME2 - response is null
2011-02-22 14:06:48,218 [http-7000-Processor20] INFO  ME2 - response is null
2011-02-22 14:07:04,656 [http-7000-Processor23] INFO  ME2 - response is null
2011-02-22 14:09:58,015 [http-7000-Processor23] INFO  ME2 - response is null
2011-02-22 14:10:14,515 [http-7000-Processor20] INFO  ME2 - response is null
2011-02-22 14:10:20,296 [http-7000-Processor24] INFO  ME2 - response is null
2011-02-22 14:10:28,093 [http-7000-Processor20] INFO  ME2 - response is null
2011-02-22 14:10:29,375 [http-7000-Processor20] INFO  ME2 - response is null
2011-02-22 14:11:23,015 [http-7000-Processor25] INFO  ME2 - response is null
2011-02-22 14:15:17,578 [http-7000-Processor24] INFO  ME2 - response is null
2011-02-22 14:16:27,671 [http-7000-Processor23] INFO  ME2 - response is null
2011-02-22 14:16:29,218 [http-7000-Processor23] INFO  ME2 - response is null
2011-02-22 14:16:42,609 [http-7000-Processor20] INFO  ME2 - response is null
2011-02-22 14:16:48,500 [http-7000-Processor24] INFO  ME2 - response is null
2011-02-22 14:22:57,843 [http-7000-Processor21] INFO  ME2 - response is null
2011-02-22 14:22:58,968 [http-7000-Processor21] INFO  ME2 - response is null
2011-02-22 14:40:52,531 [http-7000-Processor23] INFO  ME2 - response is null
2011-02-22 14:50:20,109 [http-7000-Processor24] INFO  ME2 - response is null
2011-02-22 14:50:22,703 [http-7000-Processor24] INFO  ME2 - response is null
2011-02-22 14:59:32,781 [http-7000-Processor24] INFO  ME2 - response is null
2011-02-22 14:59:35,031 [http-7000-Processor24] INFO  ME2 - response is null
2011-02-22 15:00:52,218 [http-7000-Processor21] INFO  ME2 - response is null
2011-02-22 15:00:58,250 [http-7000-Processor25] INFO  ME2 - response is null
2011-02-22 15:01:03,953 [http-7000-Processor23] INFO  ME2 - response is null
2011-02-22 15:01:18,343 [http-7000-Processor25] INFO  ME2 - response is null
2011-02-22 15:01:19,453 [http-7000-Processor25] INFO  ME2 - response is null
2011-02-22 15:06:34,531 [http-7000-Processor20] INFO  ME2 - response is null
2011-02-22 15:09:40,046 [http-7000-Processor21] INFO  ME2 - response is null
2011-02-22 15:09:41,343 [http-7000-Processor21] INFO  ME2 - response is null
2011-02-22 15:15:47,437 [http-7000-Processor24] INFO  ME2 - response is null
2011-02-22 15:15:48,640 [http-7000-Processor24] INFO  ME2 - response is null
2011-02-22 15:15:57,578 [http-7000-Processor21] INFO  ME2 - response is null
2011-02-22 15:16:03,828 [http-7000-Processor24] INFO  ME2 - response is null
2011-02-22 15:16:04,921 [http-7000-Processor24] INFO  ME2 - response is null
2011-02-22 15:23:54,484 [http-7000-Processor23] INFO  ME2 - response is null
2011-02-22 15:27:52,187 [http-7000-Processor25] INFO  ME2 - response is null
2011-02-22 15:27:53,453 [http-7000-Processor25] INFO  ME2 - response is null
2011-02-22 15:28:50,343 [http-7000-Processor25] INFO  ME2 - response is null
2011-02-22 15:28:54,687 [http-7000-Processor25] INFO  ME2 - response is null
2011-02-22 15:29:01,375 [http-7000-Processor22] INFO  ME2 - response is null
2011-02-22 15:31:23,515 [http-7000-Processor23] INFO  ME2 - response is null
2011-02-22 15:31:24,328 [http-7000-Processor23] INFO  ME2 - response is null
2011-02-22 15:32:27,734 [http-7000-Processor21] INFO  ME2 - response is null
2011-02-22 15:32:30,125 [http-7000-Processor23] INFO  ME2 - response is null
2011-02-22 15:32:32,078 [http-7000-Processor23] INFO  ME2 - response is null
2011-02-22 15:34:44,984 [http-7000-Processor23] INFO  ME2 - response is null
2011-02-22 15:35:40,703 [http-7000-Processor23] INFO  ME2 - response is null
2011-02-22 15:35:47,687 [http-7000-Processor20] INFO  ME2 - response is null
2011-02-22 15:35:53,968 [http-7000-Processor21] INFO  ME2 - response is null
2011-02-22 16:11:18,656 [http-7000-Processor25] INFO  ME2 - response is null
2011-02-22 16:11:28,546 [http-7000-Processor23] INFO  ME2 - response is null
2011-02-22 16:11:38,281 [http-7000-Processor21] INFO  ME2 - response is null
2011-02-22 16:11:39,578 [http-7000-Processor21] INFO  ME2 - response is null
2011-02-22 16:19:10,390 [http-7000-Processor22] INFO  ME2 - response is null
2011-02-22 16:19:14,250 [http-7000-Processor22] INFO  ME2 - response is null
2011-02-22 16:21:59,171 [http-7000-Processor21] INFO  ME2 - response is null
2011-02-22 16:38:02,234 [http-7000-Processor21] INFO  ME2 - response is null
2011-02-22 16:38:03,140 [http-7000-Processor21] INFO  ME2 - response is null
2011-02-22 16:38:45,968 [http-7000-Processor25] INFO  ME2 - response is null
2011-02-22 16:40:40,390 [http-7000-Processor25] INFO  ME2 - response is null
2011-02-22 16:47:15,703 [http-7000-Processor23] INFO  ME2 - response is null
2011-02-22 16:47:40,890 [http-7000-Processor22] INFO  ME2 - response is null
2011-02-22 16:54:31,031 [http-7000-Processor23] INFO  ME2 - response is null
2011-02-22 16:58:56,796 [http-7000-Processor24] INFO  ME2 - response is null
2011-02-22 17:08:59,906 [http-7000-Processor21] ERROR ME2 - 
ClientAbortException:  java.net.SocketException: Connection reset by peer: socket write error
	at org.apache.catalina.connector.OutputBuffer.doFlush(OutputBuffer.java:327)
	at org.apache.catalina.connector.OutputBuffer.flush(OutputBuffer.java:293)
	at org.apache.catalina.connector.CoyoteOutputStream.flush(CoyoteOutputStream.java:97)
	at loginserver.LoginServlet.doGet(LoginServlet.java:33)
	at javax.servlet.http.HttpServlet.service(HttpServlet.java:689)
	at javax.servlet.http.HttpServlet.service(HttpServlet.java:802)
	at org.apache.catalina.core.ApplicationFilterChain.internalDoFilter(ApplicationFilterChain.java:252)
	at org.apache.catalina.core.ApplicationFilterChain.doFilter(ApplicationFilterChain.java:173)
	at org.apache.catalina.core.StandardWrapperValve.invoke(StandardWrapperValve.java:213)
	at org.apache.catalina.core.StandardContextValve.invoke(StandardContextValve.java:178)
	at org.apache.catalina.core.StandardHostValve.invoke(StandardHostValve.java:126)
	at org.apache.catalina.valves.ErrorReportValve.invoke(ErrorReportValve.java:105)
	at org.apache.catalina.core.StandardEngineValve.invoke(StandardEngineValve.java:107)
	at org.apache.catalina.connector.CoyoteAdapter.service(CoyoteAdapter.java:148)
	at org.apache.coyote.http11.Http11Processor.process(Http11Processor.java:869)
	at org.apache.coyote.http11.Http11BaseProtocol$Http11ConnectionHandler.processConnection(Http11BaseProtocol.java:664)
	at org.apache.tomcat.util.net.PoolTcpEndpoint.processSocket(PoolTcpEndpoint.java:527)
	at org.apache.tomcat.util.net.LeaderFollowerWorkerThread.runIt(LeaderFollowerWorkerThread.java:80)
	at org.apache.tomcat.util.threads.ThreadPool$ControlRunnable.run(ThreadPool.java:684)
	at java.lang.Thread.run(Thread.java:619)
Caused by: java.net.SocketException: Connection reset by peer: socket write error
	at java.net.SocketOutputStream.socketWrite0(Native Method)
	at java.net.SocketOutputStream.socketWrite(SocketOutputStream.java:92)
	at java.net.SocketOutputStream.write(SocketOutputStream.java:136)
	at org.apache.coyote.http11.InternalOutputBuffer.realWriteBytes(InternalOutputBuffer.java:746)
	at org.apache.tomcat.util.buf.ByteChunk.flushBuffer(ByteChunk.java:433)
	at org.apache.coyote.http11.InternalOutputBuffer.flush(InternalOutputBuffer.java:304)
	at org.apache.coyote.http11.Http11Processor.action(Http11Processor.java:991)
	at org.apache.coyote.Response.action(Response.java:182)
	at org.apache.catalina.connector.OutputBuffer.doFlush(OutputBuffer.java:322)
	... 19 more
2011-02-22 17:11:34,328 [http-7000-Processor23] INFO  ME2 - response is null
2011-02-22 17:12:58,140 [http-7000-Processor23] INFO  ME2 - response is null
2011-02-22 17:13:03,750 [http-7000-Processor20] INFO  ME2 - response is null
2011-02-22 17:14:13,531 [http-7000-Processor23] INFO  ME2 - response is null
2011-02-22 17:15:00,093 [http-7000-Processor22] INFO  ME2 - response is null
2011-02-22 17:16:11,593 [http-7000-Processor20] INFO  ME2 - response is null
2011-02-22 17:16:12,875 [http-7000-Processor20] INFO  ME2 - response is null
2011-02-22 17:17:11,328 [http-7000-Processor20] INFO  ME2 - response is null
2011-02-22 17:17:12,453 [http-7000-Processor20] INFO  ME2 - response is null
2011-02-22 17:17:58,531 [http-7000-Processor20] INFO  ME2 - response is null
2011-02-22 17:18:03,250 [http-7000-Processor20] INFO  ME2 - response is null
2011-02-22 17:18:04,453 [http-7000-Processor20] INFO  ME2 - response is null
2011-02-22 17:19:02,953 [http-7000-Processor24] INFO  ME2 - response is null
2011-02-22 17:22:25,437 [http-7000-Processor23] INFO  ME2 - response is null
2011-02-22 17:22:55,781 [http-7000-Processor21] INFO  ME2 - response is null
2011-02-22 17:24:17,671 [http-7000-Processor21] INFO  ME2 - response is null
2011-02-22 17:24:29,828 [http-7000-Processor23] INFO  ME2 - response is null
2011-02-22 17:24:43,703 [http-7000-Processor23] INFO  ME2 - response is null
2011-02-22 18:09:23,640 [http-7000-Processor23] INFO  ME2 - response is null
2011-02-22 18:09:46,515 [http-7000-Processor24] ERROR ME2 - 
me2.server.login.GameServerDownException: 服务器已关闭
	at me2.server.login.GameService.getRoleList(GameService.java:164)
	at me2.server.login.LoginService.getRoleList(LoginService.java:1479)
	at me2.server.login.LoginService.selectServer(LoginService.java:1246)
	at me2.server.login.LoginService.process(LoginService.java:286)
	at loginserver.LoginServlet.doGet(LoginServlet.java:29)
	at javax.servlet.http.HttpServlet.service(HttpServlet.java:689)
	at javax.servlet.http.HttpServlet.service(HttpServlet.java:802)
	at org.apache.catalina.core.ApplicationFilterChain.internalDoFilter(ApplicationFilterChain.java:252)
	at org.apache.catalina.core.ApplicationFilterChain.doFilter(ApplicationFilterChain.java:173)
	at org.apache.catalina.core.StandardWrapperValve.invoke(StandardWrapperValve.java:213)
	at org.apache.catalina.core.StandardContextValve.invoke(StandardContextValve.java:178)
	at org.apache.catalina.core.StandardHostValve.invoke(StandardHostValve.java:126)
	at org.apache.catalina.valves.ErrorReportValve.invoke(ErrorReportValve.java:105)
	at org.apache.catalina.core.StandardEngineValve.invoke(StandardEngineValve.java:107)
	at org.apache.catalina.connector.CoyoteAdapter.service(CoyoteAdapter.java:148)
	at org.apache.coyote.http11.Http11Processor.process(Http11Processor.java:869)
	at org.apache.coyote.http11.Http11BaseProtocol$Http11ConnectionHandler.processConnection(Http11BaseProtocol.java:664)
	at org.apache.tomcat.util.net.PoolTcpEndpoint.processSocket(PoolTcpEndpoint.java:527)
	at org.apache.tomcat.util.net.LeaderFollowerWorkerThread.runIt(LeaderFollowerWorkerThread.java:80)
	at org.apache.tomcat.util.threads.ThreadPool$ControlRunnable.run(ThreadPool.java:684)
	at java.lang.Thread.run(Thread.java:619)
2011-02-22 18:09:46,515 [http-7000-Processor24] INFO  ME2 - response is null
2011-02-22 18:10:04,765 [http-7000-Processor25] INFO  ME2 - response is null
2011-02-22 18:26:40,343 [http-7000-Processor22] INFO  ME2 - response is null
2011-02-22 18:26:41,578 [http-7000-Processor22] INFO  ME2 - response is null
2011-02-22 18:35:56,781 [http-7000-Processor22] INFO  ME2 - response is null
2011-02-22 18:35:58,218 [http-7000-Processor22] INFO  ME2 - response is null
2011-02-22 18:47:40,875 [http-7000-Processor22] INFO  ME2 - response is null
2011-02-22 18:47:41,937 [http-7000-Processor22] INFO  ME2 - response is null
2011-02-22 18:59:53,062 [http-7000-Processor22] INFO  ME2 - response is null
2011-02-22 19:00:02,187 [http-7000-Processor23] INFO  ME2 - response is null
2011-02-22 19:00:16,578 [http-7000-Processor22] INFO  ME2 - response is null
2011-02-22 19:03:33,765 [http-7000-Processor24] INFO  ME2 - response is null
2011-02-22 19:03:41,671 [http-7000-Processor23] INFO  ME2 - response is null
2011-02-22 19:04:11,375 [http-7000-Processor22] INFO  ME2 - response is null
2011-02-22 19:10:51,062 [http-7000-Processor20] INFO  ME2 - response is null
2011-02-22 19:39:03,718 [http-7000-Processor23] INFO  ME2 - response is null
2011-02-22 19:39:13,343 [http-7000-Processor24] INFO  ME2 - response is null
2011-02-22 19:40:05,343 [http-7000-Processor24] INFO  ME2 - response is null
2011-02-22 19:40:14,843 [http-7000-Processor20] INFO  ME2 - response is null
2011-02-22 19:40:24,906 [http-7000-Processor24] INFO  ME2 - response is null
2011-02-22 19:48:26,843 [http-7000-Processor24] ERROR ME2 - 
me2.server.login.GameServerDownException: 服务器已关闭
	at me2.server.login.GameService.getDefaultRoleList(GameService.java:182)
	at me2.server.login.LoginService.getDefaultRoleList(LoginService.java:1287)
	at me2.server.login.LoginService.process(LoginService.java:315)
	at loginserver.LoginServlet.doGet(LoginServlet.java:29)
	at javax.servlet.http.HttpServlet.service(HttpServlet.java:689)
	at javax.servlet.http.HttpServlet.service(HttpServlet.java:802)
	at org.apache.catalina.core.ApplicationFilterChain.internalDoFilter(ApplicationFilterChain.java:252)
	at org.apache.catalina.core.ApplicationFilterChain.doFilter(ApplicationFilterChain.java:173)
	at org.apache.catalina.core.StandardWrapperValve.invoke(StandardWrapperValve.java:213)
	at org.apache.catalina.core.StandardContextValve.invoke(StandardContextValve.java:178)
	at org.apache.catalina.core.StandardHostValve.invoke(StandardHostValve.java:126)
	at org.apache.catalina.valves.ErrorReportValve.invoke(ErrorReportValve.java:105)
	at org.apache.catalina.core.StandardEngineValve.invoke(StandardEngineValve.java:107)
	at org.apache.catalina.connector.CoyoteAdapter.service(CoyoteAdapter.java:148)
	at org.apache.coyote.http11.Http11Processor.process(Http11Processor.java:869)
	at org.apache.coyote.http11.Http11BaseProtocol$Http11ConnectionHandler.processConnection(Http11BaseProtocol.java:664)
	at org.apache.tomcat.util.net.PoolTcpEndpoint.processSocket(PoolTcpEndpoint.java:527)
	at org.apache.tomcat.util.net.LeaderFollowerWorkerThread.runIt(LeaderFollowerWorkerThread.java:80)
	at org.apache.tomcat.util.threads.ThreadPool$ControlRunnable.run(ThreadPool.java:684)
	at java.lang.Thread.run(Thread.java:619)
2011-02-22 19:48:26,843 [http-7000-Processor24] INFO  ME2 - response is null
2011-02-22 19:48:31,968 [http-7000-Processor20] INFO  ME2 - response is null
2011-02-22 20:31:05,906 [http-7000-Processor20] INFO  ME2 - response is null
2011-02-22 20:31:09,359 [http-7000-Processor20] INFO  ME2 - response is null
2011-02-22 21:39:40,578 [http-7000-Processor25] INFO  ME2 - response is null
2011-02-22 21:39:42,546 [http-7000-Processor25] INFO  ME2 - response is null
