2011-04-25 10:56:47,406 [http-7000-Processor17] ERROR ME2 - 
ClientAbortException:  java.net.SocketException: Connection reset by peer: socket write error
	at org.apache.catalina.connector.OutputBuffer.doFlush(OutputBuffer.java:327)
	at org.apache.catalina.connector.OutputBuffer.flush(OutputBuffer.java:293)
	at org.apache.catalina.connector.CoyoteOutputStream.flush(CoyoteOutputStream.java:97)
	at loginserver.LoginServlet.doGet(LoginServlet.java:30)
	at javax.servlet.http.HttpServlet.service(HttpServlet.java:707)
	at javax.servlet.http.HttpServlet.service(HttpServlet.java:820)
	at org.apache.catalina.core.ApplicationFilterChain.internalDoFilter(ApplicationFilterChain.java:252)
	at org.apache.catalina.core.ApplicationFilterChain.doFilter(ApplicationFilterChain.java:173)
	at org.apache.catalina.core.StandardWrapperValve.invoke(StandardWrapperValve.java:213)
	at org.apache.catalina.core.StandardContextValve.invoke(StandardContextValve.java:178)
	at org.apache.catalina.core.StandardHostValve.invoke(StandardHostValve.java:126)
	at org.apache.catalina.valves.ErrorReportValve.invoke(ErrorReportValve.java:105)
	at org.apache.catalina.core.StandardEngineValve.invoke(StandardEngineValve.java:107)
	at org.apache.catalina.connector.CoyoteAdapter.service(CoyoteAdapter.java:148)
	at org.apache.coyote.http11.Http11Processor.process(Http11Processor.java:869)
	at org.apache.coyote.http11.Http11BaseProtocol$Http11ConnectionHandler.processConnection(Http11BaseProtocol.java:664)
	at org.apache.tomcat.util.net.PoolTcpEndpoint.processSocket(PoolTcpEndpoint.java:527)
	at org.apache.tomcat.util.net.LeaderFollowerWorkerThread.runIt(LeaderFollowerWorkerThread.java:80)
	at org.apache.tomcat.util.threads.ThreadPool$ControlRunnable.run(ThreadPool.java:684)
	at java.lang.Thread.run(Thread.java:619)
Caused by: java.net.SocketException: Connection reset by peer: socket write error
	at java.net.SocketOutputStream.socketWrite0(Native Method)
	at java.net.SocketOutputStream.socketWrite(SocketOutputStream.java:92)
	at java.net.SocketOutputStream.write(SocketOutputStream.java:136)
	at org.apache.coyote.http11.InternalOutputBuffer.realWriteBytes(InternalOutputBuffer.java:746)
	at org.apache.tomcat.util.buf.ByteChunk.flushBuffer(ByteChunk.java:433)
	at org.apache.coyote.http11.InternalOutputBuffer.flush(InternalOutputBuffer.java:304)
	at org.apache.coyote.http11.Http11Processor.action(Http11Processor.java:991)
	at org.apache.coyote.Response.action(Response.java:182)
	at org.apache.catalina.connector.OutputBuffer.doFlush(OutputBuffer.java:322)
	... 19 more
2011-04-25 11:07:51,109 [http-7000-Processor19] INFO  ME2 - response is null
2011-04-25 11:07:58,531 [http-7000-Processor19] INFO  ME2 - response is null
2011-04-25 11:19:56,750 [http-7000-Processor23] ERROR ME2 - 
ClientAbortException:  java.net.SocketException: Connection reset by peer: socket write error
	at org.apache.catalina.connector.OutputBuffer.doFlush(OutputBuffer.java:327)
	at org.apache.catalina.connector.OutputBuffer.flush(OutputBuffer.java:293)
	at org.apache.catalina.connector.CoyoteOutputStream.flush(CoyoteOutputStream.java:97)
	at loginserver.LoginServlet.doGet(LoginServlet.java:30)
	at javax.servlet.http.HttpServlet.service(HttpServlet.java:707)
	at javax.servlet.http.HttpServlet.service(HttpServlet.java:820)
	at org.apache.catalina.core.ApplicationFilterChain.internalDoFilter(ApplicationFilterChain.java:252)
	at org.apache.catalina.core.ApplicationFilterChain.doFilter(ApplicationFilterChain.java:173)
	at org.apache.catalina.core.StandardWrapperValve.invoke(StandardWrapperValve.java:213)
	at org.apache.catalina.core.StandardContextValve.invoke(StandardContextValve.java:178)
	at org.apache.catalina.core.StandardHostValve.invoke(StandardHostValve.java:126)
	at org.apache.catalina.valves.ErrorReportValve.invoke(ErrorReportValve.java:105)
	at org.apache.catalina.core.StandardEngineValve.invoke(StandardEngineValve.java:107)
	at org.apache.catalina.connector.CoyoteAdapter.service(CoyoteAdapter.java:148)
	at org.apache.coyote.http11.Http11Processor.process(Http11Processor.java:869)
	at org.apache.coyote.http11.Http11BaseProtocol$Http11ConnectionHandler.processConnection(Http11BaseProtocol.java:664)
	at org.apache.tomcat.util.net.PoolTcpEndpoint.processSocket(PoolTcpEndpoint.java:527)
	at org.apache.tomcat.util.net.LeaderFollowerWorkerThread.runIt(LeaderFollowerWorkerThread.java:80)
	at org.apache.tomcat.util.threads.ThreadPool$ControlRunnable.run(ThreadPool.java:684)
	at java.lang.Thread.run(Thread.java:619)
Caused by: java.net.SocketException: Connection reset by peer: socket write error
	at java.net.SocketOutputStream.socketWrite0(Native Method)
	at java.net.SocketOutputStream.socketWrite(SocketOutputStream.java:92)
	at java.net.SocketOutputStream.write(SocketOutputStream.java:136)
	at org.apache.coyote.http11.InternalOutputBuffer.realWriteBytes(InternalOutputBuffer.java:746)
	at org.apache.tomcat.util.buf.ByteChunk.flushBuffer(ByteChunk.java:433)
	at org.apache.coyote.http11.InternalOutputBuffer.flush(InternalOutputBuffer.java:304)
	at org.apache.coyote.http11.Http11Processor.action(Http11Processor.java:991)
	at org.apache.coyote.Response.action(Response.java:182)
	at org.apache.catalina.connector.OutputBuffer.doFlush(OutputBuffer.java:322)
	... 19 more
2011-04-25 11:20:57,921 [http-7000-Processor13] INFO  ME2 - response is null
2011-04-25 13:35:20,375 [http-7000-Processor22] ERROR ME2 - 
me2.server.login.GameServerDownException: 服务器已关闭
	at me2.server.login.GameService.getRoleList(GameService.java:165)
	at me2.server.login.LoginService.getRoleList(LoginService.java:2053)
	at me2.server.login.LoginService.returnToRoleList(LoginService.java:2220)
	at me2.server.login.LoginService.process(LoginService.java:472)
	at loginserver.LoginServlet.doGet(LoginServlet.java:26)
	at javax.servlet.http.HttpServlet.service(HttpServlet.java:707)
	at javax.servlet.http.HttpServlet.service(HttpServlet.java:820)
	at org.apache.catalina.core.ApplicationFilterChain.internalDoFilter(ApplicationFilterChain.java:252)
	at org.apache.catalina.core.ApplicationFilterChain.doFilter(ApplicationFilterChain.java:173)
	at org.apache.catalina.core.StandardWrapperValve.invoke(StandardWrapperValve.java:213)
	at org.apache.catalina.core.StandardContextValve.invoke(StandardContextValve.java:178)
	at org.apache.catalina.core.StandardHostValve.invoke(StandardHostValve.java:126)
	at org.apache.catalina.valves.ErrorReportValve.invoke(ErrorReportValve.java:105)
	at org.apache.catalina.core.StandardEngineValve.invoke(StandardEngineValve.java:107)
	at org.apache.catalina.connector.CoyoteAdapter.service(CoyoteAdapter.java:148)
	at org.apache.coyote.http11.Http11Processor.process(Http11Processor.java:869)
	at org.apache.coyote.http11.Http11BaseProtocol$Http11ConnectionHandler.processConnection(Http11BaseProtocol.java:664)
	at org.apache.tomcat.util.net.PoolTcpEndpoint.processSocket(PoolTcpEndpoint.java:527)
	at org.apache.tomcat.util.net.LeaderFollowerWorkerThread.runIt(LeaderFollowerWorkerThread.java:80)
	at org.apache.tomcat.util.threads.ThreadPool$ControlRunnable.run(ThreadPool.java:684)
	at java.lang.Thread.run(Thread.java:619)
2011-04-25 13:35:20,375 [http-7000-Processor22] INFO  ME2 - response is null
2011-04-25 14:09:22,781 [http-7000-Processor13] ERROR ME2 - 
ClientAbortException:  java.net.SocketException: Connection reset by peer: socket write error
	at org.apache.catalina.connector.OutputBuffer.doFlush(OutputBuffer.java:327)
	at org.apache.catalina.connector.OutputBuffer.flush(OutputBuffer.java:293)
	at org.apache.catalina.connector.CoyoteOutputStream.flush(CoyoteOutputStream.java:97)
	at loginserver.LoginServlet.doGet(LoginServlet.java:30)
	at javax.servlet.http.HttpServlet.service(HttpServlet.java:707)
	at javax.servlet.http.HttpServlet.service(HttpServlet.java:820)
	at org.apache.catalina.core.ApplicationFilterChain.internalDoFilter(ApplicationFilterChain.java:252)
	at org.apache.catalina.core.ApplicationFilterChain.doFilter(ApplicationFilterChain.java:173)
	at org.apache.catalina.core.StandardWrapperValve.invoke(StandardWrapperValve.java:213)
	at org.apache.catalina.core.StandardContextValve.invoke(StandardContextValve.java:178)
	at org.apache.catalina.core.StandardHostValve.invoke(StandardHostValve.java:126)
	at org.apache.catalina.valves.ErrorReportValve.invoke(ErrorReportValve.java:105)
	at org.apache.catalina.core.StandardEngineValve.invoke(StandardEngineValve.java:107)
	at org.apache.catalina.connector.CoyoteAdapter.service(CoyoteAdapter.java:148)
	at org.apache.coyote.http11.Http11Processor.process(Http11Processor.java:869)
	at org.apache.coyote.http11.Http11BaseProtocol$Http11ConnectionHandler.processConnection(Http11BaseProtocol.java:664)
	at org.apache.tomcat.util.net.PoolTcpEndpoint.processSocket(PoolTcpEndpoint.java:527)
	at org.apache.tomcat.util.net.LeaderFollowerWorkerThread.runIt(LeaderFollowerWorkerThread.java:80)
	at org.apache.tomcat.util.threads.ThreadPool$ControlRunnable.run(ThreadPool.java:684)
	at java.lang.Thread.run(Thread.java:619)
Caused by: java.net.SocketException: Connection reset by peer: socket write error
	at java.net.SocketOutputStream.socketWrite0(Native Method)
	at java.net.SocketOutputStream.socketWrite(SocketOutputStream.java:92)
	at java.net.SocketOutputStream.write(SocketOutputStream.java:136)
	at org.apache.coyote.http11.InternalOutputBuffer.realWriteBytes(InternalOutputBuffer.java:746)
	at org.apache.tomcat.util.buf.ByteChunk.flushBuffer(ByteChunk.java:433)
	at org.apache.coyote.http11.InternalOutputBuffer.flush(InternalOutputBuffer.java:304)
	at org.apache.coyote.http11.Http11Processor.action(Http11Processor.java:991)
	at org.apache.coyote.Response.action(Response.java:182)
	at org.apache.catalina.connector.OutputBuffer.doFlush(OutputBuffer.java:322)
	... 19 more
2011-04-25 15:46:45,500 [http-7000-Processor19] ERROR ME2 - 
ClientAbortException:  java.net.SocketException: Connection reset by peer: socket write error
	at org.apache.catalina.connector.OutputBuffer.doFlush(OutputBuffer.java:327)
	at org.apache.catalina.connector.OutputBuffer.flush(OutputBuffer.java:293)
	at org.apache.catalina.connector.CoyoteOutputStream.flush(CoyoteOutputStream.java:97)
	at loginserver.LoginServlet.doGet(LoginServlet.java:30)
	at javax.servlet.http.HttpServlet.service(HttpServlet.java:707)
	at javax.servlet.http.HttpServlet.service(HttpServlet.java:820)
	at org.apache.catalina.core.ApplicationFilterChain.internalDoFilter(ApplicationFilterChain.java:252)
	at org.apache.catalina.core.ApplicationFilterChain.doFilter(ApplicationFilterChain.java:173)
	at org.apache.catalina.core.StandardWrapperValve.invoke(StandardWrapperValve.java:213)
	at org.apache.catalina.core.StandardContextValve.invoke(StandardContextValve.java:178)
	at org.apache.catalina.core.StandardHostValve.invoke(StandardHostValve.java:126)
	at org.apache.catalina.valves.ErrorReportValve.invoke(ErrorReportValve.java:105)
	at org.apache.catalina.core.StandardEngineValve.invoke(StandardEngineValve.java:107)
	at org.apache.catalina.connector.CoyoteAdapter.service(CoyoteAdapter.java:148)
	at org.apache.coyote.http11.Http11Processor.process(Http11Processor.java:869)
	at org.apache.coyote.http11.Http11BaseProtocol$Http11ConnectionHandler.processConnection(Http11BaseProtocol.java:664)
	at org.apache.tomcat.util.net.PoolTcpEndpoint.processSocket(PoolTcpEndpoint.java:527)
	at org.apache.tomcat.util.net.LeaderFollowerWorkerThread.runIt(LeaderFollowerWorkerThread.java:80)
	at org.apache.tomcat.util.threads.ThreadPool$ControlRunnable.run(ThreadPool.java:684)
	at java.lang.Thread.run(Thread.java:619)
Caused by: java.net.SocketException: Connection reset by peer: socket write error
	at java.net.SocketOutputStream.socketWrite0(Native Method)
	at java.net.SocketOutputStream.socketWrite(SocketOutputStream.java:92)
	at java.net.SocketOutputStream.write(SocketOutputStream.java:136)
	at org.apache.coyote.http11.InternalOutputBuffer.realWriteBytes(InternalOutputBuffer.java:746)
	at org.apache.tomcat.util.buf.ByteChunk.flushBuffer(ByteChunk.java:433)
	at org.apache.coyote.http11.InternalOutputBuffer.flush(InternalOutputBuffer.java:304)
	at org.apache.coyote.http11.Http11Processor.action(Http11Processor.java:991)
	at org.apache.coyote.Response.action(Response.java:182)
	at org.apache.catalina.connector.OutputBuffer.doFlush(OutputBuffer.java:322)
	... 19 more
2011-04-25 15:46:46,484 [http-7000-Processor23] ERROR ME2 - 
ClientAbortException:  java.net.SocketException: Connection reset by peer: socket write error
	at org.apache.catalina.connector.OutputBuffer.doFlush(OutputBuffer.java:327)
	at org.apache.catalina.connector.OutputBuffer.flush(OutputBuffer.java:293)
	at org.apache.catalina.connector.CoyoteOutputStream.flush(CoyoteOutputStream.java:97)
	at loginserver.LoginServlet.doGet(LoginServlet.java:30)
	at javax.servlet.http.HttpServlet.service(HttpServlet.java:707)
	at javax.servlet.http.HttpServlet.service(HttpServlet.java:820)
	at org.apache.catalina.core.ApplicationFilterChain.internalDoFilter(ApplicationFilterChain.java:252)
	at org.apache.catalina.core.ApplicationFilterChain.doFilter(ApplicationFilterChain.java:173)
	at org.apache.catalina.core.StandardWrapperValve.invoke(StandardWrapperValve.java:213)
	at org.apache.catalina.core.StandardContextValve.invoke(StandardContextValve.java:178)
	at org.apache.catalina.core.StandardHostValve.invoke(StandardHostValve.java:126)
	at org.apache.catalina.valves.ErrorReportValve.invoke(ErrorReportValve.java:105)
	at org.apache.catalina.core.StandardEngineValve.invoke(StandardEngineValve.java:107)
	at org.apache.catalina.connector.CoyoteAdapter.service(CoyoteAdapter.java:148)
	at org.apache.coyote.http11.Http11Processor.process(Http11Processor.java:869)
	at org.apache.coyote.http11.Http11BaseProtocol$Http11ConnectionHandler.processConnection(Http11BaseProtocol.java:664)
	at org.apache.tomcat.util.net.PoolTcpEndpoint.processSocket(PoolTcpEndpoint.java:527)
	at org.apache.tomcat.util.net.LeaderFollowerWorkerThread.runIt(LeaderFollowerWorkerThread.java:80)
	at org.apache.tomcat.util.threads.ThreadPool$ControlRunnable.run(ThreadPool.java:684)
	at java.lang.Thread.run(Thread.java:619)
Caused by: java.net.SocketException: Connection reset by peer: socket write error
	at java.net.SocketOutputStream.socketWrite0(Native Method)
	at java.net.SocketOutputStream.socketWrite(SocketOutputStream.java:92)
	at java.net.SocketOutputStream.write(SocketOutputStream.java:136)
	at org.apache.coyote.http11.InternalOutputBuffer.realWriteBytes(InternalOutputBuffer.java:746)
	at org.apache.tomcat.util.buf.ByteChunk.flushBuffer(ByteChunk.java:433)
	at org.apache.coyote.http11.InternalOutputBuffer.flush(InternalOutputBuffer.java:304)
	at org.apache.coyote.http11.Http11Processor.action(Http11Processor.java:991)
	at org.apache.coyote.Response.action(Response.java:182)
	at org.apache.catalina.connector.OutputBuffer.doFlush(OutputBuffer.java:322)
	... 19 more
2011-04-25 15:47:23,359 [http-7000-Processor22] ERROR ME2 - 
ClientAbortException:  java.net.SocketException: Connection reset by peer: socket write error
	at org.apache.catalina.connector.OutputBuffer.doFlush(OutputBuffer.java:327)
	at org.apache.catalina.connector.OutputBuffer.flush(OutputBuffer.java:293)
	at org.apache.catalina.connector.CoyoteOutputStream.flush(CoyoteOutputStream.java:97)
	at loginserver.LoginServlet.doGet(LoginServlet.java:30)
	at javax.servlet.http.HttpServlet.service(HttpServlet.java:707)
	at javax.servlet.http.HttpServlet.service(HttpServlet.java:820)
	at org.apache.catalina.core.ApplicationFilterChain.internalDoFilter(ApplicationFilterChain.java:252)
	at org.apache.catalina.core.ApplicationFilterChain.doFilter(ApplicationFilterChain.java:173)
	at org.apache.catalina.core.StandardWrapperValve.invoke(StandardWrapperValve.java:213)
	at org.apache.catalina.core.StandardContextValve.invoke(StandardContextValve.java:178)
	at org.apache.catalina.core.StandardHostValve.invoke(StandardHostValve.java:126)
	at org.apache.catalina.valves.ErrorReportValve.invoke(ErrorReportValve.java:105)
	at org.apache.catalina.core.StandardEngineValve.invoke(StandardEngineValve.java:107)
	at org.apache.catalina.connector.CoyoteAdapter.service(CoyoteAdapter.java:148)
	at org.apache.coyote.http11.Http11Processor.process(Http11Processor.java:869)
	at org.apache.coyote.http11.Http11BaseProtocol$Http11ConnectionHandler.processConnection(Http11BaseProtocol.java:664)
	at org.apache.tomcat.util.net.PoolTcpEndpoint.processSocket(PoolTcpEndpoint.java:527)
	at org.apache.tomcat.util.net.LeaderFollowerWorkerThread.runIt(LeaderFollowerWorkerThread.java:80)
	at org.apache.tomcat.util.threads.ThreadPool$ControlRunnable.run(ThreadPool.java:684)
	at java.lang.Thread.run(Thread.java:619)
Caused by: java.net.SocketException: Connection reset by peer: socket write error
	at java.net.SocketOutputStream.socketWrite0(Native Method)
	at java.net.SocketOutputStream.socketWrite(SocketOutputStream.java:92)
	at java.net.SocketOutputStream.write(SocketOutputStream.java:136)
	at org.apache.coyote.http11.InternalOutputBuffer.realWriteBytes(InternalOutputBuffer.java:746)
	at org.apache.tomcat.util.buf.ByteChunk.flushBuffer(ByteChunk.java:433)
	at org.apache.coyote.http11.InternalOutputBuffer.flush(InternalOutputBuffer.java:304)
	at org.apache.coyote.http11.Http11Processor.action(Http11Processor.java:991)
	at org.apache.coyote.Response.action(Response.java:182)
	at org.apache.catalina.connector.OutputBuffer.doFlush(OutputBuffer.java:322)
	... 19 more
2011-04-25 17:13:44,125 [main] INFO  ME2 - me2.server.login.db.DBConnectionPool complete init.
2011-04-25 17:13:44,875 [main] INFO  ME2 - 昵称过滤列表加载完毕
2011-04-25 17:13:44,906 [main] INFO  ME2 - 账号统计已启动
2011-04-25 17:18:41,625 [http-7000-Processor25] ERROR ME2 - 
ClientAbortException:  java.net.SocketException: Connection reset by peer: socket write error
	at org.apache.catalina.connector.OutputBuffer.doFlush(OutputBuffer.java:327)
	at org.apache.catalina.connector.OutputBuffer.flush(OutputBuffer.java:293)
	at org.apache.catalina.connector.CoyoteOutputStream.flush(CoyoteOutputStream.java:97)
	at loginserver.LoginServlet.doGet(LoginServlet.java:30)
	at javax.servlet.http.HttpServlet.service(HttpServlet.java:707)
	at javax.servlet.http.HttpServlet.service(HttpServlet.java:820)
	at org.apache.catalina.core.ApplicationFilterChain.internalDoFilter(ApplicationFilterChain.java:252)
	at org.apache.catalina.core.ApplicationFilterChain.doFilter(ApplicationFilterChain.java:173)
	at org.apache.catalina.core.StandardWrapperValve.invoke(StandardWrapperValve.java:213)
	at org.apache.catalina.core.StandardContextValve.invoke(StandardContextValve.java:178)
	at org.apache.catalina.core.StandardHostValve.invoke(StandardHostValve.java:126)
	at org.apache.catalina.valves.ErrorReportValve.invoke(ErrorReportValve.java:105)
	at org.apache.catalina.core.StandardEngineValve.invoke(StandardEngineValve.java:107)
	at org.apache.catalina.connector.CoyoteAdapter.service(CoyoteAdapter.java:148)
	at org.apache.coyote.http11.Http11Processor.process(Http11Processor.java:869)
	at org.apache.coyote.http11.Http11BaseProtocol$Http11ConnectionHandler.processConnection(Http11BaseProtocol.java:664)
	at org.apache.tomcat.util.net.PoolTcpEndpoint.processSocket(PoolTcpEndpoint.java:527)
	at org.apache.tomcat.util.net.LeaderFollowerWorkerThread.runIt(LeaderFollowerWorkerThread.java:80)
	at org.apache.tomcat.util.threads.ThreadPool$ControlRunnable.run(ThreadPool.java:684)
	at java.lang.Thread.run(Thread.java:619)
Caused by: java.net.SocketException: Connection reset by peer: socket write error
	at java.net.SocketOutputStream.socketWrite0(Native Method)
	at java.net.SocketOutputStream.socketWrite(SocketOutputStream.java:92)
	at java.net.SocketOutputStream.write(SocketOutputStream.java:136)
	at org.apache.coyote.http11.InternalOutputBuffer.realWriteBytes(InternalOutputBuffer.java:746)
	at org.apache.tomcat.util.buf.ByteChunk.flushBuffer(ByteChunk.java:433)
	at org.apache.coyote.http11.InternalOutputBuffer.flush(InternalOutputBuffer.java:304)
	at org.apache.coyote.http11.Http11Processor.action(Http11Processor.java:991)
	at org.apache.coyote.Response.action(Response.java:182)
	at org.apache.catalina.connector.OutputBuffer.doFlush(OutputBuffer.java:322)
	... 19 more
2011-04-25 17:18:50,375 [http-7000-Processor24] ERROR ME2 - 
ClientAbortException:  java.net.SocketException: Connection reset by peer: socket write error
	at org.apache.catalina.connector.OutputBuffer.doFlush(OutputBuffer.java:327)
	at org.apache.catalina.connector.OutputBuffer.flush(OutputBuffer.java:293)
	at org.apache.catalina.connector.CoyoteOutputStream.flush(CoyoteOutputStream.java:97)
	at loginserver.LoginServlet.doGet(LoginServlet.java:30)
	at javax.servlet.http.HttpServlet.service(HttpServlet.java:707)
	at javax.servlet.http.HttpServlet.service(HttpServlet.java:820)
	at org.apache.catalina.core.ApplicationFilterChain.internalDoFilter(ApplicationFilterChain.java:252)
	at org.apache.catalina.core.ApplicationFilterChain.doFilter(ApplicationFilterChain.java:173)
	at org.apache.catalina.core.StandardWrapperValve.invoke(StandardWrapperValve.java:213)
	at org.apache.catalina.core.StandardContextValve.invoke(StandardContextValve.java:178)
	at org.apache.catalina.core.StandardHostValve.invoke(StandardHostValve.java:126)
	at org.apache.catalina.valves.ErrorReportValve.invoke(ErrorReportValve.java:105)
	at org.apache.catalina.core.StandardEngineValve.invoke(StandardEngineValve.java:107)
	at org.apache.catalina.connector.CoyoteAdapter.service(CoyoteAdapter.java:148)
	at org.apache.coyote.http11.Http11Processor.process(Http11Processor.java:869)
	at org.apache.coyote.http11.Http11BaseProtocol$Http11ConnectionHandler.processConnection(Http11BaseProtocol.java:664)
	at org.apache.tomcat.util.net.PoolTcpEndpoint.processSocket(PoolTcpEndpoint.java:527)
	at org.apache.tomcat.util.net.LeaderFollowerWorkerThread.runIt(LeaderFollowerWorkerThread.java:80)
	at org.apache.tomcat.util.threads.ThreadPool$ControlRunnable.run(ThreadPool.java:684)
	at java.lang.Thread.run(Thread.java:619)
Caused by: java.net.SocketException: Connection reset by peer: socket write error
	at java.net.SocketOutputStream.socketWrite0(Native Method)
	at java.net.SocketOutputStream.socketWrite(SocketOutputStream.java:92)
	at java.net.SocketOutputStream.write(SocketOutputStream.java:136)
	at org.apache.coyote.http11.InternalOutputBuffer.realWriteBytes(InternalOutputBuffer.java:746)
	at org.apache.tomcat.util.buf.ByteChunk.flushBuffer(ByteChunk.java:433)
	at org.apache.coyote.http11.InternalOutputBuffer.flush(InternalOutputBuffer.java:304)
	at org.apache.coyote.http11.Http11Processor.action(Http11Processor.java:991)
	at org.apache.coyote.Response.action(Response.java:182)
	at org.apache.catalina.connector.OutputBuffer.doFlush(OutputBuffer.java:322)
	... 19 more
2011-04-25 17:26:33,046 [http-7000-Processor24] ERROR ME2 - 
java.sql.SQLException: org.logicalcobwebs.proxool.ProxoolException: Attempt to refer to a unregistered pool by its alias 'HERO'
	at org.logicalcobwebs.proxool.ProxoolDriver.connect(ProxoolDriver.java:109)
	at java.sql.DriverManager.getConnection(DriverManager.java:582)
	at java.sql.DriverManager.getConnection(DriverManager.java:207)
	at me2.server.login.db.DBConnectionPool.getConnection(DBConnectionPool.java:116)
	at me2.server.login.db.LoginDAO.login(LoginDAO.java:554)
	at me2.server.login.LoginService.accountLogin(LoginService.java:1439)
	at me2.server.login.LoginService.process(LoginService.java:318)
	at loginserver.LoginServlet.doGet(LoginServlet.java:26)
	at javax.servlet.http.HttpServlet.service(HttpServlet.java:707)
	at javax.servlet.http.HttpServlet.service(HttpServlet.java:820)
	at org.apache.catalina.core.ApplicationFilterChain.internalDoFilter(ApplicationFilterChain.java:252)
	at org.apache.catalina.core.ApplicationFilterChain.doFilter(ApplicationFilterChain.java:173)
	at org.apache.catalina.core.StandardWrapperValve.invoke(StandardWrapperValve.java:213)
	at org.apache.catalina.core.StandardContextValve.invoke(StandardContextValve.java:178)
	at org.apache.catalina.core.StandardHostValve.invoke(StandardHostValve.java:126)
	at org.apache.catalina.valves.ErrorReportValve.invoke(ErrorReportValve.java:105)
	at org.apache.catalina.core.StandardEngineValve.invoke(StandardEngineValve.java:107)
	at org.apache.catalina.connector.CoyoteAdapter.service(CoyoteAdapter.java:148)
	at org.apache.coyote.http11.Http11Processor.process(Http11Processor.java:869)
	at org.apache.coyote.http11.Http11BaseProtocol$Http11ConnectionHandler.processConnection(Http11BaseProtocol.java:664)
	at org.apache.tomcat.util.net.PoolTcpEndpoint.processSocket(PoolTcpEndpoint.java:527)
	at org.apache.tomcat.util.net.LeaderFollowerWorkerThread.runIt(LeaderFollowerWorkerThread.java:80)
	at org.apache.tomcat.util.threads.ThreadPool$ControlRunnable.run(ThreadPool.java:684)
	at java.lang.Thread.run(Thread.java:619)
2011-04-25 17:26:33,062 [http-7000-Processor24] ERROR ME2 - 
java.lang.NullPointerException
	at me2.server.login.db.LoginDAO.login(LoginDAO.java:555)
	at me2.server.login.LoginService.accountLogin(LoginService.java:1439)
	at me2.server.login.LoginService.process(LoginService.java:318)
	at loginserver.LoginServlet.doGet(LoginServlet.java:26)
	at javax.servlet.http.HttpServlet.service(HttpServlet.java:707)
	at javax.servlet.http.HttpServlet.service(HttpServlet.java:820)
	at org.apache.catalina.core.ApplicationFilterChain.internalDoFilter(ApplicationFilterChain.java:252)
	at org.apache.catalina.core.ApplicationFilterChain.doFilter(ApplicationFilterChain.java:173)
	at org.apache.catalina.core.StandardWrapperValve.invoke(StandardWrapperValve.java:213)
	at org.apache.catalina.core.StandardContextValve.invoke(StandardContextValve.java:178)
	at org.apache.catalina.core.StandardHostValve.invoke(StandardHostValve.java:126)
	at org.apache.catalina.valves.ErrorReportValve.invoke(ErrorReportValve.java:105)
	at org.apache.catalina.core.StandardEngineValve.invoke(StandardEngineValve.java:107)
	at org.apache.catalina.connector.CoyoteAdapter.service(CoyoteAdapter.java:148)
	at org.apache.coyote.http11.Http11Processor.process(Http11Processor.java:869)
	at org.apache.coyote.http11.Http11BaseProtocol$Http11ConnectionHandler.processConnection(Http11BaseProtocol.java:664)
	at org.apache.tomcat.util.net.PoolTcpEndpoint.processSocket(PoolTcpEndpoint.java:527)
	at org.apache.tomcat.util.net.LeaderFollowerWorkerThread.runIt(LeaderFollowerWorkerThread.java:80)
	at org.apache.tomcat.util.threads.ThreadPool$ControlRunnable.run(ThreadPool.java:684)
	at java.lang.Thread.run(Thread.java:619)
2011-04-25 17:27:03,859 [main] INFO  ME2 - me2.server.login.db.DBConnectionPool complete init.
2011-04-25 17:27:04,593 [main] INFO  ME2 - 昵称过滤列表加载完毕
2011-04-25 17:27:04,625 [main] INFO  ME2 - 账号统计已启动
2011-04-25 17:42:58,484 [http-7000-Processor22] ERROR ME2 - 
ClientAbortException:  java.net.SocketException: Connection reset by peer: socket write error
	at org.apache.catalina.connector.OutputBuffer.doFlush(OutputBuffer.java:327)
	at org.apache.catalina.connector.OutputBuffer.flush(OutputBuffer.java:293)
	at org.apache.catalina.connector.CoyoteOutputStream.flush(CoyoteOutputStream.java:97)
	at loginserver.LoginServlet.doGet(LoginServlet.java:30)
	at javax.servlet.http.HttpServlet.service(HttpServlet.java:707)
	at javax.servlet.http.HttpServlet.service(HttpServlet.java:820)
	at org.apache.catalina.core.ApplicationFilterChain.internalDoFilter(ApplicationFilterChain.java:252)
	at org.apache.catalina.core.ApplicationFilterChain.doFilter(ApplicationFilterChain.java:173)
	at org.apache.catalina.core.StandardWrapperValve.invoke(StandardWrapperValve.java:213)
	at org.apache.catalina.core.StandardContextValve.invoke(StandardContextValve.java:178)
	at org.apache.catalina.core.StandardHostValve.invoke(StandardHostValve.java:126)
	at org.apache.catalina.valves.ErrorReportValve.invoke(ErrorReportValve.java:105)
	at org.apache.catalina.core.StandardEngineValve.invoke(StandardEngineValve.java:107)
	at org.apache.catalina.connector.CoyoteAdapter.service(CoyoteAdapter.java:148)
	at org.apache.coyote.http11.Http11Processor.process(Http11Processor.java:869)
	at org.apache.coyote.http11.Http11BaseProtocol$Http11ConnectionHandler.processConnection(Http11BaseProtocol.java:664)
	at org.apache.tomcat.util.net.PoolTcpEndpoint.processSocket(PoolTcpEndpoint.java:527)
	at org.apache.tomcat.util.net.LeaderFollowerWorkerThread.runIt(LeaderFollowerWorkerThread.java:80)
	at org.apache.tomcat.util.threads.ThreadPool$ControlRunnable.run(ThreadPool.java:684)
	at java.lang.Thread.run(Thread.java:619)
Caused by: java.net.SocketException: Connection reset by peer: socket write error
	at java.net.SocketOutputStream.socketWrite0(Native Method)
	at java.net.SocketOutputStream.socketWrite(SocketOutputStream.java:92)
	at java.net.SocketOutputStream.write(SocketOutputStream.java:136)
	at org.apache.coyote.http11.InternalOutputBuffer.realWriteBytes(InternalOutputBuffer.java:746)
	at org.apache.tomcat.util.buf.ByteChunk.flushBuffer(ByteChunk.java:433)
	at org.apache.coyote.http11.InternalOutputBuffer.flush(InternalOutputBuffer.java:304)
	at org.apache.coyote.http11.Http11Processor.action(Http11Processor.java:991)
	at org.apache.coyote.Response.action(Response.java:182)
	at org.apache.catalina.connector.OutputBuffer.doFlush(OutputBuffer.java:322)
	... 19 more
2011-04-25 18:26:11,125 [http-7000-Processor25] INFO  ME2 - response is null
2011-04-25 18:31:10,156 [http-7000-Processor19] ERROR ME2 - 
ClientAbortException:  java.net.SocketException: Connection reset by peer: socket write error
	at org.apache.catalina.connector.OutputBuffer.doFlush(OutputBuffer.java:327)
	at org.apache.catalina.connector.OutputBuffer.flush(OutputBuffer.java:293)
	at org.apache.catalina.connector.CoyoteOutputStream.flush(CoyoteOutputStream.java:97)
	at loginserver.LoginServlet.doGet(LoginServlet.java:30)
	at javax.servlet.http.HttpServlet.service(HttpServlet.java:707)
	at javax.servlet.http.HttpServlet.service(HttpServlet.java:820)
	at org.apache.catalina.core.ApplicationFilterChain.internalDoFilter(ApplicationFilterChain.java:252)
	at org.apache.catalina.core.ApplicationFilterChain.doFilter(ApplicationFilterChain.java:173)
	at org.apache.catalina.core.StandardWrapperValve.invoke(StandardWrapperValve.java:213)
	at org.apache.catalina.core.StandardContextValve.invoke(StandardContextValve.java:178)
	at org.apache.catalina.core.StandardHostValve.invoke(StandardHostValve.java:126)
	at org.apache.catalina.valves.ErrorReportValve.invoke(ErrorReportValve.java:105)
	at org.apache.catalina.core.StandardEngineValve.invoke(StandardEngineValve.java:107)
	at org.apache.catalina.connector.CoyoteAdapter.service(CoyoteAdapter.java:148)
	at org.apache.coyote.http11.Http11Processor.process(Http11Processor.java:869)
	at org.apache.coyote.http11.Http11BaseProtocol$Http11ConnectionHandler.processConnection(Http11BaseProtocol.java:664)
	at org.apache.tomcat.util.net.PoolTcpEndpoint.processSocket(PoolTcpEndpoint.java:527)
	at org.apache.tomcat.util.net.LeaderFollowerWorkerThread.runIt(LeaderFollowerWorkerThread.java:80)
	at org.apache.tomcat.util.threads.ThreadPool$ControlRunnable.run(ThreadPool.java:684)
	at java.lang.Thread.run(Thread.java:619)
Caused by: java.net.SocketException: Connection reset by peer: socket write error
	at java.net.SocketOutputStream.socketWrite0(Native Method)
	at java.net.SocketOutputStream.socketWrite(SocketOutputStream.java:92)
	at java.net.SocketOutputStream.write(SocketOutputStream.java:136)
	at org.apache.coyote.http11.InternalOutputBuffer.realWriteBytes(InternalOutputBuffer.java:746)
	at org.apache.tomcat.util.buf.ByteChunk.flushBuffer(ByteChunk.java:433)
	at org.apache.coyote.http11.InternalOutputBuffer.flush(InternalOutputBuffer.java:304)
	at org.apache.coyote.http11.Http11Processor.action(Http11Processor.java:991)
	at org.apache.coyote.Response.action(Response.java:182)
	at org.apache.catalina.connector.OutputBuffer.doFlush(OutputBuffer.java:322)
	... 19 more
2011-04-25 20:38:57,078 [main] INFO  ME2 - me2.server.login.db.DBConnectionPool complete init.
2011-04-25 20:38:57,687 [main] INFO  ME2 - 昵称过滤列表加载完毕
2011-04-25 20:38:57,734 [main] INFO  ME2 - 账号统计已启动
2011-04-25 21:55:03,906 [http-7000-Processor24] INFO  ME2 - response is null
2011-04-25 22:23:44,937 [http-7000-Processor20] INFO  ME2 - response is null
2011-04-25 22:24:20,890 [http-7000-Processor19] INFO  ME2 - response is null
2011-04-25 23:16:07,750 [http-7000-Processor19] INFO  ME2 - response is null
