2011-02-23 09:15:23,734 [http-7000-Processor25] INFO  ME2 - response is null
2011-02-23 09:15:25,765 [http-7000-Processor25] INFO  ME2 - response is null
2011-02-23 09:58:26,218 [http-7000-Processor20] ERROR ME2 - 
me2.server.login.GameServerDownException: 服务器已关闭
	at me2.server.login.GameService.getRoleList(GameService.java:164)
	at me2.server.login.LoginService.getRoleList(LoginService.java:1479)
	at me2.server.login.LoginService.selectServer(LoginService.java:1246)
	at me2.server.login.LoginService.process(LoginService.java:286)
	at loginserver.LoginServlet.doGet(LoginServlet.java:29)
	at javax.servlet.http.HttpServlet.service(HttpServlet.java:689)
	at javax.servlet.http.HttpServlet.service(HttpServlet.java:802)
	at org.apache.catalina.core.ApplicationFilterChain.internalDoFilter(ApplicationFilterChain.java:252)
	at org.apache.catalina.core.ApplicationFilterChain.doFilter(ApplicationFilterChain.java:173)
	at org.apache.catalina.core.StandardWrapperValve.invoke(StandardWrapperValve.java:213)
	at org.apache.catalina.core.StandardContextValve.invoke(StandardContextValve.java:178)
	at org.apache.catalina.core.StandardHostValve.invoke(StandardHostValve.java:126)
	at org.apache.catalina.valves.ErrorReportValve.invoke(ErrorReportValve.java:105)
	at org.apache.catalina.core.StandardEngineValve.invoke(StandardEngineValve.java:107)
	at org.apache.catalina.connector.CoyoteAdapter.service(CoyoteAdapter.java:148)
	at org.apache.coyote.http11.Http11Processor.process(Http11Processor.java:869)
	at org.apache.coyote.http11.Http11BaseProtocol$Http11ConnectionHandler.processConnection(Http11BaseProtocol.java:664)
	at org.apache.tomcat.util.net.PoolTcpEndpoint.processSocket(PoolTcpEndpoint.java:527)
	at org.apache.tomcat.util.net.LeaderFollowerWorkerThread.runIt(LeaderFollowerWorkerThread.java:80)
	at org.apache.tomcat.util.threads.ThreadPool$ControlRunnable.run(ThreadPool.java:684)
	at java.lang.Thread.run(Thread.java:619)
2011-02-23 09:58:26,218 [http-7000-Processor20] INFO  ME2 - response is null
2011-02-23 10:03:53,421 [http-7000-Processor23] INFO  ME2 - response is null
2011-02-23 10:16:55,375 [http-7000-Processor25] INFO  ME2 - response is null
2011-02-23 10:32:36,687 [http-7000-Processor22] INFO  ME2 - response is null
2011-02-23 10:32:39,062 [http-7000-Processor22] INFO  ME2 - response is null
2011-02-23 10:33:00,406 [http-7000-Processor24] INFO  ME2 - response is null
2011-02-23 10:33:02,000 [http-7000-Processor24] INFO  ME2 - response is null
2011-02-23 11:06:53,640 [http-7000-Processor25] INFO  ME2 - response is null
2011-02-23 11:07:08,000 [http-7000-Processor24] INFO  ME2 - response is null
2011-02-23 11:11:28,375 [http-7000-Processor24] INFO  ME2 - response is null
2011-02-23 11:11:29,156 [http-7000-Processor24] INFO  ME2 - response is null
2011-02-23 11:42:39,687 [http-7000-Processor24] INFO  ME2 - response is null
2011-02-23 11:42:44,796 [http-7000-Processor23] INFO  ME2 - response is null
2011-02-23 12:43:55,390 [http-7000-Processor24] INFO  ME2 - response is null
2011-02-23 13:15:16,156 [http-7000-Processor23] INFO  ME2 - response is null
2011-02-23 13:15:26,578 [http-7000-Processor24] INFO  ME2 - response is null
2011-02-23 13:15:32,390 [http-7000-Processor23] INFO  ME2 - response is null
2011-02-23 13:15:34,343 [http-7000-Processor23] INFO  ME2 - response is null
2011-02-23 13:16:03,296 [http-7000-Processor24] INFO  ME2 - response is null
2011-02-23 13:53:05,296 [http-7000-Processor23] INFO  ME2 - response is null
2011-02-23 13:53:52,640 [http-7000-Processor23] INFO  ME2 - response is null
2011-02-23 13:56:09,640 [http-7000-Processor22] INFO  ME2 - response is null
2011-02-23 13:56:10,984 [http-7000-Processor22] INFO  ME2 - response is null
2011-02-23 13:58:51,890 [http-7000-Processor23] INFO  ME2 - response is null
2011-02-23 14:45:11,687 [http-7000-Processor25] INFO  ME2 - response is null
2011-02-23 14:45:13,187 [http-7000-Processor25] INFO  ME2 - response is null
2011-02-23 15:00:37,750 [http-7000-Processor25] INFO  ME2 - response is null
2011-02-23 15:11:59,390 [http-7000-Processor25] INFO  ME2 - response is null
2011-02-23 15:25:53,812 [http-7000-Processor21] INFO  ME2 - response is null
2011-02-23 15:43:54,796 [http-7000-Processor24] INFO  ME2 - response is null
2011-02-23 15:43:57,234 [http-7000-Processor24] INFO  ME2 - response is null
2011-02-23 15:50:04,953 [http-7000-Processor24] ERROR ME2 - 
ClientAbortException:  java.net.SocketException: Connection reset by peer: socket write error
	at org.apache.catalina.connector.OutputBuffer.doFlush(OutputBuffer.java:327)
	at org.apache.catalina.connector.OutputBuffer.flush(OutputBuffer.java:293)
	at org.apache.catalina.connector.CoyoteOutputStream.flush(CoyoteOutputStream.java:97)
	at loginserver.LoginServlet.doGet(LoginServlet.java:33)
	at javax.servlet.http.HttpServlet.service(HttpServlet.java:689)
	at javax.servlet.http.HttpServlet.service(HttpServlet.java:802)
	at org.apache.catalina.core.ApplicationFilterChain.internalDoFilter(ApplicationFilterChain.java:252)
	at org.apache.catalina.core.ApplicationFilterChain.doFilter(ApplicationFilterChain.java:173)
	at org.apache.catalina.core.StandardWrapperValve.invoke(StandardWrapperValve.java:213)
	at org.apache.catalina.core.StandardContextValve.invoke(StandardContextValve.java:178)
	at org.apache.catalina.core.StandardHostValve.invoke(StandardHostValve.java:126)
	at org.apache.catalina.valves.ErrorReportValve.invoke(ErrorReportValve.java:105)
	at org.apache.catalina.core.StandardEngineValve.invoke(StandardEngineValve.java:107)
	at org.apache.catalina.connector.CoyoteAdapter.service(CoyoteAdapter.java:148)
	at org.apache.coyote.http11.Http11Processor.process(Http11Processor.java:869)
	at org.apache.coyote.http11.Http11BaseProtocol$Http11ConnectionHandler.processConnection(Http11BaseProtocol.java:664)
	at org.apache.tomcat.util.net.PoolTcpEndpoint.processSocket(PoolTcpEndpoint.java:527)
	at org.apache.tomcat.util.net.LeaderFollowerWorkerThread.runIt(LeaderFollowerWorkerThread.java:80)
	at org.apache.tomcat.util.threads.ThreadPool$ControlRunnable.run(ThreadPool.java:684)
	at java.lang.Thread.run(Thread.java:619)
Caused by: java.net.SocketException: Connection reset by peer: socket write error
	at java.net.SocketOutputStream.socketWrite0(Native Method)
	at java.net.SocketOutputStream.socketWrite(SocketOutputStream.java:92)
	at java.net.SocketOutputStream.write(SocketOutputStream.java:136)
	at org.apache.coyote.http11.InternalOutputBuffer.realWriteBytes(InternalOutputBuffer.java:746)
	at org.apache.tomcat.util.buf.ByteChunk.flushBuffer(ByteChunk.java:433)
	at org.apache.coyote.http11.InternalOutputBuffer.flush(InternalOutputBuffer.java:304)
	at org.apache.coyote.http11.Http11Processor.action(Http11Processor.java:991)
	at org.apache.coyote.Response.action(Response.java:182)
	at org.apache.catalina.connector.OutputBuffer.doFlush(OutputBuffer.java:322)
	... 19 more
2011-02-23 15:50:42,484 [http-7000-Processor22] ERROR ME2 - 
ClientAbortException:  java.net.SocketException: Connection reset by peer: socket write error
	at org.apache.catalina.connector.OutputBuffer.doFlush(OutputBuffer.java:327)
	at org.apache.catalina.connector.OutputBuffer.flush(OutputBuffer.java:293)
	at org.apache.catalina.connector.CoyoteOutputStream.flush(CoyoteOutputStream.java:97)
	at loginserver.LoginServlet.doGet(LoginServlet.java:33)
	at javax.servlet.http.HttpServlet.service(HttpServlet.java:689)
	at javax.servlet.http.HttpServlet.service(HttpServlet.java:802)
	at org.apache.catalina.core.ApplicationFilterChain.internalDoFilter(ApplicationFilterChain.java:252)
	at org.apache.catalina.core.ApplicationFilterChain.doFilter(ApplicationFilterChain.java:173)
	at org.apache.catalina.core.StandardWrapperValve.invoke(StandardWrapperValve.java:213)
	at org.apache.catalina.core.StandardContextValve.invoke(StandardContextValve.java:178)
	at org.apache.catalina.core.StandardHostValve.invoke(StandardHostValve.java:126)
	at org.apache.catalina.valves.ErrorReportValve.invoke(ErrorReportValve.java:105)
	at org.apache.catalina.core.StandardEngineValve.invoke(StandardEngineValve.java:107)
	at org.apache.catalina.connector.CoyoteAdapter.service(CoyoteAdapter.java:148)
	at org.apache.coyote.http11.Http11Processor.process(Http11Processor.java:869)
	at org.apache.coyote.http11.Http11BaseProtocol$Http11ConnectionHandler.processConnection(Http11BaseProtocol.java:664)
	at org.apache.tomcat.util.net.PoolTcpEndpoint.processSocket(PoolTcpEndpoint.java:527)
	at org.apache.tomcat.util.net.LeaderFollowerWorkerThread.runIt(LeaderFollowerWorkerThread.java:80)
	at org.apache.tomcat.util.threads.ThreadPool$ControlRunnable.run(ThreadPool.java:684)
	at java.lang.Thread.run(Thread.java:619)
Caused by: java.net.SocketException: Connection reset by peer: socket write error
	at java.net.SocketOutputStream.socketWrite0(Native Method)
	at java.net.SocketOutputStream.socketWrite(SocketOutputStream.java:92)
	at java.net.SocketOutputStream.write(SocketOutputStream.java:136)
	at org.apache.coyote.http11.InternalOutputBuffer.realWriteBytes(InternalOutputBuffer.java:746)
	at org.apache.tomcat.util.buf.ByteChunk.flushBuffer(ByteChunk.java:433)
	at org.apache.coyote.http11.InternalOutputBuffer.flush(InternalOutputBuffer.java:304)
	at org.apache.coyote.http11.Http11Processor.action(Http11Processor.java:991)
	at org.apache.coyote.Response.action(Response.java:182)
	at org.apache.catalina.connector.OutputBuffer.doFlush(OutputBuffer.java:322)
	... 19 more
2011-02-23 15:50:50,796 [http-7000-Processor24] INFO  ME2 - response is null
2011-02-23 15:52:52,296 [http-7000-Processor22] ERROR ME2 - 
ClientAbortException:  java.net.SocketException: Connection reset by peer: socket write error
	at org.apache.catalina.connector.OutputBuffer.doFlush(OutputBuffer.java:327)
	at org.apache.catalina.connector.OutputBuffer.flush(OutputBuffer.java:293)
	at org.apache.catalina.connector.CoyoteOutputStream.flush(CoyoteOutputStream.java:97)
	at loginserver.LoginServlet.doGet(LoginServlet.java:33)
	at javax.servlet.http.HttpServlet.service(HttpServlet.java:689)
	at javax.servlet.http.HttpServlet.service(HttpServlet.java:802)
	at org.apache.catalina.core.ApplicationFilterChain.internalDoFilter(ApplicationFilterChain.java:252)
	at org.apache.catalina.core.ApplicationFilterChain.doFilter(ApplicationFilterChain.java:173)
	at org.apache.catalina.core.StandardWrapperValve.invoke(StandardWrapperValve.java:213)
	at org.apache.catalina.core.StandardContextValve.invoke(StandardContextValve.java:178)
	at org.apache.catalina.core.StandardHostValve.invoke(StandardHostValve.java:126)
	at org.apache.catalina.valves.ErrorReportValve.invoke(ErrorReportValve.java:105)
	at org.apache.catalina.core.StandardEngineValve.invoke(StandardEngineValve.java:107)
	at org.apache.catalina.connector.CoyoteAdapter.service(CoyoteAdapter.java:148)
	at org.apache.coyote.http11.Http11Processor.process(Http11Processor.java:869)
	at org.apache.coyote.http11.Http11BaseProtocol$Http11ConnectionHandler.processConnection(Http11BaseProtocol.java:664)
	at org.apache.tomcat.util.net.PoolTcpEndpoint.processSocket(PoolTcpEndpoint.java:527)
	at org.apache.tomcat.util.net.LeaderFollowerWorkerThread.runIt(LeaderFollowerWorkerThread.java:80)
	at org.apache.tomcat.util.threads.ThreadPool$ControlRunnable.run(ThreadPool.java:684)
	at java.lang.Thread.run(Thread.java:619)
Caused by: java.net.SocketException: Connection reset by peer: socket write error
	at java.net.SocketOutputStream.socketWrite0(Native Method)
	at java.net.SocketOutputStream.socketWrite(SocketOutputStream.java:92)
	at java.net.SocketOutputStream.write(SocketOutputStream.java:136)
	at org.apache.coyote.http11.InternalOutputBuffer.realWriteBytes(InternalOutputBuffer.java:746)
	at org.apache.tomcat.util.buf.ByteChunk.flushBuffer(ByteChunk.java:433)
	at org.apache.coyote.http11.InternalOutputBuffer.flush(InternalOutputBuffer.java:304)
	at org.apache.coyote.http11.Http11Processor.action(Http11Processor.java:991)
	at org.apache.coyote.Response.action(Response.java:182)
	at org.apache.catalina.connector.OutputBuffer.doFlush(OutputBuffer.java:322)
	... 19 more
2011-02-23 16:24:56,593 [http-7000-Processor25] INFO  ME2 - response is null
2011-02-23 16:24:58,328 [http-7000-Processor25] INFO  ME2 - response is null
2011-02-23 16:33:07,750 [http-7000-Processor23] ERROR ME2 - 
ClientAbortException:  java.net.SocketException: Connection reset by peer: socket write error
	at org.apache.catalina.connector.OutputBuffer.doFlush(OutputBuffer.java:327)
	at org.apache.catalina.connector.OutputBuffer.flush(OutputBuffer.java:293)
	at org.apache.catalina.connector.CoyoteOutputStream.flush(CoyoteOutputStream.java:97)
	at loginserver.LoginServlet.doGet(LoginServlet.java:33)
	at javax.servlet.http.HttpServlet.service(HttpServlet.java:689)
	at javax.servlet.http.HttpServlet.service(HttpServlet.java:802)
	at org.apache.catalina.core.ApplicationFilterChain.internalDoFilter(ApplicationFilterChain.java:252)
	at org.apache.catalina.core.ApplicationFilterChain.doFilter(ApplicationFilterChain.java:173)
	at org.apache.catalina.core.StandardWrapperValve.invoke(StandardWrapperValve.java:213)
	at org.apache.catalina.core.StandardContextValve.invoke(StandardContextValve.java:178)
	at org.apache.catalina.core.StandardHostValve.invoke(StandardHostValve.java:126)
	at org.apache.catalina.valves.ErrorReportValve.invoke(ErrorReportValve.java:105)
	at org.apache.catalina.core.StandardEngineValve.invoke(StandardEngineValve.java:107)
	at org.apache.catalina.connector.CoyoteAdapter.service(CoyoteAdapter.java:148)
	at org.apache.coyote.http11.Http11Processor.process(Http11Processor.java:869)
	at org.apache.coyote.http11.Http11BaseProtocol$Http11ConnectionHandler.processConnection(Http11BaseProtocol.java:664)
	at org.apache.tomcat.util.net.PoolTcpEndpoint.processSocket(PoolTcpEndpoint.java:527)
	at org.apache.tomcat.util.net.LeaderFollowerWorkerThread.runIt(LeaderFollowerWorkerThread.java:80)
	at org.apache.tomcat.util.threads.ThreadPool$ControlRunnable.run(ThreadPool.java:684)
	at java.lang.Thread.run(Thread.java:619)
Caused by: java.net.SocketException: Connection reset by peer: socket write error
	at java.net.SocketOutputStream.socketWrite0(Native Method)
	at java.net.SocketOutputStream.socketWrite(SocketOutputStream.java:92)
	at java.net.SocketOutputStream.write(SocketOutputStream.java:136)
	at org.apache.coyote.http11.InternalOutputBuffer.realWriteBytes(InternalOutputBuffer.java:746)
	at org.apache.tomcat.util.buf.ByteChunk.flushBuffer(ByteChunk.java:433)
	at org.apache.coyote.http11.InternalOutputBuffer.flush(InternalOutputBuffer.java:304)
	at org.apache.coyote.http11.Http11Processor.action(Http11Processor.java:991)
	at org.apache.coyote.Response.action(Response.java:182)
	at org.apache.catalina.connector.OutputBuffer.doFlush(OutputBuffer.java:322)
	... 19 more
2011-02-23 16:33:14,968 [http-7000-Processor25] ERROR ME2 - 
ClientAbortException:  java.net.SocketException: Connection reset by peer: socket write error
	at org.apache.catalina.connector.OutputBuffer.doFlush(OutputBuffer.java:327)
	at org.apache.catalina.connector.OutputBuffer.flush(OutputBuffer.java:293)
	at org.apache.catalina.connector.CoyoteOutputStream.flush(CoyoteOutputStream.java:97)
	at loginserver.LoginServlet.doGet(LoginServlet.java:33)
	at javax.servlet.http.HttpServlet.service(HttpServlet.java:689)
	at javax.servlet.http.HttpServlet.service(HttpServlet.java:802)
	at org.apache.catalina.core.ApplicationFilterChain.internalDoFilter(ApplicationFilterChain.java:252)
	at org.apache.catalina.core.ApplicationFilterChain.doFilter(ApplicationFilterChain.java:173)
	at org.apache.catalina.core.StandardWrapperValve.invoke(StandardWrapperValve.java:213)
	at org.apache.catalina.core.StandardContextValve.invoke(StandardContextValve.java:178)
	at org.apache.catalina.core.StandardHostValve.invoke(StandardHostValve.java:126)
	at org.apache.catalina.valves.ErrorReportValve.invoke(ErrorReportValve.java:105)
	at org.apache.catalina.core.StandardEngineValve.invoke(StandardEngineValve.java:107)
	at org.apache.catalina.connector.CoyoteAdapter.service(CoyoteAdapter.java:148)
	at org.apache.coyote.http11.Http11Processor.process(Http11Processor.java:869)
	at org.apache.coyote.http11.Http11BaseProtocol$Http11ConnectionHandler.processConnection(Http11BaseProtocol.java:664)
	at org.apache.tomcat.util.net.PoolTcpEndpoint.processSocket(PoolTcpEndpoint.java:527)
	at org.apache.tomcat.util.net.LeaderFollowerWorkerThread.runIt(LeaderFollowerWorkerThread.java:80)
	at org.apache.tomcat.util.threads.ThreadPool$ControlRunnable.run(ThreadPool.java:684)
	at java.lang.Thread.run(Thread.java:619)
Caused by: java.net.SocketException: Connection reset by peer: socket write error
	at java.net.SocketOutputStream.socketWrite0(Native Method)
	at java.net.SocketOutputStream.socketWrite(SocketOutputStream.java:92)
	at java.net.SocketOutputStream.write(SocketOutputStream.java:136)
	at org.apache.coyote.http11.InternalOutputBuffer.realWriteBytes(InternalOutputBuffer.java:746)
	at org.apache.tomcat.util.buf.ByteChunk.flushBuffer(ByteChunk.java:433)
	at org.apache.coyote.http11.InternalOutputBuffer.flush(InternalOutputBuffer.java:304)
	at org.apache.coyote.http11.Http11Processor.action(Http11Processor.java:991)
	at org.apache.coyote.Response.action(Response.java:182)
	at org.apache.catalina.connector.OutputBuffer.doFlush(OutputBuffer.java:322)
	... 19 more
2011-02-23 16:33:52,375 [http-7000-Processor19] INFO  ME2 - response is null
2011-02-23 16:33:53,546 [http-7000-Processor19] INFO  ME2 - response is null
2011-02-23 16:37:10,593 [http-7000-Processor24] INFO  ME2 - response is null
2011-02-23 16:37:11,812 [http-7000-Processor24] INFO  ME2 - response is null
2011-02-23 16:38:29,703 [http-7000-Processor19] INFO  ME2 - response is null
2011-02-23 16:40:38,046 [http-7000-Processor20] INFO  ME2 - response is null
2011-02-23 16:42:20,000 [http-7000-Processor20] INFO  ME2 - response is null
2011-02-23 16:43:08,906 [http-7000-Processor24] INFO  ME2 - response is null
2011-02-23 16:52:51,437 [http-7000-Processor19] INFO  ME2 - response is null
2011-02-23 17:00:50,187 [http-7000-Processor19] INFO  ME2 - response is null
2011-02-23 17:09:26,875 [http-7000-Processor19] INFO  ME2 - response is null
2011-02-23 17:25:00,296 [http-7000-Processor19] INFO  ME2 - response is null
2011-02-23 17:32:52,812 [http-7000-Processor20] INFO  ME2 - response is null
2011-02-23 17:35:55,656 [http-7000-Processor21] INFO  ME2 - response is null
2011-02-23 17:36:02,359 [http-7000-Processor25] INFO  ME2 - response is null
2011-02-23 17:36:10,312 [http-7000-Processor21] INFO  ME2 - response is null
2011-02-23 17:43:13,265 [main] INFO  ME2 - me2.server.login.db.DBConnectionPool complete init.
2011-02-23 17:43:37,390 [main] INFO  ME2 - 昵称过滤列表加载完毕
2011-02-23 17:43:37,421 [main] INFO  ME2 - 账号统计已启动
2011-02-23 17:46:38,296 [http-7000-Processor23] INFO  ME2 - response is null
2011-02-23 17:51:16,640 [http-7000-Processor24] INFO  ME2 - response is null
2011-02-23 17:58:46,015 [http-7000-Processor23] INFO  ME2 - response is null
2011-02-23 17:59:29,500 [http-7000-Processor23] INFO  ME2 - response is null
2011-02-23 18:00:17,062 [http-7000-Processor25] INFO  ME2 - response is null
2011-02-23 18:02:04,671 [http-7000-Processor24] INFO  ME2 - response is null
2011-02-23 18:03:22,031 [http-7000-Processor24] INFO  ME2 - response is null
2011-02-23 18:05:52,203 [http-7000-Processor24] INFO  ME2 - response is null
2011-02-23 18:24:47,359 [http-7000-Processor25] INFO  ME2 - response is null
2011-02-23 18:24:53,406 [http-7000-Processor25] INFO  ME2 - response is null
2011-02-23 18:25:18,890 [http-7000-Processor23] INFO  ME2 - response is null
2011-02-23 18:25:20,468 [http-7000-Processor23] INFO  ME2 - response is null
2011-02-23 18:25:41,171 [http-7000-Processor23] INFO  ME2 - response is null
2011-02-23 18:26:09,609 [http-7000-Processor24] INFO  ME2 - response is null
2011-02-23 18:32:40,125 [http-7000-Processor25] INFO  ME2 - response is null
2011-02-23 18:44:30,078 [http-7000-Processor23] INFO  ME2 - response is null
2011-02-23 19:10:07,359 [http-7000-Processor23] INFO  ME2 - response is null
2011-02-23 19:33:51,343 [http-7000-Processor23] INFO  ME2 - response is null
2011-02-23 19:38:30,437 [http-7000-Processor24] INFO  ME2 - response is null
2011-02-23 19:38:56,796 [http-7000-Processor23] INFO  ME2 - response is null
2011-02-23 19:39:18,296 [http-7000-Processor25] INFO  ME2 - response is null
2011-02-23 19:39:20,234 [http-7000-Processor25] INFO  ME2 - response is null
2011-02-23 19:39:57,859 [http-7000-Processor23] INFO  ME2 - response is null
2011-02-23 19:40:37,625 [http-7000-Processor24] INFO  ME2 - response is null
2011-02-23 19:42:08,859 [http-7000-Processor24] INFO  ME2 - response is null
2011-02-23 19:56:29,953 [http-7000-Processor24] INFO  ME2 - response is null
2011-02-23 19:56:54,000 [http-7000-Processor25] INFO  ME2 - response is null
2011-02-23 19:57:00,984 [http-7000-Processor24] INFO  ME2 - response is null
2011-02-23 20:01:23,265 [http-7000-Processor23] INFO  ME2 - response is null
2011-02-23 20:01:57,093 [http-7000-Processor23] INFO  ME2 - response is null
2011-02-23 20:02:49,312 [http-7000-Processor25] INFO  ME2 - response is null
2011-02-23 20:03:42,609 [http-7000-Processor24] INFO  ME2 - response is null
2011-02-23 20:04:38,000 [http-7000-Processor24] INFO  ME2 - response is null
2011-02-23 20:04:55,968 [http-7000-Processor25] INFO  ME2 - response is null
2011-02-23 20:15:46,625 [http-7000-Processor23] INFO  ME2 - response is null
2011-02-23 20:15:48,328 [http-7000-Processor23] INFO  ME2 - response is null
2011-02-23 20:21:08,875 [http-7000-Processor23] INFO  ME2 - response is null
2011-02-23 20:21:19,359 [http-7000-Processor24] INFO  ME2 - response is null
2011-02-23 20:27:32,125 [http-7000-Processor24] INFO  ME2 - response is null
2011-02-23 20:27:39,265 [http-7000-Processor23] INFO  ME2 - response is null
2011-02-23 20:38:46,671 [http-7000-Processor25] INFO  ME2 - response is null
2011-02-23 20:52:02,203 [http-7000-Processor23] INFO  ME2 - response is null
2011-02-23 21:20:15,234 [http-7000-Processor23] INFO  ME2 - response is null
2011-02-23 21:20:16,953 [http-7000-Processor23] INFO  ME2 - response is null
2011-02-23 21:20:39,953 [http-7000-Processor25] INFO  ME2 - response is null
2011-02-23 21:20:41,343 [http-7000-Processor25] INFO  ME2 - response is null
2011-02-23 21:27:51,531 [http-7000-Processor24] INFO  ME2 - response is null
2011-02-23 21:27:52,718 [http-7000-Processor24] INFO  ME2 - response is null
2011-02-23 22:10:16,703 [http-7000-Processor23] INFO  ME2 - response is null
