2011-02-09 10:02:01,296 [main] INFO  ME2 - me2.server.login.db.DBConnectionPool complete init.
2011-02-09 10:02:25,562 [main] INFO  ME2 - 昵称过滤列表加载完毕
2011-02-09 10:02:25,671 [main] ERROR ME2 - 
java.lang.NullPointerException
	at me2.server.login.util.FixedAccountManager.loadOriginalAccount(FixedAccountManager.java:120)
	at me2.server.login.util.FixedAccountManager.init(FixedAccountManager.java:49)
	at me2.server.login.LoginService.init(LoginService.java:98)
	at loginserver.LoginServlet.init(LoginServlet.java:48)
	at javax.servlet.GenericServlet.init(GenericServlet.java:211)
	at org.apache.catalina.core.StandardWrapper.loadServlet(StandardWrapper.java:1105)
	at org.apache.catalina.core.StandardWrapper.load(StandardWrapper.java:932)
	at org.apache.catalina.core.StandardContext.loadOnStartup(StandardContext.java:3917)
	at org.apache.catalina.core.StandardContext.start(StandardContext.java:4201)
	at org.apache.catalina.core.ContainerBase.addChildInternal(ContainerBase.java:759)
	at org.apache.catalina.core.ContainerBase.addChild(ContainerBase.java:739)
	at org.apache.catalina.core.StandardHost.addChild(StandardHost.java:524)
	at org.apache.catalina.startup.HostConfig.deployDirectory(HostConfig.java:904)
	at org.apache.catalina.startup.HostConfig.deployDirectories(HostConfig.java:867)
	at org.apache.catalina.startup.HostConfig.deployApps(HostConfig.java:474)
	at org.apache.catalina.startup.HostConfig.start(HostConfig.java:1122)
	at org.apache.catalina.startup.HostConfig.lifecycleEvent(HostConfig.java:310)
	at org.apache.catalina.util.LifecycleSupport.fireLifecycleEvent(LifecycleSupport.java:119)
	at org.apache.catalina.core.ContainerBase.start(ContainerBase.java:1021)
	at org.apache.catalina.core.StandardHost.start(StandardHost.java:718)
	at org.apache.catalina.core.ContainerBase.start(ContainerBase.java:1013)
	at org.apache.catalina.core.StandardEngine.start(StandardEngine.java:442)
	at org.apache.catalina.core.StandardService.start(StandardService.java:450)
	at org.apache.catalina.core.StandardServer.start(StandardServer.java:709)
	at org.apache.catalina.startup.Catalina.start(Catalina.java:551)
	at sun.reflect.NativeMethodAccessorImpl.invoke0(Native Method)
	at sun.reflect.NativeMethodAccessorImpl.invoke(NativeMethodAccessorImpl.java:39)
	at sun.reflect.DelegatingMethodAccessorImpl.invoke(DelegatingMethodAccessorImpl.java:25)
	at java.lang.reflect.Method.invoke(Method.java:597)
	at org.apache.catalina.startup.Bootstrap.start(Bootstrap.java:294)
	at org.apache.catalina.startup.Bootstrap.main(Bootstrap.java:432)
2011-02-09 10:02:25,671 [main] ERROR ME2 - 
java.io.IOException: 系统找不到指定的路径。
	at java.io.WinNTFileSystem.createFileExclusively(Native Method)
	at java.io.File.createNewFile(File.java:883)
	at me2.server.login.util.FixedAccountManager.loadInvalidateAccount(FixedAccountManager.java:201)
	at me2.server.login.util.FixedAccountManager.init(FixedAccountManager.java:50)
	at me2.server.login.LoginService.init(LoginService.java:98)
	at loginserver.LoginServlet.init(LoginServlet.java:48)
	at javax.servlet.GenericServlet.init(GenericServlet.java:211)
	at org.apache.catalina.core.StandardWrapper.loadServlet(StandardWrapper.java:1105)
	at org.apache.catalina.core.StandardWrapper.load(StandardWrapper.java:932)
	at org.apache.catalina.core.StandardContext.loadOnStartup(StandardContext.java:3917)
	at org.apache.catalina.core.StandardContext.start(StandardContext.java:4201)
	at org.apache.catalina.core.ContainerBase.addChildInternal(ContainerBase.java:759)
	at org.apache.catalina.core.ContainerBase.addChild(ContainerBase.java:739)
	at org.apache.catalina.core.StandardHost.addChild(StandardHost.java:524)
	at org.apache.catalina.startup.HostConfig.deployDirectory(HostConfig.java:904)
	at org.apache.catalina.startup.HostConfig.deployDirectories(HostConfig.java:867)
	at org.apache.catalina.startup.HostConfig.deployApps(HostConfig.java:474)
	at org.apache.catalina.startup.HostConfig.start(HostConfig.java:1122)
	at org.apache.catalina.startup.HostConfig.lifecycleEvent(HostConfig.java:310)
	at org.apache.catalina.util.LifecycleSupport.fireLifecycleEvent(LifecycleSupport.java:119)
	at org.apache.catalina.core.ContainerBase.start(ContainerBase.java:1021)
	at org.apache.catalina.core.StandardHost.start(StandardHost.java:718)
	at org.apache.catalina.core.ContainerBase.start(ContainerBase.java:1013)
	at org.apache.catalina.core.StandardEngine.start(StandardEngine.java:442)
	at org.apache.catalina.core.StandardService.start(StandardService.java:450)
	at org.apache.catalina.core.StandardServer.start(StandardServer.java:709)
	at org.apache.catalina.startup.Catalina.start(Catalina.java:551)
	at sun.reflect.NativeMethodAccessorImpl.invoke0(Native Method)
	at sun.reflect.NativeMethodAccessorImpl.invoke(NativeMethodAccessorImpl.java:39)
	at sun.reflect.DelegatingMethodAccessorImpl.invoke(DelegatingMethodAccessorImpl.java:25)
	at java.lang.reflect.Method.invoke(Method.java:597)
	at org.apache.catalina.startup.Bootstrap.start(Bootstrap.java:294)
	at org.apache.catalina.startup.Bootstrap.main(Bootstrap.java:432)
2011-02-09 10:02:25,671 [main] INFO  ME2 - 账号统计已启动
2011-02-09 12:47:55,843 [http-7000-Processor24] ERROR ME2 - 
java.lang.NullPointerException
	at hero.player.service.PlayerDAO.deleteRole(PlayerDAO.java:529)
	at hero.player.service.PlayerServiceImpl.deleteRole(PlayerServiceImpl.java:1142)
	at hero.login.LoginServiceImpl.deleteRole(LoginServiceImpl.java:114)
	at hero.login.rmi.ME2LoginRMIImpl.deleteRole(ME2LoginRMIImpl.java:72)
	at sun.reflect.NativeMethodAccessorImpl.invoke0(Native Method)
	at sun.reflect.NativeMethodAccessorImpl.invoke(NativeMethodAccessorImpl.java:39)
	at sun.reflect.DelegatingMethodAccessorImpl.invoke(DelegatingMethodAccessorImpl.java:25)
	at java.lang.reflect.Method.invoke(Method.java:597)
	at sun.rmi.server.UnicastServerRef.dispatch(UnicastServerRef.java:305)
	at sun.rmi.transport.Transport$1.run(Transport.java:159)
	at java.security.AccessController.doPrivileged(Native Method)
	at sun.rmi.transport.Transport.serviceCall(Transport.java:155)
	at sun.rmi.transport.tcp.TCPTransport.handleMessages(TCPTransport.java:535)
	at sun.rmi.transport.tcp.TCPTransport$ConnectionHandler.run0(TCPTransport.java:790)
	at sun.rmi.transport.tcp.TCPTransport$ConnectionHandler.run(TCPTransport.java:649)
	at java.util.concurrent.ThreadPoolExecutor$Worker.runTask(ThreadPoolExecutor.java:886)
	at java.util.concurrent.ThreadPoolExecutor$Worker.run(ThreadPoolExecutor.java:908)
	at java.lang.Thread.run(Thread.java:619)
	at sun.rmi.transport.StreamRemoteCall.exceptionReceivedFromServer(StreamRemoteCall.java:255)
	at sun.rmi.transport.StreamRemoteCall.executeCall(StreamRemoteCall.java:233)
	at sun.rmi.server.UnicastRef.invoke(UnicastRef.java:142)
	at hero.login.rmi.ME2LoginRMIImpl_Stub.deleteRole(ME2LoginRMIImpl_Stub.java:99)
	at me2.server.login.GameService.deleteRole(GameService.java:187)
	at me2.server.login.LoginService.deleteRole(LoginService.java:1474)
	at me2.server.login.LoginService.process(LoginService.java:307)
	at loginserver.LoginServlet.doGet(LoginServlet.java:29)
	at javax.servlet.http.HttpServlet.service(HttpServlet.java:689)
	at javax.servlet.http.HttpServlet.service(HttpServlet.java:802)
	at org.apache.catalina.core.ApplicationFilterChain.internalDoFilter(ApplicationFilterChain.java:252)
	at org.apache.catalina.core.ApplicationFilterChain.doFilter(ApplicationFilterChain.java:173)
	at org.apache.catalina.core.StandardWrapperValve.invoke(StandardWrapperValve.java:213)
	at org.apache.catalina.core.StandardContextValve.invoke(StandardContextValve.java:178)
	at org.apache.catalina.core.StandardHostValve.invoke(StandardHostValve.java:126)
	at org.apache.catalina.valves.ErrorReportValve.invoke(ErrorReportValve.java:105)
	at org.apache.catalina.core.StandardEngineValve.invoke(StandardEngineValve.java:107)
	at org.apache.catalina.connector.CoyoteAdapter.service(CoyoteAdapter.java:148)
	at org.apache.coyote.http11.Http11Processor.process(Http11Processor.java:869)
	at org.apache.coyote.http11.Http11BaseProtocol$Http11ConnectionHandler.processConnection(Http11BaseProtocol.java:664)
	at org.apache.tomcat.util.net.PoolTcpEndpoint.processSocket(PoolTcpEndpoint.java:527)
	at org.apache.tomcat.util.net.LeaderFollowerWorkerThread.runIt(LeaderFollowerWorkerThread.java:80)
	at org.apache.tomcat.util.threads.ThreadPool$ControlRunnable.run(ThreadPool.java:684)
	at java.lang.Thread.run(Thread.java:619)
2011-02-09 12:47:55,843 [http-7000-Processor24] ERROR ME2 - me2.server.login.LoginService@161e946
java.lang.NullPointerException
	at me2.server.login.LoginService.deleteRole(LoginService.java:1533)
	at me2.server.login.LoginService.process(LoginService.java:307)
	at loginserver.LoginServlet.doGet(LoginServlet.java:29)
	at javax.servlet.http.HttpServlet.service(HttpServlet.java:689)
	at javax.servlet.http.HttpServlet.service(HttpServlet.java:802)
	at org.apache.catalina.core.ApplicationFilterChain.internalDoFilter(ApplicationFilterChain.java:252)
	at org.apache.catalina.core.ApplicationFilterChain.doFilter(ApplicationFilterChain.java:173)
	at org.apache.catalina.core.StandardWrapperValve.invoke(StandardWrapperValve.java:213)
	at org.apache.catalina.core.StandardContextValve.invoke(StandardContextValve.java:178)
	at org.apache.catalina.core.StandardHostValve.invoke(StandardHostValve.java:126)
	at org.apache.catalina.valves.ErrorReportValve.invoke(ErrorReportValve.java:105)
	at org.apache.catalina.core.StandardEngineValve.invoke(StandardEngineValve.java:107)
	at org.apache.catalina.connector.CoyoteAdapter.service(CoyoteAdapter.java:148)
	at org.apache.coyote.http11.Http11Processor.process(Http11Processor.java:869)
	at org.apache.coyote.http11.Http11BaseProtocol$Http11ConnectionHandler.processConnection(Http11BaseProtocol.java:664)
	at org.apache.tomcat.util.net.PoolTcpEndpoint.processSocket(PoolTcpEndpoint.java:527)
	at org.apache.tomcat.util.net.LeaderFollowerWorkerThread.runIt(LeaderFollowerWorkerThread.java:80)
	at org.apache.tomcat.util.threads.ThreadPool$ControlRunnable.run(ThreadPool.java:684)
	at java.lang.Thread.run(Thread.java:619)
2011-02-09 12:47:55,843 [http-7000-Processor24] INFO  ME2 - response is null
2011-02-09 12:54:07,234 [http-7000-Processor24] ERROR ME2 - 
java.lang.NullPointerException
	at hero.player.service.PlayerDAO.deleteRole(PlayerDAO.java:529)
	at hero.player.service.PlayerServiceImpl.deleteRole(PlayerServiceImpl.java:1142)
	at hero.login.LoginServiceImpl.deleteRole(LoginServiceImpl.java:114)
	at hero.login.rmi.ME2LoginRMIImpl.deleteRole(ME2LoginRMIImpl.java:72)
	at sun.reflect.NativeMethodAccessorImpl.invoke0(Native Method)
	at sun.reflect.NativeMethodAccessorImpl.invoke(NativeMethodAccessorImpl.java:39)
	at sun.reflect.DelegatingMethodAccessorImpl.invoke(DelegatingMethodAccessorImpl.java:25)
	at java.lang.reflect.Method.invoke(Method.java:597)
	at sun.rmi.server.UnicastServerRef.dispatch(UnicastServerRef.java:305)
	at sun.rmi.transport.Transport$1.run(Transport.java:159)
	at java.security.AccessController.doPrivileged(Native Method)
	at sun.rmi.transport.Transport.serviceCall(Transport.java:155)
	at sun.rmi.transport.tcp.TCPTransport.handleMessages(TCPTransport.java:535)
	at sun.rmi.transport.tcp.TCPTransport$ConnectionHandler.run0(TCPTransport.java:790)
	at sun.rmi.transport.tcp.TCPTransport$ConnectionHandler.run(TCPTransport.java:649)
	at java.util.concurrent.ThreadPoolExecutor$Worker.runTask(ThreadPoolExecutor.java:886)
	at java.util.concurrent.ThreadPoolExecutor$Worker.run(ThreadPoolExecutor.java:908)
	at java.lang.Thread.run(Thread.java:619)
	at sun.rmi.transport.StreamRemoteCall.exceptionReceivedFromServer(StreamRemoteCall.java:255)
	at sun.rmi.transport.StreamRemoteCall.executeCall(StreamRemoteCall.java:233)
	at sun.rmi.server.UnicastRef.invoke(UnicastRef.java:142)
	at hero.login.rmi.ME2LoginRMIImpl_Stub.deleteRole(ME2LoginRMIImpl_Stub.java:99)
	at me2.server.login.GameService.deleteRole(GameService.java:187)
	at me2.server.login.LoginService.deleteRole(LoginService.java:1474)
	at me2.server.login.LoginService.process(LoginService.java:307)
	at loginserver.LoginServlet.doGet(LoginServlet.java:29)
	at javax.servlet.http.HttpServlet.service(HttpServlet.java:689)
	at javax.servlet.http.HttpServlet.service(HttpServlet.java:802)
	at org.apache.catalina.core.ApplicationFilterChain.internalDoFilter(ApplicationFilterChain.java:252)
	at org.apache.catalina.core.ApplicationFilterChain.doFilter(ApplicationFilterChain.java:173)
	at org.apache.catalina.core.StandardWrapperValve.invoke(StandardWrapperValve.java:213)
	at org.apache.catalina.core.StandardContextValve.invoke(StandardContextValve.java:178)
	at org.apache.catalina.core.StandardHostValve.invoke(StandardHostValve.java:126)
	at org.apache.catalina.valves.ErrorReportValve.invoke(ErrorReportValve.java:105)
	at org.apache.catalina.core.StandardEngineValve.invoke(StandardEngineValve.java:107)
	at org.apache.catalina.connector.CoyoteAdapter.service(CoyoteAdapter.java:148)
	at org.apache.coyote.http11.Http11Processor.process(Http11Processor.java:869)
	at org.apache.coyote.http11.Http11BaseProtocol$Http11ConnectionHandler.processConnection(Http11BaseProtocol.java:664)
	at org.apache.tomcat.util.net.PoolTcpEndpoint.processSocket(PoolTcpEndpoint.java:527)
	at org.apache.tomcat.util.net.LeaderFollowerWorkerThread.runIt(LeaderFollowerWorkerThread.java:80)
	at org.apache.tomcat.util.threads.ThreadPool$ControlRunnable.run(ThreadPool.java:684)
	at java.lang.Thread.run(Thread.java:619)
2011-02-09 12:54:07,234 [http-7000-Processor24] ERROR ME2 - me2.server.login.LoginService@161e946
java.lang.NullPointerException
	at me2.server.login.LoginService.deleteRole(LoginService.java:1533)
	at me2.server.login.LoginService.process(LoginService.java:307)
	at loginserver.LoginServlet.doGet(LoginServlet.java:29)
	at javax.servlet.http.HttpServlet.service(HttpServlet.java:689)
	at javax.servlet.http.HttpServlet.service(HttpServlet.java:802)
	at org.apache.catalina.core.ApplicationFilterChain.internalDoFilter(ApplicationFilterChain.java:252)
	at org.apache.catalina.core.ApplicationFilterChain.doFilter(ApplicationFilterChain.java:173)
	at org.apache.catalina.core.StandardWrapperValve.invoke(StandardWrapperValve.java:213)
	at org.apache.catalina.core.StandardContextValve.invoke(StandardContextValve.java:178)
	at org.apache.catalina.core.StandardHostValve.invoke(StandardHostValve.java:126)
	at org.apache.catalina.valves.ErrorReportValve.invoke(ErrorReportValve.java:105)
	at org.apache.catalina.core.StandardEngineValve.invoke(StandardEngineValve.java:107)
	at org.apache.catalina.connector.CoyoteAdapter.service(CoyoteAdapter.java:148)
	at org.apache.coyote.http11.Http11Processor.process(Http11Processor.java:869)
	at org.apache.coyote.http11.Http11BaseProtocol$Http11ConnectionHandler.processConnection(Http11BaseProtocol.java:664)
	at org.apache.tomcat.util.net.PoolTcpEndpoint.processSocket(PoolTcpEndpoint.java:527)
	at org.apache.tomcat.util.net.LeaderFollowerWorkerThread.runIt(LeaderFollowerWorkerThread.java:80)
	at org.apache.tomcat.util.threads.ThreadPool$ControlRunnable.run(ThreadPool.java:684)
	at java.lang.Thread.run(Thread.java:619)
2011-02-09 12:54:07,234 [http-7000-Processor24] INFO  ME2 - response is null
2011-02-09 12:55:05,125 [http-7000-Processor24] ERROR ME2 - 
java.lang.NullPointerException
	at hero.player.service.PlayerDAO.deleteRole(PlayerDAO.java:529)
	at hero.player.service.PlayerServiceImpl.deleteRole(PlayerServiceImpl.java:1142)
	at hero.login.LoginServiceImpl.deleteRole(LoginServiceImpl.java:114)
	at hero.login.rmi.ME2LoginRMIImpl.deleteRole(ME2LoginRMIImpl.java:72)
	at sun.reflect.NativeMethodAccessorImpl.invoke0(Native Method)
	at sun.reflect.NativeMethodAccessorImpl.invoke(NativeMethodAccessorImpl.java:39)
	at sun.reflect.DelegatingMethodAccessorImpl.invoke(DelegatingMethodAccessorImpl.java:25)
	at java.lang.reflect.Method.invoke(Method.java:597)
	at sun.rmi.server.UnicastServerRef.dispatch(UnicastServerRef.java:305)
	at sun.rmi.transport.Transport$1.run(Transport.java:159)
	at java.security.AccessController.doPrivileged(Native Method)
	at sun.rmi.transport.Transport.serviceCall(Transport.java:155)
	at sun.rmi.transport.tcp.TCPTransport.handleMessages(TCPTransport.java:535)
	at sun.rmi.transport.tcp.TCPTransport$ConnectionHandler.run0(TCPTransport.java:790)
	at sun.rmi.transport.tcp.TCPTransport$ConnectionHandler.run(TCPTransport.java:649)
	at java.util.concurrent.ThreadPoolExecutor$Worker.runTask(ThreadPoolExecutor.java:886)
	at java.util.concurrent.ThreadPoolExecutor$Worker.run(ThreadPoolExecutor.java:908)
	at java.lang.Thread.run(Thread.java:619)
	at sun.rmi.transport.StreamRemoteCall.exceptionReceivedFromServer(StreamRemoteCall.java:255)
	at sun.rmi.transport.StreamRemoteCall.executeCall(StreamRemoteCall.java:233)
	at sun.rmi.server.UnicastRef.invoke(UnicastRef.java:142)
	at hero.login.rmi.ME2LoginRMIImpl_Stub.deleteRole(ME2LoginRMIImpl_Stub.java:99)
	at me2.server.login.GameService.deleteRole(GameService.java:187)
	at me2.server.login.LoginService.deleteRole(LoginService.java:1474)
	at me2.server.login.LoginService.process(LoginService.java:307)
	at loginserver.LoginServlet.doGet(LoginServlet.java:29)
	at javax.servlet.http.HttpServlet.service(HttpServlet.java:689)
	at javax.servlet.http.HttpServlet.service(HttpServlet.java:802)
	at org.apache.catalina.core.ApplicationFilterChain.internalDoFilter(ApplicationFilterChain.java:252)
	at org.apache.catalina.core.ApplicationFilterChain.doFilter(ApplicationFilterChain.java:173)
	at org.apache.catalina.core.StandardWrapperValve.invoke(StandardWrapperValve.java:213)
	at org.apache.catalina.core.StandardContextValve.invoke(StandardContextValve.java:178)
	at org.apache.catalina.core.StandardHostValve.invoke(StandardHostValve.java:126)
	at org.apache.catalina.valves.ErrorReportValve.invoke(ErrorReportValve.java:105)
	at org.apache.catalina.core.StandardEngineValve.invoke(StandardEngineValve.java:107)
	at org.apache.catalina.connector.CoyoteAdapter.service(CoyoteAdapter.java:148)
	at org.apache.coyote.http11.Http11Processor.process(Http11Processor.java:869)
	at org.apache.coyote.http11.Http11BaseProtocol$Http11ConnectionHandler.processConnection(Http11BaseProtocol.java:664)
	at org.apache.tomcat.util.net.PoolTcpEndpoint.processSocket(PoolTcpEndpoint.java:527)
	at org.apache.tomcat.util.net.LeaderFollowerWorkerThread.runIt(LeaderFollowerWorkerThread.java:80)
	at org.apache.tomcat.util.threads.ThreadPool$ControlRunnable.run(ThreadPool.java:684)
	at java.lang.Thread.run(Thread.java:619)
2011-02-09 12:55:05,125 [http-7000-Processor24] ERROR ME2 - me2.server.login.LoginService@161e946
java.lang.NullPointerException
	at me2.server.login.LoginService.deleteRole(LoginService.java:1533)
	at me2.server.login.LoginService.process(LoginService.java:307)
	at loginserver.LoginServlet.doGet(LoginServlet.java:29)
	at javax.servlet.http.HttpServlet.service(HttpServlet.java:689)
	at javax.servlet.http.HttpServlet.service(HttpServlet.java:802)
	at org.apache.catalina.core.ApplicationFilterChain.internalDoFilter(ApplicationFilterChain.java:252)
	at org.apache.catalina.core.ApplicationFilterChain.doFilter(ApplicationFilterChain.java:173)
	at org.apache.catalina.core.StandardWrapperValve.invoke(StandardWrapperValve.java:213)
	at org.apache.catalina.core.StandardContextValve.invoke(StandardContextValve.java:178)
	at org.apache.catalina.core.StandardHostValve.invoke(StandardHostValve.java:126)
	at org.apache.catalina.valves.ErrorReportValve.invoke(ErrorReportValve.java:105)
	at org.apache.catalina.core.StandardEngineValve.invoke(StandardEngineValve.java:107)
	at org.apache.catalina.connector.CoyoteAdapter.service(CoyoteAdapter.java:148)
	at org.apache.coyote.http11.Http11Processor.process(Http11Processor.java:869)
	at org.apache.coyote.http11.Http11BaseProtocol$Http11ConnectionHandler.processConnection(Http11BaseProtocol.java:664)
	at org.apache.tomcat.util.net.PoolTcpEndpoint.processSocket(PoolTcpEndpoint.java:527)
	at org.apache.tomcat.util.net.LeaderFollowerWorkerThread.runIt(LeaderFollowerWorkerThread.java:80)
	at org.apache.tomcat.util.threads.ThreadPool$ControlRunnable.run(ThreadPool.java:684)
	at java.lang.Thread.run(Thread.java:619)
2011-02-09 12:55:05,125 [http-7000-Processor24] INFO  ME2 - response is null
2011-02-09 12:55:06,687 [http-7000-Processor24] INFO  ME2 - response is null
2011-02-09 12:56:07,765 [http-7000-Processor24] ERROR ME2 - 
java.lang.NullPointerException
	at hero.player.service.PlayerDAO.deleteRole(PlayerDAO.java:529)
	at hero.player.service.PlayerServiceImpl.deleteRole(PlayerServiceImpl.java:1142)
	at hero.login.LoginServiceImpl.deleteRole(LoginServiceImpl.java:114)
	at hero.login.rmi.ME2LoginRMIImpl.deleteRole(ME2LoginRMIImpl.java:72)
	at sun.reflect.NativeMethodAccessorImpl.invoke0(Native Method)
	at sun.reflect.NativeMethodAccessorImpl.invoke(Unknown Source)
	at sun.reflect.DelegatingMethodAccessorImpl.invoke(Unknown Source)
	at java.lang.reflect.Method.invoke(Unknown Source)
	at sun.rmi.server.UnicastServerRef.dispatch(Unknown Source)
	at sun.rmi.transport.Transport$1.run(Unknown Source)
	at java.security.AccessController.doPrivileged(Native Method)
	at sun.rmi.transport.Transport.serviceCall(Unknown Source)
	at sun.rmi.transport.tcp.TCPTransport.handleMessages(Unknown Source)
	at sun.rmi.transport.tcp.TCPTransport$ConnectionHandler.run0(Unknown Source)
	at sun.rmi.transport.tcp.TCPTransport$ConnectionHandler.run(Unknown Source)
	at java.util.concurrent.ThreadPoolExecutor$Worker.runTask(Unknown Source)
	at java.util.concurrent.ThreadPoolExecutor$Worker.run(Unknown Source)
	at java.lang.Thread.run(Unknown Source)
	at sun.rmi.transport.StreamRemoteCall.exceptionReceivedFromServer(StreamRemoteCall.java:255)
	at sun.rmi.transport.StreamRemoteCall.executeCall(StreamRemoteCall.java:233)
	at sun.rmi.server.UnicastRef.invoke(UnicastRef.java:142)
	at hero.login.rmi.ME2LoginRMIImpl_Stub.deleteRole(ME2LoginRMIImpl_Stub.java:99)
	at me2.server.login.GameService.deleteRole(GameService.java:187)
	at me2.server.login.LoginService.deleteRole(LoginService.java:1474)
	at me2.server.login.LoginService.process(LoginService.java:307)
	at loginserver.LoginServlet.doGet(LoginServlet.java:29)
	at javax.servlet.http.HttpServlet.service(HttpServlet.java:689)
	at javax.servlet.http.HttpServlet.service(HttpServlet.java:802)
	at org.apache.catalina.core.ApplicationFilterChain.internalDoFilter(ApplicationFilterChain.java:252)
	at org.apache.catalina.core.ApplicationFilterChain.doFilter(ApplicationFilterChain.java:173)
	at org.apache.catalina.core.StandardWrapperValve.invoke(StandardWrapperValve.java:213)
	at org.apache.catalina.core.StandardContextValve.invoke(StandardContextValve.java:178)
	at org.apache.catalina.core.StandardHostValve.invoke(StandardHostValve.java:126)
	at org.apache.catalina.valves.ErrorReportValve.invoke(ErrorReportValve.java:105)
	at org.apache.catalina.core.StandardEngineValve.invoke(StandardEngineValve.java:107)
	at org.apache.catalina.connector.CoyoteAdapter.service(CoyoteAdapter.java:148)
	at org.apache.coyote.http11.Http11Processor.process(Http11Processor.java:869)
	at org.apache.coyote.http11.Http11BaseProtocol$Http11ConnectionHandler.processConnection(Http11BaseProtocol.java:664)
	at org.apache.tomcat.util.net.PoolTcpEndpoint.processSocket(PoolTcpEndpoint.java:527)
	at org.apache.tomcat.util.net.LeaderFollowerWorkerThread.runIt(LeaderFollowerWorkerThread.java:80)
	at org.apache.tomcat.util.threads.ThreadPool$ControlRunnable.run(ThreadPool.java:684)
	at java.lang.Thread.run(Thread.java:619)
2011-02-09 12:56:07,765 [http-7000-Processor24] ERROR ME2 - me2.server.login.LoginService@161e946
java.lang.NullPointerException
	at me2.server.login.LoginService.deleteRole(LoginService.java:1533)
	at me2.server.login.LoginService.process(LoginService.java:307)
	at loginserver.LoginServlet.doGet(LoginServlet.java:29)
	at javax.servlet.http.HttpServlet.service(HttpServlet.java:689)
	at javax.servlet.http.HttpServlet.service(HttpServlet.java:802)
	at org.apache.catalina.core.ApplicationFilterChain.internalDoFilter(ApplicationFilterChain.java:252)
	at org.apache.catalina.core.ApplicationFilterChain.doFilter(ApplicationFilterChain.java:173)
	at org.apache.catalina.core.StandardWrapperValve.invoke(StandardWrapperValve.java:213)
	at org.apache.catalina.core.StandardContextValve.invoke(StandardContextValve.java:178)
	at org.apache.catalina.core.StandardHostValve.invoke(StandardHostValve.java:126)
	at org.apache.catalina.valves.ErrorReportValve.invoke(ErrorReportValve.java:105)
	at org.apache.catalina.core.StandardEngineValve.invoke(StandardEngineValve.java:107)
	at org.apache.catalina.connector.CoyoteAdapter.service(CoyoteAdapter.java:148)
	at org.apache.coyote.http11.Http11Processor.process(Http11Processor.java:869)
	at org.apache.coyote.http11.Http11BaseProtocol$Http11ConnectionHandler.processConnection(Http11BaseProtocol.java:664)
	at org.apache.tomcat.util.net.PoolTcpEndpoint.processSocket(PoolTcpEndpoint.java:527)
	at org.apache.tomcat.util.net.LeaderFollowerWorkerThread.runIt(LeaderFollowerWorkerThread.java:80)
	at org.apache.tomcat.util.threads.ThreadPool$ControlRunnable.run(ThreadPool.java:684)
	at java.lang.Thread.run(Thread.java:619)
2011-02-09 12:56:07,765 [http-7000-Processor24] INFO  ME2 - response is null
2011-02-09 12:58:31,531 [http-7000-Processor25] ERROR ME2 - 
me2.server.login.GameServerDownException: 服务器已关闭
	at me2.server.login.GameService.getRoleList(GameService.java:150)
	at me2.server.login.LoginService.getRoleList(LoginService.java:1415)
	at me2.server.login.LoginService.selectServer(LoginService.java:1185)
	at me2.server.login.LoginService.process(LoginService.java:269)
	at loginserver.LoginServlet.doGet(LoginServlet.java:29)
	at javax.servlet.http.HttpServlet.service(HttpServlet.java:689)
	at javax.servlet.http.HttpServlet.service(HttpServlet.java:802)
	at org.apache.catalina.core.ApplicationFilterChain.internalDoFilter(ApplicationFilterChain.java:252)
	at org.apache.catalina.core.ApplicationFilterChain.doFilter(ApplicationFilterChain.java:173)
	at org.apache.catalina.core.StandardWrapperValve.invoke(StandardWrapperValve.java:213)
	at org.apache.catalina.core.StandardContextValve.invoke(StandardContextValve.java:178)
	at org.apache.catalina.core.StandardHostValve.invoke(StandardHostValve.java:126)
	at org.apache.catalina.valves.ErrorReportValve.invoke(ErrorReportValve.java:105)
	at org.apache.catalina.core.StandardEngineValve.invoke(StandardEngineValve.java:107)
	at org.apache.catalina.connector.CoyoteAdapter.service(CoyoteAdapter.java:148)
	at org.apache.coyote.http11.Http11Processor.process(Http11Processor.java:869)
	at org.apache.coyote.http11.Http11BaseProtocol$Http11ConnectionHandler.processConnection(Http11BaseProtocol.java:664)
	at org.apache.tomcat.util.net.PoolTcpEndpoint.processSocket(PoolTcpEndpoint.java:527)
	at org.apache.tomcat.util.net.LeaderFollowerWorkerThread.runIt(LeaderFollowerWorkerThread.java:80)
	at org.apache.tomcat.util.threads.ThreadPool$ControlRunnable.run(ThreadPool.java:684)
	at java.lang.Thread.run(Thread.java:619)
2011-02-09 12:58:31,531 [http-7000-Processor25] INFO  ME2 - response is null
2011-02-09 13:02:31,031 [http-7000-Processor24] ERROR ME2 - 
java.lang.NullPointerException
	at hero.player.service.PlayerDAO.deleteRole(PlayerDAO.java:529)
	at hero.player.service.PlayerServiceImpl.deleteRole(PlayerServiceImpl.java:1142)
	at hero.login.LoginServiceImpl.deleteRole(LoginServiceImpl.java:114)
	at hero.login.rmi.ME2LoginRMIImpl.deleteRole(ME2LoginRMIImpl.java:72)
	at sun.reflect.NativeMethodAccessorImpl.invoke0(Native Method)
	at sun.reflect.NativeMethodAccessorImpl.invoke(Unknown Source)
	at sun.reflect.DelegatingMethodAccessorImpl.invoke(Unknown Source)
	at java.lang.reflect.Method.invoke(Unknown Source)
	at sun.rmi.server.UnicastServerRef.dispatch(Unknown Source)
	at sun.rmi.transport.Transport$1.run(Unknown Source)
	at java.security.AccessController.doPrivileged(Native Method)
	at sun.rmi.transport.Transport.serviceCall(Unknown Source)
	at sun.rmi.transport.tcp.TCPTransport.handleMessages(Unknown Source)
	at sun.rmi.transport.tcp.TCPTransport$ConnectionHandler.run0(Unknown Source)
	at sun.rmi.transport.tcp.TCPTransport$ConnectionHandler.run(Unknown Source)
	at java.util.concurrent.ThreadPoolExecutor$Worker.runTask(Unknown Source)
	at java.util.concurrent.ThreadPoolExecutor$Worker.run(Unknown Source)
	at java.lang.Thread.run(Unknown Source)
	at sun.rmi.transport.StreamRemoteCall.exceptionReceivedFromServer(StreamRemoteCall.java:255)
	at sun.rmi.transport.StreamRemoteCall.executeCall(StreamRemoteCall.java:233)
	at sun.rmi.server.UnicastRef.invoke(UnicastRef.java:142)
	at hero.login.rmi.ME2LoginRMIImpl_Stub.deleteRole(ME2LoginRMIImpl_Stub.java:99)
	at me2.server.login.GameService.deleteRole(GameService.java:187)
	at me2.server.login.LoginService.deleteRole(LoginService.java:1474)
	at me2.server.login.LoginService.process(LoginService.java:307)
	at loginserver.LoginServlet.doGet(LoginServlet.java:29)
	at javax.servlet.http.HttpServlet.service(HttpServlet.java:689)
	at javax.servlet.http.HttpServlet.service(HttpServlet.java:802)
	at org.apache.catalina.core.ApplicationFilterChain.internalDoFilter(ApplicationFilterChain.java:252)
	at org.apache.catalina.core.ApplicationFilterChain.doFilter(ApplicationFilterChain.java:173)
	at org.apache.catalina.core.StandardWrapperValve.invoke(StandardWrapperValve.java:213)
	at org.apache.catalina.core.StandardContextValve.invoke(StandardContextValve.java:178)
	at org.apache.catalina.core.StandardHostValve.invoke(StandardHostValve.java:126)
	at org.apache.catalina.valves.ErrorReportValve.invoke(ErrorReportValve.java:105)
	at org.apache.catalina.core.StandardEngineValve.invoke(StandardEngineValve.java:107)
	at org.apache.catalina.connector.CoyoteAdapter.service(CoyoteAdapter.java:148)
	at org.apache.coyote.http11.Http11Processor.process(Http11Processor.java:869)
	at org.apache.coyote.http11.Http11BaseProtocol$Http11ConnectionHandler.processConnection(Http11BaseProtocol.java:664)
	at org.apache.tomcat.util.net.PoolTcpEndpoint.processSocket(PoolTcpEndpoint.java:527)
	at org.apache.tomcat.util.net.LeaderFollowerWorkerThread.runIt(LeaderFollowerWorkerThread.java:80)
	at org.apache.tomcat.util.threads.ThreadPool$ControlRunnable.run(ThreadPool.java:684)
	at java.lang.Thread.run(Thread.java:619)
2011-02-09 13:02:31,031 [http-7000-Processor24] ERROR ME2 - me2.server.login.LoginService@161e946
java.lang.NullPointerException
	at me2.server.login.LoginService.deleteRole(LoginService.java:1533)
	at me2.server.login.LoginService.process(LoginService.java:307)
	at loginserver.LoginServlet.doGet(LoginServlet.java:29)
	at javax.servlet.http.HttpServlet.service(HttpServlet.java:689)
	at javax.servlet.http.HttpServlet.service(HttpServlet.java:802)
	at org.apache.catalina.core.ApplicationFilterChain.internalDoFilter(ApplicationFilterChain.java:252)
	at org.apache.catalina.core.ApplicationFilterChain.doFilter(ApplicationFilterChain.java:173)
	at org.apache.catalina.core.StandardWrapperValve.invoke(StandardWrapperValve.java:213)
	at org.apache.catalina.core.StandardContextValve.invoke(StandardContextValve.java:178)
	at org.apache.catalina.core.StandardHostValve.invoke(StandardHostValve.java:126)
	at org.apache.catalina.valves.ErrorReportValve.invoke(ErrorReportValve.java:105)
	at org.apache.catalina.core.StandardEngineValve.invoke(StandardEngineValve.java:107)
	at org.apache.catalina.connector.CoyoteAdapter.service(CoyoteAdapter.java:148)
	at org.apache.coyote.http11.Http11Processor.process(Http11Processor.java:869)
	at org.apache.coyote.http11.Http11BaseProtocol$Http11ConnectionHandler.processConnection(Http11BaseProtocol.java:664)
	at org.apache.tomcat.util.net.PoolTcpEndpoint.processSocket(PoolTcpEndpoint.java:527)
	at org.apache.tomcat.util.net.LeaderFollowerWorkerThread.runIt(LeaderFollowerWorkerThread.java:80)
	at org.apache.tomcat.util.threads.ThreadPool$ControlRunnable.run(ThreadPool.java:684)
	at java.lang.Thread.run(Thread.java:619)
2011-02-09 13:02:31,031 [http-7000-Processor24] INFO  ME2 - response is null
2011-02-09 13:02:31,625 [http-7000-Processor25] ERROR ME2 - 
java.lang.NullPointerException
	at hero.player.service.PlayerDAO.deleteRole(PlayerDAO.java:529)
	at hero.player.service.PlayerServiceImpl.deleteRole(PlayerServiceImpl.java:1142)
	at hero.login.LoginServiceImpl.deleteRole(LoginServiceImpl.java:114)
	at hero.login.rmi.ME2LoginRMIImpl.deleteRole(ME2LoginRMIImpl.java:72)
	at sun.reflect.NativeMethodAccessorImpl.invoke0(Native Method)
	at sun.reflect.NativeMethodAccessorImpl.invoke(Unknown Source)
	at sun.reflect.DelegatingMethodAccessorImpl.invoke(Unknown Source)
	at java.lang.reflect.Method.invoke(Unknown Source)
	at sun.rmi.server.UnicastServerRef.dispatch(Unknown Source)
	at sun.rmi.transport.Transport$1.run(Unknown Source)
	at java.security.AccessController.doPrivileged(Native Method)
	at sun.rmi.transport.Transport.serviceCall(Unknown Source)
	at sun.rmi.transport.tcp.TCPTransport.handleMessages(Unknown Source)
	at sun.rmi.transport.tcp.TCPTransport$ConnectionHandler.run0(Unknown Source)
	at sun.rmi.transport.tcp.TCPTransport$ConnectionHandler.run(Unknown Source)
	at java.util.concurrent.ThreadPoolExecutor$Worker.runTask(Unknown Source)
	at java.util.concurrent.ThreadPoolExecutor$Worker.run(Unknown Source)
	at java.lang.Thread.run(Unknown Source)
	at sun.rmi.transport.StreamRemoteCall.exceptionReceivedFromServer(StreamRemoteCall.java:255)
	at sun.rmi.transport.StreamRemoteCall.executeCall(StreamRemoteCall.java:233)
	at sun.rmi.server.UnicastRef.invoke(UnicastRef.java:142)
	at hero.login.rmi.ME2LoginRMIImpl_Stub.deleteRole(ME2LoginRMIImpl_Stub.java:99)
	at me2.server.login.GameService.deleteRole(GameService.java:187)
	at me2.server.login.LoginService.deleteRole(LoginService.java:1474)
	at me2.server.login.LoginService.process(LoginService.java:307)
	at loginserver.LoginServlet.doGet(LoginServlet.java:29)
	at javax.servlet.http.HttpServlet.service(HttpServlet.java:689)
	at javax.servlet.http.HttpServlet.service(HttpServlet.java:802)
	at org.apache.catalina.core.ApplicationFilterChain.internalDoFilter(ApplicationFilterChain.java:252)
	at org.apache.catalina.core.ApplicationFilterChain.doFilter(ApplicationFilterChain.java:173)
	at org.apache.catalina.core.StandardWrapperValve.invoke(StandardWrapperValve.java:213)
	at org.apache.catalina.core.StandardContextValve.invoke(StandardContextValve.java:178)
	at org.apache.catalina.core.StandardHostValve.invoke(StandardHostValve.java:126)
	at org.apache.catalina.valves.ErrorReportValve.invoke(ErrorReportValve.java:105)
	at org.apache.catalina.core.StandardEngineValve.invoke(StandardEngineValve.java:107)
	at org.apache.catalina.connector.CoyoteAdapter.service(CoyoteAdapter.java:148)
	at org.apache.coyote.http11.Http11Processor.process(Http11Processor.java:869)
	at org.apache.coyote.http11.Http11BaseProtocol$Http11ConnectionHandler.processConnection(Http11BaseProtocol.java:664)
	at org.apache.tomcat.util.net.PoolTcpEndpoint.processSocket(PoolTcpEndpoint.java:527)
	at org.apache.tomcat.util.net.LeaderFollowerWorkerThread.runIt(LeaderFollowerWorkerThread.java:80)
	at org.apache.tomcat.util.threads.ThreadPool$ControlRunnable.run(ThreadPool.java:684)
	at java.lang.Thread.run(Thread.java:619)
2011-02-09 13:02:31,625 [http-7000-Processor25] ERROR ME2 - me2.server.login.LoginService@161e946
java.lang.NullPointerException
	at me2.server.login.LoginService.deleteRole(LoginService.java:1533)
	at me2.server.login.LoginService.process(LoginService.java:307)
	at loginserver.LoginServlet.doGet(LoginServlet.java:29)
	at javax.servlet.http.HttpServlet.service(HttpServlet.java:689)
	at javax.servlet.http.HttpServlet.service(HttpServlet.java:802)
	at org.apache.catalina.core.ApplicationFilterChain.internalDoFilter(ApplicationFilterChain.java:252)
	at org.apache.catalina.core.ApplicationFilterChain.doFilter(ApplicationFilterChain.java:173)
	at org.apache.catalina.core.StandardWrapperValve.invoke(StandardWrapperValve.java:213)
	at org.apache.catalina.core.StandardContextValve.invoke(StandardContextValve.java:178)
	at org.apache.catalina.core.StandardHostValve.invoke(StandardHostValve.java:126)
	at org.apache.catalina.valves.ErrorReportValve.invoke(ErrorReportValve.java:105)
	at org.apache.catalina.core.StandardEngineValve.invoke(StandardEngineValve.java:107)
	at org.apache.catalina.connector.CoyoteAdapter.service(CoyoteAdapter.java:148)
	at org.apache.coyote.http11.Http11Processor.process(Http11Processor.java:869)
	at org.apache.coyote.http11.Http11BaseProtocol$Http11ConnectionHandler.processConnection(Http11BaseProtocol.java:664)
	at org.apache.tomcat.util.net.PoolTcpEndpoint.processSocket(PoolTcpEndpoint.java:527)
	at org.apache.tomcat.util.net.LeaderFollowerWorkerThread.runIt(LeaderFollowerWorkerThread.java:80)
	at org.apache.tomcat.util.threads.ThreadPool$ControlRunnable.run(ThreadPool.java:684)
	at java.lang.Thread.run(Thread.java:619)
2011-02-09 13:02:31,625 [http-7000-Processor25] INFO  ME2 - response is null
2011-02-09 13:03:54,421 [http-7000-Processor23] ERROR ME2 - 
java.lang.NullPointerException
	at hero.player.service.PlayerDAO.deleteRole(PlayerDAO.java:529)
	at hero.player.service.PlayerServiceImpl.deleteRole(PlayerServiceImpl.java:1142)
	at hero.login.LoginServiceImpl.deleteRole(LoginServiceImpl.java:114)
	at hero.login.rmi.ME2LoginRMIImpl.deleteRole(ME2LoginRMIImpl.java:72)
	at sun.reflect.NativeMethodAccessorImpl.invoke0(Native Method)
	at sun.reflect.NativeMethodAccessorImpl.invoke(Unknown Source)
	at sun.reflect.DelegatingMethodAccessorImpl.invoke(Unknown Source)
	at java.lang.reflect.Method.invoke(Unknown Source)
	at sun.rmi.server.UnicastServerRef.dispatch(Unknown Source)
	at sun.rmi.transport.Transport$1.run(Unknown Source)
	at java.security.AccessController.doPrivileged(Native Method)
	at sun.rmi.transport.Transport.serviceCall(Unknown Source)
	at sun.rmi.transport.tcp.TCPTransport.handleMessages(Unknown Source)
	at sun.rmi.transport.tcp.TCPTransport$ConnectionHandler.run0(Unknown Source)
	at sun.rmi.transport.tcp.TCPTransport$ConnectionHandler.run(Unknown Source)
	at java.util.concurrent.ThreadPoolExecutor$Worker.runTask(Unknown Source)
	at java.util.concurrent.ThreadPoolExecutor$Worker.run(Unknown Source)
	at java.lang.Thread.run(Unknown Source)
	at sun.rmi.transport.StreamRemoteCall.exceptionReceivedFromServer(StreamRemoteCall.java:255)
	at sun.rmi.transport.StreamRemoteCall.executeCall(StreamRemoteCall.java:233)
	at sun.rmi.server.UnicastRef.invoke(UnicastRef.java:142)
	at hero.login.rmi.ME2LoginRMIImpl_Stub.deleteRole(ME2LoginRMIImpl_Stub.java:99)
	at me2.server.login.GameService.deleteRole(GameService.java:187)
	at me2.server.login.LoginService.deleteRole(LoginService.java:1474)
	at me2.server.login.LoginService.process(LoginService.java:307)
	at loginserver.LoginServlet.doGet(LoginServlet.java:29)
	at javax.servlet.http.HttpServlet.service(HttpServlet.java:689)
	at javax.servlet.http.HttpServlet.service(HttpServlet.java:802)
	at org.apache.catalina.core.ApplicationFilterChain.internalDoFilter(ApplicationFilterChain.java:252)
	at org.apache.catalina.core.ApplicationFilterChain.doFilter(ApplicationFilterChain.java:173)
	at org.apache.catalina.core.StandardWrapperValve.invoke(StandardWrapperValve.java:213)
	at org.apache.catalina.core.StandardContextValve.invoke(StandardContextValve.java:178)
	at org.apache.catalina.core.StandardHostValve.invoke(StandardHostValve.java:126)
	at org.apache.catalina.valves.ErrorReportValve.invoke(ErrorReportValve.java:105)
	at org.apache.catalina.core.StandardEngineValve.invoke(StandardEngineValve.java:107)
	at org.apache.catalina.connector.CoyoteAdapter.service(CoyoteAdapter.java:148)
	at org.apache.coyote.http11.Http11Processor.process(Http11Processor.java:869)
	at org.apache.coyote.http11.Http11BaseProtocol$Http11ConnectionHandler.processConnection(Http11BaseProtocol.java:664)
	at org.apache.tomcat.util.net.PoolTcpEndpoint.processSocket(PoolTcpEndpoint.java:527)
	at org.apache.tomcat.util.net.LeaderFollowerWorkerThread.runIt(LeaderFollowerWorkerThread.java:80)
	at org.apache.tomcat.util.threads.ThreadPool$ControlRunnable.run(ThreadPool.java:684)
	at java.lang.Thread.run(Thread.java:619)
2011-02-09 13:03:54,421 [http-7000-Processor23] ERROR ME2 - me2.server.login.LoginService@161e946
java.lang.NullPointerException
	at me2.server.login.LoginService.deleteRole(LoginService.java:1533)
	at me2.server.login.LoginService.process(LoginService.java:307)
	at loginserver.LoginServlet.doGet(LoginServlet.java:29)
	at javax.servlet.http.HttpServlet.service(HttpServlet.java:689)
	at javax.servlet.http.HttpServlet.service(HttpServlet.java:802)
	at org.apache.catalina.core.ApplicationFilterChain.internalDoFilter(ApplicationFilterChain.java:252)
	at org.apache.catalina.core.ApplicationFilterChain.doFilter(ApplicationFilterChain.java:173)
	at org.apache.catalina.core.StandardWrapperValve.invoke(StandardWrapperValve.java:213)
	at org.apache.catalina.core.StandardContextValve.invoke(StandardContextValve.java:178)
	at org.apache.catalina.core.StandardHostValve.invoke(StandardHostValve.java:126)
	at org.apache.catalina.valves.ErrorReportValve.invoke(ErrorReportValve.java:105)
	at org.apache.catalina.core.StandardEngineValve.invoke(StandardEngineValve.java:107)
	at org.apache.catalina.connector.CoyoteAdapter.service(CoyoteAdapter.java:148)
	at org.apache.coyote.http11.Http11Processor.process(Http11Processor.java:869)
	at org.apache.coyote.http11.Http11BaseProtocol$Http11ConnectionHandler.processConnection(Http11BaseProtocol.java:664)
	at org.apache.tomcat.util.net.PoolTcpEndpoint.processSocket(PoolTcpEndpoint.java:527)
	at org.apache.tomcat.util.net.LeaderFollowerWorkerThread.runIt(LeaderFollowerWorkerThread.java:80)
	at org.apache.tomcat.util.threads.ThreadPool$ControlRunnable.run(ThreadPool.java:684)
	at java.lang.Thread.run(Thread.java:619)
2011-02-09 13:03:54,421 [http-7000-Processor23] INFO  ME2 - response is null
