2011-05-22 15:02:36,718 [main] INFO  ME2 - me2.server.login.db.DBConnectionPool complete init.
2011-05-22 15:03:00,796 [main] INFO  ME2 - 昵称过滤列表加载完毕
2011-05-22 15:03:00,906 [main] INFO  ME2 - 账号统计已启动
2011-05-22 16:11:04,250 [main] INFO  ME2 - me2.server.login.db.DBConnectionPool complete init.
2011-05-22 16:11:38,765 [main] INFO  ME2 - me2.server.login.db.DBConnectionPool complete init.
2011-05-22 16:12:02,234 [main] INFO  ME2 - 昵称过滤列表加载完毕
2011-05-22 16:12:02,265 [main] INFO  ME2 - 账号统计已启动
2011-05-22 16:16:58,578 [main] INFO  ME2 - me2.server.login.db.DBConnectionPool complete init.
2011-05-22 16:17:22,375 [main] INFO  ME2 - 昵称过滤列表加载完毕
2011-05-22 16:17:22,406 [main] INFO  ME2 - 账号统计已启动
2011-05-22 16:24:04,375 [main] INFO  ME2 - me2.server.login.db.DBConnectionPool complete init.
2011-05-22 16:24:36,390 [main] INFO  ME2 - 昵称过滤列表加载完毕
2011-05-22 16:24:36,421 [main] INFO  ME2 - 账号统计已启动
2011-05-22 16:41:21,515 [main] INFO  ME2 - me2.server.login.db.DBConnectionPool complete init.
2011-05-22 16:41:46,250 [main] INFO  ME2 - 昵称过滤列表加载完毕
2011-05-22 16:41:46,281 [main] INFO  ME2 - 账号统计已启动
2011-05-22 16:44:39,000 [main] INFO  ME2 - me2.server.login.db.DBConnectionPool complete init.
2011-05-22 16:45:03,781 [main] INFO  ME2 - 昵称过滤列表加载完毕
2011-05-22 16:45:03,812 [main] INFO  ME2 - 账号统计已启动
2011-05-22 16:45:43,640 [main] INFO  ME2 - me2.server.login.db.DBConnectionPool complete init.
2011-05-22 16:46:07,218 [main] INFO  ME2 - 昵称过滤列表加载完毕
2011-05-22 16:46:07,250 [main] INFO  ME2 - 账号统计已启动
2011-05-22 16:48:03,968 [main] INFO  YOYO - yoyo.server.login.database.ConnPool complete init.
2011-05-22 16:48:28,000 [main] INFO  YOYO - 非法字符列表加载完毕
2011-05-22 16:48:28,031 [main] INFO  YOYO - 账号统计已启动
2011-05-22 16:56:15,281 [main] INFO  YOYO - yoyo.server.login.database.ConnPool complete init.
2011-05-22 16:56:39,093 [main] INFO  YOYO - 非法字符列表加载完毕
2011-05-22 16:56:39,125 [main] INFO  YOYO - 账号统计已启动
2011-05-23 14:43:57,734 [main] INFO  YOYO - yoyo.server.login.database.ConnPool complete init.
2011-05-23 14:44:21,452 [main] INFO  YOYO - 非法字符列表加载完毕
2011-05-23 14:44:21,577 [main] INFO  YOYO - 账号统计已启动
2011-05-23 14:58:12,718 [main] INFO  YOYO - yoyo.server.login.database.ConnPool complete init.
2011-05-23 14:58:14,296 [main] ERROR YOYO - 
java.lang.NumberFormatException: null
	at java.lang.Integer.parseInt(Integer.java:415)
	at java.lang.Short.parseShort(Short.java:120)
	at java.lang.Short.parseShort(Short.java:78)
	at yoyo.server.login.GameServerManager.gameServerList(GameServerManager.java:225)
	at yoyo.server.login.GameServerManager.init(GameServerManager.java:132)
	at yoyo.server.login.LoginServer.init(LoginServer.java:72)
	at yoyo.server.login.LoginServer.<init>(LoginServer.java:51)
	at yoyo.server.login.LoginServer.getInstance(LoginServer.java:59)
	at loginserver.SmsCallBack.init(SmsCallBack.java:56)
	at javax.servlet.GenericServlet.init(GenericServlet.java:241)
	at org.apache.catalina.core.StandardWrapper.loadServlet(StandardWrapper.java:1105)
	at org.apache.catalina.core.StandardWrapper.load(StandardWrapper.java:932)
	at org.apache.catalina.core.StandardContext.loadOnStartup(StandardContext.java:3917)
	at org.apache.catalina.core.StandardContext.start(StandardContext.java:4201)
	at org.apache.catalina.core.ContainerBase.addChildInternal(ContainerBase.java:759)
	at org.apache.catalina.core.ContainerBase.addChild(ContainerBase.java:739)
	at org.apache.catalina.core.StandardHost.addChild(StandardHost.java:524)
	at org.apache.catalina.startup.HostConfig.deployDirectory(HostConfig.java:904)
	at org.apache.catalina.startup.HostConfig.deployDirectories(HostConfig.java:867)
	at org.apache.catalina.startup.HostConfig.deployApps(HostConfig.java:474)
	at org.apache.catalina.startup.HostConfig.start(HostConfig.java:1122)
	at org.apache.catalina.startup.HostConfig.lifecycleEvent(HostConfig.java:310)
	at org.apache.catalina.util.LifecycleSupport.fireLifecycleEvent(LifecycleSupport.java:119)
	at org.apache.catalina.core.ContainerBase.start(ContainerBase.java:1021)
	at org.apache.catalina.core.StandardHost.start(StandardHost.java:718)
	at org.apache.catalina.core.ContainerBase.start(ContainerBase.java:1013)
	at org.apache.catalina.core.StandardEngine.start(StandardEngine.java:442)
	at org.apache.catalina.core.StandardService.start(StandardService.java:450)
	at org.apache.catalina.core.StandardServer.start(StandardServer.java:709)
	at org.apache.catalina.startup.Catalina.start(Catalina.java:551)
	at sun.reflect.NativeMethodAccessorImpl.invoke0(Native Method)
	at sun.reflect.NativeMethodAccessorImpl.invoke(NativeMethodAccessorImpl.java:39)
	at sun.reflect.DelegatingMethodAccessorImpl.invoke(DelegatingMethodAccessorImpl.java:25)
	at java.lang.reflect.Method.invoke(Method.java:597)
	at org.apache.catalina.startup.Bootstrap.start(Bootstrap.java:294)
	at org.apache.catalina.startup.Bootstrap.main(Bootstrap.java:432)
2011-05-23 14:58:14,312 [main] INFO  YOYO - 非法字符列表加载完毕
2011-05-23 14:58:14,374 [main] INFO  YOYO - 账号统计已启动
2011-05-23 14:59:29,406 [main] INFO  YOYO - yoyo.server.login.database.ConnPool complete init.
2011-05-23 14:59:33,827 [main] ERROR YOYO - 
java.lang.NumberFormatException: null
	at java.lang.Integer.parseInt(Integer.java:415)
	at java.lang.Short.parseShort(Short.java:120)
	at java.lang.Short.parseShort(Short.java:78)
	at yoyo.server.login.GameServerManager.gameServerList(GameServerManager.java:225)
	at yoyo.server.login.GameServerManager.init(GameServerManager.java:132)
	at yoyo.server.login.LoginServer.init(LoginServer.java:72)
	at yoyo.server.login.LoginServer.<init>(LoginServer.java:51)
	at yoyo.server.login.LoginServer.getInstance(LoginServer.java:59)
	at loginserver.SmsCallBack.init(SmsCallBack.java:56)
	at javax.servlet.GenericServlet.init(GenericServlet.java:241)
	at org.apache.catalina.core.StandardWrapper.loadServlet(StandardWrapper.java:1105)
	at org.apache.catalina.core.StandardWrapper.load(StandardWrapper.java:932)
	at org.apache.catalina.core.StandardContext.loadOnStartup(StandardContext.java:3917)
	at org.apache.catalina.core.StandardContext.start(StandardContext.java:4201)
	at org.apache.catalina.core.ContainerBase.addChildInternal(ContainerBase.java:759)
	at org.apache.catalina.core.ContainerBase.addChild(ContainerBase.java:739)
	at org.apache.catalina.core.StandardHost.addChild(StandardHost.java:524)
	at org.apache.catalina.startup.HostConfig.deployDirectory(HostConfig.java:904)
	at org.apache.catalina.startup.HostConfig.deployDirectories(HostConfig.java:867)
	at org.apache.catalina.startup.HostConfig.deployApps(HostConfig.java:474)
	at org.apache.catalina.startup.HostConfig.start(HostConfig.java:1122)
	at org.apache.catalina.startup.HostConfig.lifecycleEvent(HostConfig.java:310)
	at org.apache.catalina.util.LifecycleSupport.fireLifecycleEvent(LifecycleSupport.java:119)
	at org.apache.catalina.core.ContainerBase.start(ContainerBase.java:1021)
	at org.apache.catalina.core.StandardHost.start(StandardHost.java:718)
	at org.apache.catalina.core.ContainerBase.start(ContainerBase.java:1013)
	at org.apache.catalina.core.StandardEngine.start(StandardEngine.java:442)
	at org.apache.catalina.core.StandardService.start(StandardService.java:450)
	at org.apache.catalina.core.StandardServer.start(StandardServer.java:709)
	at org.apache.catalina.startup.Catalina.start(Catalina.java:551)
	at sun.reflect.NativeMethodAccessorImpl.invoke0(Native Method)
	at sun.reflect.NativeMethodAccessorImpl.invoke(NativeMethodAccessorImpl.java:39)
	at sun.reflect.DelegatingMethodAccessorImpl.invoke(DelegatingMethodAccessorImpl.java:25)
	at java.lang.reflect.Method.invoke(Method.java:597)
	at org.apache.catalina.startup.Bootstrap.start(Bootstrap.java:294)
	at org.apache.catalina.startup.Bootstrap.main(Bootstrap.java:432)
2011-05-23 14:59:33,843 [main] INFO  YOYO - 非法字符列表加载完毕
2011-05-23 14:59:33,921 [main] INFO  YOYO - 账号统计已启动
2011-05-23 15:01:31,640 [main] INFO  ME2 - me2.server.login.db.DBConnectionPool complete init.
2011-05-23 15:01:33,218 [main] ERROR ME2 - 
java.lang.NumberFormatException: null
	at java.lang.Integer.parseInt(Integer.java:415)
	at java.lang.Short.parseShort(Short.java:120)
	at java.lang.Short.parseShort(Short.java:78)
	at me2.server.login.GameServiceListManager.loadGameServiceList(GameServiceListManager.java:345)
	at me2.server.login.GameServiceListManager.init(GameServiceListManager.java:220)
	at me2.server.login.LoginService.init(LoginService.java:102)
	at me2.server.login.LoginService.<init>(LoginService.java:73)
	at me2.server.login.LoginService.getInstance(LoginService.java:86)
	at loginserver.SmsCallBack.init(SmsCallBack.java:64)
	at javax.servlet.GenericServlet.init(GenericServlet.java:241)
	at org.apache.catalina.core.StandardWrapper.loadServlet(StandardWrapper.java:1105)
	at org.apache.catalina.core.StandardWrapper.load(StandardWrapper.java:932)
	at org.apache.catalina.core.StandardContext.loadOnStartup(StandardContext.java:3917)
	at org.apache.catalina.core.StandardContext.start(StandardContext.java:4201)
	at org.apache.catalina.core.ContainerBase.addChildInternal(ContainerBase.java:759)
	at org.apache.catalina.core.ContainerBase.addChild(ContainerBase.java:739)
	at org.apache.catalina.core.StandardHost.addChild(StandardHost.java:524)
	at org.apache.catalina.startup.HostConfig.deployDirectory(HostConfig.java:904)
	at org.apache.catalina.startup.HostConfig.deployDirectories(HostConfig.java:867)
	at org.apache.catalina.startup.HostConfig.deployApps(HostConfig.java:474)
	at org.apache.catalina.startup.HostConfig.start(HostConfig.java:1122)
	at org.apache.catalina.startup.HostConfig.lifecycleEvent(HostConfig.java:310)
	at org.apache.catalina.util.LifecycleSupport.fireLifecycleEvent(LifecycleSupport.java:119)
	at org.apache.catalina.core.ContainerBase.start(ContainerBase.java:1021)
	at org.apache.catalina.core.StandardHost.start(StandardHost.java:718)
	at org.apache.catalina.core.ContainerBase.start(ContainerBase.java:1013)
	at org.apache.catalina.core.StandardEngine.start(StandardEngine.java:442)
	at org.apache.catalina.core.StandardService.start(StandardService.java:450)
	at org.apache.catalina.core.StandardServer.start(StandardServer.java:709)
	at org.apache.catalina.startup.Catalina.start(Catalina.java:551)
	at sun.reflect.NativeMethodAccessorImpl.invoke0(Native Method)
	at sun.reflect.NativeMethodAccessorImpl.invoke(NativeMethodAccessorImpl.java:39)
	at sun.reflect.DelegatingMethodAccessorImpl.invoke(DelegatingMethodAccessorImpl.java:25)
	at java.lang.reflect.Method.invoke(Method.java:597)
	at org.apache.catalina.startup.Bootstrap.start(Bootstrap.java:294)
	at org.apache.catalina.startup.Bootstrap.main(Bootstrap.java:432)
2011-05-23 15:01:33,249 [main] INFO  ME2 - 昵称过滤列表加载完毕
2011-05-23 15:01:33,312 [main] INFO  ME2 - 账号统计已启动
2011-05-23 15:13:48,874 [main] INFO  ME2 - me2.server.login.db.DBConnectionPool complete init.
2011-05-23 15:13:49,562 [main] ERROR ME2 - 
java.lang.NumberFormatException: null
	at java.lang.Integer.parseInt(Integer.java:415)
	at java.lang.Short.parseShort(Short.java:120)
	at java.lang.Short.parseShort(Short.java:78)
	at me2.server.login.GameServiceListManager.loadGameServiceList(GameServiceListManager.java:345)
	at me2.server.login.GameServiceListManager.init(GameServiceListManager.java:220)
	at me2.server.login.LoginService.init(LoginService.java:102)
	at me2.server.login.LoginService.<init>(LoginService.java:73)
	at me2.server.login.LoginService.getInstance(LoginService.java:86)
	at loginserver.SmsCallBack.init(SmsCallBack.java:64)
	at javax.servlet.GenericServlet.init(GenericServlet.java:241)
	at org.apache.catalina.core.StandardWrapper.loadServlet(StandardWrapper.java:1105)
	at org.apache.catalina.core.StandardWrapper.load(StandardWrapper.java:932)
	at org.apache.catalina.core.StandardContext.loadOnStartup(StandardContext.java:3917)
	at org.apache.catalina.core.StandardContext.start(StandardContext.java:4201)
	at org.apache.catalina.core.ContainerBase.addChildInternal(ContainerBase.java:759)
	at org.apache.catalina.core.ContainerBase.addChild(ContainerBase.java:739)
	at org.apache.catalina.core.StandardHost.addChild(StandardHost.java:524)
	at org.apache.catalina.startup.HostConfig.deployDirectory(HostConfig.java:904)
	at org.apache.catalina.startup.HostConfig.deployDirectories(HostConfig.java:867)
	at org.apache.catalina.startup.HostConfig.deployApps(HostConfig.java:474)
	at org.apache.catalina.startup.HostConfig.start(HostConfig.java:1122)
	at org.apache.catalina.startup.HostConfig.lifecycleEvent(HostConfig.java:310)
	at org.apache.catalina.util.LifecycleSupport.fireLifecycleEvent(LifecycleSupport.java:119)
	at org.apache.catalina.core.ContainerBase.start(ContainerBase.java:1021)
	at org.apache.catalina.core.StandardHost.start(StandardHost.java:718)
	at org.apache.catalina.core.ContainerBase.start(ContainerBase.java:1013)
	at org.apache.catalina.core.StandardEngine.start(StandardEngine.java:442)
	at org.apache.catalina.core.StandardService.start(StandardService.java:450)
	at org.apache.catalina.core.StandardServer.start(StandardServer.java:709)
	at org.apache.catalina.startup.Catalina.start(Catalina.java:551)
	at sun.reflect.NativeMethodAccessorImpl.invoke0(Native Method)
	at sun.reflect.NativeMethodAccessorImpl.invoke(NativeMethodAccessorImpl.java:39)
	at sun.reflect.DelegatingMethodAccessorImpl.invoke(DelegatingMethodAccessorImpl.java:25)
	at java.lang.reflect.Method.invoke(Method.java:597)
	at org.apache.catalina.startup.Bootstrap.start(Bootstrap.java:294)
	at org.apache.catalina.startup.Bootstrap.main(Bootstrap.java:432)
2011-05-23 15:13:49,562 [main] INFO  ME2 - 昵称过滤列表加载完毕
2011-05-23 15:13:49,609 [main] INFO  ME2 - 账号统计已启动
2011-05-23 15:18:52,890 [main] INFO  ME2 - me2.server.login.db.DBConnectionPool complete init.
2011-05-23 15:18:53,531 [main] ERROR ME2 - 
java.lang.NumberFormatException: null
	at java.lang.Integer.parseInt(Integer.java:415)
	at java.lang.Short.parseShort(Short.java:120)
	at java.lang.Short.parseShort(Short.java:78)
	at me2.server.login.GameServiceListManager.loadGameServiceList(GameServiceListManager.java:345)
	at me2.server.login.GameServiceListManager.init(GameServiceListManager.java:220)
	at me2.server.login.LoginService.init(LoginService.java:102)
	at me2.server.login.LoginService.<init>(LoginService.java:73)
	at me2.server.login.LoginService.getInstance(LoginService.java:86)
	at loginserver.SmsCallBack.init(SmsCallBack.java:64)
	at javax.servlet.GenericServlet.init(GenericServlet.java:241)
	at org.apache.catalina.core.StandardWrapper.loadServlet(StandardWrapper.java:1105)
	at org.apache.catalina.core.StandardWrapper.load(StandardWrapper.java:932)
	at org.apache.catalina.core.StandardContext.loadOnStartup(StandardContext.java:3917)
	at org.apache.catalina.core.StandardContext.start(StandardContext.java:4201)
	at org.apache.catalina.core.ContainerBase.addChildInternal(ContainerBase.java:759)
	at org.apache.catalina.core.ContainerBase.addChild(ContainerBase.java:739)
	at org.apache.catalina.core.StandardHost.addChild(StandardHost.java:524)
	at org.apache.catalina.startup.HostConfig.deployDirectory(HostConfig.java:904)
	at org.apache.catalina.startup.HostConfig.deployDirectories(HostConfig.java:867)
	at org.apache.catalina.startup.HostConfig.deployApps(HostConfig.java:474)
	at org.apache.catalina.startup.HostConfig.start(HostConfig.java:1122)
	at org.apache.catalina.startup.HostConfig.lifecycleEvent(HostConfig.java:310)
	at org.apache.catalina.util.LifecycleSupport.fireLifecycleEvent(LifecycleSupport.java:119)
	at org.apache.catalina.core.ContainerBase.start(ContainerBase.java:1021)
	at org.apache.catalina.core.StandardHost.start(StandardHost.java:718)
	at org.apache.catalina.core.ContainerBase.start(ContainerBase.java:1013)
	at org.apache.catalina.core.StandardEngine.start(StandardEngine.java:442)
	at org.apache.catalina.core.StandardService.start(StandardService.java:450)
	at org.apache.catalina.core.StandardServer.start(StandardServer.java:709)
	at org.apache.catalina.startup.Catalina.start(Catalina.java:551)
	at sun.reflect.NativeMethodAccessorImpl.invoke0(Native Method)
	at sun.reflect.NativeMethodAccessorImpl.invoke(NativeMethodAccessorImpl.java:39)
	at sun.reflect.DelegatingMethodAccessorImpl.invoke(DelegatingMethodAccessorImpl.java:25)
	at java.lang.reflect.Method.invoke(Method.java:597)
	at org.apache.catalina.startup.Bootstrap.start(Bootstrap.java:294)
	at org.apache.catalina.startup.Bootstrap.main(Bootstrap.java:432)
2011-05-23 15:18:53,546 [main] INFO  ME2 - 昵称过滤列表加载完毕
2011-05-23 15:18:53,577 [main] INFO  ME2 - 账号统计已启动
2011-05-23 15:28:16,624 [main] INFO  ME2 - me2.server.login.db.DBConnectionPool complete init.
2011-05-23 15:28:18,031 [main] ERROR ME2 - 
java.lang.NumberFormatException: null
	at java.lang.Integer.parseInt(Integer.java:415)
	at java.lang.Short.parseShort(Short.java:120)
	at java.lang.Short.parseShort(Short.java:78)
	at me2.server.login.GameServiceListManager.loadGameServiceList(GameServiceListManager.java:345)
	at me2.server.login.GameServiceListManager.init(GameServiceListManager.java:220)
	at me2.server.login.LoginService.init(LoginService.java:102)
	at me2.server.login.LoginService.<init>(LoginService.java:73)
	at me2.server.login.LoginService.getInstance(LoginService.java:86)
	at loginserver.SmsCallBack.init(SmsCallBack.java:64)
	at javax.servlet.GenericServlet.init(GenericServlet.java:241)
	at org.apache.catalina.core.StandardWrapper.loadServlet(StandardWrapper.java:1105)
	at org.apache.catalina.core.StandardWrapper.load(StandardWrapper.java:932)
	at org.apache.catalina.core.StandardContext.loadOnStartup(StandardContext.java:3917)
	at org.apache.catalina.core.StandardContext.start(StandardContext.java:4201)
	at org.apache.catalina.core.ContainerBase.addChildInternal(ContainerBase.java:759)
	at org.apache.catalina.core.ContainerBase.addChild(ContainerBase.java:739)
	at org.apache.catalina.core.StandardHost.addChild(StandardHost.java:524)
	at org.apache.catalina.startup.HostConfig.deployDirectory(HostConfig.java:904)
	at org.apache.catalina.startup.HostConfig.deployDirectories(HostConfig.java:867)
	at org.apache.catalina.startup.HostConfig.deployApps(HostConfig.java:474)
	at org.apache.catalina.startup.HostConfig.start(HostConfig.java:1122)
	at org.apache.catalina.startup.HostConfig.lifecycleEvent(HostConfig.java:310)
	at org.apache.catalina.util.LifecycleSupport.fireLifecycleEvent(LifecycleSupport.java:119)
	at org.apache.catalina.core.ContainerBase.start(ContainerBase.java:1021)
	at org.apache.catalina.core.StandardHost.start(StandardHost.java:718)
	at org.apache.catalina.core.ContainerBase.start(ContainerBase.java:1013)
	at org.apache.catalina.core.StandardEngine.start(StandardEngine.java:442)
	at org.apache.catalina.core.StandardService.start(StandardService.java:450)
	at org.apache.catalina.core.StandardServer.start(StandardServer.java:709)
	at org.apache.catalina.startup.Catalina.start(Catalina.java:551)
	at sun.reflect.NativeMethodAccessorImpl.invoke0(Native Method)
	at sun.reflect.NativeMethodAccessorImpl.invoke(NativeMethodAccessorImpl.java:39)
	at sun.reflect.DelegatingMethodAccessorImpl.invoke(DelegatingMethodAccessorImpl.java:25)
	at java.lang.reflect.Method.invoke(Method.java:597)
	at org.apache.catalina.startup.Bootstrap.start(Bootstrap.java:294)
	at org.apache.catalina.startup.Bootstrap.main(Bootstrap.java:432)
2011-05-23 15:28:18,093 [main] INFO  ME2 - 昵称过滤列表加载完毕
2011-05-23 15:28:18,187 [main] INFO  ME2 - 账号统计已启动
2011-05-23 15:32:00,843 [main] INFO  ME2 - me2.server.login.db.DBConnectionPool complete init.
2011-05-23 15:32:01,421 [main] ERROR ME2 - 
java.lang.NumberFormatException: null
	at java.lang.Integer.parseInt(Integer.java:415)
	at java.lang.Short.parseShort(Short.java:120)
	at java.lang.Short.parseShort(Short.java:78)
	at me2.server.login.GameServiceListManager.loadGameServiceList(GameServiceListManager.java:345)
	at me2.server.login.GameServiceListManager.init(GameServiceListManager.java:220)
	at me2.server.login.LoginService.init(LoginService.java:102)
	at me2.server.login.LoginService.<init>(LoginService.java:73)
	at me2.server.login.LoginService.getInstance(LoginService.java:86)
	at loginserver.SmsCallBack.init(SmsCallBack.java:64)
	at javax.servlet.GenericServlet.init(GenericServlet.java:241)
	at org.apache.catalina.core.StandardWrapper.loadServlet(StandardWrapper.java:1105)
	at org.apache.catalina.core.StandardWrapper.load(StandardWrapper.java:932)
	at org.apache.catalina.core.StandardContext.loadOnStartup(StandardContext.java:3917)
	at org.apache.catalina.core.StandardContext.start(StandardContext.java:4201)
	at org.apache.catalina.core.ContainerBase.addChildInternal(ContainerBase.java:759)
	at org.apache.catalina.core.ContainerBase.addChild(ContainerBase.java:739)
	at org.apache.catalina.core.StandardHost.addChild(StandardHost.java:524)
	at org.apache.catalina.startup.HostConfig.deployDirectory(HostConfig.java:904)
	at org.apache.catalina.startup.HostConfig.deployDirectories(HostConfig.java:867)
	at org.apache.catalina.startup.HostConfig.deployApps(HostConfig.java:474)
	at org.apache.catalina.startup.HostConfig.start(HostConfig.java:1122)
	at org.apache.catalina.startup.HostConfig.lifecycleEvent(HostConfig.java:310)
	at org.apache.catalina.util.LifecycleSupport.fireLifecycleEvent(LifecycleSupport.java:119)
	at org.apache.catalina.core.ContainerBase.start(ContainerBase.java:1021)
	at org.apache.catalina.core.StandardHost.start(StandardHost.java:718)
	at org.apache.catalina.core.ContainerBase.start(ContainerBase.java:1013)
	at org.apache.catalina.core.StandardEngine.start(StandardEngine.java:442)
	at org.apache.catalina.core.StandardService.start(StandardService.java:450)
	at org.apache.catalina.core.StandardServer.start(StandardServer.java:709)
	at org.apache.catalina.startup.Catalina.start(Catalina.java:551)
	at sun.reflect.NativeMethodAccessorImpl.invoke0(Native Method)
	at sun.reflect.NativeMethodAccessorImpl.invoke(NativeMethodAccessorImpl.java:39)
	at sun.reflect.DelegatingMethodAccessorImpl.invoke(DelegatingMethodAccessorImpl.java:25)
	at java.lang.reflect.Method.invoke(Method.java:597)
	at org.apache.catalina.startup.Bootstrap.start(Bootstrap.java:294)
	at org.apache.catalina.startup.Bootstrap.main(Bootstrap.java:432)
2011-05-23 15:32:01,437 [main] INFO  ME2 - 昵称过滤列表加载完毕
2011-05-23 15:32:01,452 [main] INFO  ME2 - 账号统计已启动
2011-06-01 14:31:24,609 [main] INFO  ME2 - me2.server.login.db.DBConnectionPool complete init.
2011-06-01 14:31:26,046 [main] ERROR ME2 - 
java.lang.NumberFormatException: null
	at java.lang.Integer.parseInt(Integer.java:415)
	at java.lang.Short.parseShort(Short.java:120)
	at java.lang.Short.parseShort(Short.java:78)
	at me2.server.login.GameServiceListManager.loadGameServiceList(GameServiceListManager.java:345)
	at me2.server.login.GameServiceListManager.init(GameServiceListManager.java:220)
	at me2.server.login.LoginService.init(LoginService.java:102)
	at me2.server.login.LoginService.<init>(LoginService.java:73)
	at me2.server.login.LoginService.getInstance(LoginService.java:86)
	at loginserver.SmsCallBack.init(SmsCallBack.java:64)
	at javax.servlet.GenericServlet.init(GenericServlet.java:241)
	at org.apache.catalina.core.StandardWrapper.loadServlet(StandardWrapper.java:1105)
	at org.apache.catalina.core.StandardWrapper.load(StandardWrapper.java:932)
	at org.apache.catalina.core.StandardContext.loadOnStartup(StandardContext.java:3917)
	at org.apache.catalina.core.StandardContext.start(StandardContext.java:4201)
	at org.apache.catalina.core.ContainerBase.addChildInternal(ContainerBase.java:759)
	at org.apache.catalina.core.ContainerBase.addChild(ContainerBase.java:739)
	at org.apache.catalina.core.StandardHost.addChild(StandardHost.java:524)
	at org.apache.catalina.startup.HostConfig.deployDirectory(HostConfig.java:904)
	at org.apache.catalina.startup.HostConfig.deployDirectories(HostConfig.java:867)
	at org.apache.catalina.startup.HostConfig.deployApps(HostConfig.java:474)
	at org.apache.catalina.startup.HostConfig.start(HostConfig.java:1122)
	at org.apache.catalina.startup.HostConfig.lifecycleEvent(HostConfig.java:310)
	at org.apache.catalina.util.LifecycleSupport.fireLifecycleEvent(LifecycleSupport.java:119)
	at org.apache.catalina.core.ContainerBase.start(ContainerBase.java:1021)
	at org.apache.catalina.core.StandardHost.start(StandardHost.java:718)
	at org.apache.catalina.core.ContainerBase.start(ContainerBase.java:1013)
	at org.apache.catalina.core.StandardEngine.start(StandardEngine.java:442)
	at org.apache.catalina.core.StandardService.start(StandardService.java:450)
	at org.apache.catalina.core.StandardServer.start(StandardServer.java:709)
	at org.apache.catalina.startup.Catalina.start(Catalina.java:551)
	at sun.reflect.NativeMethodAccessorImpl.invoke0(Native Method)
	at sun.reflect.NativeMethodAccessorImpl.invoke(NativeMethodAccessorImpl.java:39)
	at sun.reflect.DelegatingMethodAccessorImpl.invoke(DelegatingMethodAccessorImpl.java:25)
	at java.lang.reflect.Method.invoke(Method.java:597)
	at org.apache.catalina.startup.Bootstrap.start(Bootstrap.java:294)
	at org.apache.catalina.startup.Bootstrap.main(Bootstrap.java:432)
2011-06-01 14:31:26,093 [main] INFO  ME2 - 昵称过滤列表加载完毕
2011-06-01 14:31:26,281 [main] INFO  ME2 - 账号统计已启动
2011-06-01 14:37:55,078 [main] INFO  ME2 - me2.server.login.db.DBConnectionPool complete init.
2011-06-01 14:37:55,656 [main] ERROR ME2 - 
java.lang.NumberFormatException: null
	at java.lang.Integer.parseInt(Integer.java:415)
	at java.lang.Short.parseShort(Short.java:120)
	at java.lang.Short.parseShort(Short.java:78)
	at me2.server.login.GameServiceListManager.loadGameServiceList(GameServiceListManager.java:345)
	at me2.server.login.GameServiceListManager.init(GameServiceListManager.java:220)
	at me2.server.login.LoginService.init(LoginService.java:102)
	at me2.server.login.LoginService.<init>(LoginService.java:73)
	at me2.server.login.LoginService.getInstance(LoginService.java:86)
	at loginserver.SmsCallBack.init(SmsCallBack.java:64)
	at javax.servlet.GenericServlet.init(GenericServlet.java:241)
	at org.apache.catalina.core.StandardWrapper.loadServlet(StandardWrapper.java:1105)
	at org.apache.catalina.core.StandardWrapper.load(StandardWrapper.java:932)
	at org.apache.catalina.core.StandardContext.loadOnStartup(StandardContext.java:3917)
	at org.apache.catalina.core.StandardContext.start(StandardContext.java:4201)
	at org.apache.catalina.core.ContainerBase.addChildInternal(ContainerBase.java:759)
	at org.apache.catalina.core.ContainerBase.addChild(ContainerBase.java:739)
	at org.apache.catalina.core.StandardHost.addChild(StandardHost.java:524)
	at org.apache.catalina.startup.HostConfig.deployDirectory(HostConfig.java:904)
	at org.apache.catalina.startup.HostConfig.deployDirectories(HostConfig.java:867)
	at org.apache.catalina.startup.HostConfig.deployApps(HostConfig.java:474)
	at org.apache.catalina.startup.HostConfig.start(HostConfig.java:1122)
	at org.apache.catalina.startup.HostConfig.lifecycleEvent(HostConfig.java:310)
	at org.apache.catalina.util.LifecycleSupport.fireLifecycleEvent(LifecycleSupport.java:119)
	at org.apache.catalina.core.ContainerBase.start(ContainerBase.java:1021)
	at org.apache.catalina.core.StandardHost.start(StandardHost.java:718)
	at org.apache.catalina.core.ContainerBase.start(ContainerBase.java:1013)
	at org.apache.catalina.core.StandardEngine.start(StandardEngine.java:442)
	at org.apache.catalina.core.StandardService.start(StandardService.java:450)
	at org.apache.catalina.core.StandardServer.start(StandardServer.java:709)
	at org.apache.catalina.startup.Catalina.start(Catalina.java:551)
	at sun.reflect.NativeMethodAccessorImpl.invoke0(Native Method)
	at sun.reflect.NativeMethodAccessorImpl.invoke(NativeMethodAccessorImpl.java:39)
	at sun.reflect.DelegatingMethodAccessorImpl.invoke(DelegatingMethodAccessorImpl.java:25)
	at java.lang.reflect.Method.invoke(Method.java:597)
	at org.apache.catalina.startup.Bootstrap.start(Bootstrap.java:294)
	at org.apache.catalina.startup.Bootstrap.main(Bootstrap.java:432)
2011-06-01 14:37:55,656 [main] INFO  ME2 - 昵称过滤列表加载完毕
2011-06-01 14:37:55,687 [main] INFO  ME2 - 账号统计已启动
2011-06-01 15:39:11,624 [main] INFO  ME2 - me2.server.login.db.DBConnectionPool complete init.
2011-06-01 15:39:17,687 [main] ERROR ME2 - 
java.lang.NumberFormatException: null
	at java.lang.Integer.parseInt(Integer.java:415)
	at java.lang.Short.parseShort(Short.java:120)
	at java.lang.Short.parseShort(Short.java:78)
	at me2.server.login.GameServiceListManager.loadGameServiceList(GameServiceListManager.java:345)
	at me2.server.login.GameServiceListManager.init(GameServiceListManager.java:220)
	at me2.server.login.LoginService.init(LoginService.java:102)
	at me2.server.login.LoginService.<init>(LoginService.java:73)
	at me2.server.login.LoginService.getInstance(LoginService.java:86)
	at loginserver.SmsCallBack.init(SmsCallBack.java:64)
	at javax.servlet.GenericServlet.init(GenericServlet.java:241)
	at org.apache.catalina.core.StandardWrapper.loadServlet(StandardWrapper.java:1105)
	at org.apache.catalina.core.StandardWrapper.load(StandardWrapper.java:932)
	at org.apache.catalina.core.StandardContext.loadOnStartup(StandardContext.java:3917)
	at org.apache.catalina.core.StandardContext.start(StandardContext.java:4201)
	at org.apache.catalina.core.ContainerBase.addChildInternal(ContainerBase.java:759)
	at org.apache.catalina.core.ContainerBase.addChild(ContainerBase.java:739)
	at org.apache.catalina.core.StandardHost.addChild(StandardHost.java:524)
	at org.apache.catalina.startup.HostConfig.deployDirectory(HostConfig.java:904)
	at org.apache.catalina.startup.HostConfig.deployDirectories(HostConfig.java:867)
	at org.apache.catalina.startup.HostConfig.deployApps(HostConfig.java:474)
	at org.apache.catalina.startup.HostConfig.start(HostConfig.java:1122)
	at org.apache.catalina.startup.HostConfig.lifecycleEvent(HostConfig.java:310)
	at org.apache.catalina.util.LifecycleSupport.fireLifecycleEvent(LifecycleSupport.java:119)
	at org.apache.catalina.core.ContainerBase.start(ContainerBase.java:1021)
	at org.apache.catalina.core.StandardHost.start(StandardHost.java:718)
	at org.apache.catalina.core.ContainerBase.start(ContainerBase.java:1013)
	at org.apache.catalina.core.StandardEngine.start(StandardEngine.java:442)
	at org.apache.catalina.core.StandardService.start(StandardService.java:450)
	at org.apache.catalina.core.StandardServer.start(StandardServer.java:709)
	at org.apache.catalina.startup.Catalina.start(Catalina.java:551)
	at sun.reflect.NativeMethodAccessorImpl.invoke0(Native Method)
	at sun.reflect.NativeMethodAccessorImpl.invoke(NativeMethodAccessorImpl.java:39)
	at sun.reflect.DelegatingMethodAccessorImpl.invoke(DelegatingMethodAccessorImpl.java:25)
	at java.lang.reflect.Method.invoke(Method.java:597)
	at org.apache.catalina.startup.Bootstrap.start(Bootstrap.java:294)
	at org.apache.catalina.startup.Bootstrap.main(Bootstrap.java:432)
2011-06-01 15:39:17,906 [main] INFO  ME2 - 昵称过滤列表加载完毕
2011-06-01 15:39:17,937 [main] INFO  ME2 - 账号统计已启动
2011-06-01 15:40:29,015 [main] INFO  ME2 - me2.server.login.db.DBConnectionPool complete init.
2011-06-01 15:40:29,984 [main] ERROR ME2 - 
java.lang.NumberFormatException: null
	at java.lang.Integer.parseInt(Integer.java:415)
	at java.lang.Short.parseShort(Short.java:120)
	at java.lang.Short.parseShort(Short.java:78)
	at me2.server.login.GameServiceListManager.loadGameServiceList(GameServiceListManager.java:345)
	at me2.server.login.GameServiceListManager.init(GameServiceListManager.java:220)
	at me2.server.login.LoginService.init(LoginService.java:102)
	at me2.server.login.LoginService.<init>(LoginService.java:73)
	at me2.server.login.LoginService.getInstance(LoginService.java:86)
	at loginserver.SmsCallBack.init(SmsCallBack.java:64)
	at javax.servlet.GenericServlet.init(GenericServlet.java:241)
	at org.apache.catalina.core.StandardWrapper.loadServlet(StandardWrapper.java:1105)
	at org.apache.catalina.core.StandardWrapper.load(StandardWrapper.java:932)
	at org.apache.catalina.core.StandardContext.loadOnStartup(StandardContext.java:3917)
	at org.apache.catalina.core.StandardContext.start(StandardContext.java:4201)
	at org.apache.catalina.core.ContainerBase.addChildInternal(ContainerBase.java:759)
	at org.apache.catalina.core.ContainerBase.addChild(ContainerBase.java:739)
	at org.apache.catalina.core.StandardHost.addChild(StandardHost.java:524)
	at org.apache.catalina.startup.HostConfig.deployDirectory(HostConfig.java:904)
	at org.apache.catalina.startup.HostConfig.deployDirectories(HostConfig.java:867)
	at org.apache.catalina.startup.HostConfig.deployApps(HostConfig.java:474)
	at org.apache.catalina.startup.HostConfig.start(HostConfig.java:1122)
	at org.apache.catalina.startup.HostConfig.lifecycleEvent(HostConfig.java:310)
	at org.apache.catalina.util.LifecycleSupport.fireLifecycleEvent(LifecycleSupport.java:119)
	at org.apache.catalina.core.ContainerBase.start(ContainerBase.java:1021)
	at org.apache.catalina.core.StandardHost.start(StandardHost.java:718)
	at org.apache.catalina.core.ContainerBase.start(ContainerBase.java:1013)
	at org.apache.catalina.core.StandardEngine.start(StandardEngine.java:442)
	at org.apache.catalina.core.StandardService.start(StandardService.java:450)
	at org.apache.catalina.core.StandardServer.start(StandardServer.java:709)
	at org.apache.catalina.startup.Catalina.start(Catalina.java:551)
	at sun.reflect.NativeMethodAccessorImpl.invoke0(Native Method)
	at sun.reflect.NativeMethodAccessorImpl.invoke(NativeMethodAccessorImpl.java:39)
	at sun.reflect.DelegatingMethodAccessorImpl.invoke(DelegatingMethodAccessorImpl.java:25)
	at java.lang.reflect.Method.invoke(Method.java:597)
	at org.apache.catalina.startup.Bootstrap.start(Bootstrap.java:294)
	at org.apache.catalina.startup.Bootstrap.main(Bootstrap.java:432)
2011-06-01 15:40:29,999 [main] INFO  ME2 - 昵称过滤列表加载完毕
2011-06-01 15:40:30,187 [main] INFO  ME2 - 账号统计已启动
2011-06-02 11:52:18,093 [main] INFO  ME2 - me2.server.login.db.DBConnectionPool complete init.
2011-06-02 11:52:19,936 [main] ERROR ME2 - 
java.lang.NumberFormatException: null
	at java.lang.Integer.parseInt(Integer.java:415)
	at java.lang.Short.parseShort(Short.java:120)
	at java.lang.Short.parseShort(Short.java:78)
	at me2.server.login.GameServiceListManager.loadGameServiceList(GameServiceListManager.java:345)
	at me2.server.login.GameServiceListManager.init(GameServiceListManager.java:220)
	at me2.server.login.LoginService.init(LoginService.java:102)
	at me2.server.login.LoginService.<init>(LoginService.java:73)
	at me2.server.login.LoginService.getInstance(LoginService.java:86)
	at loginserver.SmsCallBack.init(SmsCallBack.java:64)
	at javax.servlet.GenericServlet.init(GenericServlet.java:241)
	at org.apache.catalina.core.StandardWrapper.loadServlet(StandardWrapper.java:1105)
	at org.apache.catalina.core.StandardWrapper.load(StandardWrapper.java:932)
	at org.apache.catalina.core.StandardContext.loadOnStartup(StandardContext.java:3917)
	at org.apache.catalina.core.StandardContext.start(StandardContext.java:4201)
	at org.apache.catalina.core.ContainerBase.addChildInternal(ContainerBase.java:759)
	at org.apache.catalina.core.ContainerBase.addChild(ContainerBase.java:739)
	at org.apache.catalina.core.StandardHost.addChild(StandardHost.java:524)
	at org.apache.catalina.startup.HostConfig.deployDirectory(HostConfig.java:904)
	at org.apache.catalina.startup.HostConfig.deployDirectories(HostConfig.java:867)
	at org.apache.catalina.startup.HostConfig.deployApps(HostConfig.java:474)
	at org.apache.catalina.startup.HostConfig.start(HostConfig.java:1122)
	at org.apache.catalina.startup.HostConfig.lifecycleEvent(HostConfig.java:310)
	at org.apache.catalina.util.LifecycleSupport.fireLifecycleEvent(LifecycleSupport.java:119)
	at org.apache.catalina.core.ContainerBase.start(ContainerBase.java:1021)
	at org.apache.catalina.core.StandardHost.start(StandardHost.java:718)
	at org.apache.catalina.core.ContainerBase.start(ContainerBase.java:1013)
	at org.apache.catalina.core.StandardEngine.start(StandardEngine.java:442)
	at org.apache.catalina.core.StandardService.start(StandardService.java:450)
	at org.apache.catalina.core.StandardServer.start(StandardServer.java:709)
	at org.apache.catalina.startup.Catalina.start(Catalina.java:551)
	at sun.reflect.NativeMethodAccessorImpl.invoke0(Native Method)
	at sun.reflect.NativeMethodAccessorImpl.invoke(NativeMethodAccessorImpl.java:39)
	at sun.reflect.DelegatingMethodAccessorImpl.invoke(DelegatingMethodAccessorImpl.java:25)
	at java.lang.reflect.Method.invoke(Method.java:597)
	at org.apache.catalina.startup.Bootstrap.start(Bootstrap.java:294)
	at org.apache.catalina.startup.Bootstrap.main(Bootstrap.java:432)
2011-06-02 11:52:19,983 [main] INFO  ME2 - 昵称过滤列表加载完毕
2011-06-02 11:52:20,061 [main] INFO  ME2 - 账号统计已启动
2011-06-02 12:16:03,186 [main] INFO  ME2 - me2.server.login.db.DBConnectionPool complete init.
2011-06-02 12:16:03,780 [main] ERROR ME2 - 
java.lang.NumberFormatException: null
	at java.lang.Integer.parseInt(Integer.java:415)
	at java.lang.Short.parseShort(Short.java:120)
	at java.lang.Short.parseShort(Short.java:78)
	at me2.server.login.GameServiceListManager.loadGameServiceList(GameServiceListManager.java:345)
	at me2.server.login.GameServiceListManager.init(GameServiceListManager.java:220)
	at me2.server.login.LoginService.init(LoginService.java:102)
	at me2.server.login.LoginService.<init>(LoginService.java:73)
	at me2.server.login.LoginService.getInstance(LoginService.java:86)
	at loginserver.SmsCallBack.init(SmsCallBack.java:64)
	at javax.servlet.GenericServlet.init(GenericServlet.java:241)
	at org.apache.catalina.core.StandardWrapper.loadServlet(StandardWrapper.java:1105)
	at org.apache.catalina.core.StandardWrapper.load(StandardWrapper.java:932)
	at org.apache.catalina.core.StandardContext.loadOnStartup(StandardContext.java:3917)
	at org.apache.catalina.core.StandardContext.start(StandardContext.java:4201)
	at org.apache.catalina.core.ContainerBase.addChildInternal(ContainerBase.java:759)
	at org.apache.catalina.core.ContainerBase.addChild(ContainerBase.java:739)
	at org.apache.catalina.core.StandardHost.addChild(StandardHost.java:524)
	at org.apache.catalina.startup.HostConfig.deployDirectory(HostConfig.java:904)
	at org.apache.catalina.startup.HostConfig.deployDirectories(HostConfig.java:867)
	at org.apache.catalina.startup.HostConfig.deployApps(HostConfig.java:474)
	at org.apache.catalina.startup.HostConfig.start(HostConfig.java:1122)
	at org.apache.catalina.startup.HostConfig.lifecycleEvent(HostConfig.java:310)
	at org.apache.catalina.util.LifecycleSupport.fireLifecycleEvent(LifecycleSupport.java:119)
	at org.apache.catalina.core.ContainerBase.start(ContainerBase.java:1021)
	at org.apache.catalina.core.StandardHost.start(StandardHost.java:718)
	at org.apache.catalina.core.ContainerBase.start(ContainerBase.java:1013)
	at org.apache.catalina.core.StandardEngine.start(StandardEngine.java:442)
	at org.apache.catalina.core.StandardService.start(StandardService.java:450)
	at org.apache.catalina.core.StandardServer.start(StandardServer.java:709)
	at org.apache.catalina.startup.Catalina.start(Catalina.java:551)
	at sun.reflect.NativeMethodAccessorImpl.invoke0(Native Method)
	at sun.reflect.NativeMethodAccessorImpl.invoke(NativeMethodAccessorImpl.java:39)
	at sun.reflect.DelegatingMethodAccessorImpl.invoke(DelegatingMethodAccessorImpl.java:25)
	at java.lang.reflect.Method.invoke(Method.java:597)
	at org.apache.catalina.startup.Bootstrap.start(Bootstrap.java:294)
	at org.apache.catalina.startup.Bootstrap.main(Bootstrap.java:432)
2011-06-02 12:16:03,780 [main] INFO  ME2 - 昵称过滤列表加载完毕
2011-06-02 12:16:03,811 [main] INFO  ME2 - 账号统计已启动
2011-06-02 14:32:43,421 [main] INFO  ME2 - me2.server.login.db.DBConnectionPool complete init.
2011-06-02 14:32:45,452 [main] ERROR ME2 - 
java.lang.NumberFormatException: null
	at java.lang.Integer.parseInt(Integer.java:415)
	at java.lang.Short.parseShort(Short.java:120)
	at java.lang.Short.parseShort(Short.java:78)
	at me2.server.login.GameServiceListManager.loadGameServiceList(GameServiceListManager.java:345)
	at me2.server.login.GameServiceListManager.init(GameServiceListManager.java:220)
	at me2.server.login.LoginService.init(LoginService.java:102)
	at me2.server.login.LoginService.<init>(LoginService.java:73)
	at me2.server.login.LoginService.getInstance(LoginService.java:86)
	at loginserver.SmsCallBack.init(SmsCallBack.java:64)
	at javax.servlet.GenericServlet.init(GenericServlet.java:241)
	at org.apache.catalina.core.StandardWrapper.loadServlet(StandardWrapper.java:1105)
	at org.apache.catalina.core.StandardWrapper.load(StandardWrapper.java:932)
	at org.apache.catalina.core.StandardContext.loadOnStartup(StandardContext.java:3917)
	at org.apache.catalina.core.StandardContext.start(StandardContext.java:4201)
	at org.apache.catalina.core.ContainerBase.addChildInternal(ContainerBase.java:759)
	at org.apache.catalina.core.ContainerBase.addChild(ContainerBase.java:739)
	at org.apache.catalina.core.StandardHost.addChild(StandardHost.java:524)
	at org.apache.catalina.startup.HostConfig.deployDirectory(HostConfig.java:904)
	at org.apache.catalina.startup.HostConfig.deployDirectories(HostConfig.java:867)
	at org.apache.catalina.startup.HostConfig.deployApps(HostConfig.java:474)
	at org.apache.catalina.startup.HostConfig.start(HostConfig.java:1122)
	at org.apache.catalina.startup.HostConfig.lifecycleEvent(HostConfig.java:310)
	at org.apache.catalina.util.LifecycleSupport.fireLifecycleEvent(LifecycleSupport.java:119)
	at org.apache.catalina.core.ContainerBase.start(ContainerBase.java:1021)
	at org.apache.catalina.core.StandardHost.start(StandardHost.java:718)
	at org.apache.catalina.core.ContainerBase.start(ContainerBase.java:1013)
	at org.apache.catalina.core.StandardEngine.start(StandardEngine.java:442)
	at org.apache.catalina.core.StandardService.start(StandardService.java:450)
	at org.apache.catalina.core.StandardServer.start(StandardServer.java:709)
	at org.apache.catalina.startup.Catalina.start(Catalina.java:551)
	at sun.reflect.NativeMethodAccessorImpl.invoke0(Native Method)
	at sun.reflect.NativeMethodAccessorImpl.invoke(NativeMethodAccessorImpl.java:39)
	at sun.reflect.DelegatingMethodAccessorImpl.invoke(DelegatingMethodAccessorImpl.java:25)
	at java.lang.reflect.Method.invoke(Method.java:597)
	at org.apache.catalina.startup.Bootstrap.start(Bootstrap.java:294)
	at org.apache.catalina.startup.Bootstrap.main(Bootstrap.java:432)
2011-06-02 14:32:45,514 [main] INFO  ME2 - 昵称过滤列表加载完毕
2011-06-02 14:32:45,624 [main] INFO  ME2 - 账号统计已启动
2011-06-02 14:37:18,858 [main] INFO  ME2 - me2.server.login.db.DBConnectionPool complete init.
2011-06-02 14:37:19,499 [main] ERROR ME2 - 
java.lang.NumberFormatException: null
	at java.lang.Integer.parseInt(Integer.java:415)
	at java.lang.Short.parseShort(Short.java:120)
	at java.lang.Short.parseShort(Short.java:78)
	at me2.server.login.GameServiceListManager.loadGameServiceList(GameServiceListManager.java:345)
	at me2.server.login.GameServiceListManager.init(GameServiceListManager.java:220)
	at me2.server.login.LoginService.init(LoginService.java:102)
	at me2.server.login.LoginService.<init>(LoginService.java:73)
	at me2.server.login.LoginService.getInstance(LoginService.java:86)
	at loginserver.SmsCallBack.init(SmsCallBack.java:64)
	at javax.servlet.GenericServlet.init(GenericServlet.java:241)
	at org.apache.catalina.core.StandardWrapper.loadServlet(StandardWrapper.java:1105)
	at org.apache.catalina.core.StandardWrapper.load(StandardWrapper.java:932)
	at org.apache.catalina.core.StandardContext.loadOnStartup(StandardContext.java:3917)
	at org.apache.catalina.core.StandardContext.start(StandardContext.java:4201)
	at org.apache.catalina.core.ContainerBase.addChildInternal(ContainerBase.java:759)
	at org.apache.catalina.core.ContainerBase.addChild(ContainerBase.java:739)
	at org.apache.catalina.core.StandardHost.addChild(StandardHost.java:524)
	at org.apache.catalina.startup.HostConfig.deployDirectory(HostConfig.java:904)
	at org.apache.catalina.startup.HostConfig.deployDirectories(HostConfig.java:867)
	at org.apache.catalina.startup.HostConfig.deployApps(HostConfig.java:474)
	at org.apache.catalina.startup.HostConfig.start(HostConfig.java:1122)
	at org.apache.catalina.startup.HostConfig.lifecycleEvent(HostConfig.java:310)
	at org.apache.catalina.util.LifecycleSupport.fireLifecycleEvent(LifecycleSupport.java:119)
	at org.apache.catalina.core.ContainerBase.start(ContainerBase.java:1021)
	at org.apache.catalina.core.StandardHost.start(StandardHost.java:718)
	at org.apache.catalina.core.ContainerBase.start(ContainerBase.java:1013)
	at org.apache.catalina.core.StandardEngine.start(StandardEngine.java:442)
	at org.apache.catalina.core.StandardService.start(StandardService.java:450)
	at org.apache.catalina.core.StandardServer.start(StandardServer.java:709)
	at org.apache.catalina.startup.Catalina.start(Catalina.java:551)
	at sun.reflect.NativeMethodAccessorImpl.invoke0(Native Method)
	at sun.reflect.NativeMethodAccessorImpl.invoke(NativeMethodAccessorImpl.java:39)
	at sun.reflect.DelegatingMethodAccessorImpl.invoke(DelegatingMethodAccessorImpl.java:25)
	at java.lang.reflect.Method.invoke(Method.java:597)
	at org.apache.catalina.startup.Bootstrap.start(Bootstrap.java:294)
	at org.apache.catalina.startup.Bootstrap.main(Bootstrap.java:432)
2011-06-02 14:37:19,514 [main] INFO  ME2 - 昵称过滤列表加载完毕
2011-06-02 14:37:19,546 [main] INFO  ME2 - 账号统计已启动
2011-06-02 15:54:54,296 [main] INFO  ME2 - me2.server.login.db.DBConnectionPool complete init.
2011-06-02 15:54:55,561 [main] ERROR ME2 - 
java.lang.NumberFormatException: null
	at java.lang.Integer.parseInt(Integer.java:415)
	at java.lang.Short.parseShort(Short.java:120)
	at java.lang.Short.parseShort(Short.java:78)
	at me2.server.login.GameServiceListManager.loadGameServiceList(GameServiceListManager.java:345)
	at me2.server.login.GameServiceListManager.init(GameServiceListManager.java:220)
	at me2.server.login.LoginService.init(LoginService.java:102)
	at me2.server.login.LoginService.<init>(LoginService.java:73)
	at me2.server.login.LoginService.getInstance(LoginService.java:86)
	at loginserver.SmsCallBack.init(SmsCallBack.java:64)
	at javax.servlet.GenericServlet.init(GenericServlet.java:241)
	at org.apache.catalina.core.StandardWrapper.loadServlet(StandardWrapper.java:1105)
	at org.apache.catalina.core.StandardWrapper.load(StandardWrapper.java:932)
	at org.apache.catalina.core.StandardContext.loadOnStartup(StandardContext.java:3917)
	at org.apache.catalina.core.StandardContext.start(StandardContext.java:4201)
	at org.apache.catalina.core.ContainerBase.addChildInternal(ContainerBase.java:759)
	at org.apache.catalina.core.ContainerBase.addChild(ContainerBase.java:739)
	at org.apache.catalina.core.StandardHost.addChild(StandardHost.java:524)
	at org.apache.catalina.startup.HostConfig.deployDirectory(HostConfig.java:904)
	at org.apache.catalina.startup.HostConfig.deployDirectories(HostConfig.java:867)
	at org.apache.catalina.startup.HostConfig.deployApps(HostConfig.java:474)
	at org.apache.catalina.startup.HostConfig.start(HostConfig.java:1122)
	at org.apache.catalina.startup.HostConfig.lifecycleEvent(HostConfig.java:310)
	at org.apache.catalina.util.LifecycleSupport.fireLifecycleEvent(LifecycleSupport.java:119)
	at org.apache.catalina.core.ContainerBase.start(ContainerBase.java:1021)
	at org.apache.catalina.core.StandardHost.start(StandardHost.java:718)
	at org.apache.catalina.core.ContainerBase.start(ContainerBase.java:1013)
	at org.apache.catalina.core.StandardEngine.start(StandardEngine.java:442)
	at org.apache.catalina.core.StandardService.start(StandardService.java:450)
	at org.apache.catalina.core.StandardServer.start(StandardServer.java:709)
	at org.apache.catalina.startup.Catalina.start(Catalina.java:551)
	at sun.reflect.NativeMethodAccessorImpl.invoke0(Native Method)
	at sun.reflect.NativeMethodAccessorImpl.invoke(NativeMethodAccessorImpl.java:39)
	at sun.reflect.DelegatingMethodAccessorImpl.invoke(DelegatingMethodAccessorImpl.java:25)
	at java.lang.reflect.Method.invoke(Method.java:597)
	at org.apache.catalina.startup.Bootstrap.start(Bootstrap.java:294)
	at org.apache.catalina.startup.Bootstrap.main(Bootstrap.java:432)
2011-06-02 15:54:55,608 [main] INFO  ME2 - 昵称过滤列表加载完毕
2011-06-02 15:54:55,733 [main] INFO  ME2 - 账号统计已启动
2011-06-10 13:23:42,984 [main] INFO  YOYO - yoyo.server.login.database.ConnPool complete init.
2011-06-10 13:23:45,828 [main] INFO  YOYO - 非法字符列表加载完毕
2011-06-10 13:23:45,953 [main] INFO  YOYO - 账号统计已启动
2011-06-10 13:27:34,265 [main] INFO  YOYO - yoyo.server.login.database.ConnPool complete init.
2011-06-10 13:27:35,343 [main] INFO  YOYO - 非法字符列表加载完毕
2011-06-10 13:27:35,374 [main] INFO  YOYO - 账号统计已启动
2011-06-10 13:50:31,171 [main] INFO  YOYO - yoyo.server.login.database.ConnPool complete init.
2011-06-10 13:50:31,859 [main] INFO  YOYO - 非法字符列表加载完毕
2011-06-10 13:50:31,906 [main] INFO  YOYO - 账号统计已启动
2011-06-10 14:33:29,421 [main] INFO  YOYO - yoyo.server.login.database.ConnPool complete init.
2023-06-13 18:25:39,273 [main] INFO  YOYO - yoyo.server.login.database.ConnPool complete init.
2023-06-13 18:25:43,460 [main] ERROR YOYO - 
com.mysql.jdbc.exceptions.MySQLNonTransientConnectionException: Server connection failure during transaction. Due to underlying exception: 'java.sql.SQLException: Access denied for user 'root'@'localhost' (using password: YES)'.

** BEGIN NESTED EXCEPTION ** 

java.sql.SQLException
MESSAGE: Access denied for user 'root'@'localhost' (using password: YES)

STACKTRACE:

java.sql.SQLException: Access denied for user 'root'@'localhost' (using password: YES)
	at com.mysql.jdbc.SQLError.createSQLException(SQLError.java:946)
	at com.mysql.jdbc.MysqlIO.checkErrorPacket(MysqlIO.java:2870)
	at com.mysql.jdbc.MysqlIO.checkErrorPacket(MysqlIO.java:812)
	at com.mysql.jdbc.MysqlIO.secureAuth411(MysqlIO.java:3269)
	at com.mysql.jdbc.MysqlIO.doHandshake(MysqlIO.java:1182)
	at com.mysql.jdbc.Connection.createNewIO(Connection.java:2772)
	at com.mysql.jdbc.Connection.<init>(Connection.java:1531)
	at com.mysql.jdbc.NonRegisteringDriver.connect(NonRegisteringDriver.java:266)
	at java.sql/java.sql.DriverManager.getConnection(DriverManager.java:681)
	at java.sql/java.sql.DriverManager.getConnection(DriverManager.java:190)
	at org.logicalcobwebs.proxool.DefaultConnectionBuilder.buildConnection(DefaultConnectionBuilder.java:39)
	at org.logicalcobwebs.proxool.Prototyper.buildConnection(Prototyper.java:159)
	at org.logicalcobwebs.proxool.ConnectionPool.getConnection(ConnectionPool.java:217)
	at org.logicalcobwebs.proxool.ProxoolDriver.connect(ProxoolDriver.java:89)
	at java.sql/java.sql.DriverManager.getConnection(DriverManager.java:681)
	at java.sql/java.sql.DriverManager.getConnection(DriverManager.java:252)
	at yoyo.server.login.database.ConnPool.getConnection(ConnPool.java:96)
	at yoyo.server.login.database.LoginDAO.init(LoginDAO.java:190)
	at yoyo.server.login.LoginServer.init(LoginServer.java:71)
	at yoyo.server.login.LoginServer.<init>(LoginServer.java:51)
	at yoyo.server.login.LoginServer.getInstance(LoginServer.java:59)
	at loginserver.SetAccountMsisdn.init(SetAccountMsisdn.java:108)
	at javax.servlet.GenericServlet.init(GenericServlet.java:143)
	at org.apache.catalina.core.StandardWrapper.initServlet(StandardWrapper.java:1106)
	at org.apache.catalina.core.StandardWrapper.loadServlet(StandardWrapper.java:1063)
	at org.apache.catalina.core.StandardWrapper.load(StandardWrapper.java:960)
	at org.apache.catalina.core.StandardContext.loadOnStartup(StandardContext.java:4673)
	at org.apache.catalina.core.StandardContext.startInternal(StandardContext.java:4980)
	at org.apache.catalina.util.LifecycleBase.start(LifecycleBase.java:183)
	at org.apache.catalina.core.ContainerBase.addChildInternal(ContainerBase.java:683)
	at org.apache.catalina.core.ContainerBase.addChild(ContainerBase.java:658)
	at org.apache.catalina.core.StandardHost.addChild(StandardHost.java:662)
	at org.apache.catalina.startup.HostConfig.deployDirectory(HostConfig.java:1184)
	at org.apache.catalina.startup.HostConfig$DeployDirectory.run(HostConfig.java:1932)
	at java.base/java.util.concurrent.Executors$RunnableAdapter.call(Executors.java:539)
	at java.base/java.util.concurrent.FutureTask.run(FutureTask.java:264)
	at org.apache.tomcat.util.threads.InlineExecutorService.execute(InlineExecutorService.java:75)
	at java.base/java.util.concurrent.AbstractExecutorService.submit(AbstractExecutorService.java:123)
	at org.apache.catalina.startup.HostConfig.deployDirectories(HostConfig.java:1094)
	at org.apache.catalina.startup.HostConfig.deployApps(HostConfig.java:476)
	at org.apache.catalina.startup.HostConfig.start(HostConfig.java:1617)
	at org.apache.catalina.startup.HostConfig.lifecycleEvent(HostConfig.java:318)
	at org.apache.catalina.util.LifecycleBase.fireLifecycleEvent(LifecycleBase.java:123)
	at org.apache.catalina.util.LifecycleBase.setStateInternal(LifecycleBase.java:423)
	at org.apache.catalina.util.LifecycleBase.setState(LifecycleBase.java:366)
	at org.apache.catalina.core.ContainerBase.startInternal(ContainerBase.java:893)
	at org.apache.catalina.core.StandardHost.startInternal(StandardHost.java:795)
	at org.apache.catalina.util.LifecycleBase.start(LifecycleBase.java:183)
	at org.apache.catalina.core.ContainerBase$StartChild.call(ContainerBase.java:1328)
	at org.apache.catalina.core.ContainerBase$StartChild.call(ContainerBase.java:1318)
	at java.base/java.util.concurrent.FutureTask.run(FutureTask.java:264)
	at org.apache.tomcat.util.threads.InlineExecutorService.execute(InlineExecutorService.java:75)
	at java.base/java.util.concurrent.AbstractExecutorService.submit(AbstractExecutorService.java:145)
	at org.apache.catalina.core.ContainerBase.startInternal(ContainerBase.java:866)
	at org.apache.catalina.core.StandardEngine.startInternal(StandardEngine.java:249)
	at org.apache.catalina.util.LifecycleBase.start(LifecycleBase.java:183)
	at org.apache.catalina.core.StandardService.startInternal(StandardService.java:428)
	at org.apache.catalina.util.LifecycleBase.start(LifecycleBase.java:183)
	at org.apache.catalina.core.StandardServer.startInternal(StandardServer.java:923)
	at org.apache.catalina.util.LifecycleBase.start(LifecycleBase.java:183)
	at org.apache.catalina.startup.Catalina.start(Catalina.java:772)
	at java.base/jdk.internal.reflect.NativeMethodAccessorImpl.invoke0(Native Method)
	at java.base/jdk.internal.reflect.NativeMethodAccessorImpl.invoke(NativeMethodAccessorImpl.java:77)
	at java.base/jdk.internal.reflect.DelegatingMethodAccessorImpl.invoke(DelegatingMethodAccessorImpl.java:43)
	at java.base/java.lang.reflect.Method.invoke(Method.java:568)
	at org.apache.catalina.startup.Bootstrap.start(Bootstrap.java:347)
	at org.apache.catalina.startup.Bootstrap.main(Bootstrap.java:478)


** END NESTED EXCEPTION **


Attempted reconnect 3 times. Giving up.
	at com.mysql.jdbc.SQLError.createSQLException(SQLError.java:888)
	at com.mysql.jdbc.Connection.createNewIO(Connection.java:2838)
	at com.mysql.jdbc.Connection.<init>(Connection.java:1531)
	at com.mysql.jdbc.NonRegisteringDriver.connect(NonRegisteringDriver.java:266)
	at java.sql/java.sql.DriverManager.getConnection(DriverManager.java:681)
	at java.sql/java.sql.DriverManager.getConnection(DriverManager.java:190)
	at org.logicalcobwebs.proxool.DefaultConnectionBuilder.buildConnection(DefaultConnectionBuilder.java:39)
	at org.logicalcobwebs.proxool.Prototyper.buildConnection(Prototyper.java:159)
	at org.logicalcobwebs.proxool.ConnectionPool.getConnection(ConnectionPool.java:217)
	at org.logicalcobwebs.proxool.ProxoolDriver.connect(ProxoolDriver.java:89)
	at java.sql/java.sql.DriverManager.getConnection(DriverManager.java:681)
	at java.sql/java.sql.DriverManager.getConnection(DriverManager.java:252)
	at yoyo.server.login.database.ConnPool.getConnection(ConnPool.java:96)
	at yoyo.server.login.database.LoginDAO.init(LoginDAO.java:190)
	at yoyo.server.login.LoginServer.init(LoginServer.java:71)
	at yoyo.server.login.LoginServer.<init>(LoginServer.java:51)
	at yoyo.server.login.LoginServer.getInstance(LoginServer.java:59)
	at loginserver.SetAccountMsisdn.init(SetAccountMsisdn.java:108)
	at javax.servlet.GenericServlet.init(GenericServlet.java:143)
	at org.apache.catalina.core.StandardWrapper.initServlet(StandardWrapper.java:1106)
	at org.apache.catalina.core.StandardWrapper.loadServlet(StandardWrapper.java:1063)
	at org.apache.catalina.core.StandardWrapper.load(StandardWrapper.java:960)
	at org.apache.catalina.core.StandardContext.loadOnStartup(StandardContext.java:4673)
	at org.apache.catalina.core.StandardContext.startInternal(StandardContext.java:4980)
	at org.apache.catalina.util.LifecycleBase.start(LifecycleBase.java:183)
	at org.apache.catalina.core.ContainerBase.addChildInternal(ContainerBase.java:683)
	at org.apache.catalina.core.ContainerBase.addChild(ContainerBase.java:658)
	at org.apache.catalina.core.StandardHost.addChild(StandardHost.java:662)
	at org.apache.catalina.startup.HostConfig.deployDirectory(HostConfig.java:1184)
	at org.apache.catalina.startup.HostConfig$DeployDirectory.run(HostConfig.java:1932)
	at java.base/java.util.concurrent.Executors$RunnableAdapter.call(Executors.java:539)
	at java.base/java.util.concurrent.FutureTask.run(FutureTask.java:264)
	at org.apache.tomcat.util.threads.InlineExecutorService.execute(InlineExecutorService.java:75)
	at java.base/java.util.concurrent.AbstractExecutorService.submit(AbstractExecutorService.java:123)
	at org.apache.catalina.startup.HostConfig.deployDirectories(HostConfig.java:1094)
	at org.apache.catalina.startup.HostConfig.deployApps(HostConfig.java:476)
	at org.apache.catalina.startup.HostConfig.start(HostConfig.java:1617)
	at org.apache.catalina.startup.HostConfig.lifecycleEvent(HostConfig.java:318)
	at org.apache.catalina.util.LifecycleBase.fireLifecycleEvent(LifecycleBase.java:123)
	at org.apache.catalina.util.LifecycleBase.setStateInternal(LifecycleBase.java:423)
	at org.apache.catalina.util.LifecycleBase.setState(LifecycleBase.java:366)
	at org.apache.catalina.core.ContainerBase.startInternal(ContainerBase.java:893)
	at org.apache.catalina.core.StandardHost.startInternal(StandardHost.java:795)
	at org.apache.catalina.util.LifecycleBase.start(LifecycleBase.java:183)
	at org.apache.catalina.core.ContainerBase$StartChild.call(ContainerBase.java:1328)
	at org.apache.catalina.core.ContainerBase$StartChild.call(ContainerBase.java:1318)
	at java.base/java.util.concurrent.FutureTask.run(FutureTask.java:264)
	at org.apache.tomcat.util.threads.InlineExecutorService.execute(InlineExecutorService.java:75)
	at java.base/java.util.concurrent.AbstractExecutorService.submit(AbstractExecutorService.java:145)
	at org.apache.catalina.core.ContainerBase.startInternal(ContainerBase.java:866)
	at org.apache.catalina.core.StandardEngine.startInternal(StandardEngine.java:249)
	at org.apache.catalina.util.LifecycleBase.start(LifecycleBase.java:183)
	at org.apache.catalina.core.StandardService.startInternal(StandardService.java:428)
	at org.apache.catalina.util.LifecycleBase.start(LifecycleBase.java:183)
	at org.apache.catalina.core.StandardServer.startInternal(StandardServer.java:923)
	at org.apache.catalina.util.LifecycleBase.start(LifecycleBase.java:183)
	at org.apache.catalina.startup.Catalina.start(Catalina.java:772)
	at java.base/jdk.internal.reflect.NativeMethodAccessorImpl.invoke0(Native Method)
	at java.base/jdk.internal.reflect.NativeMethodAccessorImpl.invoke(NativeMethodAccessorImpl.java:77)
	at java.base/jdk.internal.reflect.DelegatingMethodAccessorImpl.invoke(DelegatingMethodAccessorImpl.java:43)
	at java.base/java.lang.reflect.Method.invoke(Method.java:568)
	at org.apache.catalina.startup.Bootstrap.start(Bootstrap.java:347)
	at org.apache.catalina.startup.Bootstrap.main(Bootstrap.java:478)
2023-06-13 18:25:43,464 [main] INFO  YOYO - Error in yoyo.server.login.database.LoginDAO::init()
java.lang.NullPointerException: Cannot invoke "java.sql.Connection.prepareStatement(String)" because "conn" is null
2023-06-13 18:25:43,575 [main] INFO  YOYO - ??????????
2023-06-13 18:25:47,603 [main] ERROR YOYO - 
com.mysql.jdbc.exceptions.MySQLNonTransientConnectionException: Server connection failure during transaction. Due to underlying exception: 'java.sql.SQLException: Access denied for user 'root'@'localhost' (using password: YES)'.

** BEGIN NESTED EXCEPTION ** 

java.sql.SQLException
MESSAGE: Access denied for user 'root'@'localhost' (using password: YES)

STACKTRACE:

java.sql.SQLException: Access denied for user 'root'@'localhost' (using password: YES)
	at com.mysql.jdbc.SQLError.createSQLException(SQLError.java:946)
	at com.mysql.jdbc.MysqlIO.checkErrorPacket(MysqlIO.java:2870)
	at com.mysql.jdbc.MysqlIO.checkErrorPacket(MysqlIO.java:812)
	at com.mysql.jdbc.MysqlIO.secureAuth411(MysqlIO.java:3269)
	at com.mysql.jdbc.MysqlIO.doHandshake(MysqlIO.java:1182)
	at com.mysql.jdbc.Connection.createNewIO(Connection.java:2772)
	at com.mysql.jdbc.Connection.<init>(Connection.java:1531)
	at com.mysql.jdbc.NonRegisteringDriver.connect(NonRegisteringDriver.java:266)
	at java.sql/java.sql.DriverManager.getConnection(DriverManager.java:681)
	at java.sql/java.sql.DriverManager.getConnection(DriverManager.java:190)
	at org.logicalcobwebs.proxool.DefaultConnectionBuilder.buildConnection(DefaultConnectionBuilder.java:39)
	at org.logicalcobwebs.proxool.Prototyper.buildConnection(Prototyper.java:159)
	at org.logicalcobwebs.proxool.ConnectionPool.getConnection(ConnectionPool.java:217)
	at org.logicalcobwebs.proxool.ProxoolDriver.connect(ProxoolDriver.java:89)
	at java.sql/java.sql.DriverManager.getConnection(DriverManager.java:681)
	at java.sql/java.sql.DriverManager.getConnection(DriverManager.java:252)
	at yoyo.server.login.database.ConnPool.getConnection(ConnPool.java:96)
	at yoyo.server.login.blackname.BlackNameManager.load(BlackNameManager.java:83)
	at yoyo.server.login.blackname.BlackNameManager.<init>(BlackNameManager.java:44)
	at yoyo.server.login.blackname.BlackNameManager.getInstance(BlackNameManager.java:54)
	at yoyo.server.login.LoginServer.init(LoginServer.java:77)
	at yoyo.server.login.LoginServer.<init>(LoginServer.java:51)
	at yoyo.server.login.LoginServer.getInstance(LoginServer.java:59)
	at loginserver.SetAccountMsisdn.init(SetAccountMsisdn.java:108)
	at javax.servlet.GenericServlet.init(GenericServlet.java:143)
	at org.apache.catalina.core.StandardWrapper.initServlet(StandardWrapper.java:1106)
	at org.apache.catalina.core.StandardWrapper.loadServlet(StandardWrapper.java:1063)
	at org.apache.catalina.core.StandardWrapper.load(StandardWrapper.java:960)
	at org.apache.catalina.core.StandardContext.loadOnStartup(StandardContext.java:4673)
	at org.apache.catalina.core.StandardContext.startInternal(StandardContext.java:4980)
	at org.apache.catalina.util.LifecycleBase.start(LifecycleBase.java:183)
	at org.apache.catalina.core.ContainerBase.addChildInternal(ContainerBase.java:683)
	at org.apache.catalina.core.ContainerBase.addChild(ContainerBase.java:658)
	at org.apache.catalina.core.StandardHost.addChild(StandardHost.java:662)
	at org.apache.catalina.startup.HostConfig.deployDirectory(HostConfig.java:1184)
	at org.apache.catalina.startup.HostConfig$DeployDirectory.run(HostConfig.java:1932)
	at java.base/java.util.concurrent.Executors$RunnableAdapter.call(Executors.java:539)
	at java.base/java.util.concurrent.FutureTask.run(FutureTask.java:264)
	at org.apache.tomcat.util.threads.InlineExecutorService.execute(InlineExecutorService.java:75)
	at java.base/java.util.concurrent.AbstractExecutorService.submit(AbstractExecutorService.java:123)
	at org.apache.catalina.startup.HostConfig.deployDirectories(HostConfig.java:1094)
	at org.apache.catalina.startup.HostConfig.deployApps(HostConfig.java:476)
	at org.apache.catalina.startup.HostConfig.start(HostConfig.java:1617)
	at org.apache.catalina.startup.HostConfig.lifecycleEvent(HostConfig.java:318)
	at org.apache.catalina.util.LifecycleBase.fireLifecycleEvent(LifecycleBase.java:123)
	at org.apache.catalina.util.LifecycleBase.setStateInternal(LifecycleBase.java:423)
	at org.apache.catalina.util.LifecycleBase.setState(LifecycleBase.java:366)
	at org.apache.catalina.core.ContainerBase.startInternal(ContainerBase.java:893)
	at org.apache.catalina.core.StandardHost.startInternal(StandardHost.java:795)
	at org.apache.catalina.util.LifecycleBase.start(LifecycleBase.java:183)
	at org.apache.catalina.core.ContainerBase$StartChild.call(ContainerBase.java:1328)
	at org.apache.catalina.core.ContainerBase$StartChild.call(ContainerBase.java:1318)
	at java.base/java.util.concurrent.FutureTask.run(FutureTask.java:264)
	at org.apache.tomcat.util.threads.InlineExecutorService.execute(InlineExecutorService.java:75)
	at java.base/java.util.concurrent.AbstractExecutorService.submit(AbstractExecutorService.java:145)
	at org.apache.catalina.core.ContainerBase.startInternal(ContainerBase.java:866)
	at org.apache.catalina.core.StandardEngine.startInternal(StandardEngine.java:249)
	at org.apache.catalina.util.LifecycleBase.start(LifecycleBase.java:183)
	at org.apache.catalina.core.StandardService.startInternal(StandardService.java:428)
	at org.apache.catalina.util.LifecycleBase.start(LifecycleBase.java:183)
	at org.apache.catalina.core.StandardServer.startInternal(StandardServer.java:923)
	at org.apache.catalina.util.LifecycleBase.start(LifecycleBase.java:183)
	at org.apache.catalina.startup.Catalina.start(Catalina.java:772)
	at java.base/jdk.internal.reflect.NativeMethodAccessorImpl.invoke0(Native Method)
	at java.base/jdk.internal.reflect.NativeMethodAccessorImpl.invoke(NativeMethodAccessorImpl.java:77)
	at java.base/jdk.internal.reflect.DelegatingMethodAccessorImpl.invoke(DelegatingMethodAccessorImpl.java:43)
	at java.base/java.lang.reflect.Method.invoke(Method.java:568)
	at org.apache.catalina.startup.Bootstrap.start(Bootstrap.java:347)
	at org.apache.catalina.startup.Bootstrap.main(Bootstrap.java:478)


** END NESTED EXCEPTION **


Attempted reconnect 3 times. Giving up.
	at com.mysql.jdbc.SQLError.createSQLException(SQLError.java:888)
	at com.mysql.jdbc.Connection.createNewIO(Connection.java:2838)
	at com.mysql.jdbc.Connection.<init>(Connection.java:1531)
	at com.mysql.jdbc.NonRegisteringDriver.connect(NonRegisteringDriver.java:266)
	at java.sql/java.sql.DriverManager.getConnection(DriverManager.java:681)
	at java.sql/java.sql.DriverManager.getConnection(DriverManager.java:190)
	at org.logicalcobwebs.proxool.DefaultConnectionBuilder.buildConnection(DefaultConnectionBuilder.java:39)
	at org.logicalcobwebs.proxool.Prototyper.buildConnection(Prototyper.java:159)
	at org.logicalcobwebs.proxool.ConnectionPool.getConnection(ConnectionPool.java:217)
	at org.logicalcobwebs.proxool.ProxoolDriver.connect(ProxoolDriver.java:89)
	at java.sql/java.sql.DriverManager.getConnection(DriverManager.java:681)
	at java.sql/java.sql.DriverManager.getConnection(DriverManager.java:252)
	at yoyo.server.login.database.ConnPool.getConnection(ConnPool.java:96)
	at yoyo.server.login.blackname.BlackNameManager.load(BlackNameManager.java:83)
	at yoyo.server.login.blackname.BlackNameManager.<init>(BlackNameManager.java:44)
	at yoyo.server.login.blackname.BlackNameManager.getInstance(BlackNameManager.java:54)
	at yoyo.server.login.LoginServer.init(LoginServer.java:77)
	at yoyo.server.login.LoginServer.<init>(LoginServer.java:51)
	at yoyo.server.login.LoginServer.getInstance(LoginServer.java:59)
	at loginserver.SetAccountMsisdn.init(SetAccountMsisdn.java:108)
	at javax.servlet.GenericServlet.init(GenericServlet.java:143)
	at org.apache.catalina.core.StandardWrapper.initServlet(StandardWrapper.java:1106)
	at org.apache.catalina.core.StandardWrapper.loadServlet(StandardWrapper.java:1063)
	at org.apache.catalina.core.StandardWrapper.load(StandardWrapper.java:960)
	at org.apache.catalina.core.StandardContext.loadOnStartup(StandardContext.java:4673)
	at org.apache.catalina.core.StandardContext.startInternal(StandardContext.java:4980)
	at org.apache.catalina.util.LifecycleBase.start(LifecycleBase.java:183)
	at org.apache.catalina.core.ContainerBase.addChildInternal(ContainerBase.java:683)
	at org.apache.catalina.core.ContainerBase.addChild(ContainerBase.java:658)
	at org.apache.catalina.core.StandardHost.addChild(StandardHost.java:662)
	at org.apache.catalina.startup.HostConfig.deployDirectory(HostConfig.java:1184)
	at org.apache.catalina.startup.HostConfig$DeployDirectory.run(HostConfig.java:1932)
	at java.base/java.util.concurrent.Executors$RunnableAdapter.call(Executors.java:539)
	at java.base/java.util.concurrent.FutureTask.run(FutureTask.java:264)
	at org.apache.tomcat.util.threads.InlineExecutorService.execute(InlineExecutorService.java:75)
	at java.base/java.util.concurrent.AbstractExecutorService.submit(AbstractExecutorService.java:123)
	at org.apache.catalina.startup.HostConfig.deployDirectories(HostConfig.java:1094)
	at org.apache.catalina.startup.HostConfig.deployApps(HostConfig.java:476)
	at org.apache.catalina.startup.HostConfig.start(HostConfig.java:1617)
	at org.apache.catalina.startup.HostConfig.lifecycleEvent(HostConfig.java:318)
	at org.apache.catalina.util.LifecycleBase.fireLifecycleEvent(LifecycleBase.java:123)
	at org.apache.catalina.util.LifecycleBase.setStateInternal(LifecycleBase.java:423)
	at org.apache.catalina.util.LifecycleBase.setState(LifecycleBase.java:366)
	at org.apache.catalina.core.ContainerBase.startInternal(ContainerBase.java:893)
	at org.apache.catalina.core.StandardHost.startInternal(StandardHost.java:795)
	at org.apache.catalina.util.LifecycleBase.start(LifecycleBase.java:183)
	at org.apache.catalina.core.ContainerBase$StartChild.call(ContainerBase.java:1328)
	at org.apache.catalina.core.ContainerBase$StartChild.call(ContainerBase.java:1318)
	at java.base/java.util.concurrent.FutureTask.run(FutureTask.java:264)
	at org.apache.tomcat.util.threads.InlineExecutorService.execute(InlineExecutorService.java:75)
	at java.base/java.util.concurrent.AbstractExecutorService.submit(AbstractExecutorService.java:145)
	at org.apache.catalina.core.ContainerBase.startInternal(ContainerBase.java:866)
	at org.apache.catalina.core.StandardEngine.startInternal(StandardEngine.java:249)
	at org.apache.catalina.util.LifecycleBase.start(LifecycleBase.java:183)
	at org.apache.catalina.core.StandardService.startInternal(StandardService.java:428)
	at org.apache.catalina.util.LifecycleBase.start(LifecycleBase.java:183)
	at org.apache.catalina.core.StandardServer.startInternal(StandardServer.java:923)
	at org.apache.catalina.util.LifecycleBase.start(LifecycleBase.java:183)
	at org.apache.catalina.startup.Catalina.start(Catalina.java:772)
	at java.base/jdk.internal.reflect.NativeMethodAccessorImpl.invoke0(Native Method)
	at java.base/jdk.internal.reflect.NativeMethodAccessorImpl.invoke(NativeMethodAccessorImpl.java:77)
	at java.base/jdk.internal.reflect.DelegatingMethodAccessorImpl.invoke(DelegatingMethodAccessorImpl.java:43)
	at java.base/java.lang.reflect.Method.invoke(Method.java:568)
	at org.apache.catalina.startup.Bootstrap.start(Bootstrap.java:347)
	at org.apache.catalina.startup.Bootstrap.main(Bootstrap.java:478)
2023-06-13 18:25:47,604 [main] ERROR YOYO - 
java.lang.NullPointerException: Cannot invoke "java.sql.Connection.prepareStatement(String)" because "conn" is null
	at yoyo.server.login.blackname.BlackNameManager.load(BlackNameManager.java:84)
	at yoyo.server.login.blackname.BlackNameManager.<init>(BlackNameManager.java:44)
	at yoyo.server.login.blackname.BlackNameManager.getInstance(BlackNameManager.java:54)
	at yoyo.server.login.LoginServer.init(LoginServer.java:77)
	at yoyo.server.login.LoginServer.<init>(LoginServer.java:51)
	at yoyo.server.login.LoginServer.getInstance(LoginServer.java:59)
	at loginserver.SetAccountMsisdn.init(SetAccountMsisdn.java:108)
	at javax.servlet.GenericServlet.init(GenericServlet.java:143)
	at org.apache.catalina.core.StandardWrapper.initServlet(StandardWrapper.java:1106)
	at org.apache.catalina.core.StandardWrapper.loadServlet(StandardWrapper.java:1063)
	at org.apache.catalina.core.StandardWrapper.load(StandardWrapper.java:960)
	at org.apache.catalina.core.StandardContext.loadOnStartup(StandardContext.java:4673)
	at org.apache.catalina.core.StandardContext.startInternal(StandardContext.java:4980)
	at org.apache.catalina.util.LifecycleBase.start(LifecycleBase.java:183)
	at org.apache.catalina.core.ContainerBase.addChildInternal(ContainerBase.java:683)
	at org.apache.catalina.core.ContainerBase.addChild(ContainerBase.java:658)
	at org.apache.catalina.core.StandardHost.addChild(StandardHost.java:662)
	at org.apache.catalina.startup.HostConfig.deployDirectory(HostConfig.java:1184)
	at org.apache.catalina.startup.HostConfig$DeployDirectory.run(HostConfig.java:1932)
	at java.base/java.util.concurrent.Executors$RunnableAdapter.call(Executors.java:539)
	at java.base/java.util.concurrent.FutureTask.run(FutureTask.java:264)
	at org.apache.tomcat.util.threads.InlineExecutorService.execute(InlineExecutorService.java:75)
	at java.base/java.util.concurrent.AbstractExecutorService.submit(AbstractExecutorService.java:123)
	at org.apache.catalina.startup.HostConfig.deployDirectories(HostConfig.java:1094)
	at org.apache.catalina.startup.HostConfig.deployApps(HostConfig.java:476)
	at org.apache.catalina.startup.HostConfig.start(HostConfig.java:1617)
	at org.apache.catalina.startup.HostConfig.lifecycleEvent(HostConfig.java:318)
	at org.apache.catalina.util.LifecycleBase.fireLifecycleEvent(LifecycleBase.java:123)
	at org.apache.catalina.util.LifecycleBase.setStateInternal(LifecycleBase.java:423)
	at org.apache.catalina.util.LifecycleBase.setState(LifecycleBase.java:366)
	at org.apache.catalina.core.ContainerBase.startInternal(ContainerBase.java:893)
	at org.apache.catalina.core.StandardHost.startInternal(StandardHost.java:795)
	at org.apache.catalina.util.LifecycleBase.start(LifecycleBase.java:183)
	at org.apache.catalina.core.ContainerBase$StartChild.call(ContainerBase.java:1328)
	at org.apache.catalina.core.ContainerBase$StartChild.call(ContainerBase.java:1318)
	at java.base/java.util.concurrent.FutureTask.run(FutureTask.java:264)
	at org.apache.tomcat.util.threads.InlineExecutorService.execute(InlineExecutorService.java:75)
	at java.base/java.util.concurrent.AbstractExecutorService.submit(AbstractExecutorService.java:145)
	at org.apache.catalina.core.ContainerBase.startInternal(ContainerBase.java:866)
	at org.apache.catalina.core.StandardEngine.startInternal(StandardEngine.java:249)
	at org.apache.catalina.util.LifecycleBase.start(LifecycleBase.java:183)
	at org.apache.catalina.core.StandardService.startInternal(StandardService.java:428)
	at org.apache.catalina.util.LifecycleBase.start(LifecycleBase.java:183)
	at org.apache.catalina.core.StandardServer.startInternal(StandardServer.java:923)
	at org.apache.catalina.util.LifecycleBase.start(LifecycleBase.java:183)
	at org.apache.catalina.startup.Catalina.start(Catalina.java:772)
	at java.base/jdk.internal.reflect.NativeMethodAccessorImpl.invoke0(Native Method)
	at java.base/jdk.internal.reflect.NativeMethodAccessorImpl.invoke(NativeMethodAccessorImpl.java:77)
	at java.base/jdk.internal.reflect.DelegatingMethodAccessorImpl.invoke(DelegatingMethodAccessorImpl.java:43)
	at java.base/java.lang.reflect.Method.invoke(Method.java:568)
	at org.apache.catalina.startup.Bootstrap.start(Bootstrap.java:347)
	at org.apache.catalina.startup.Bootstrap.main(Bootstrap.java:478)
2023-06-13 18:27:15,813 [main] INFO  YOYO - yoyo.server.login.database.ConnPool complete init.
2023-06-13 18:27:16,427 [main] INFO  YOYO - ??????????
2023-06-13 18:27:16,459 [main] INFO  YOYO - ???????
2023-06-13 18:46:50,914 [main] INFO  YOYO - yoyo.server.login.database.ConnPool complete init.
2023-06-13 18:46:51,278 [main] INFO  YOYO - ??????????
2023-06-13 18:46:51,302 [main] INFO  YOYO - ???????
2023-06-13 18:50:45,875 [main] INFO  YOYO - yoyo.server.login.database.ConnPool complete init.
2023-06-13 18:50:46,201 [main] INFO  YOYO - ??????????
2023-06-13 18:50:46,227 [main] INFO  YOYO - ???????
2023-06-13 18:52:34,180 [main] INFO  YOYO - yoyo.server.login.database.ConnPool complete init.
2023-06-13 18:52:34,591 [main] INFO  YOYO - ??????????
2023-06-13 18:52:34,617 [main] INFO  YOYO - ???????
2023-06-13 18:56:14,965 [main] INFO  YOYO - yoyo.server.login.database.ConnPool complete init.
2023-06-13 18:56:15,317 [main] INFO  YOYO - ??????????
2023-06-13 18:56:15,340 [main] INFO  YOYO - ???????
2023-06-13 18:59:31,703 [main] INFO  YOYO - yoyo.server.login.database.ConnPool complete init.
2023-06-13 18:59:32,085 [main] INFO  YOYO - ??????????
2023-06-13 18:59:32,112 [main] INFO  YOYO - ???????
2023-06-13 19:02:48,812 [main] INFO  YOYO - yoyo.server.login.database.ConnPool complete init.
2023-06-13 19:02:49,175 [main] INFO  YOYO - ??????????
2023-06-13 19:02:49,200 [main] INFO  YOYO - ???????
2023-06-13 19:05:16,928 [main] INFO  YOYO - yoyo.server.login.database.ConnPool complete init.
2023-06-13 19:05:17,293 [main] INFO  YOYO - ??????????
2023-06-13 19:05:17,319 [main] INFO  YOYO - ???????
2023-06-13 19:08:39,639 [main] INFO  YOYO - yoyo.server.login.database.ConnPool complete init.
2023-06-13 19:08:40,022 [main] INFO  YOYO - ??????????
2023-06-13 19:08:40,046 [main] INFO  YOYO - ???????
2023-06-13 19:10:57,693 [main] INFO  YOYO - yoyo.server.login.database.ConnPool complete init.
2023-06-13 19:10:58,070 [main] INFO  YOYO - ??????????
2023-06-13 19:10:58,095 [main] INFO  YOYO - ???????
2023-06-13 19:12:55,244 [main] INFO  YOYO - yoyo.server.login.database.ConnPool complete init.
2023-06-13 19:12:55,594 [main] INFO  YOYO - ??????????
2023-06-13 19:12:55,619 [main] INFO  YOYO - ???????
2023-06-13 19:15:22,100 [main] INFO  YOYO - yoyo.server.login.database.ConnPool complete init.
2023-06-13 19:15:22,454 [main] INFO  YOYO - ??????????
2023-06-13 19:15:22,480 [main] INFO  YOYO - ???????
2023-06-13 19:21:06,911 [main] INFO  YOYO - yoyo.server.login.database.ConnPool complete init.
2023-06-13 19:21:07,316 [main] INFO  YOYO - ??????????
2023-06-13 19:21:07,348 [main] INFO  YOYO - ???????
2023-06-13 19:25:41,122 [main] INFO  YOYO - yoyo.server.login.database.ConnPool complete init.
2023-06-13 19:25:41,487 [main] INFO  YOYO - ??????????
2023-06-13 19:25:41,511 [main] INFO  YOYO - ???????
2023-06-13 19:43:27,060 [main] INFO  YOYO - yoyo.server.login.database.ConnPool complete init.
2023-06-13 19:43:27,673 [main] INFO  YOYO - ??????????
2023-06-13 19:43:27,695 [main] INFO  YOYO - ???????
2023-06-13 21:50:58,218 [main] INFO  YOYO - yoyo.server.login.database.ConnPool complete init.
2023-06-13 21:50:58,582 [main] INFO  YOYO - ??????????
2023-06-13 21:50:58,613 [main] INFO  YOYO - ???????
2023-06-13 21:53:24,058 [main] INFO  YOYO - yoyo.server.login.database.ConnPool complete init.
2023-06-13 21:53:24,421 [main] INFO  YOYO - ??????????
2023-06-13 21:53:24,452 [main] INFO  YOYO - ???????
2023-06-13 21:58:24,762 [main] INFO  YOYO - yoyo.server.login.database.ConnPool complete init.
2023-06-13 21:58:25,116 [main] INFO  YOYO - ??????????
2023-06-13 21:58:25,144 [main] INFO  YOYO - ???????
2023-06-14 08:43:27,920 [main] INFO  YOYO - yoyo.server.login.database.ConnPool complete init.
2023-06-14 08:43:28,335 [main] INFO  YOYO - ??????????
2023-06-14 08:43:28,407 [main] INFO  YOYO - ???????
2023-06-14 15:59:51,344 [main] INFO  YOYO - yoyo.server.login.database.ConnPool complete init.
2023-06-14 15:59:51,866 [main] INFO  YOYO - ??????????
2023-06-14 15:59:51,982 [main] INFO  YOYO - ???????
2023-06-14 16:01:14,505 [main] INFO  YOYO - yoyo.server.login.database.ConnPool complete init.
2023-06-14 16:01:14,915 [main] INFO  YOYO - ??????????
2023-06-14 16:01:14,950 [main] INFO  YOYO - ???????
2023-06-14 16:04:59,999 [main] INFO  YOYO - yoyo.server.login.database.ConnPool complete init.
2023-06-14 16:05:00,496 [main] INFO  YOYO - ??????????
2023-06-14 16:05:00,529 [main] INFO  YOYO - ???????
2023-06-14 16:10:08,514 [main] INFO  YOYO - yoyo.server.login.database.ConnPool complete init.
2023-06-14 16:10:08,899 [main] INFO  YOYO - ??????????
2023-06-14 16:10:08,926 [main] INFO  YOYO - ???????
2023-06-14 16:41:07,688 [main] INFO  YOYO - yoyo.server.login.database.ConnPool complete init.
2023-06-14 16:41:08,078 [main] INFO  YOYO - ??????????
2023-06-14 16:41:08,112 [main] INFO  YOYO - ???????
2023-06-14 16:59:32,624 [main] INFO  YOYO - yoyo.server.login.database.ConnPool complete init.
2023-06-14 16:59:33,022 [main] INFO  YOYO - ??????????
2023-06-14 16:59:33,048 [main] INFO  YOYO - ???????
2023-06-14 17:40:02,550 [main] INFO  YOYO - yoyo.server.login.database.ConnPool complete init.
2023-06-14 17:40:02,969 [main] INFO  YOYO - ??????????
2023-06-14 17:40:03,006 [main] INFO  YOYO - ???????
2023-06-14 19:38:11,522 [main] INFO  YOYO - yoyo.server.login.database.ConnPool complete init.
2023-06-14 19:38:12,409 [main] INFO  YOYO - ??????????
2023-06-14 19:38:12,453 [main] INFO  YOYO - ???????
2023-06-14 19:48:41,665 [main] INFO  YOYO - yoyo.server.login.database.ConnPool complete init.
2023-06-14 19:48:42,039 [main] INFO  YOYO - ??????????
2023-06-14 19:48:42,068 [main] INFO  YOYO - ???????
2023-06-14 19:49:58,997 [main] INFO  YOYO - yoyo.server.login.database.ConnPool complete init.
2023-06-14 19:49:59,471 [main] INFO  YOYO - ??????????
2023-06-14 19:49:59,534 [main] INFO  YOYO - ???????
2023-06-14 19:53:32,659 [main] INFO  YOYO - yoyo.server.login.database.ConnPool complete init.
2023-06-14 19:53:33,071 [main] INFO  YOYO - ??????????
2023-06-14 19:53:33,101 [main] INFO  YOYO - ???????
2023-06-14 20:12:18,934 [main] INFO  YOYO - yoyo.server.login.database.ConnPool complete init.
2023-06-14 20:12:19,327 [main] INFO  YOYO - ??????????
2023-06-14 20:12:19,355 [main] INFO  YOYO - ???????
2023-06-14 20:12:37,493 [http-nio-8080-exec-1] INFO  YOYO - ??:vinh12345???,??????
2023-06-14 20:25:20,409 [main] INFO  YOYO - yoyo.server.login.database.ConnPool complete init.
2023-06-14 20:25:20,784 [main] INFO  YOYO - ??????????
2023-06-14 20:25:20,813 [main] INFO  YOYO - ???????
2023-06-14 20:25:34,861 [http-nio-8080-exec-1] INFO  YOYO - ??:vinh12345???,??????
2023-06-14 20:29:40,031 [main] INFO  YOYO - yoyo.server.login.database.ConnPool complete init.
2023-06-14 20:29:40,416 [main] INFO  YOYO - ??????????
2023-06-14 20:29:40,441 [main] INFO  YOYO - ???????
2023-06-14 20:29:58,529 [http-nio-8080-exec-3] INFO  YOYO - ??:vinh12345???,??????
2023-06-14 20:31:22,505 [main] INFO  YOYO - yoyo.server.login.database.ConnPool complete init.
2023-06-14 20:31:22,886 [main] INFO  YOYO - ??????????
2023-06-14 20:31:22,914 [main] INFO  YOYO - ???????
2023-06-14 20:41:07,306 [main] INFO  YOYO - yoyo.server.login.database.ConnPool complete init.
2023-06-14 20:41:07,731 [main] INFO  YOYO - ??????????
2023-06-14 20:41:07,759 [main] INFO  YOYO - ???????
2023-06-14 20:47:36,562 [main] INFO  YOYO - yoyo.server.login.database.ConnPool complete init.
2023-06-14 20:47:36,975 [main] INFO  YOYO - ??????????
2023-06-14 20:47:37,012 [main] INFO  YOYO - ???????
