[2023-06-17 00:00:00,550]-INFO  (yoyo.server.login.GameServerManager:336)|??????????????? isrunning=true,playerNumber=1
[2023-06-17 00:00:05,550]-INFO  (yoyo.server.login.GameServerManager:336)|??????????????? isrunning=true,playerNumber=1
[2023-06-17 00:00:10,550]-INFO  (yoyo.server.login.GameServerManager:336)|??????????????? isrunning=true,playerNumber=1
[2023-06-17 00:00:15,550]-INFO  (yoyo.server.login.GameServerManager:336)|??????????????? isrunning=true,playerNumber=1
[2023-06-17 00:00:20,551]-INFO  (yoyo.server.login.GameServerManager:336)|??????????????? isrunning=true,playerNumber=1
[2023-06-17 00:00:25,551]-INFO  (yoyo.server.login.GameServerManager:336)|??????????????? isrunning=true,playerNumber=1
[2023-06-17 00:00:30,552]-INFO  (yoyo.server.login.GameServerManager:336)|??????????????? isrunning=true,playerNumber=1
[2023-06-17 00:00:35,552]-INFO  (yoyo.server.login.GameServerManager:336)|??????????????? isrunning=true,playerNumber=1
[2023-06-17 00:00:40,552]-INFO  (yoyo.server.login.GameServerManager:336)|??????????????? isrunning=true,playerNumber=1
[2023-06-17 00:00:45,553]-INFO  (yoyo.server.login.GameServerManager:336)|??????????????? isrunning=true,playerNumber=1
[2023-06-17 00:00:50,554]-INFO  (yoyo.server.login.GameServerManager:336)|??????????????? isrunning=true,playerNumber=1
[2023-06-17 00:00:55,554]-INFO  (yoyo.server.login.GameServerManager:336)|??????????????? isrunning=true,playerNumber=1
[2023-06-17 00:01:00,555]-INFO  (yoyo.server.login.GameServerManager:336)|??????????????? isrunning=true,playerNumber=1
[2023-06-17 00:01:05,555]-INFO  (yoyo.server.login.GameServerManager:336)|??????????????? isrunning=true,playerNumber=1
[2023-06-17 00:01:10,556]-INFO  (yoyo.server.login.GameServerManager:336)|??????????????? isrunning=true,playerNumber=1
[2023-06-17 00:01:15,557]-INFO  (yoyo.server.login.GameServerManager:336)|??????????????? isrunning=true,playerNumber=1
[2023-06-17 00:01:20,558]-INFO  (yoyo.server.login.GameServerManager:336)|??????????????? isrunning=true,playerNumber=1
[2023-06-17 00:01:25,558]-INFO  (yoyo.server.login.GameServerManager:336)|??????????????? isrunning=true,playerNumber=1
[2023-06-17 00:01:30,558]-INFO  (yoyo.server.login.GameServerManager:336)|??????????????? isrunning=true,playerNumber=1
[2023-06-17 00:01:35,559]-INFO  (yoyo.server.login.GameServerManager:336)|??????????????? isrunning=true,playerNumber=1
[2023-06-17 00:01:40,559]-INFO  (yoyo.server.login.GameServerManager:336)|??????????????? isrunning=true,playerNumber=1
[2023-06-17 00:01:45,560]-INFO  (yoyo.server.login.GameServerManager:336)|??????????????? isrunning=true,playerNumber=1
[2023-06-17 00:01:50,561]-INFO  (yoyo.server.login.GameServerManager:336)|??????????????? isrunning=true,playerNumber=1
[2023-06-17 00:01:55,561]-INFO  (yoyo.server.login.GameServerManager:336)|??????????????? isrunning=true,playerNumber=1
[2023-06-17 00:02:00,562]-INFO  (yoyo.server.login.GameServerManager:336)|??????????????? isrunning=true,playerNumber=1
[2023-06-17 00:02:05,562]-INFO  (yoyo.server.login.GameServerManager:336)|??????????????? isrunning=true,playerNumber=1
[2023-06-17 00:02:10,562]-INFO  (yoyo.server.login.GameServerManager:336)|??????????????? isrunning=true,playerNumber=1
[2023-06-17 00:02:15,563]-INFO  (yoyo.server.login.GameServerManager:336)|??????????????? isrunning=true,playerNumber=1
[2023-06-17 00:02:20,563]-INFO  (yoyo.server.login.GameServerManager:336)|??????????????? isrunning=true,playerNumber=1
[2023-06-17 00:02:25,563]-INFO  (yoyo.server.login.GameServerManager:336)|??????????????? isrunning=true,playerNumber=1
[2023-06-17 00:02:30,564]-INFO  (yoyo.server.login.GameServerManager:336)|??????????????? isrunning=true,playerNumber=1
[2023-06-17 00:02:35,564]-INFO  (yoyo.server.login.GameServerManager:336)|??????????????? isrunning=true,playerNumber=1
[2023-06-17 00:02:40,565]-INFO  (yoyo.server.login.GameServerManager:336)|??????????????? isrunning=true,playerNumber=1
[2023-06-17 00:02:45,565]-INFO  (yoyo.server.login.GameServerManager:336)|??????????????? isrunning=true,playerNumber=1
[2023-06-17 00:02:50,565]-INFO  (yoyo.server.login.GameServerManager:336)|??????????????? isrunning=true,playerNumber=1
[2023-06-17 00:02:55,566]-INFO  (yoyo.server.login.GameServerManager:336)|??????????????? isrunning=true,playerNumber=1
[2023-06-17 00:03:00,567]-INFO  (yoyo.server.login.GameServerManager:336)|??????????????? isrunning=true,playerNumber=1
[2023-06-17 00:03:05,567]-INFO  (yoyo.server.login.GameServerManager:336)|??????????????? isrunning=true,playerNumber=1
[2023-06-17 00:03:10,567]-INFO  (yoyo.server.login.GameServerManager:336)|??????????????? isrunning=true,playerNumber=1
[2023-06-17 00:03:15,567]-INFO  (yoyo.server.login.GameServerManager:336)|??????????????? isrunning=true,playerNumber=1
[2023-06-17 00:03:20,567]-INFO  (yoyo.server.login.GameServerManager:336)|??????????????? isrunning=true,playerNumber=1
[2023-06-17 00:03:25,568]-INFO  (yoyo.server.login.GameServerManager:336)|??????????????? isrunning=true,playerNumber=1
[2023-06-17 00:03:30,569]-INFO  (yoyo.server.login.GameServerManager:336)|??????????????? isrunning=true,playerNumber=1
[2023-06-17 00:03:35,569]-INFO  (yoyo.server.login.GameServerManager:336)|??????????????? isrunning=true,playerNumber=1
[2023-06-17 00:03:40,570]-INFO  (yoyo.server.login.GameServerManager:336)|??????????????? isrunning=true,playerNumber=1
[2023-06-17 00:03:45,570]-INFO  (yoyo.server.login.GameServerManager:336)|??????????????? isrunning=true,playerNumber=1
[2023-06-17 00:03:50,571]-INFO  (yoyo.server.login.GameServerManager:336)|??????????????? isrunning=true,playerNumber=1
[2023-06-17 00:03:55,572]-INFO  (yoyo.server.login.GameServerManager:336)|??????????????? isrunning=true,playerNumber=1
[2023-06-17 00:04:00,572]-INFO  (yoyo.server.login.GameServerManager:336)|??????????????? isrunning=true,playerNumber=1
[2023-06-17 00:04:05,573]-INFO  (yoyo.server.login.GameServerManager:336)|??????????????? isrunning=true,playerNumber=1
[2023-06-17 00:04:10,573]-INFO  (yoyo.server.login.GameServerManager:336)|??????????????? isrunning=true,playerNumber=1
[2023-06-17 00:04:15,574]-INFO  (yoyo.server.login.GameServerManager:336)|??????????????? isrunning=true,playerNumber=1
[2023-06-17 00:04:20,574]-INFO  (yoyo.server.login.GameServerManager:336)|??????????????? isrunning=true,playerNumber=1
[2023-06-17 00:04:25,575]-INFO  (yoyo.server.login.GameServerManager:336)|??????????????? isrunning=true,playerNumber=1
[2023-06-17 00:04:30,575]-INFO  (yoyo.server.login.GameServerManager:336)|??????????????? isrunning=true,playerNumber=1
[2023-06-17 00:04:35,576]-INFO  (yoyo.server.login.GameServerManager:336)|??????????????? isrunning=true,playerNumber=1
[2023-06-17 00:04:40,576]-INFO  (yoyo.server.login.GameServerManager:336)|??????????????? isrunning=true,playerNumber=1
[2023-06-17 00:04:45,576]-INFO  (yoyo.server.login.GameServerManager:336)|??????????????? isrunning=true,playerNumber=1
[2023-06-17 00:04:50,576]-INFO  (yoyo.server.login.GameServerManager:336)|??????????????? isrunning=true,playerNumber=1
[2023-06-17 00:04:55,576]-INFO  (yoyo.server.login.GameServerManager:336)|??????????????? isrunning=true,playerNumber=1
[2023-06-17 00:05:00,576]-INFO  (yoyo.server.login.GameServerManager:336)|??????????????? isrunning=true,playerNumber=1
[2023-06-17 00:05:05,577]-INFO  (yoyo.server.login.GameServerManager:336)|??????????????? isrunning=true,playerNumber=1
[2023-06-17 00:05:10,577]-INFO  (yoyo.server.login.GameServerManager:336)|??????????????? isrunning=true,playerNumber=1
[2023-06-17 00:05:15,578]-INFO  (yoyo.server.login.GameServerManager:336)|??????????????? isrunning=true,playerNumber=1
[2023-06-17 00:05:20,578]-INFO  (yoyo.server.login.GameServerManager:336)|??????????????? isrunning=true,playerNumber=1
[2023-06-17 00:05:25,579]-INFO  (yoyo.server.login.GameServerManager:336)|??????????????? isrunning=true,playerNumber=1
[2023-06-17 00:05:30,580]-INFO  (yoyo.server.login.GameServerManager:336)|??????????????? isrunning=true,playerNumber=1
[2023-06-17 00:05:35,581]-INFO  (yoyo.server.login.GameServerManager:336)|??????????????? isrunning=true,playerNumber=1
[2023-06-17 00:05:40,581]-INFO  (yoyo.server.login.GameServerManager:336)|??????????????? isrunning=true,playerNumber=1
[2023-06-17 00:05:45,581]-INFO  (yoyo.server.login.GameServerManager:336)|??????????????? isrunning=true,playerNumber=1
[2023-06-17 00:05:50,581]-INFO  (yoyo.server.login.GameServerManager:336)|??????????????? isrunning=true,playerNumber=1
[2023-06-17 00:05:55,581]-INFO  (yoyo.server.login.GameServerManager:336)|??????????????? isrunning=true,playerNumber=1
[2023-06-17 00:05:58,888]-DEBUG (yoyo.server.login.LoginServer:1743)|upd curr publisher ..
[2023-06-17 00:05:58,889]-DEBUG (yoyo.server.login.LoginServer:1745)|upd curr publisher .. res =1
[2023-06-17 00:05:59,223]-INFO  (yoyo.server.login.GameServerManager:325)|server[????],1,status=1
[2023-06-17 00:05:59,431]-INFO  (yoyo.server.login.LoginServer:515)|??Loading ????
[2023-06-17 00:06:00,325]-DEBUG (yoyo.server.login.database.LoginDAO:856)|##### getUserIDListByAccountID=1
[2023-06-17 00:06:00,326]-INFO  (yoyo.server.login.database.LoginDAO:875)|####### accountID=1,userID=1000,sequence=0,mapsize=1
[2023-06-17 00:06:00,582]-INFO  (yoyo.server.login.GameServerManager:336)|??????????????? isrunning=true,playerNumber=1
[2023-06-17 00:06:00,689]-INFO  (yoyo.server.login.LoginServer:398)|#####????????? serverID=1 ,sessionID= 11
[2023-06-17 00:06:05,582]-INFO  (yoyo.server.login.GameServerManager:336)|??????????????? isrunning=true,playerNumber=0
[2023-06-17 00:06:10,583]-INFO  (yoyo.server.login.GameServerManager:336)|??????????????? isrunning=true,playerNumber=0
[2023-06-17 00:06:15,584]-INFO  (yoyo.server.login.GameServerManager:336)|??????????????? isrunning=true,playerNumber=0
[2023-06-17 00:06:20,585]-INFO  (yoyo.server.login.GameServerManager:336)|??????????????? isrunning=true,playerNumber=0
[2023-06-17 00:06:25,585]-INFO  (yoyo.server.login.GameServerManager:336)|??????????????? isrunning=true,playerNumber=0
[2023-06-17 00:06:30,585]-INFO  (yoyo.server.login.GameServerManager:336)|??????????????? isrunning=true,playerNumber=1
[2023-06-17 00:06:35,586]-INFO  (yoyo.server.login.GameServerManager:336)|??????????????? isrunning=true,playerNumber=1
[2023-06-17 00:06:40,586]-INFO  (yoyo.server.login.GameServerManager:336)|??????????????? isrunning=true,playerNumber=1
[2023-06-17 00:06:45,587]-INFO  (yoyo.server.login.GameServerManager:336)|??????????????? isrunning=true,playerNumber=1
[2023-06-17 00:06:50,587]-INFO  (yoyo.server.login.GameServerManager:336)|??????????????? isrunning=true,playerNumber=1
[2023-06-17 00:06:55,588]-INFO  (yoyo.server.login.GameServerManager:336)|??????????????? isrunning=true,playerNumber=1
[2023-06-17 00:07:00,588]-INFO  (yoyo.server.login.GameServerManager:336)|??????????????? isrunning=true,playerNumber=1
[2023-06-17 00:07:05,588]-INFO  (yoyo.server.login.GameServerManager:336)|??????????????? isrunning=true,playerNumber=1
[2023-06-17 00:07:10,588]-INFO  (yoyo.server.login.GameServerManager:336)|??????????????? isrunning=true,playerNumber=1
[2023-06-17 00:07:15,589]-INFO  (yoyo.server.login.GameServerManager:336)|??????????????? isrunning=true,playerNumber=1
[2023-06-17 00:07:20,589]-INFO  (yoyo.server.login.GameServerManager:336)|??????????????? isrunning=true,playerNumber=1
[2023-06-17 00:07:25,590]-INFO  (yoyo.server.login.GameServerManager:336)|??????????????? isrunning=true,playerNumber=1
[2023-06-17 00:07:30,590]-INFO  (yoyo.server.login.GameServerManager:336)|??????????????? isrunning=true,playerNumber=1
[2023-06-17 00:07:35,590]-INFO  (yoyo.server.login.GameServerManager:336)|??????????????? isrunning=true,playerNumber=1
[2023-06-17 00:07:40,591]-INFO  (yoyo.server.login.GameServerManager:336)|??????????????? isrunning=true,playerNumber=1
[2023-06-17 00:07:45,591]-INFO  (yoyo.server.login.GameServerManager:336)|??????????????? isrunning=true,playerNumber=1
[2023-06-17 00:07:50,591]-INFO  (yoyo.server.login.GameServerManager:336)|??????????????? isrunning=true,playerNumber=1
[2023-06-17 00:07:55,592]-INFO  (yoyo.server.login.GameServerManager:336)|??????????????? isrunning=true,playerNumber=1
[2023-06-17 00:08:00,592]-INFO  (yoyo.server.login.GameServerManager:336)|??????????????? isrunning=true,playerNumber=1
[2023-06-17 00:08:05,593]-INFO  (yoyo.server.login.GameServerManager:336)|??????????????? isrunning=true,playerNumber=1
[2023-06-17 00:08:10,594]-INFO  (yoyo.server.login.GameServerManager:336)|??????????????? isrunning=true,playerNumber=1
[2023-06-17 00:08:15,595]-INFO  (yoyo.server.login.GameServerManager:336)|??????????????? isrunning=true,playerNumber=1
[2023-06-17 00:08:20,596]-INFO  (yoyo.server.login.GameServerManager:336)|??????????????? isrunning=true,playerNumber=1
[2023-06-17 00:08:25,596]-INFO  (yoyo.server.login.GameServerManager:336)|??????????????? isrunning=true,playerNumber=1
[2023-06-17 00:08:30,597]-INFO  (yoyo.server.login.GameServerManager:336)|??????????????? isrunning=true,playerNumber=1
[2023-06-17 00:08:31,457]-DEBUG (yoyo.server.login.LoginServer:1743)|upd curr publisher ..
[2023-06-17 00:08:31,458]-DEBUG (yoyo.server.login.LoginServer:1745)|upd curr publisher .. res =1
[2023-06-17 00:08:31,531]-INFO  (yoyo.server.login.GameServerManager:325)|server[????],1,status=1
[2023-06-17 00:08:31,729]-INFO  (yoyo.server.login.LoginServer:515)|??Loading ????
[2023-06-17 00:08:32,596]-DEBUG (yoyo.server.login.database.LoginDAO:856)|##### getUserIDListByAccountID=1
[2023-06-17 00:08:32,597]-INFO  (yoyo.server.login.database.LoginDAO:875)|####### accountID=1,userID=1000,sequence=0,mapsize=1
[2023-06-17 00:08:32,955]-INFO  (yoyo.server.login.LoginServer:398)|#####????????? serverID=1 ,sessionID= 12
[2023-06-17 00:08:35,597]-INFO  (yoyo.server.login.GameServerManager:336)|??????????????? isrunning=true,playerNumber=1
[2023-06-17 00:08:40,598]-INFO  (yoyo.server.login.GameServerManager:336)|??????????????? isrunning=true,playerNumber=0
[2023-06-17 00:08:45,598]-INFO  (yoyo.server.login.GameServerManager:336)|??????????????? isrunning=true,playerNumber=0
[2023-06-17 00:08:50,599]-INFO  (yoyo.server.login.GameServerManager:336)|??????????????? isrunning=true,playerNumber=0
[2023-06-17 00:08:55,599]-INFO  (yoyo.server.login.GameServerManager:336)|??????????????? isrunning=true,playerNumber=0
[2023-06-17 00:09:00,599]-INFO  (yoyo.server.login.GameServerManager:336)|??????????????? isrunning=true,playerNumber=1
[2023-06-17 00:09:05,599]-INFO  (yoyo.server.login.GameServerManager:336)|??????????????? isrunning=true,playerNumber=1
[2023-06-17 00:09:10,600]-INFO  (yoyo.server.login.GameServerManager:336)|??????????????? isrunning=true,playerNumber=1
[2023-06-17 00:09:15,600]-INFO  (yoyo.server.login.GameServerManager:336)|??????????????? isrunning=true,playerNumber=1
[2023-06-17 00:09:20,600]-INFO  (yoyo.server.login.GameServerManager:336)|??????????????? isrunning=true,playerNumber=1
[2023-06-17 00:09:25,601]-INFO  (yoyo.server.login.GameServerManager:336)|??????????????? isrunning=true,playerNumber=1
